query,tuples,100,1.624e-05 0.000872
query,tuples,200,2.012e-05 0.002052
query,tuples,300,8.036e-05 0.006208
query,tuples,400,0.00029292 0.021
query,tuples,500,0.00058068 0.050173
query,tuples,600,0.0009708 0.098846
query,tuples,700,0.00130426 0.164188
query,tuples,800,0.00137592 0.233115
query,tuples,900,0.00292712 0.3796
query,tuples,1000,0.00312386 0.535937
query,tuples,1100,0.00322384 0.697257
query,tuples,1200,0.0052184 0.958313
query,tuples,1300,0.0062927 1.27308
query,tuples,1400,0.00440866 1.49365
query,tuples,1500,0.0077657 1.88207
query,tuples,1600,0.00978004 2.37121
query,tuples,1700,0.0108825 2.91547
query,tuples,1800,0.0111492 3.47307
query,tuples,1900,0.0159604 4.27122
query,tuples,2000,0.0159463 5.06867
query,tuples,2100,0.01541 5.83932
query,tuples,2200,0.0175321 6.71607
query,tuples,2300,0.0139278 7.4126
query,tuples,2400,0.0272905 8.77726
query,tuples,2500,0.0343848 10.4966
query,tuples,2600,0.0394422 12.4689
query,tuples,2700,0.0327497 14.1065
query,tuples,2800,0.0232346 15.2684
query,tuples,2900,0.0165677 16.0969
query,tuples,3000,0.0129012 16.7421
query,tuples,3100,0.0201332 17.7489
query,tuples,3200,0.0241557 18.9569
query,tuples,3300,0.0325448 20.5842
