query,tuples,10000,0.000254325 1.27746
query,tuples,20000,0.000505201 3.80931
query,tuples,30000,0.000658129 7.1058
query,tuples,40000,0.000657685 10.4001
query,tuples,50000,0.00105169 15.6643
query,tuples,60000,0.00112633 21.3019
query,tuples,70000,0.00112127 26.9142
query,tuples,80000,0.00120928 32.9664
query,tuples,90000,0.00113525 38.6486
query,tuples,100000,0.0012345 44.8271
query,tuples,110000,0.00108227 50.2443
query,tuples,120000,0.0011463 55.9818
query,tuples,130000,0.00118059 61.8906
query,tuples,140000,0.00115379 67.6655
query,tuples,150000,0.00112491 73.296
query,tuples,160000,0.00110307 78.8173
query,tuples,170000,0.00122152 84.9308
query,tuples,180000,0.0011438 90.6558
query,tuples,190000,0.00111727 96.2482
query,tuples,200000,0.00113729 101.941
query,tuples,210000,0.00110674 107.48
query,tuples,220000,0.00116002 113.286
query,tuples,230000,0.00122189 119.401
query,tuples,240000,0.00117834 125.299
query,tuples,250000,0.00108191 130.714
query,tuples,260000,0.00106756 136.058
query,tuples,270000,0.0011484 141.806
query,tuples,280000,0.00114763 147.55
query,tuples,290000,0.00136609 154.387
query,tuples,300000,0.00122475 160.516
query,tuples,310000,0.00124324 166.739
query,tuples,320000,0.00122662 172.878
query,tuples,330000,0.00119217 178.844
query,tuples,340000,0.001138 184.54
query,tuples,350000,0.0012894 190.993
query,tuples,360000,0.00129677 197.483
query,tuples,370000,0.00121798 203.579
query,tuples,380000,0.00119943 209.582
query,tuples,390000,0.00124223 215.799
query,tuples,400000,0.00120343 221.822
query,tuples,410000,0.0012051 227.854
query,tuples,420000,0.00122688 233.994
query,tuples,430000,0.00114738 239.737
query,tuples,440000,0.00115603 245.523
query,tuples,450000,0.0011751 251.404
query,tuples,460000,0.00107504 256.785
query,tuples,470000,0.00124872 263.035
query,tuples,480000,0.00119058 268.994
query,tuples,490000,0.00119652 274.982
query,tuples,500000,0.00118243 280.9
query,tuples,510000,0.00115993 286.706
query,tuples,520000,0.0011185 292.305
query,tuples,530000,0.00118893 298.255
query,tuples,540000,0.00130839 304.803
query,tuples,550000,0.00119595 310.789
query,tuples,560000,0.00123558 316.972
query,tuples,570000,0.00115088 322.733
query,tuples,580000,0.00119019 328.69
query,tuples,590000,0.00131282 335.26
query,tuples,600000,0.00126998 341.616
query,tuples,610000,0.00123502 347.797
query,tuples,620000,0.00118013 353.703
query,tuples,630000,0.00127011 360.06
query,tuples,640000,0.00122891 366.21
query,tuples,650000,0.00125239 372.478
query,tuples,660000,0.00131441 379.056
query,tuples,670000,0.00127773 385.451
query,tuples,680000,0.00114582 391.186
query,tuples,690000,0.00125094 397.447
query,tuples,700000,0.00126475 403.776
query,tuples,710000,0.00122028 409.884
query,tuples,720000,0.00122475 416.013
query,tuples,730000,0.00122372 422.138
query,tuples,740000,0.00122268 428.257
query,tuples,750000,0.00119069 434.216
query,tuples,760000,0.00130129 440.729
query,tuples,770000,0.0011385 446.427
query,tuples,780000,0.00114513 452.159
query,tuples,790000,0.00115106 457.92
query,tuples,800000,0.00134555 464.654
query,tuples,810000,0.00115137 470.416
query,tuples,820000,0.00120874 476.466
query,tuples,830000,0.000960801 481.276
query,tuples,840000,0.00118068 487.186
query,tuples,850000,0.00105535 492.468
query,tuples,860000,0.00108523 497.9
query,tuples,870000,0.0011691 503.752
query,tuples,880000,0.00116983 509.607
query,tuples,890000,0.00130781 516.152
query,tuples,900000,0.00122683 522.292
query,tuples,910000,0.00113296 527.963
query,tuples,920000,0.00116905 533.814
query,tuples,930000,0.00122006 539.92
query,tuples,940000,0.00113164 545.584
query,tuples,950000,0.0012265 551.723
query,tuples,960000,0.00117792 557.618
query,tuples,970000,0.00120181 563.633
query,tuples,980000,0.00118337 569.556
query,tuples,990000,0.00124227 575.773
query,tuples,1000000,0.00115591 581.559
query,tuples,1010000,0.00115047 587.317
query,tuples,1020000,0.00124693 593.557
query,tuples,1030000,0.00131405 600.134
query,tuples,1040000,0.0011506 605.893
query,tuples,1050000,0.00121608 611.979
query,tuples,1060000,0.00113438 617.657
query,tuples,1070000,0.00122668 623.796
query,tuples,1080000,0.00121994 629.902
query,tuples,1090000,0.00111641 635.49
query,tuples,1100000,0.00127981 641.895
query,tuples,1110000,0.00108109 647.306
query,tuples,1120000,0.00112432 652.934
query,tuples,1130000,0.00130758 659.478
query,tuples,1140000,0.00112827 665.125
query,tuples,1150000,0.0011394 670.828
query,tuples,1160000,0.00131381 677.403
query,tuples,1170000,0.00127446 683.781
query,tuples,1180000,0.00117792 689.677
query,tuples,1190000,0.00124098 695.888
query,tuples,1200000,0.00124304 702.109
query,tuples,1210000,0.00117318 707.98
query,tuples,1220000,0.00120119 713.992
query,tuples,1230000,0.00127914 720.394
query,tuples,1240000,0.00114681 726.134
query,tuples,1250000,0.00114972 731.889
query,tuples,1260000,0.00122325 738.011
query,tuples,1270000,0.00121773 744.105
query,tuples,1280000,0.00126107 750.417
query,tuples,1290000,0.00121014 756.473
query,tuples,1300000,0.00113989 762.179
query,tuples,1310000,0.00130987 768.734
query,tuples,1320000,0.00119835 774.732
query,tuples,1330000,0.00124599 780.968
query,tuples,1340000,0.00116986 786.823
query,tuples,1350000,0.00117021 792.68
query,tuples,1360000,0.00127441 799.058
query,tuples,1370000,0.00114343 804.781
query,tuples,1380000,0.00123645 810.969
query,tuples,1390000,0.00112522 816.601
query,tuples,1400000,0.00115321 822.373
query,tuples,1410000,0.0012424 828.591
query,tuples,1420000,0.00121945 834.694
query,tuples,1430000,0.00122504 840.826
query,tuples,1440000,0.00118494 846.756
query,tuples,1450000,0.00128009 853.163
query,tuples,1460000,0.00121522 859.245
query,tuples,1470000,0.00120503 865.276
query,tuples,1480000,0.00128121 871.688
query,tuples,1490000,0.00122375 877.813
query,tuples,1500000,0.00118513 883.744
query,tuples,1510000,0.0011725 889.613
query,tuples,1520000,0.00116452 895.441
query,tuples,1530000,0.00120635 901.479
query,tuples,1540000,0.00118486 907.409
query,tuples,1550000,0.00125701 913.7
query,tuples,1560000,0.00115278 919.47
query,tuples,1570000,0.00126375 925.795
query,tuples,1580000,0.00119216 931.761
query,tuples,1590000,0.00120126 937.773
query,tuples,1600000,0.00113613 943.46
query,tuples,1610000,0.00123003 949.616
query,tuples,1620000,0.00118864 955.565
query,tuples,1630000,0.00125051 961.824
query,tuples,1640000,0.00129789 968.319
query,tuples,1650000,0.00119637 974.307
query,tuples,1660000,0.00129481 980.787
query,tuples,1670000,0.00120002 986.793
query,tuples,1680000,0.00120141 992.806
query,tuples,1690000,0.00130041 999.314
query,tuples,1700000,0.00126207 1005.63
query,tuples,1710000,0.0013289 1012.28
query,tuples,1720000,0.00122775 1018.43
query,tuples,1730000,0.00123516 1024.61
query,tuples,1740000,0.00125282 1030.88
query,tuples,1750000,0.00119347 1036.85
query,tuples,1760000,0.00125964 1043.15
query,tuples,1770000,0.00123023 1049.31
query,tuples,1780000,0.00111542 1054.89
query,tuples,1790000,0.00133487 1061.57
query,tuples,1800000,0.00122906 1067.73
query,tuples,1810000,0.00127619 1074.11
query,tuples,1820000,0.00122261 1080.23
query,tuples,1830000,0.00132214 1086.85
query,tuples,1840000,0.00124747 1093.09
query,tuples,1850000,0.00122367 1099.22
query,tuples,1860000,0.00130072 1105.73
query,tuples,1870000,0.00115832 1111.52
query,tuples,1880000,0.00127397 1117.9
query,tuples,1890000,0.00132938 1124.55
query,tuples,1900000,0.00122783 1130.7
query,tuples,1910000,0.00129529 1137.18
query,tuples,1920000,0.00127535 1143.56
query,tuples,1930000,0.00130126 1150.07
query,tuples,1940000,0.00130824 1156.62
query,tuples,1950000,0.00123781 1162.82
query,tuples,1960000,0.00131828 1169.41
query,tuples,1970000,0.00122896 1175.56
query,tuples,1980000,0.0013268 1182.2
query,tuples,1990000,0.00126149 1188.52
query,tuples,2000000,0.00137371 1195.39
query,tuples,2010000,0.00131768 1201.99
query,tuples,2020000,0.00134861 1208.74
query,tuples,2030000,0.00121952 1214.84
query,tuples,2040000,0.00125176 1221.1
query,tuples,2050000,0.00122102 1227.21
query,tuples,2060000,0.00125414 1233.49
query,tuples,2070000,0.00128554 1239.92
query,tuples,2080000,0.00137585 1246.81
query,tuples,2090000,0.00134487 1253.54
query,tuples,2100000,0.0012682 1259.89
query,tuples,2110000,0.00124089 1266.1
query,tuples,2120000,0.00128502 1272.53
query,tuples,2130000,0.00124089 1278.74
query,tuples,2140000,0.00129789 1285.23
query,tuples,2150000,0.00127018 1291.59
query,tuples,2160000,0.0013111 1298.15
query,tuples,2170000,0.00133492 1304.83
query,tuples,2180000,0.00119615 1310.82
query,tuples,2190000,0.00126704 1317.16
query,tuples,2200000,0.00130121 1323.67
query,tuples,2210000,0.00131433 1330.25
query,tuples,2220000,0.00136972 1337.1
query,tuples,2230000,0.0012395 1343.31
query,tuples,2240000,0.00124412 1349.53
query,tuples,2250000,0.00130046 1356.04
query,tuples,2260000,0.00120361 1362.07
query,tuples,2270000,0.00127034 1368.42
query,tuples,2280000,0.0013172 1375.02
query,tuples,2290000,0.00130227 1381.53
query,tuples,2300000,0.00127115 1387.9
query,tuples,2310000,0.00125918 1394.2
query,tuples,2320000,0.00130845 1400.75
query,tuples,2330000,0.00126072 1407.06
query,tuples,2340000,0.00123876 1413.25
query,tuples,2350000,0.0012225 1419.37
query,tuples,2360000,0.00137969 1426.28
query,tuples,2370000,0.00128804 1432.72
query,tuples,2380000,0.00130696 1439.26
query,tuples,2390000,0.00127331 1445.64
query,tuples,2400000,0.00118889 1451.59
query,tuples,2410000,0.00132724 1458.23
query,tuples,2420000,0.00170282 1466.75
query,tuples,2430000,0.00145135 1474.01
query,tuples,2440000,0.00140943 1481.07
query,tuples,2450000,0.00150358 1488.59
query,tuples,2460000,0.00149246 1496.06
query,tuples,2470000,0.00128992 1502.51
query,tuples,2480000,0.0015906 1510.47
query,tuples,2490000,0.00141376 1517.55
query,tuples,2500000,0.00136128 1524.36
query,tuples,2510000,0.00155322 1532.13
query,tuples,2520000,0.00160306 1540.15
query,tuples,2530000,0.00154866 1547.9
query,tuples,2540000,0.00144135 1555.11
query,tuples,2550000,0.00135704 1561.91
query,tuples,2560000,0.00124016 1568.11
query,tuples,2570000,0.00122636 1574.25
query,tuples,2580000,0.00140184 1581.26
query,tuples,2590000,0.00122641 1587.4
query,tuples,2600000,0.00136907 1594.25
query,tuples,2610000,0.00131195 1600.82
query,tuples,2620000,0.00123205 1606.99
query,tuples,2630000,0.0012975 1613.48
query,tuples,2640000,0.00121718 1619.57
query,tuples,2650000,0.00125777 1625.87
query,tuples,2660000,0.00135408 1632.64
query,tuples,2670000,0.00138044 1639.55
query,tuples,2680000,0.00131611 1646.14
query,tuples,2690000,0.00116457 1651.97
query,tuples,2700000,0.00118286 1657.89
query,tuples,2710000,0.00132738 1664.53
query,tuples,2720000,0.00131269 1671.1
query,tuples,2730000,0.00120604 1677.13
query,tuples,2740000,0.00123896 1683.34
query,tuples,2750000,0.00124856 1689.58
query,tuples,2760000,0.00120417 1695.61
query,tuples,2770000,0.00129869 1702.11
query,tuples,2780000,0.00118984 1708.07
query,tuples,2790000,0.00124274 1714.28
query,tuples,2800000,0.00122064 1720.39
query,tuples,2810000,0.00117643 1726.28
query,tuples,2820000,0.00128707 1732.72
query,tuples,2830000,0.00128725 1739.17
query,tuples,2840000,0.00136315 1745.99
query,tuples,2850000,0.00125474 1752.27
query,tuples,2860000,0.00131187 1758.83
query,tuples,2870000,0.00119671 1764.82
query,tuples,2880000,0.00122724 1770.96
query,tuples,2890000,0.00129471 1777.44
query,tuples,2900000,0.00137391 1784.32
query,tuples,2910000,0.00117614 1790.21
query,tuples,2920000,0.00129796 1796.7
query,tuples,2930000,0.00131947 1803.3
query,tuples,2940000,0.00118957 1809.26
query,tuples,2950000,0.00116458 1815.09
query,tuples,2960000,0.00123758 1821.28
query,tuples,2970000,0.0011131 1826.85
query,tuples,2980000,0.00132147 1833.47
query,tuples,2990000,0.000745662 1837.2
query,tuples,2998908,0.00086754 1841.07
