query,tuples,10000,8.981e-06 0.052705
query,tuples,20000,9.4658e-06 0.10867
query,tuples,30000,9.8862e-06 0.166627
query,tuples,40000,1.01804e-05 0.226123
query,tuples,50000,1.03324e-05 0.286269
query,tuples,60000,1.09604e-05 0.349765
query,tuples,70000,1.10814e-05 0.413838
query,tuples,80000,1.12496e-05 0.478678
query,tuples,90000,1.1035e-05 0.542423
query,tuples,100000,1.13734e-05 0.60801
query,tuples,110000,1.11938e-05 0.672658
query,tuples,120000,1.12238e-05 0.737369
query,tuples,130000,1.12248e-05 0.802071
query,tuples,140000,1.13454e-05 0.867438
query,tuples,150000,1.11668e-05 0.932018
query,tuples,160000,1.11942e-05 0.996549
query,tuples,170000,1.1251e-05 1.06149
query,tuples,180000,1.12682e-05 1.12641
query,tuples,190000,1.09852e-05 1.18989
query,tuples,200000,1.11336e-05 1.25423
query,tuples,210000,1.1269e-05 1.31926
query,tuples,220000,1.12248e-05 1.384
query,tuples,230000,1.12034e-05 1.44867
query,tuples,240000,1.12956e-05 1.51384
query,tuples,250000,1.11216e-05 1.57806
query,tuples,260000,1.12898e-05 1.64325
query,tuples,270000,1.09886e-05 1.70673
query,tuples,280000,1.06046e-05 1.76841
query,tuples,290000,1.06904e-05 1.83049
query,tuples,300000,1.0801e-05 1.89315
query,tuples,310000,1.09868e-05 1.95669
query,tuples,320000,1.06186e-05 2.01833
query,tuples,330000,1.08688e-05 2.0813
query,tuples,340000,1.0935e-05 2.14459
query,tuples,350000,1.07236e-05 2.2068
query,tuples,360000,1.11944e-05 2.27148
query,tuples,370000,1.08886e-05 2.33453
query,tuples,380000,1.07914e-05 2.39712
query,tuples,390000,1.05574e-05 2.4584
query,tuples,400000,1.11188e-05 2.5227
query,tuples,410000,1.07536e-05 2.5851
query,tuples,420000,1.10836e-05 2.64919
query,tuples,430000,1.07022e-05 2.71129
query,tuples,440000,1.10176e-05 2.77493
query,tuples,450000,1.07484e-05 2.83735
query,tuples,460000,1.1097e-05 2.90144
query,tuples,470000,1.0661e-05 2.96338
query,tuples,480000,1.09246e-05 3.02671
query,tuples,490000,1.07076e-05 3.08882
query,tuples,500000,1.0975e-05 3.1523
query,tuples,510000,1.0753e-05 3.2147
query,tuples,520000,1.0638e-05 3.27657
query,tuples,530000,1.07588e-05 3.33905
query,tuples,540000,1.07574e-05 3.40151
query,tuples,550000,1.06932e-05 3.46355
query,tuples,560000,1.07374e-05 3.52584
query,tuples,570000,1.10778e-05 3.58986
query,tuples,580000,1.0902e-05 3.65303
query,tuples,590000,1.10852e-05 3.71713
query,tuples,600000,1.07072e-05 3.77925
query,tuples,610000,1.09388e-05 3.8426
query,tuples,620000,1.11696e-05 3.90701
query,tuples,630000,1.12352e-05 3.97185
query,tuples,640000,1.12224e-05 4.03653
query,tuples,650000,1.13016e-05 4.10175
query,tuples,660000,1.11548e-05 4.16599
query,tuples,670000,1.12678e-05 4.23091
query,tuples,680000,1.13236e-05 4.29621
query,tuples,690000,1.12906e-05 4.36119
query,tuples,700000,1.13624e-05 4.42669
query,tuples,710000,1.12494e-05 4.49148
query,tuples,720000,1.12382e-05 4.55624
query,tuples,730000,1.12664e-05 4.62112
query,tuples,740000,1.12148e-05 4.68575
query,tuples,750000,1.12446e-05 4.75065
query,tuples,760000,1.09308e-05 4.81353
query,tuples,770000,1.04456e-05 4.8736
query,tuples,780000,1.04986e-05 4.93408
query,tuples,790000,1.03458e-05 4.99372
query,tuples,800000,1.04424e-05 5.05386
query,tuples,810000,1.04714e-05 5.11423
query,tuples,820000,1.02844e-05 5.17352
query,tuples,830000,1.05172e-05 5.23408
query,tuples,840000,1.04834e-05 5.29444
query,tuples,850000,1.0465e-05 5.35462
query,tuples,860000,1.05426e-05 5.41521
query,tuples,870000,1.05498e-05 5.47588
query,tuples,880000,1.0517e-05 5.53639
query,tuples,890000,1.06342e-05 5.59757
query,tuples,900000,1.05142e-05 5.65811
query,tuples,910000,1.05304e-05 5.71868
query,tuples,920000,1.05884e-05 5.77958
query,tuples,930000,1.06362e-05 5.8408
query,tuples,940000,1.06176e-05 5.90193
query,tuples,950000,1.05502e-05 5.96267
query,tuples,960000,1.06868e-05 6.02418
query,tuples,970000,1.05662e-05 6.08496
query,tuples,980000,1.05218e-05 6.14549
query,tuples,990000,1.06994e-05 6.20709
query,tuples,1000000,1.069e-05 6.26856
query,tuples,1010000,1.06212e-05 6.3295
query,tuples,1020000,1.06138e-05 6.39054
query,tuples,1030000,1.0494e-05 6.45096
query,tuples,1040000,1.06192e-05 6.51198
query,tuples,1050000,1.05392e-05 6.5726
query,tuples,1060000,1.06804e-05 6.63405
query,tuples,1070000,1.06208e-05 6.69521
query,tuples,1080000,1.06388e-05 6.75634
query,tuples,1090000,1.06182e-05 6.81734
query,tuples,1100000,1.0603e-05 6.87821
query,tuples,1110000,1.07084e-05 6.93973
query,tuples,1120000,1.06544e-05 7.00104
query,tuples,1130000,1.0732e-05 7.06272
query,tuples,1140000,1.0743e-05 7.1245
query,tuples,1150000,1.07472e-05 7.18628
query,tuples,1160000,1.0623e-05 7.2474
query,tuples,1170000,1.06272e-05 7.30853
query,tuples,1180000,1.06632e-05 7.36993
query,tuples,1190000,1.06918e-05 7.43139
query,tuples,1200000,1.06968e-05 7.49278
query,tuples,1210000,1.0528e-05 7.5533
query,tuples,1220000,1.0606e-05 7.61421
query,tuples,1230000,1.07196e-05 7.67582
query,tuples,1240000,1.0573e-05 7.73658
query,tuples,1250000,1.06442e-05 7.79769
query,tuples,1260000,1.06378e-05 7.85877
query,tuples,1270000,1.0785e-05 7.9207
query,tuples,1280000,1.0629e-05 7.98172
query,tuples,1290000,1.06458e-05 8.04293
query,tuples,1300000,1.07402e-05 8.10457
query,tuples,1310000,1.06758e-05 8.16595
query,tuples,1320000,1.0647e-05 8.22717
query,tuples,1330000,1.06394e-05 8.28826
query,tuples,1340000,1.0511e-05 8.34854
query,tuples,1350000,1.01128e-05 8.40701
query,tuples,1360000,9.2688e-06 8.46112
query,tuples,1370000,9.0934e-06 8.51414
query,tuples,1380000,9.214e-06 8.56792
query,tuples,1390000,9.2646e-06 8.62184
query,tuples,1400000,9.2326e-06 8.67564
query,tuples,1410000,9.2352e-06 8.72937
query,tuples,1420000,9.2328e-06 8.78313
query,tuples,1430000,9.2346e-06 8.837
query,tuples,1440000,9.2596e-06 8.89095
query,tuples,1450000,9.2446e-06 8.94476
query,tuples,1460000,9.305e-06 8.99893
query,tuples,1470000,9.2576e-06 9.05289
query,tuples,1480000,9.2922e-06 9.10694
query,tuples,1490000,9.2954e-06 9.16111
query,tuples,1500000,9.3582e-06 9.21542
query,tuples,1510000,9.336e-06 9.26967
query,tuples,1520000,9.3612e-06 9.32401
query,tuples,1530000,9.3556e-06 9.37825
query,tuples,1540000,9.2768e-06 9.43222
query,tuples,1550000,9.2408e-06 9.48606
query,tuples,1560000,9.2226e-06 9.53979
query,tuples,1570000,9.2104e-06 9.59356
query,tuples,1580000,9.2112e-06 9.64723
query,tuples,1590000,9.2482e-06 9.70108
query,tuples,1600000,9.2202e-06 9.75472
query,tuples,1610000,9.228e-06 9.80845
query,tuples,1620000,9.2188e-06 9.86212
query,tuples,1630000,9.2608e-06 9.91598
query,tuples,1640000,9.2458e-06 9.96974
query,tuples,1650000,9.2302e-06 10.0235
query,tuples,1660000,9.1982e-06 10.0772
query,tuples,1670000,9.2674e-06 10.1311
query,tuples,1680000,9.2866e-06 10.1851
query,tuples,1690000,9.2658e-06 10.2391
query,tuples,1700000,9.2648e-06 10.2931
query,tuples,1710000,9.2926e-06 10.3471
query,tuples,1720000,9.2306e-06 10.401
query,tuples,1730000,9.2372e-06 10.4547
query,tuples,1740000,9.2334e-06 10.5085
query,tuples,1750000,9.2458e-06 10.5624
query,tuples,1760000,9.271e-06 10.6164
query,tuples,1770000,9.323e-06 10.6707
query,tuples,1780000,9.297e-06 10.7248
query,tuples,1790000,9.3232e-06 10.7791
query,tuples,1800000,9.2712e-06 10.8331
query,tuples,1810000,9.2928e-06 10.8871
query,tuples,1820000,9.3146e-06 10.9412
query,tuples,1830000,9.2834e-06 10.9952
query,tuples,1840000,9.252e-06 11.0491
query,tuples,1850000,9.2818e-06 11.1031
query,tuples,1860000,9.2432e-06 11.157
query,tuples,1870000,9.253e-06 11.2108
query,tuples,1880000,9.257e-06 11.2647
query,tuples,1890000,9.253e-06 11.3185
query,tuples,1900000,9.2612e-06 11.3725
query,tuples,1910000,9.2428e-06 11.4263
query,tuples,1920000,9.2084e-06 11.4799
query,tuples,1930000,9.2246e-06 11.5337
query,tuples,1940000,9.2036e-06 11.5873
query,tuples,1950000,9.2534e-06 11.6412
query,tuples,1960000,9.2294e-06 11.695
query,tuples,1970000,9.2474e-06 11.7489
query,tuples,1980000,9.2536e-06 11.8029
query,tuples,1990000,9.2374e-06 11.8567
query,tuples,2000000,9.2302e-06 11.9105
query,tuples,2010000,9.2578e-06 11.9644
query,tuples,2020000,9.2076e-06 12.0181
query,tuples,2030000,9.1962e-06 12.0716
query,tuples,2040000,9.2154e-06 12.1254
query,tuples,2050000,9.2154e-06 12.1791
query,tuples,2060000,9.2074e-06 12.2329
query,tuples,2070000,9.2354e-06 12.2867
query,tuples,2080000,9.2472e-06 12.3405
query,tuples,2090000,9.2214e-06 12.3942
query,tuples,2100000,9.21e-06 12.4479
query,tuples,2110000,9.2424e-06 12.5016
query,tuples,2120000,9.195e-06 12.5553
query,tuples,2130000,9.199e-06 12.6089
query,tuples,2140000,9.2278e-06 12.6626
query,tuples,2150000,9.2408e-06 12.7164
query,tuples,2160000,9.2126e-06 12.7701
query,tuples,2170000,9.2398e-06 12.8239
query,tuples,2180000,9.2124e-06 12.8776
query,tuples,2190000,9.1964e-06 12.9312
query,tuples,2200000,9.2222e-06 12.9849
query,tuples,2210000,9.2322e-06 13.0386
query,tuples,2220000,9.2228e-06 13.0924
query,tuples,2230000,9.2044e-06 13.1461
query,tuples,2240000,9.255e-06 13.1999
query,tuples,2250000,9.219e-06 13.2537
query,tuples,2260000,9.2128e-06 13.3074
query,tuples,2270000,9.2728e-06 13.3613
query,tuples,2280000,9.2388e-06 13.415
query,tuples,2290000,9.2024e-06 13.4687
query,tuples,2300000,9.2344e-06 13.5223
query,tuples,2310000,9.2314e-06 13.5761
query,tuples,2320000,9.2392e-06 13.6299
query,tuples,2330000,9.2578e-06 13.6838
query,tuples,2340000,9.2792e-06 13.7378
query,tuples,2350000,9.2716e-06 13.7918
query,tuples,2360000,9.3132e-06 13.8459
query,tuples,2370000,9.2226e-06 13.8997
query,tuples,2380000,9.2484e-06 13.9537
query,tuples,2390000,9.2518e-06 14.0076
query,tuples,2400000,9.2492e-06 14.0615
query,tuples,2410000,9.2994e-06 14.1156
query,tuples,2420000,9.2416e-06 14.1695
query,tuples,2430000,9.2374e-06 14.2234
query,tuples,2440000,9.2364e-06 14.2771
query,tuples,2450000,9.2962e-06 14.3313
query,tuples,2460000,9.3002e-06 14.3854
query,tuples,2470000,9.2428e-06 14.4393
query,tuples,2480000,9.268e-06 14.4933
query,tuples,2490000,9.244e-06 14.5472
query,tuples,2500000,9.209e-06 14.601
query,tuples,2510000,9.2572e-06 14.6548
query,tuples,2520000,9.2172e-06 14.7086
query,tuples,2530000,9.2452e-06 14.7623
query,tuples,2540000,9.2406e-06 14.8162
query,tuples,2550000,9.2134e-06 14.8699
query,tuples,2560000,9.2658e-06 14.9238
query,tuples,2570000,9.2414e-06 14.9777
query,tuples,2580000,9.2212e-06 15.0313
query,tuples,2590000,9.2304e-06 15.085
query,tuples,2600000,9.2588e-06 15.139
query,tuples,2610000,9.2502e-06 15.1929
query,tuples,2620000,9.205e-06 15.2467
query,tuples,2630000,9.273e-06 15.3006
query,tuples,2640000,9.2728e-06 15.3546
query,tuples,2650000,9.2268e-06 15.4084
query,tuples,2660000,9.2354e-06 15.4623
query,tuples,2670000,9.2104e-06 15.5159
query,tuples,2680000,9.3046e-06 15.5701
query,tuples,2690000,9.2842e-06 15.6241
query,tuples,2700000,9.2732e-06 15.6782
query,tuples,2710000,9.2732e-06 15.7322
query,tuples,2720000,9.2854e-06 15.7863
query,tuples,2730000,9.2794e-06 15.8403
query,tuples,2740000,9.2498e-06 15.8942
query,tuples,2750000,9.2698e-06 15.9482
query,tuples,2760000,9.275e-06 16.0022
query,tuples,2770000,9.2476e-06 16.056
query,tuples,2780000,9.2148e-06 16.1097
query,tuples,2790000,9.2168e-06 16.1636
query,tuples,2800000,9.2648e-06 16.2175
query,tuples,2810000,9.2828e-06 16.2715
query,tuples,2820000,9.2344e-06 16.3254
query,tuples,2830000,9.2372e-06 16.3791
query,tuples,2840000,9.2812e-06 16.433
query,tuples,2850000,9.2636e-06 16.4869
query,tuples,2860000,9.2704e-06 16.5407
query,tuples,2870000,9.2456e-06 16.5946
query,tuples,2880000,9.2458e-06 16.6483
query,tuples,2890000,9.2488e-06 16.7022
query,tuples,2900000,9.2902e-06 16.7561
query,tuples,2910000,9.259e-06 16.81
query,tuples,2920000,9.2376e-06 16.8638
query,tuples,2930000,9.206e-06 16.9175
query,tuples,2940000,9.2374e-06 16.9713
query,tuples,2950000,9.2666e-06 17.0252
query,tuples,2960000,9.2928e-06 17.0792
query,tuples,2970000,9.2492e-06 17.1331
query,tuples,2980000,9.259e-06 17.187
query,tuples,2990000,9.2324e-06 17.2408
query,tuples,3000000,9.2428e-06 17.2946
query,tuples,3010000,9.3284e-06 17.3488
query,tuples,3020000,9.2188e-06 17.4025
query,tuples,3030000,9.2612e-06 17.4564
query,tuples,3040000,9.255e-06 17.5103
query,tuples,3050000,9.221e-06 17.564
query,tuples,3060000,9.2632e-06 17.6178
query,tuples,3070000,9.2094e-06 17.6716
query,tuples,3080000,9.2198e-06 17.7253
query,tuples,3090000,9.235e-06 17.7791
query,tuples,3100000,9.2248e-06 17.8329
query,tuples,3110000,9.2652e-06 17.8868
query,tuples,3120000,9.2586e-06 17.9408
query,tuples,3130000,9.2756e-06 17.9948
query,tuples,3140000,9.2702e-06 18.0488
query,tuples,3150000,9.3108e-06 18.103
query,tuples,3160000,9.3072e-06 18.1572
query,tuples,3170000,9.3078e-06 18.2114
query,tuples,3180000,9.3148e-06 18.2655
query,tuples,3190000,9.3196e-06 18.3197
query,tuples,3200000,9.3082e-06 18.3737
query,tuples,3210000,9.3034e-06 18.4278
query,tuples,3220000,9.2494e-06 18.4817
query,tuples,3230000,9.2514e-06 18.5357
query,tuples,3240000,9.2862e-06 18.5898
query,tuples,3250000,9.3488e-06 18.6441
query,tuples,3260000,9.3248e-06 18.6982
query,tuples,3270000,9.3348e-06 18.7526
query,tuples,3280000,9.3438e-06 18.8069
query,tuples,3290000,9.3226e-06 18.8611
query,tuples,3300000,9.2704e-06 18.9151
query,tuples,3310000,9.2878e-06 18.9691
query,tuples,3320000,9.1986e-06 19.0228
query,tuples,3330000,9.271e-06 19.0767
query,tuples,3340000,9.292e-06 19.1308
query,tuples,3350000,9.2648e-06 19.1848
query,tuples,3360000,9.2548e-06 19.2387
query,tuples,3370000,9.1898e-06 19.2914
query,tuples,3380000,9.2014e-06 19.3439
query,tuples,3390000,9.138e-06 19.3961
query,tuples,3400000,9.2008e-06 19.4486
query,tuples,3410000,9.191e-06 19.501
query,tuples,3420000,9.185e-06 19.5533
query,tuples,3430000,9.1894e-06 19.6058
query,tuples,3440000,9.1632e-06 19.6581
query,tuples,3450000,9.168e-06 19.7104
query,tuples,3460000,9.179e-06 19.7627
query,tuples,3470000,9.1932e-06 19.8151
query,tuples,3480000,9.177e-06 19.8675
query,tuples,3490000,9.1704e-06 19.9199
query,tuples,3500000,9.2398e-06 19.9727
query,tuples,3510000,9.1612e-06 20.025
query,tuples,3520000,9.1904e-06 20.0774
query,tuples,3530000,9.1754e-06 20.1297
query,tuples,3540000,9.2042e-06 20.1822
query,tuples,3550000,9.1512e-06 20.2345
query,tuples,3560000,9.185e-06 20.2869
query,tuples,3570000,9.2718e-06 20.3397
query,tuples,3580000,9.2782e-06 20.3926
query,tuples,3590000,9.2072e-06 20.445
query,tuples,3600000,9.2304e-06 20.4976
query,tuples,3610000,9.2708e-06 20.5503
query,tuples,3620000,9.2356e-06 20.603
query,tuples,3630000,9.2404e-06 20.6556
query,tuples,3640000,9.263e-06 20.7084
query,tuples,3650000,9.2262e-06 20.761
query,tuples,3660000,9.3188e-06 20.8141
query,tuples,3670000,9.3136e-06 20.8671
query,tuples,3680000,9.4074e-06 20.9206
query,tuples,3690000,9.457e-06 20.9744
query,tuples,3700000,9.4988e-06 21.0283
query,tuples,3710000,9.3406e-06 21.0815
query,tuples,3720000,9.3904e-06 21.1349
query,tuples,3730000,9.364e-06 21.1882
query,tuples,3740000,9.383e-06 21.2415
query,tuples,3750000,9.3454e-06 21.2947
query,tuples,3760000,9.4176e-06 21.3483
query,tuples,3770000,9.3508e-06 21.4015
query,tuples,3780000,9.3298e-06 21.4545
query,tuples,3790000,9.3106e-06 21.5076
query,tuples,3800000,9.3034e-06 21.5606
query,tuples,3810000,9.346e-06 21.6137
query,tuples,3820000,9.3042e-06 21.6667
query,tuples,3830000,9.294e-06 21.7264
query,tuples,3840000,9.3036e-06 21.7795
query,tuples,3850000,9.2606e-06 21.8322
query,tuples,3860000,9.2034e-06 21.8847
query,tuples,3870000,9.2362e-06 21.9373
query,tuples,3880000,9.2808e-06 21.9901
query,tuples,3890000,9.2984e-06 22.043
query,tuples,3900000,9.2278e-06 22.0957
query,tuples,3910000,9.248e-06 22.1483
query,tuples,3920000,9.3146e-06 22.2013
query,tuples,3930000,9.2962e-06 22.2543
query,tuples,3940000,9.2526e-06 22.3071
query,tuples,3950000,9.322e-06 22.3602
query,tuples,3960000,9.3282e-06 22.4133
query,tuples,3970000,9.3228e-06 22.4664
query,tuples,3980000,9.2362e-06 22.519
query,tuples,3990000,9.4286e-06 22.5726
query,tuples,4000000,9.4076e-06 22.6261
query,tuples,4010000,9.5346e-06 22.6802
query,tuples,4020000,9.4074e-06 22.7338
query,tuples,4030000,9.2702e-06 22.7866
query,tuples,4040000,9.2736e-06 22.8394
query,tuples,4050000,9.2102e-06 22.8919
query,tuples,4060000,9.1324e-06 22.9442
query,tuples,4070000,9.1958e-06 22.9966
query,tuples,4080000,9.2876e-06 23.0494
query,tuples,4090000,9.2398e-06 23.1019
query,tuples,4100000,9.2056e-06 23.1544
query,tuples,4110000,9.1406e-06 23.2066
query,tuples,4120000,9.1944e-06 23.259
query,tuples,4130000,9.3146e-06 23.3121
query,tuples,4140000,9.2522e-06 23.3649
query,tuples,4150000,9.1582e-06 23.4173
query,tuples,4160000,9.2128e-06 23.4698
query,tuples,4170000,9.2164e-06 23.5223
query,tuples,4180000,9.2192e-06 23.5748
query,tuples,4190000,9.2612e-06 23.6276
query,tuples,4200000,9.1974e-06 23.68
query,tuples,4210000,9.2064e-06 23.7325
query,tuples,4220000,9.2512e-06 23.7852
query,tuples,4230000,9.2028e-06 23.8376
query,tuples,4240000,9.1582e-06 23.8899
query,tuples,4250000,9.2388e-06 23.9426
query,tuples,4260000,9.308e-06 23.9957
query,tuples,4270000,9.2912e-06 24.0486
query,tuples,4280000,9.242e-06 24.1013
query,tuples,4290000,9.2738e-06 24.1541
query,tuples,4300000,9.2926e-06 24.2071
query,tuples,4310000,9.2964e-06 24.2599
query,tuples,4320000,9.2846e-06 24.3128
query,tuples,4330000,9.2702e-06 24.3657
query,tuples,4340000,9.2772e-06 24.4186
query,tuples,4350000,9.2398e-06 24.4712
query,tuples,4360000,9.3622e-06 24.5244
query,tuples,4370000,9.3654e-06 24.5777
query,tuples,4380000,9.3238e-06 24.6307
query,tuples,4390000,9.3144e-06 24.6838
query,tuples,4400000,9.267e-06 24.7368
query,tuples,4410000,9.3174e-06 24.7898
query,tuples,4420000,9.272e-06 24.8427
query,tuples,4430000,9.377e-06 24.8961
query,tuples,4440000,9.4638e-06 24.9499
query,tuples,4450000,9.445e-06 25.0035
query,tuples,4460000,9.4168e-06 25.057
query,tuples,4470000,9.3496e-06 25.1102
query,tuples,4480000,9.3842e-06 25.1636
query,tuples,4490000,9.4036e-06 25.2171
query,tuples,4500000,9.4844e-06 25.271
query,tuples,4510000,9.535e-06 25.3251
query,tuples,4520000,9.547e-06 25.3794
query,tuples,4530000,9.4506e-06 25.4331
query,tuples,4540000,9.4386e-06 25.4868
query,tuples,4550000,9.3748e-06 25.5402
query,tuples,4560000,9.3792e-06 25.5936
query,tuples,4570000,9.4582e-06 25.6474
query,tuples,4580000,9.4946e-06 25.7013
query,tuples,4590000,9.4338e-06 25.7551
query,tuples,4600000,9.396e-06 25.8084
query,tuples,4610000,9.303e-06 25.8615
query,tuples,4620000,9.281e-06 25.9143
query,tuples,4630000,9.2154e-06 25.9668
query,tuples,4640000,9.2694e-06 26.0197
query,tuples,4650000,9.2182e-06 26.0723
query,tuples,4660000,9.249e-06 26.1248
query,tuples,4670000,9.211e-06 26.1774
query,tuples,4680000,9.2696e-06 26.2302
query,tuples,4690000,9.2018e-06 26.2826
query,tuples,4700000,9.2198e-06 26.3353
query,tuples,4710000,9.2438e-06 26.3881
query,tuples,4720000,9.2582e-06 26.4409
query,tuples,4730000,9.341e-06 26.4941
query,tuples,4740000,9.304e-06 26.5471
query,tuples,4750000,9.2444e-06 26.5998
query,tuples,4760000,9.2464e-06 26.6524
query,tuples,4770000,9.2666e-06 26.7052
query,tuples,4780000,9.2456e-06 26.7579
query,tuples,4790000,9.234e-06 26.8106
query,tuples,4800000,9.1996e-06 26.8631
query,tuples,4810000,9.2294e-06 26.9158
query,tuples,4820000,9.2284e-06 26.9684
query,tuples,4830000,9.247e-06 27.021
query,tuples,4840000,9.3652e-06 27.0743
query,tuples,4850000,9.3182e-06 27.1274
query,tuples,4860000,9.1938e-06 27.1799
query,tuples,4870000,9.2212e-06 27.2324
query,tuples,4880000,9.2068e-06 27.285
query,tuples,4890000,9.238e-06 27.3376
query,tuples,4900000,9.2178e-06 27.3902
query,tuples,4910000,9.1786e-06 27.4426
query,tuples,4920000,9.2124e-06 27.4952
query,tuples,4930000,9.2058e-06 27.5477
query,tuples,4940000,9.1992e-06 27.6002
query,tuples,4950000,9.2652e-06 27.653
query,tuples,4960000,9.2508e-06 27.7057
query,tuples,4970000,9.1976e-06 27.7583
query,tuples,4980000,9.219e-06 27.8108
query,tuples,4990000,9.2184e-06 27.8635
query,tuples,5000000,9.236e-06 27.9161
query,tuples,5010000,9.2134e-06 27.9687
query,tuples,5020000,9.2372e-06 28.0214
query,tuples,5030000,9.2544e-06 28.0741
query,tuples,5040000,9.2634e-06 28.1269
query,tuples,5050000,9.2684e-06 28.1797
query,tuples,5060000,9.2486e-06 28.2325
query,tuples,5070000,9.18e-06 28.2849
query,tuples,5080000,9.302e-06 28.3379
query,tuples,5090000,9.2946e-06 28.3909
query,tuples,5100000,9.2774e-06 28.4437
query,tuples,5110000,9.2034e-06 28.4962
query,tuples,5120000,9.1856e-06 28.5486
query,tuples,5130000,9.1626e-06 28.6009
query,tuples,5140000,9.1902e-06 28.6533
query,tuples,5150000,9.1892e-06 28.7058
query,tuples,5160000,9.2224e-06 28.7584
query,tuples,5170000,9.247e-06 28.811
query,tuples,5180000,9.301e-06 28.8641
query,tuples,5190000,9.3308e-06 28.9173
query,tuples,5200000,9.3464e-06 28.9706
query,tuples,5210000,9.2442e-06 29.0232
query,tuples,5220000,9.2574e-06 29.0759
query,tuples,5230000,9.2864e-06 29.1288
query,tuples,5240000,9.1838e-06 29.1812
query,tuples,5250000,9.2882e-06 29.2342
query,tuples,5260000,9.2438e-06 29.2868
query,tuples,5270000,9.2614e-06 29.3396
query,tuples,5280000,9.3824e-06 29.393
query,tuples,5290000,9.33e-06 29.4462
query,tuples,5300000,9.3672e-06 29.4995
query,tuples,5310000,9.3376e-06 29.5527
query,tuples,5320000,9.2292e-06 29.6053
query,tuples,5330000,9.175e-06 29.6576
query,tuples,5340000,9.2112e-06 29.7101
query,tuples,5350000,9.2478e-06 29.7628
query,tuples,5360000,9.2454e-06 29.8155
query,tuples,5370000,9.2308e-06 29.8681
query,tuples,5380000,9.191e-06 29.9207
query,tuples,5390000,9.2112e-06 29.9731
query,tuples,5400000,9.183e-06 30.0257
query,tuples,5410000,9.2658e-06 30.0784
query,tuples,5420000,9.2818e-06 30.1313
query,tuples,5430000,9.3036e-06 30.1843
query,tuples,5440000,9.282e-06 30.2372
query,tuples,5450000,9.2646e-06 30.2899
query,tuples,5460000,9.3588e-06 30.3432
query,tuples,5470000,9.2834e-06 30.3961
query,tuples,5480000,9.2396e-06 30.4487
query,tuples,5490000,9.2858e-06 30.5017
query,tuples,5500000,9.3336e-06 30.5549
query,tuples,5510000,9.4234e-06 30.6085
query,tuples,5520000,9.3418e-06 30.6617
query,tuples,5530000,9.3912e-06 30.7152
query,tuples,5540000,9.3562e-06 30.7684
query,tuples,5550000,9.4014e-06 30.8219
query,tuples,5560000,9.4548e-06 30.8756
query,tuples,5570000,9.3302e-06 30.9287
query,tuples,5580000,9.42e-06 30.9822
query,tuples,5590000,9.455e-06 31.036
query,tuples,5600000,9.4642e-06 31.0897
query,tuples,5610000,9.4574e-06 31.1435
query,tuples,5620000,9.4224e-06 31.197
query,tuples,5630000,9.5134e-06 31.2511
query,tuples,5640000,9.4334e-06 31.3047
query,tuples,5650000,9.3662e-06 31.358
query,tuples,5660000,9.2776e-06 31.4109
query,tuples,5670000,9.3196e-06 31.4639
query,tuples,5680000,9.3836e-06 31.5173
query,tuples,5690000,9.2914e-06 31.5702
query,tuples,5700000,9.2782e-06 31.6231
query,tuples,5710000,9.3076e-06 31.676
query,tuples,5720000,9.2558e-06 31.7288
query,tuples,5730000,9.2354e-06 31.7842
query,tuples,5740000,9.2784e-06 31.837
query,tuples,5750000,9.2712e-06 31.8899
query,tuples,5760000,9.204e-06 31.9424
query,tuples,5770000,9.2454e-06 31.9949
query,tuples,5780000,9.2176e-06 32.0475
query,tuples,5790000,9.3026e-06 32.1004
query,tuples,5800000,9.3458e-06 32.1537
query,tuples,5810000,9.3176e-06 32.2067
query,tuples,5820000,9.3252e-06 32.2597
query,tuples,5830000,9.401e-06 32.3132
query,tuples,5840000,9.4268e-06 32.3668
query,tuples,5850000,9.432e-06 32.4205
query,tuples,5860000,9.4106e-06 32.474
query,tuples,5870000,9.4002e-06 32.5274
query,tuples,5880000,9.423e-06 32.5811
query,tuples,5890000,9.3094e-06 32.6341
query,tuples,5900000,9.3434e-06 32.6872
query,tuples,5910000,9.2836e-06 32.7402
query,tuples,5920000,9.26e-06 32.7929
query,tuples,5930000,9.2802e-06 32.8458
query,tuples,5940000,9.2644e-06 32.8987
query,tuples,5950000,9.2048e-06 32.9513
query,tuples,5960000,9.2398e-06 33.004
query,tuples,5970000,9.3066e-06 33.0571
query,tuples,5980000,9.2788e-06 33.11
query,tuples,5990000,9.329e-06 33.1632
query,tuples,6000000,9.3148e-06 33.2163
query,tuples,6010000,9.1964e-06 33.2688
query,tuples,6020000,9.263e-06 33.3216
query,tuples,6030000,9.3538e-06 33.3748
query,tuples,6040000,9.3048e-06 33.4278
query,tuples,6050000,9.3444e-06 33.4809
query,tuples,6060000,9.3364e-06 33.5341
query,tuples,6070000,9.3244e-06 33.5871
query,tuples,6080000,9.3562e-06 33.6404
query,tuples,6090000,9.4214e-06 33.6939
query,tuples,6100000,9.3722e-06 33.7474
query,tuples,6110000,9.5004e-06 33.8013
query,tuples,6120000,9.4608e-06 33.855
query,tuples,6130000,9.3356e-06 33.9082
query,tuples,6140000,9.3186e-06 33.9613
query,tuples,6150000,9.2714e-06 34.0142
query,tuples,6160000,9.2518e-06 34.0668
query,tuples,6170000,9.319e-06 34.1199
query,tuples,6180000,9.3754e-06 34.1732
query,tuples,6190000,9.2462e-06 34.226
query,tuples,6200000,9.277e-06 34.2788
query,tuples,6210000,9.1964e-06 34.3314
query,tuples,6220000,9.2394e-06 34.3841
query,tuples,6230000,9.2532e-06 34.4368
query,tuples,6240000,9.3242e-06 34.4899
query,tuples,6250000,9.3348e-06 34.5429
query,tuples,6260000,9.2626e-06 34.5957
query,tuples,6270000,9.2418e-06 34.6484
query,tuples,6280000,9.3906e-06 34.7017
query,tuples,6290000,9.332e-06 34.7548
query,tuples,6300000,9.3386e-06 34.8081
query,tuples,6310000,9.3598e-06 34.8613
query,tuples,6320000,9.478e-06 34.9151
query,tuples,6330000,9.3654e-06 34.9685
query,tuples,6340000,9.386e-06 35.022
query,tuples,6350000,9.376e-06 35.0753
query,tuples,6360000,9.375e-06 35.1287
query,tuples,6370000,9.3158e-06 35.1816
query,tuples,6380000,9.394e-06 35.235
query,tuples,6390000,9.292e-06 35.288
query,tuples,6400000,9.319e-06 35.341
query,tuples,6410000,9.2466e-06 35.3939
query,tuples,6420000,9.2858e-06 35.4466
query,tuples,6430000,9.2816e-06 35.4995
query,tuples,6440000,9.346e-06 35.5528
query,tuples,6450000,9.3594e-06 35.6061
query,tuples,6460000,9.4732e-06 35.6598
query,tuples,6470000,9.3874e-06 35.7133
query,tuples,6480000,9.3394e-06 35.7665
query,tuples,6490000,9.3766e-06 35.8198
query,tuples,6500000,9.3424e-06 35.873
query,tuples,6510000,9.3914e-06 35.9263
query,tuples,6520000,9.3418e-06 35.9795
query,tuples,6530000,9.34e-06 36.0327
query,tuples,6540000,9.3118e-06 36.0858
query,tuples,6550000,9.4158e-06 36.1393
query,tuples,6560000,9.4554e-06 36.1931
query,tuples,6570000,9.3452e-06 36.2462
query,tuples,6580000,9.2686e-06 36.299
query,tuples,6590000,9.2958e-06 36.3519
query,tuples,6600000,9.2864e-06 36.4049
query,tuples,6610000,9.4608e-06 36.4587
query,tuples,6620000,9.4268e-06 36.5123
query,tuples,6630000,9.441e-06 36.566
query,tuples,6640000,9.5006e-06 36.62
query,tuples,6650000,9.4572e-06 36.6738
query,tuples,6660000,9.4232e-06 36.7273
query,tuples,6670000,9.3156e-06 36.7804
query,tuples,6680000,9.2716e-06 36.8332
query,tuples,6690000,9.2848e-06 36.8861
query,tuples,6700000,9.3208e-06 36.9391
query,tuples,6710000,9.3646e-06 36.9923
query,tuples,6720000,9.4022e-06 37.0458
query,tuples,6730000,9.338e-06 37.0989
query,tuples,6740000,9.3042e-06 37.1519
query,tuples,6750000,9.3928e-06 37.2053
query,tuples,6760000,9.3112e-06 37.2584
query,tuples,6770000,9.3152e-06 37.3114
query,tuples,6780000,9.287e-06 37.3643
query,tuples,6790000,9.3212e-06 37.4174
query,tuples,6800000,9.3468e-06 37.4706
query,tuples,6810000,9.36e-06 37.5239
query,tuples,6820000,9.3418e-06 37.5771
query,tuples,6830000,9.393e-06 37.6305
query,tuples,6840000,9.336e-06 37.6837
query,tuples,6850000,9.3168e-06 37.7367
query,tuples,6860000,9.3582e-06 37.7901
query,tuples,6870000,9.361e-06 37.8434
query,tuples,6880000,9.335e-06 37.8965
query,tuples,6890000,9.4886e-06 37.9503
query,tuples,6900000,9.2882e-06 38.0033
query,tuples,6910000,9.2966e-06 38.0562
query,tuples,6920000,9.346e-06 38.1094
query,tuples,6930000,9.4776e-06 38.1633
query,tuples,6940000,9.442e-06 38.217
query,tuples,6950000,9.4064e-06 38.2705
query,tuples,6960000,9.4274e-06 38.3241
query,tuples,6970000,9.4016e-06 38.3775
query,tuples,6980000,9.4402e-06 38.4312
query,tuples,6990000,9.3794e-06 38.4846
query,tuples,7000000,9.4108e-06 38.5381
query,tuples,7010000,9.416e-06 38.5916
query,tuples,7020000,9.5174e-06 38.6456
query,tuples,7030000,9.4576e-06 38.6994
query,tuples,7040000,9.552e-06 38.7536
query,tuples,7050000,9.5624e-06 38.8079
query,tuples,7060000,9.4206e-06 38.8615
query,tuples,7070000,9.3622e-06 38.9148
query,tuples,7080000,9.393e-06 38.9682
query,tuples,7090000,9.4486e-06 39.0219
query,tuples,7100000,9.4512e-06 39.0755
query,tuples,7110000,9.4006e-06 39.129
query,tuples,7120000,9.469e-06 39.1828
query,tuples,7130000,9.5056e-06 39.2368
query,tuples,7140000,9.4792e-06 39.2906
query,tuples,7150000,9.549e-06 39.3448
query,tuples,7160000,9.4366e-06 39.3986
query,tuples,7170000,9.4454e-06 39.4523
query,tuples,7180000,9.4998e-06 39.5063
query,tuples,7190000,9.5032e-06 39.5602
query,tuples,7200000,9.467e-06 39.6141
query,tuples,7210000,9.491e-06 39.6679
query,tuples,7220000,9.451e-06 39.7217
query,tuples,7230000,9.4088e-06 39.7752
query,tuples,7240000,9.3448e-06 39.8283
query,tuples,7250000,9.3268e-06 39.8815
query,tuples,7260000,9.4756e-06 39.9352
query,tuples,7270000,9.5516e-06 39.9895
query,tuples,7280000,9.5048e-06 40.0435
query,tuples,7290000,9.5166e-06 40.0976
query,tuples,7300000,9.52e-06 40.1517
query,tuples,7310000,9.4742e-06 40.2056
query,tuples,7320000,9.4402e-06 40.2592
query,tuples,7330000,9.4044e-06 40.3128
query,tuples,7340000,9.3746e-06 40.3662
query,tuples,7350000,9.4576e-06 40.4199
query,tuples,7360000,9.391e-06 40.4734
query,tuples,7370000,9.4988e-06 40.5273
query,tuples,7380000,9.4482e-06 40.581
query,tuples,7390000,9.3626e-06 40.6344
query,tuples,7400000,9.34e-06 40.6875
query,tuples,7410000,9.3618e-06 40.7408
query,tuples,7420000,9.4096e-06 40.7943
query,tuples,7430000,9.3176e-06 40.8474
query,tuples,7440000,9.3146e-06 40.9004
query,tuples,7450000,9.2894e-06 40.9533
query,tuples,7460000,9.502e-06 41.0072
query,tuples,7470000,9.355e-06 41.0606
query,tuples,7480000,9.4448e-06 41.1143
query,tuples,7490000,9.4792e-06 41.1681
query,tuples,7500000,9.375e-06 41.2215
query,tuples,7510000,9.308e-06 41.2745
query,tuples,7520000,9.3932e-06 41.3279
query,tuples,7530000,9.4702e-06 41.3817
query,tuples,7540000,9.556e-06 41.4359
query,tuples,7550000,9.4134e-06 41.4894
query,tuples,7560000,9.4892e-06 41.5433
query,tuples,7570000,9.4608e-06 41.5971
query,tuples,7580000,9.4652e-06 41.6509
query,tuples,7590000,9.4564e-06 41.7047
query,tuples,7600000,9.5494e-06 41.7589
query,tuples,7610000,9.4048e-06 41.8125
query,tuples,7620000,9.4728e-06 41.8663
query,tuples,7630000,9.5272e-06 41.9204
query,tuples,7640000,9.4534e-06 41.9742
query,tuples,7650000,9.395e-06 42.0277
query,tuples,7660000,9.4946e-06 42.0816
query,tuples,7670000,9.494e-06 42.1356
query,tuples,7680000,9.5156e-06 42.1895
query,tuples,7690000,9.3652e-06 42.2428
query,tuples,7700000,9.3382e-06 42.2961
query,tuples,7710000,9.2692e-06 42.349
query,tuples,7720000,9.3242e-06 42.4022
query,tuples,7730000,9.2738e-06 42.4549
query,tuples,7740000,9.2488e-06 42.5078
query,tuples,7750000,9.35e-06 42.561
query,tuples,7760000,9.348e-06 42.6142
query,tuples,7770000,9.3242e-06 42.6673
query,tuples,7780000,9.282e-06 42.7202
query,tuples,7790000,9.2684e-06 42.7731
query,tuples,7800000,9.3008e-06 42.8261
query,tuples,7810000,9.344e-06 42.8792
query,tuples,7820000,9.2794e-06 42.932
query,tuples,7830000,9.2808e-06 42.9849
query,tuples,7840000,9.3036e-06 43.0379
query,tuples,7850000,9.2856e-06 43.0908
query,tuples,7860000,9.377e-06 43.1441
query,tuples,7861240,9.43065e-06 43.1514
