query,tuples,100,1.616e-05 0.000867
query,tuples,200,2.046e-05 0.002047
query,tuples,300,8.042e-05 0.006211
query,tuples,400,0.00029318 0.021003
query,tuples,500,0.0005802 0.050147
query,tuples,600,0.00097024 0.098796
query,tuples,700,0.00131486 0.164671
query,tuples,800,0.0013832 0.233968
query,tuples,900,0.00288162 0.378187
query,tuples,1000,0.00308116 0.532383
query,tuples,1100,0.00319158 0.6921
query,tuples,1200,0.00520134 0.952299
query,tuples,1300,0.00624492 1.26469
query,tuples,1400,0.00445206 1.48743
query,tuples,1500,0.00764986 1.87005
query,tuples,1600,0.00966982 2.35368
query,tuples,1700,0.0108619 2.89691
query,tuples,1800,0.0110915 3.45164
query,tuples,1900,0.0158011 4.24182
query,tuples,2000,0.0158938 5.03665
query,tuples,2100,0.0154153 5.80756
query,tuples,2200,0.0174563 6.68051
query,tuples,2300,0.013923 7.37679
query,tuples,2400,0.0272621 8.74004
query,tuples,2500,0.0343699 10.4587
query,tuples,2600,0.0393077 12.4242
query,tuples,2700,0.0327492 14.0618
query,tuples,2800,0.0233017 15.227
query,tuples,2900,0.0166753 16.0609
query,tuples,3000,0.0129082 16.7065
query,tuples,3100,0.0201301 17.7131
query,tuples,3200,0.0241523 18.9209
query,tuples,3300,0.0325744 20.5498
query,tuples,3400,0.03402 22.2509
query,tuples,3500,0.0270383 23.603
query,tuples,3600,0.0263977 24.923
query,tuples,3700,0.0379654 26.8214
query,tuples,3800,0.0359349 28.6183
query,tuples,3900,0.0301472 30.1258
query,tuples,4000,0.0197696 31.1144
query,tuples,4100,0.025844 32.4068
query,tuples,4200,0.0177996 33.2969
query,tuples,4300,0.037685 35.1813
query,tuples,4400,0.0351341 36.9382
query,tuples,4500,0.038023 38.8395
query,tuples,4600,0.0426525 40.9722
query,tuples,4700,0.034626 42.7037
query,tuples,4800,0.0342167 44.4147
query,tuples,4900,0.0213047 45.48
query,tuples,5000,0.0187638 46.4184
query,tuples,5100,0.0319482 48.0159
query,tuples,5200,0.0282618 49.4292
query,tuples,5300,0.0150681 50.1827
query,tuples,5400,0.0361005 51.9879
query,tuples,5500,0.0411787 54.047
query,tuples,5600,0.0477005 56.4322
query,tuples,5700,0.0491194 58.8883
query,tuples,5800,0.0550794 61.6424
query,tuples,5900,0.030974 63.1912
query,tuples,6000,0.0477262 65.5777
query,tuples,6100,0.0379836 67.477
query,tuples,6200,0.0577047 70.3624
query,tuples,6300,0.087503 74.7377
query,tuples,6400,0.0394242 76.7091
query,tuples,6500,0.0607574 79.7471
query,tuples,6600,0.0486831 82.1814
query,tuples,6700,0.0491877 84.641
query,tuples,6800,0.0449918 86.8907
query,tuples,6900,0.0425892 89.0203
query,tuples,7000,0.0763156 92.8362
query,tuples,7100,0.0782203 96.7474
query,tuples,7200,0.0612087 99.808
query,tuples,7300,0.0590087 102.759
query,tuples,7400,0.0643034 105.974
query,tuples,7500,0.0608184 109.015
query,tuples,7600,0.0757434 112.802
query,tuples,7700,0.0878581 117.195
query,tuples,7800,0.0608611 120.239
query,tuples,7900,0.103123 125.395
query,tuples,8000,0.0933486 130.062
query,tuples,8100,0.0858117 134.353
query,tuples,8200,0.0601547 137.361
query,tuples,8300,0.0930458 142.014
query,tuples,8400,0.0415752 144.092
query,tuples,8500,0.0942863 148.807
query,tuples,8600,0.0630122 151.958
query,tuples,8700,0.0908621 156.501
query,tuples,8800,0.104276 161.715
query,tuples,8900,0.149069 169.168
query,tuples,9000,0.0974571 174.041
query,tuples,9100,0.22393 185.238
query,tuples,9200,0.173389 193.908
query,tuples,9300,0.15355 201.585
query,tuples,9400,0.175934 210.382
query,tuples,9500,0.107726 215.769
query,tuples,9600,0.122356 221.887
query,tuples,9700,0.0345392 223.614
query,tuples,9800,0.153703 231.299
query,tuples,9900,0.198085 241.203
query,tuples,10000,0.189785 250.693
query,tuples,10100,0.182957 259.841
query,tuples,10200,0.263459 273.014
query,tuples,10300,0.322647 289.147
query,tuples,10400,0.225891 300.441
query,tuples,10500,0.114978 306.19
query,tuples,10600,0.201199 316.25
query,tuples,10700,0.321121 332.307
query,tuples,10800,0.129379 338.776
query,tuples,10900,0.152973 346.424
query,tuples,11000,0.15096 353.973
query,tuples,11100,0.144033 361.174
query,tuples,11200,0.0988626 366.118
query,tuples,11300,0.280662 380.151
query,tuples,11400,0.315579 395.93
query,tuples,11500,0.277835 409.822
query,tuples,11600,0.291673 424.406
query,tuples,11700,0.206627 434.737
query,tuples,11800,0.262342 447.854
query,tuples,11900,0.210279 458.369
query,tuples,12000,0.32079 474.408
query,tuples,12100,0.390633 493.94
query,tuples,12200,0.560547 521.968
query,tuples,12300,0.413298 542.633
query,tuples,12400,0.310681 558.167
query,tuples,12500,0.343758 575.355
query,tuples,12600,0.336723 592.191
query,tuples,12700,0.491038 616.743
query,tuples,12800,0.254457 629.466
query,tuples,12900,0.354646 647.199
query,tuples,13000,0.24962 659.68
query,tuples,13100,0.346417 677.001
query,tuples,13200,0.274992 690.751
query,tuples,13300,0.254937 703.498
query,tuples,13400,0.430277 725.012
query,tuples,13500,0.583948 754.209
query,tuples,13600,0.646869 786.553
query,tuples,13700,0.441219 808.614
query,tuples,13800,0.251146 821.171
query,tuples,13900,0.557631 849.053
query,tuples,14000,0.400996 869.103
query,tuples,14100,0.34104 886.155
query,tuples,14200,0.531399 912.725
query,tuples,14300,0.503684 937.91
query,tuples,14400,0.479239 961.872
query,tuples,14500,0.510653 987.405
query,tuples,14600,0.499868 1012.4
query,tuples,14700,0.538525 1039.32
query,tuples,14800,0.524679 1065.56
query,tuples,14900,0.402516 1085.68
query,tuples,15000,0.899318 1130.65
query,tuples,15100,0.511027 1156.2
query,tuples,15200,0.624307 1187.42
query,tuples,15300,0.446334 1209.73
query,tuples,15400,0.334077 1226.44
query,tuples,15500,0.814215 1267.15
query,tuples,15600,0.617333 1298.02
query,tuples,15700,0.501938 1323.11
query,tuples,15800,0.844169 1365.32
query,tuples,15900,0.577074 1394.18
query,tuples,16000,0.812681 1434.81
query,tuples,16100,0.529657 1461.29
query,tuples,16200,0.687716 1495.68
query,tuples,16300,0.530481 1522.2
query,tuples,16400,0.809629 1562.68
query,tuples,16500,0.734136 1599.39
query,tuples,16600,0.658515 1632.32
query,tuples,16700,0.771886 1670.91
query,tuples,16800,1.01225 1721.52
query,tuples,16900,0.615886 1752.32
query,tuples,17000,0.77878 1791.26
query,tuples,17100,0.792272 1830.87
query,tuples,17200,0.707676 1866.26
query,tuples,17300,0.914954 1912
query,tuples,17400,1.03135 1963.57
query,tuples,17500,0.998594 2013.5
query,tuples,17600,0.670115 2047.01
query,tuples,17700,1.18648 2106.33
query,tuples,17800,0.603287 2136.5
query,tuples,17900,0.682388 2170.62
query,tuples,18000,0.911143 2216.17
query,tuples,18100,0.924045 2262.38
query,tuples,18200,0.956854 2310.22
query,tuples,18300,0.88814 2354.63
query,tuples,18400,1.08821 2409.04
query,tuples,18500,1.06473 2462.27
query,tuples,18600,0.783462 2501.45
query,tuples,18700,0.872287 2549.06
query,tuples,18800,0.507779 2599.45
query,tuples,18900,0.45459 2644.18
query,tuples,19000,0.551456 2697.75
query,tuples,19100,0.734226 2767.96
query,tuples,19200,0.737432 2837.34
query,tuples,19300,0.536295 2887.15
query,tuples,19400,0.69125 2950.71
query,tuples,19500,0.575563 3002.99
query,tuples,19600,0.403491 3039.17
query,tuples,19700,0.268427 3063.09
query,tuples,19800,0.776939 3131.93
query,tuples,19900,1.05937 3224.4
query,tuples,20000,1.12841 3321.32
query,tuples,20100,0.615733 3373.61
query,tuples,20200,0.730992 3435.16
query,tuples,20300,0.371634 3466.24
query,tuples,20400,1.00144 3549.31
query,tuples,20500,1.07729 3637.68
query,tuples,20600,1.21963 3736.66
query,tuples,20700,0.954808 3813.4
query,tuples,20800,0.38522 3844.16
query,tuples,20900,0.64258 3895.29
query,tuples,21000,0.51506 3936.05
query,tuples,21100,0.922993 4008.7
query,tuples,21200,1.22552 4104.47
query,tuples,21300,0.651242 4155.03
query,tuples,21400,0.642889 4204.68
query,tuples,21500,1.03172 4283.76
query,tuples,21600,0.804564 4344.99
query,tuples,21700,1.40777 4451.38
query,tuples,21800,1.20004 4541.38
query,tuples,21900,1.59081 4659.92
query,tuples,22000,0.856357 4723.24
query,tuples,22100,1.31527 4820.01
query,tuples,22200,0.758316 4875.42
query,tuples,22300,1.1208 4956.96
query,tuples,22400,1.91703 5095.31
query,tuples,22500,1.7159 5218.11
query,tuples,22600,1.44655 5320.94
query,tuples,22700,0.962676 5389.07
query,tuples,22800,1.49247 5494.19
query,tuples,22900,1.59786 5606.09
query,tuples,23000,1.32093 5698.13
query,tuples,23100,1.73787 5818.53
query,tuples,23200,0.924083 5882.23
query,tuples,23300,1.39396 5977.93
query,tuples,23400,0.951174 6042.99
query,tuples,23500,2.10342 6186.16
query,tuples,23600,1.66614 6298.97
query,tuples,23700,1.84858 6423.4
query,tuples,23800,1.20572 6504.18
query,tuples,23900,0.534288 6539.9
query,tuples,24000,0.994907 6607.64
query,tuples,24100,1.0539 6712.34
query,tuples,24200,1.62651 6871.66
query,tuples,24300,1.35461 7002.39
query,tuples,24400,1.36721 7132.75
