query,tuples,10000,0.000467878 2.34674
query,tuples,20000,0.00420816 23.3981
query,tuples,30000,0.000318887 24.9993
query,tuples,40000,7.1634e-06 25.0415
query,tuples,50000,7.1508e-06 25.0836
query,tuples,60000,7.1004e-06 25.1255
query,tuples,70000,7.197e-06 25.1678
query,tuples,80000,7.1592e-06 25.21
query,tuples,90000,7.164e-06 25.2522
query,tuples,100000,7.1252e-06 25.2943
query,tuples,110000,7.2182e-06 25.3367
query,tuples,120000,7.1898e-06 25.3791
query,tuples,130000,7.1684e-06 25.4214
query,tuples,140000,7.1978e-06 25.4637
query,tuples,150000,7.2162e-06 25.5062
query,tuples,160000,7.2096e-06 25.5486
query,tuples,170000,7.1966e-06 25.5911
query,tuples,180000,7.1588e-06 25.6334
query,tuples,190000,7.23e-06 25.676
query,tuples,200000,7.198e-06 25.7184
query,tuples,210000,7.178e-06 25.7607
query,tuples,220000,7.2398e-06 25.8034
query,tuples,230000,7.218e-06 25.8459
query,tuples,240000,7.2454e-06 25.8886
query,tuples,250000,7.2206e-06 25.9311
query,tuples,260000,7.1928e-06 25.9734
query,tuples,270000,7.2162e-06 26.0159
query,tuples,280000,7.2466e-06 26.0585
query,tuples,290000,7.2692e-06 26.1012
query,tuples,300000,7.2522e-06 26.1439
query,tuples,310000,7.2432e-06 26.1866
query,tuples,320000,7.2538e-06 26.2294
query,tuples,330000,7.2834e-06 26.2722
query,tuples,340000,7.2558e-06 26.3148
query,tuples,350000,7.2814e-06 26.3577
query,tuples,360000,7.305e-06 26.4005
query,tuples,370000,7.2532e-06 26.4432
query,tuples,380000,7.2764e-06 26.4859
query,tuples,390000,7.2578e-06 26.5287
query,tuples,400000,7.2524e-06 26.5714
query,tuples,410000,7.2954e-06 26.6143
query,tuples,420000,7.2896e-06 26.657
query,tuples,430000,7.2962e-06 26.7
query,tuples,440000,7.3104e-06 26.7429
query,tuples,450000,7.3466e-06 26.786
query,tuples,460000,7.275e-06 26.8291
query,tuples,470000,7.279e-06 26.8719
query,tuples,480000,7.2332e-06 26.9147
query,tuples,490000,7.2458e-06 26.9574
query,tuples,500000,7.2162e-06 26.9999
query,tuples,510000,7.239e-06 27.0427
query,tuples,520000,7.3256e-06 27.0857
query,tuples,530000,7.3312e-06 27.1288
query,tuples,540000,7.2798e-06 27.1717
query,tuples,550000,7.2918e-06 27.2146
query,tuples,560000,7.2878e-06 27.2574
query,tuples,570000,7.3384e-06 27.3006
query,tuples,580000,7.249e-06 27.3433
query,tuples,590000,7.3108e-06 27.3863
query,tuples,600000,7.2542e-06 27.429
query,tuples,610000,7.2786e-06 27.4719
query,tuples,620000,7.2432e-06 27.5147
query,tuples,630000,7.2952e-06 27.5575
query,tuples,640000,7.2712e-06 27.6004
query,tuples,650000,7.3186e-06 27.6434
query,tuples,660000,7.2542e-06 27.6861
query,tuples,670000,7.2812e-06 27.729
query,tuples,680000,7.3438e-06 27.772
query,tuples,690000,7.3058e-06 27.8149
query,tuples,700000,7.294e-06 27.8578
query,tuples,710000,7.3208e-06 27.9008
query,tuples,720000,7.3224e-06 27.9438
query,tuples,730000,7.2888e-06 27.9867
query,tuples,740000,7.322e-06 28.0298
query,tuples,750000,7.4202e-06 28.0734
query,tuples,760000,7.3966e-06 28.1167
query,tuples,770000,7.35e-06 28.16
query,tuples,780000,7.347e-06 28.2032
query,tuples,790000,7.3988e-06 28.2467
query,tuples,800000,7.417e-06 28.2902
query,tuples,810000,7.4032e-06 28.3336
query,tuples,810000,nan 28.3337
