query,tuples,10000,0.000465671 2.33583
query,tuples,20000,0.00419938 23.3431
query,tuples,30000,0.000318727 24.9434
query,tuples,40000,7.141e-06 24.9855
query,tuples,50000,7.0878e-06 25.0275
query,tuples,60000,7.0782e-06 25.0693
query,tuples,70000,7.1434e-06 25.1115
query,tuples,80000,7.1312e-06 25.1536
query,tuples,90000,7.117e-06 25.1956
query,tuples,100000,7.1e-06 25.2376
query,tuples,110000,7.1722e-06 25.2798
query,tuples,120000,7.2034e-06 25.3222
query,tuples,130000,7.1668e-06 25.3645
query,tuples,140000,7.16e-06 25.4066
query,tuples,150000,7.1382e-06 25.4489
query,tuples,160000,7.178e-06 25.4912
query,tuples,170000,7.194e-06 25.5336
query,tuples,180000,7.1312e-06 25.5757
query,tuples,190000,7.1772e-06 25.6181
query,tuples,200000,7.1534e-06 25.6604
query,tuples,210000,7.1496e-06 25.7026
query,tuples,220000,7.18e-06 25.7449
query,tuples,230000,7.2088e-06 25.7874
query,tuples,240000,7.23e-06 25.83
query,tuples,250000,7.189e-06 25.8723
query,tuples,260000,7.129e-06 25.9145
query,tuples,270000,7.1564e-06 25.9568
query,tuples,280000,7.1896e-06 25.9993
query,tuples,290000,7.2486e-06 26.0419
query,tuples,300000,7.1706e-06 26.0843
query,tuples,310000,7.2352e-06 26.1268
query,tuples,320000,7.2186e-06 26.1693
query,tuples,330000,7.2248e-06 26.2119
query,tuples,340000,7.1796e-06 26.2542
query,tuples,350000,7.2094e-06 26.2967
query,tuples,360000,7.1966e-06 26.3392
query,tuples,370000,7.2058e-06 26.3817
query,tuples,380000,7.2038e-06 26.4242
query,tuples,390000,7.2404e-06 26.4668
query,tuples,400000,7.2028e-06 26.5093
query,tuples,410000,7.285e-06 26.5521
query,tuples,420000,7.2342e-06 26.5947
query,tuples,430000,7.266e-06 26.6374
query,tuples,440000,7.255e-06 26.6801
query,tuples,450000,7.313e-06 26.723
query,tuples,460000,7.2172e-06 26.7656
query,tuples,470000,7.2504e-06 26.8083
query,tuples,480000,7.1972e-06 26.8508
query,tuples,490000,7.2126e-06 26.8933
query,tuples,500000,7.2002e-06 26.9359
query,tuples,510000,7.2324e-06 26.9785
query,tuples,520000,7.2424e-06 27.0212
query,tuples,530000,7.3068e-06 27.0641
query,tuples,540000,7.2154e-06 27.1068
query,tuples,550000,7.2858e-06 27.1496
query,tuples,560000,7.2562e-06 27.1922
query,tuples,570000,7.285e-06 27.2351
query,tuples,580000,7.2308e-06 27.2777
query,tuples,590000,7.267e-06 27.3206
query,tuples,600000,7.2408e-06 27.3632
query,tuples,610000,7.245e-06 27.4059
query,tuples,620000,7.217e-06 27.4485
query,tuples,630000,7.2488e-06 27.4912
query,tuples,640000,7.284e-06 27.534
query,tuples,650000,7.284e-06 27.5769
query,tuples,660000,7.2372e-06 27.6195
query,tuples,670000,7.239e-06 27.6622
query,tuples,680000,7.2356e-06 27.7049
query,tuples,690000,7.2694e-06 27.7475
query,tuples,700000,7.2192e-06 27.79
query,tuples,710000,7.2578e-06 27.8327
query,tuples,720000,7.2762e-06 27.8756
query,tuples,730000,7.2446e-06 27.9181
query,tuples,740000,7.2864e-06 27.961
query,tuples,750000,7.373e-06 28.0043
query,tuples,760000,7.3242e-06 28.0473
query,tuples,770000,7.323e-06 28.0903
query,tuples,780000,7.2938e-06 28.1334
query,tuples,790000,7.3616e-06 28.1766
query,tuples,800000,7.364e-06 28.2199
query,tuples,810000,7.3758e-06 28.2632
query,tuples,810000,nan 28.2633
