query,tuples,100,0.127841 6.39214
query,tuples,200,0.782206 45.5027
query,tuples,300,1.64596 156.301
query,tuples,400,2.93821 391.212
query,tuples,500,4.41726 784.575
query,tuples,600,6.20602 1367.88
query,tuples,700,8.21706 2143.23
query,tuples,800,10.8753 3186.99
query,tuples,900,14.0277 4550.38
query,tuples,1000,16.9611 6184.43
query,tuples,1100,18.862 8051.53
query,tuples,1200,20.742 10095.1
query,tuples,1300,24.9358 12538.4
query,tuples,1400,27.9907 15311
query,tuples,1500,31.2668 18398.3
query,tuples,1600,35.5982 21911.2
query,tuples,1700,41.3163 25995
query,tuples,1800,47.0866 30644.4
query,tuples,1900,49.6517 35555.4
query,tuples,2000,56.0887 41107.9
query,tuples,2100,63.5891 47423.8
query,tuples,2200,73.1472 54690.7
query,tuples,2300,78.8287 62546.6
