query,tuples,10000,9.9524e-06 0.056554
query,tuples,20000,1.02026e-05 0.114712
query,tuples,30000,1.07782e-05 0.17581
query,tuples,40000,1.10628e-05 0.238347
query,tuples,50000,1.11876e-05 0.301403
query,tuples,60000,1.12534e-05 0.364809
query,tuples,70000,1.15998e-05 0.430073
query,tuples,80000,1.11266e-05 0.492824
query,tuples,90000,1.16968e-05 0.558615
query,tuples,100000,1.11758e-05 0.621587
query,tuples,110000,1.18922e-05 0.688343
query,tuples,120000,1.12336e-05 0.751635
query,tuples,130000,1.12618e-05 0.815119
query,tuples,140000,1.13496e-05 0.879049
query,tuples,150000,1.22744e-05 0.947642
query,tuples,160000,1.13932e-05 1.01181
query,tuples,170000,1.11372e-05 1.07464
query,tuples,180000,1.16064e-05 1.1399
query,tuples,190000,1.27524e-05 1.21091
query,tuples,200000,1.13572e-05 1.27498
query,tuples,210000,1.1157e-05 1.33792
query,tuples,220000,1.13856e-05 1.40205
query,tuples,230000,1.13234e-05 1.46586
query,tuples,240000,1.1379e-05 1.5299
query,tuples,250000,1.13714e-05 1.59397
query,tuples,260000,1.33366e-05 1.66791
query,tuples,270000,1.13338e-05 1.73184
query,tuples,280000,1.13366e-05 1.79584
query,tuples,290000,1.15256e-05 1.86076
query,tuples,300000,1.14418e-05 1.92523
query,tuples,310000,1.1408e-05 1.9895
query,tuples,320000,1.14806e-05 2.05643
query,tuples,330000,1.13064e-05 2.12015
query,tuples,340000,1.40892e-05 2.1979
query,tuples,350000,1.13664e-05 2.26201
query,tuples,360000,1.14856e-05 2.32674
query,tuples,370000,1.14412e-05 2.39118
query,tuples,380000,1.14708e-05 2.45575
query,tuples,390000,1.15464e-05 2.52083
query,tuples,400000,1.12478e-05 2.58421
query,tuples,410000,1.15356e-05 2.64919
query,tuples,420000,1.14572e-05 2.71366
query,tuples,430000,1.14042e-05 2.77789
query,tuples,440000,1.47106e-05 2.85867
query,tuples,450000,1.14278e-05 2.92304
query,tuples,460000,1.12036e-05 2.98628
query,tuples,470000,1.14822e-05 3.05085
query,tuples,480000,1.12772e-05 3.1144
query,tuples,490000,1.1473e-05 3.17895
query,tuples,500000,1.14902e-05 3.24371
query,tuples,510000,1.14208e-05 3.308
query,tuples,520000,1.14646e-05 3.37245
query,tuples,530000,1.13838e-05 3.43665
query,tuples,540000,1.16084e-05 3.50196
query,tuples,550000,1.14306e-05 3.56634
query,tuples,560000,1.56974e-05 3.65202
query,tuples,570000,1.156e-05 3.71706
query,tuples,580000,1.14784e-05 3.78165
query,tuples,590000,1.1192e-05 3.84481
query,tuples,600000,1.13232e-05 3.90858
query,tuples,610000,1.1379e-05 3.97274
query,tuples,620000,1.13742e-05 4.03676
query,tuples,630000,1.15196e-05 4.1016
query,tuples,640000,1.146e-05 4.16601
query,tuples,650000,1.1473e-05 4.23054
query,tuples,660000,1.1516e-05 4.29534
query,tuples,670000,1.17286e-05 4.36124
query,tuples,680000,1.18532e-05 4.42777
query,tuples,690000,1.15272e-05 4.49259
query,tuples,700000,1.17566e-05 4.55863
query,tuples,710000,1.16206e-05 4.62395
query,tuples,720000,1.1478e-05 4.68858
query,tuples,730000,1.18312e-05 4.75505
query,tuples,740000,1.95164e-05 4.85987
query,tuples,750000,1.14914e-05 4.92451
query,tuples,760000,1.0924e-05 4.98611
query,tuples,770000,1.02708e-05 5.04432
query,tuples,780000,1.01374e-05 5.10178
query,tuples,790000,1.03476e-05 5.16044
query,tuples,800000,1.02506e-05 5.21851
query,tuples,810000,1.01772e-05 5.27631
query,tuples,820000,1.04318e-05 5.33535
query,tuples,830000,1.0072e-05 5.39255
query,tuples,840000,1.02268e-05 5.45047
query,tuples,850000,1.03822e-05 5.50927
query,tuples,860000,1.01524e-05 5.56688
query,tuples,870000,1.01996e-05 5.62466
query,tuples,880000,1.02624e-05 5.68283
query,tuples,890000,1.01306e-05 5.74028
query,tuples,900000,1.03722e-05 5.79902
query,tuples,910000,1.02804e-05 5.85724
query,tuples,920000,1.02716e-05 5.91541
query,tuples,930000,1.02102e-05 5.97318
query,tuples,940000,1.015e-05 6.03074
query,tuples,950000,1.03228e-05 6.08915
query,tuples,960000,1.00698e-05 6.14621
query,tuples,970000,1.02958e-05 6.20453
query,tuples,980000,1.03078e-05 6.26302
query,tuples,990000,1.0017e-05 6.31989
query,tuples,1000000,1.00788e-05 6.37707
query,tuples,1010000,1.02438e-05 6.4352
query,tuples,1020000,1.01686e-05 6.49286
query,tuples,1030000,1.0398e-05 6.55168
query,tuples,1040000,1.02858e-05 6.60989
query,tuples,1050000,1.03112e-05 6.66839
query,tuples,1060000,1.0128e-05 6.72584
query,tuples,1070000,1.02384e-05 6.78384
query,tuples,1080000,1.02886e-05 6.84211
query,tuples,1090000,1.02366e-05 6.90027
query,tuples,1100000,1.03484e-05 6.95896
query,tuples,1110000,1.00664e-05 7.01603
query,tuples,1120000,1.0173e-05 7.07373
query,tuples,1130000,1.00844e-05 7.13104
query,tuples,1140000,1.01442e-05 7.18855
query,tuples,1150000,4.0397e-05 7.39738
query,tuples,1160000,1.03948e-05 7.45623
query,tuples,1170000,1.0292e-05 7.51454
query,tuples,1180000,1.02828e-05 7.57272
query,tuples,1190000,1.02284e-05 7.63071
query,tuples,1200000,1.02386e-05 7.6888
query,tuples,1210000,1.05426e-05 7.74842
query,tuples,1220000,1.04612e-05 7.80756
query,tuples,1230000,1.02942e-05 7.86585
query,tuples,1240000,1.05406e-05 7.92548
query,tuples,1250000,1.04034e-05 7.98435
query,tuples,1260000,1.03024e-05 8.04277
query,tuples,1270000,1.00794e-05 8.09997
query,tuples,1280000,1.03062e-05 8.15833
query,tuples,1290000,1.02376e-05 8.21632
query,tuples,1300000,1.022e-05 8.27426
query,tuples,1310000,1.03074e-05 8.33267
query,tuples,1320000,1.03016e-05 8.39095
query,tuples,1330000,1.03266e-05 8.44944
query,tuples,1340000,1.03726e-05 8.50823
query,tuples,1350000,1.01126e-05 8.5656
query,tuples,1360000,1.04246e-05 8.62464
query,tuples,1370000,1.0274e-05 8.68288
query,tuples,1380000,1.0004e-05 8.73971
query,tuples,1390000,1.01678e-05 8.79738
query,tuples,1400000,1.00898e-05 8.85465
query,tuples,1410000,1.01808e-05 8.9124
query,tuples,1420000,1.02248e-05 8.97033
query,tuples,1430000,1.02016e-05 9.02824
query,tuples,1440000,1.03234e-05 9.08673
query,tuples,1450000,1.03338e-05 9.14525
query,tuples,1460000,1.02382e-05 9.20329
query,tuples,1470000,1.03036e-05 9.26161
query,tuples,1480000,1.02044e-05 9.3194
query,tuples,1490000,1.0231e-05 9.37743
query,tuples,1500000,1.03122e-05 9.436
query,tuples,1510000,1.02218e-05 9.49387
query,tuples,1520000,1.04964e-05 9.55324
query,tuples,1530000,1.04578e-05 9.61246
query,tuples,1540000,1.038e-05 9.6712
query,tuples,1550000,1.029e-05 9.72941
query,tuples,1560000,1.02944e-05 9.78766
query,tuples,1570000,1.01724e-05 9.8454
query,tuples,1580000,1.02286e-05 9.90341
query,tuples,1590000,1.0253e-05 9.96148
query,tuples,1600000,1.02644e-05 10.0197
query,tuples,1610000,1.01294e-05 10.0772
query,tuples,1620000,1.0271e-05 10.1353
query,tuples,1630000,1.02496e-05 10.1934
query,tuples,1640000,1.03632e-05 10.252
query,tuples,1650000,1.02046e-05 10.3098
query,tuples,1660000,1.02518e-05 10.3679
query,tuples,1670000,1.0286e-05 10.4261
query,tuples,1680000,1.02404e-05 10.4842
query,tuples,1690000,1.01636e-05 10.5418
query,tuples,1700000,1.0247e-05 10.5999
query,tuples,1710000,1.0234e-05 10.658
query,tuples,1720000,1.02118e-05 10.7159
query,tuples,1730000,1.02166e-05 10.7738
query,tuples,1740000,1.02642e-05 10.832
query,tuples,1750000,1.0093e-05 10.8892
query,tuples,1760000,1.02406e-05 10.9472
query,tuples,1770000,1.02246e-05 11.0052
query,tuples,1780000,1.03022e-05 11.0634
query,tuples,1790000,1.01832e-05 11.1211
query,tuples,1800000,1.02338e-05 11.1791
query,tuples,1810000,1.03248e-05 11.2376
query,tuples,1820000,1.03208e-05 11.2961
query,tuples,1830000,1.02898e-05 11.3543
query,tuples,1840000,1.03396e-05 11.4128
query,tuples,1850000,1.02904e-05 11.4711
query,tuples,1860000,1.02372e-05 11.5291
query,tuples,1870000,1.03282e-05 11.5876
query,tuples,1880000,1.04058e-05 11.6465
query,tuples,1890000,1.03166e-05 11.7049
query,tuples,1900000,1.02962e-05 11.7633
query,tuples,1910000,1.02598e-05 11.8214
query,tuples,1920000,1.02836e-05 11.8796
query,tuples,1930000,1.03246e-05 11.938
query,tuples,1940000,1.02776e-05 11.9962
query,tuples,1950000,1.0163e-05 12.0538
query,tuples,1960000,1.04002e-05 12.1127
query,tuples,1970000,1.01578e-05 12.1703
query,tuples,1980000,1.03062e-05 12.2286
query,tuples,1990000,1.00782e-05 12.2858
query,tuples,2000000,1.02744e-05 12.344
query,tuples,2010000,1.01956e-05 12.4017
query,tuples,2020000,1.0277e-05 12.4599
query,tuples,2030000,1.02678e-05 12.5181
query,tuples,2040000,1.02936e-05 12.5764
query,tuples,2050000,1.0367e-05 12.6352
query,tuples,2060000,1.0188e-05 12.6929
query,tuples,2070000,1.02684e-05 12.751
query,tuples,2080000,1.03518e-05 12.8096
query,tuples,2090000,1.02392e-05 12.8676
query,tuples,2100000,1.039e-05 12.9264
query,tuples,2110000,1.04096e-05 12.9854
query,tuples,2120000,1.02634e-05 13.0436
query,tuples,2130000,1.02464e-05 13.1016
query,tuples,2140000,1.03284e-05 13.1601
query,tuples,2150000,1.02064e-05 13.2179
query,tuples,2160000,9.992e-06 13.2747
query,tuples,2170000,1.03368e-05 13.3332
query,tuples,2180000,1.02148e-05 13.391
query,tuples,2190000,1.02014e-05 13.449
query,tuples,2200000,1.0222e-05 13.507
query,tuples,2210000,1.02728e-05 13.5652
query,tuples,2220000,1.02912e-05 13.6236
query,tuples,2230000,1.02506e-05 13.6816
query,tuples,2240000,1.0358e-05 13.7402
query,tuples,2250000,1.02524e-05 13.7984
query,tuples,2260000,1.02438e-05 13.8564
query,tuples,2270000,1.04672e-05 13.9157
query,tuples,2280000,1.03422e-05 13.9741
query,tuples,2290000,1.0217e-05 14.032
query,tuples,2300000,1.04782e-05 14.0913
query,tuples,2310000,1.01502e-05 14.1489
query,tuples,2320000,1.03592e-05 14.2075
query,tuples,2330000,1.03352e-05 14.266
query,tuples,2340000,1.02786e-05 14.3242
query,tuples,2350000,1.02318e-05 14.3821
query,tuples,2360000,1.03772e-05 14.4408
query,tuples,2370000,1.02136e-05 14.4987
query,tuples,2380000,1.01874e-05 14.5565
query,tuples,2390000,1.02104e-05 14.6143
query,tuples,2400000,1.04174e-05 14.6733
query,tuples,2410000,1.03262e-05 14.7318
query,tuples,2420000,1.0245e-05 14.7898
query,tuples,2430000,1.02038e-05 14.8476
query,tuples,2440000,1.03242e-05 14.906
query,tuples,2450000,1.01546e-05 14.9635
query,tuples,2460000,1.03998e-05 15.0224
query,tuples,2470000,1.01414e-05 15.0799
query,tuples,2480000,1.02668e-05 15.1381
query,tuples,2490000,1.01198e-05 15.1955
query,tuples,2500000,1.00588e-05 15.2525
query,tuples,2510000,1.03366e-05 15.311
query,tuples,2520000,1.02482e-05 15.369
query,tuples,2530000,1.04588e-05 15.4281
query,tuples,2540000,1.02148e-05 15.486
query,tuples,2550000,1.02258e-05 15.544
query,tuples,2560000,1.01338e-05 15.6015
query,tuples,2570000,1.02924e-05 15.6597
query,tuples,2580000,1.03128e-05 15.7181
query,tuples,2590000,1.03372e-05 15.7766
query,tuples,2600000,1.01122e-05 15.8339
query,tuples,2610000,1.03692e-05 15.8926
query,tuples,2620000,1.01726e-05 15.9503
query,tuples,2630000,1.02094e-05 16.0081
query,tuples,2640000,1.02152e-05 16.0661
query,tuples,2650000,1.02488e-05 16.1241
query,tuples,2660000,1.00502e-05 16.1812
query,tuples,2670000,1.0248e-05 16.2392
query,tuples,2680000,1.02314e-05 16.2972
query,tuples,2690000,1.02594e-05 16.3553
query,tuples,2700000,9.9944e-06 16.4121
query,tuples,2710000,1.00098e-05 16.469
query,tuples,2720000,1.01488e-05 16.5265
query,tuples,2730000,1.00666e-05 16.5836
query,tuples,2740000,1.0227e-05 16.6416
query,tuples,2750000,1.02454e-05 16.6996
query,tuples,2760000,0.000128162 17.3472
query,tuples,2770000,1.03166e-05 17.4057
query,tuples,2780000,1.02994e-05 17.4641
query,tuples,2790000,1.02782e-05 17.5223
query,tuples,2800000,1.03456e-05 17.5809
query,tuples,2810000,1.0293e-05 17.6392
query,tuples,2820000,1.03064e-05 17.6975
query,tuples,2830000,1.04282e-05 17.7566
query,tuples,2840000,1.05044e-05 17.816
query,tuples,2850000,1.0432e-05 17.8751
query,tuples,2860000,1.0482e-05 17.9343
query,tuples,2870000,1.05404e-05 17.9939
query,tuples,2880000,1.03884e-05 18.0527
query,tuples,2890000,1.03766e-05 18.1115
query,tuples,2900000,1.05068e-05 18.1709
query,tuples,2910000,1.05936e-05 18.2308
query,tuples,2920000,1.03914e-05 18.2895
query,tuples,2930000,1.04588e-05 18.3486
query,tuples,2940000,1.01564e-05 18.4062
query,tuples,2950000,1.03648e-05 18.4649
query,tuples,2960000,1.02478e-05 18.5229
query,tuples,2970000,1.04628e-05 18.582
query,tuples,2980000,1.03556e-05 18.6407
query,tuples,2990000,1.0246e-05 18.6987
query,tuples,3000000,1.01814e-05 18.7564
query,tuples,3010000,1.02608e-05 18.8145
query,tuples,3020000,1.03822e-05 18.8732
query,tuples,3030000,1.03564e-05 18.9318
query,tuples,3040000,1.03692e-05 18.9906
query,tuples,3050000,1.03984e-05 19.0494
query,tuples,3060000,1.02736e-05 19.1075
query,tuples,3070000,1.02854e-05 19.1657
query,tuples,3080000,1.03442e-05 19.2243
query,tuples,3090000,1.01494e-05 19.2818
query,tuples,3100000,1.03216e-05 19.3402
query,tuples,3110000,1.03688e-05 19.3989
query,tuples,3120000,9.9336e-06 19.4553
query,tuples,3130000,1.03734e-05 19.514
query,tuples,3140000,1.0238e-05 19.572
query,tuples,3150000,1.03314e-05 19.6304
query,tuples,3160000,1.02192e-05 19.6883
query,tuples,3170000,1.02134e-05 19.7461
query,tuples,3180000,1.0422e-05 19.8051
query,tuples,3190000,1.04026e-05 19.8641
query,tuples,3200000,1.03014e-05 19.9225
query,tuples,3210000,1.03498e-05 19.9812
query,tuples,3220000,1.0137e-05 20.0387
query,tuples,3230000,1.00024e-05 20.0955
query,tuples,3240000,1.01786e-05 20.1532
query,tuples,3250000,1.02072e-05 20.211
query,tuples,3260000,1.03646e-05 20.2697
query,tuples,3270000,1.00804e-05 20.3269
query,tuples,3280000,1.01918e-05 20.3846
query,tuples,3290000,1.02982e-05 20.4429
query,tuples,3300000,1.02538e-05 20.5009
query,tuples,3310000,1.03976e-05 20.5597
query,tuples,3320000,1.0086e-05 20.6169
query,tuples,3330000,1.0366e-05 20.6755
query,tuples,3340000,1.02726e-05 20.7336
query,tuples,3350000,1.03316e-05 20.7921
query,tuples,3360000,9.7146e-06 20.8473
query,tuples,3370000,7.3964e-06 20.8903
query,tuples,3380000,7.4144e-06 20.9334
query,tuples,3390000,7.4284e-06 20.9766
query,tuples,3400000,7.4094e-06 21.0197
query,tuples,3410000,7.3976e-06 21.0627
query,tuples,3420000,7.3888e-06 21.1057
query,tuples,3430000,7.401e-06 21.1488
query,tuples,3440000,7.3904e-06 21.1918
query,tuples,3450000,7.4032e-06 21.2349
query,tuples,3460000,7.3992e-06 21.2779
query,tuples,3470000,7.4132e-06 21.3211
query,tuples,3480000,7.4024e-06 21.3641
query,tuples,3490000,7.4278e-06 21.4073
query,tuples,3500000,7.4032e-06 21.4503
query,tuples,3510000,7.409e-06 21.4934
query,tuples,3520000,7.4166e-06 21.5364
query,tuples,3530000,7.416e-06 21.5795
query,tuples,3540000,7.4152e-06 21.6226
query,tuples,3550000,7.4288e-06 21.6658
query,tuples,3560000,7.4114e-06 21.7089
query,tuples,3570000,7.4008e-06 21.752
query,tuples,3580000,7.4022e-06 21.795
query,tuples,3590000,7.4274e-06 21.8381
query,tuples,3600000,7.4202e-06 21.8812
query,tuples,3610000,7.4366e-06 21.9244
query,tuples,3620000,7.4038e-06 21.9674
query,tuples,3630000,7.3976e-06 22.0105
query,tuples,3640000,7.4126e-06 22.0535
query,tuples,3650000,7.4006e-06 22.0966
query,tuples,3660000,7.4188e-06 22.1397
query,tuples,3670000,7.3992e-06 22.1828
query,tuples,3680000,7.3972e-06 22.2259
query,tuples,3690000,7.3886e-06 22.2689
query,tuples,3700000,7.4032e-06 22.312
query,tuples,3710000,7.4112e-06 22.3551
query,tuples,3720000,7.4112e-06 22.4074
query,tuples,3730000,7.4248e-06 22.4505
query,tuples,3740000,7.4224e-06 22.4937
query,tuples,3750000,7.4172e-06 22.5368
query,tuples,3760000,7.42e-06 22.5799
query,tuples,3770000,7.4354e-06 22.6231
query,tuples,3780000,7.4248e-06 22.6663
query,tuples,3790000,7.423e-06 22.7095
query,tuples,3800000,7.4174e-06 22.7526
query,tuples,3810000,7.4118e-06 22.7957
query,tuples,3820000,7.425e-06 22.8388
query,tuples,3830000,7.4132e-06 22.8819
query,tuples,3840000,7.424e-06 22.925
query,tuples,3850000,7.419e-06 22.9683
query,tuples,3860000,7.415e-06 23.0114
query,tuples,3870000,7.4196e-06 23.0545
query,tuples,3880000,7.41e-06 23.0976
query,tuples,3890000,7.416e-06 23.1407
query,tuples,3900000,7.4138e-06 23.1838
query,tuples,3910000,7.4346e-06 23.227
query,tuples,3920000,7.413e-06 23.2701
query,tuples,3930000,7.3898e-06 23.3131
query,tuples,3940000,7.4094e-06 23.3563
query,tuples,3950000,7.4258e-06 23.3995
query,tuples,3960000,7.439e-06 23.4427
query,tuples,3970000,7.4094e-06 23.4858
query,tuples,3980000,7.4232e-06 23.5289
query,tuples,3990000,7.4098e-06 23.572
query,tuples,4000000,7.3958e-06 23.6151
query,tuples,4010000,7.432e-06 23.6583
query,tuples,4020000,7.3948e-06 23.7014
query,tuples,4030000,7.4302e-06 23.7446
query,tuples,4040000,7.4198e-06 23.7877
query,tuples,4050000,7.4246e-06 23.8308
query,tuples,4060000,7.441e-06 23.874
query,tuples,4070000,7.425e-06 23.9171
query,tuples,4080000,7.4414e-06 23.9603
query,tuples,4090000,7.4028e-06 24.0034
query,tuples,4100000,7.4132e-06 24.0465
query,tuples,4110000,7.4186e-06 24.0896
query,tuples,4120000,7.4264e-06 24.1327
query,tuples,4130000,7.4222e-06 24.1758
query,tuples,4140000,7.4188e-06 24.2189
query,tuples,4150000,7.4498e-06 24.2621
query,tuples,4160000,7.4312e-06 24.3053
query,tuples,4170000,7.4092e-06 24.3485
query,tuples,4180000,7.4136e-06 24.3916
query,tuples,4190000,7.4162e-06 24.4347
query,tuples,4200000,7.4024e-06 24.4777
query,tuples,4210000,7.4152e-06 24.5208
query,tuples,4220000,7.407e-06 24.5639
query,tuples,4230000,7.4122e-06 24.607
query,tuples,4240000,7.4268e-06 24.6502
query,tuples,4250000,7.4056e-06 24.6933
query,tuples,4260000,7.4238e-06 24.7364
query,tuples,4270000,7.4054e-06 24.7795
query,tuples,4280000,7.414e-06 24.8227
query,tuples,4290000,7.4032e-06 24.8657
query,tuples,4300000,7.4066e-06 24.9088
query,tuples,4310000,7.4168e-06 24.952
query,tuples,4320000,7.4296e-06 24.9952
query,tuples,4330000,7.4116e-06 25.0383
query,tuples,4340000,7.4158e-06 25.0814
query,tuples,4350000,7.4158e-06 25.1245
query,tuples,4360000,7.4048e-06 25.1676
query,tuples,4370000,7.4122e-06 25.2106
query,tuples,4380000,7.4178e-06 25.2538
query,tuples,4390000,7.4186e-06 25.2969
query,tuples,4400000,7.4234e-06 25.3401
query,tuples,4410000,7.4046e-06 25.3831
query,tuples,4420000,7.441e-06 25.4264
query,tuples,4430000,7.41e-06 25.4695
query,tuples,4440000,7.4096e-06 25.5126
query,tuples,4450000,7.4378e-06 25.5558
query,tuples,4460000,7.4226e-06 25.599
query,tuples,4470000,7.4304e-06 25.6421
query,tuples,4480000,7.422e-06 25.6853
query,tuples,4490000,7.4372e-06 25.7284
query,tuples,4500000,7.408e-06 25.7716
query,tuples,4510000,7.4212e-06 25.8147
query,tuples,4520000,7.431e-06 25.8579
query,tuples,4530000,7.4258e-06 25.9011
query,tuples,4540000,7.4246e-06 25.9443
query,tuples,4550000,7.417e-06 25.9874
query,tuples,4560000,7.433e-06 26.0306
query,tuples,4570000,7.413e-06 26.0737
query,tuples,4580000,7.4076e-06 26.1168
query,tuples,4590000,7.4266e-06 26.16
query,tuples,4600000,7.4234e-06 26.2031
query,tuples,4610000,7.4212e-06 26.2463
query,tuples,4620000,7.4214e-06 26.2895
query,tuples,4630000,7.4298e-06 26.3327
query,tuples,4640000,7.4352e-06 26.3759
query,tuples,4650000,7.4196e-06 26.419
query,tuples,4660000,7.4208e-06 26.4622
query,tuples,4670000,7.4214e-06 26.5053
query,tuples,4680000,7.432e-06 26.5485
query,tuples,4690000,7.4174e-06 26.5917
query,tuples,4700000,7.4338e-06 26.6349
query,tuples,4710000,7.408e-06 26.6781
query,tuples,4720000,7.43e-06 26.7212
query,tuples,4730000,7.4182e-06 26.7643
query,tuples,4740000,7.4174e-06 26.8075
query,tuples,4750000,7.421e-06 26.8507
query,tuples,4760000,7.4422e-06 26.8939
query,tuples,4770000,7.4358e-06 26.9371
query,tuples,4780000,7.4458e-06 26.9804
query,tuples,4790000,7.446e-06 27.0237
query,tuples,4800000,7.4084e-06 27.0668
query,tuples,4810000,7.4278e-06 27.1099
query,tuples,4820000,7.4196e-06 27.1531
query,tuples,4830000,7.4182e-06 27.1963
query,tuples,4840000,7.425e-06 27.2395
query,tuples,4850000,7.4068e-06 27.2826
query,tuples,4860000,7.427e-06 27.3258
query,tuples,4870000,7.4206e-06 27.3689
query,tuples,4880000,7.4264e-06 27.4121
query,tuples,4890000,7.4278e-06 27.4553
query,tuples,4900000,7.4112e-06 27.4985
query,tuples,4910000,7.4294e-06 27.5417
query,tuples,4920000,7.4204e-06 27.5848
query,tuples,4930000,7.4218e-06 27.628
query,tuples,4940000,7.409e-06 27.6711
query,tuples,4950000,7.3976e-06 27.7142
query,tuples,4960000,7.425e-06 27.7574
query,tuples,4970000,7.4242e-06 27.8007
query,tuples,4980000,7.4254e-06 27.8439
query,tuples,4990000,7.4244e-06 27.887
query,tuples,5000000,7.4162e-06 27.9302
query,tuples,5010000,7.4816e-06 27.9737
query,tuples,5020000,7.4218e-06 28.0168
query,tuples,5030000,7.4148e-06 28.06
query,tuples,5040000,7.4106e-06 28.1031
query,tuples,5050000,7.4304e-06 28.1463
query,tuples,5060000,7.4046e-06 28.1894
query,tuples,5070000,7.421e-06 28.2326
query,tuples,5080000,7.4114e-06 28.2757
query,tuples,5090000,7.4238e-06 28.3188
query,tuples,5100000,7.4248e-06 28.362
query,tuples,5110000,7.418e-06 28.4052
query,tuples,5120000,7.4116e-06 28.4484
query,tuples,5130000,7.4178e-06 28.4915
query,tuples,5140000,7.433e-06 28.5347
query,tuples,5150000,7.426e-06 28.5779
query,tuples,5160000,7.4516e-06 28.6212
query,tuples,5170000,7.4264e-06 28.6643
query,tuples,5180000,7.4212e-06 28.7074
query,tuples,5190000,7.4354e-06 28.7506
query,tuples,5200000,7.421e-06 28.7937
query,tuples,5210000,7.4424e-06 28.8369
query,tuples,5220000,7.4252e-06 28.8801
query,tuples,5230000,7.4302e-06 28.9232
query,tuples,5240000,7.4034e-06 28.9663
query,tuples,5250000,7.4406e-06 29.0096
query,tuples,5260000,7.4248e-06 29.0528
query,tuples,5270000,7.4202e-06 29.096
query,tuples,5280000,7.433e-06 29.1392
query,tuples,5290000,7.4228e-06 29.1824
query,tuples,5300000,7.427e-06 29.2255
query,tuples,5310000,7.4228e-06 29.2687
query,tuples,5320000,7.408e-06 29.3118
query,tuples,5330000,7.4308e-06 29.355
query,tuples,5340000,7.4126e-06 29.3982
query,tuples,5350000,7.423e-06 29.4413
query,tuples,5360000,7.422e-06 29.4844
query,tuples,5370000,7.426e-06 29.5276
query,tuples,5380000,7.422e-06 29.5708
query,tuples,5390000,7.4342e-06 29.6139
query,tuples,5400000,7.439e-06 29.6572
query,tuples,5410000,7.4132e-06 29.7003
query,tuples,5420000,7.4342e-06 29.7436
query,tuples,5430000,7.4226e-06 29.7867
query,tuples,5440000,7.4366e-06 29.8299
query,tuples,5450000,7.4182e-06 29.873
query,tuples,5460000,7.4208e-06 29.9161
query,tuples,5470000,7.428e-06 29.9593
query,tuples,5480000,7.425e-06 30.0025
query,tuples,5490000,7.4218e-06 30.0457
query,tuples,5500000,7.4448e-06 30.089
query,tuples,5510000,7.4576e-06 30.1323
query,tuples,5520000,7.4442e-06 30.1755
query,tuples,5530000,7.441e-06 30.2187
query,tuples,5540000,7.4384e-06 30.262
query,tuples,5550000,7.442e-06 30.3052
query,tuples,5560000,7.4286e-06 30.3484
query,tuples,5570000,7.4244e-06 30.3916
query,tuples,5580000,7.4344e-06 30.4347
query,tuples,5590000,7.4272e-06 30.4779
query,tuples,5600000,7.4214e-06 30.521
query,tuples,5610000,7.4222e-06 30.5642
query,tuples,5620000,7.416e-06 30.6073
query,tuples,5630000,7.432e-06 30.6505
query,tuples,5640000,7.4132e-06 30.6936
query,tuples,5650000,7.4308e-06 30.7369
query,tuples,5660000,7.4302e-06 30.78
query,tuples,5670000,7.4408e-06 30.8232
query,tuples,5680000,7.416e-06 30.8664
query,tuples,5690000,7.4274e-06 30.9095
query,tuples,5700000,7.4354e-06 30.9528
query,tuples,5710000,7.464e-06 30.9961
query,tuples,5720000,7.4386e-06 31.0394
query,tuples,5730000,7.4258e-06 31.0825
query,tuples,5740000,7.4196e-06 31.1258
query,tuples,5750000,7.4404e-06 31.169
query,tuples,5760000,7.428e-06 31.2121
query,tuples,5770000,7.4342e-06 31.2553
query,tuples,5780000,7.4182e-06 31.2984
query,tuples,5790000,7.4306e-06 31.3417
query,tuples,5800000,7.426e-06 31.3849
query,tuples,5810000,7.4196e-06 31.4282
query,tuples,5820000,7.4354e-06 31.4713
query,tuples,5830000,7.4222e-06 31.5145
query,tuples,5840000,7.4456e-06 31.5578
query,tuples,5850000,7.4142e-06 31.6009
query,tuples,5860000,7.451e-06 31.6443
query,tuples,5870000,7.4212e-06 31.6874
query,tuples,5880000,7.442e-06 31.7306
query,tuples,5890000,7.4318e-06 31.7738
query,tuples,5900000,7.4448e-06 31.8171
query,tuples,5910000,7.4376e-06 31.8603
query,tuples,5920000,7.4502e-06 31.9036
query,tuples,5930000,7.4338e-06 31.9468
query,tuples,5940000,7.4236e-06 31.9901
query,tuples,5950000,7.4434e-06 32.0333
query,tuples,5960000,7.4222e-06 32.0765
query,tuples,5970000,7.4374e-06 32.1198
query,tuples,5980000,7.4528e-06 32.1631
query,tuples,5990000,7.4528e-06 32.2064
query,tuples,6000000,7.4536e-06 32.2497
query,tuples,6010000,7.4306e-06 32.293
query,tuples,6020000,7.4952e-06 32.3365
query,tuples,6030000,7.437e-06 32.3797
query,tuples,6040000,7.4608e-06 32.423
query,tuples,6050000,7.422e-06 32.4662
query,tuples,6060000,7.4254e-06 32.5094
query,tuples,6070000,7.4766e-06 32.5529
query,tuples,6080000,7.4432e-06 32.5962
query,tuples,6090000,7.45e-06 32.6396
query,tuples,6100000,7.4352e-06 32.6828
query,tuples,6110000,7.4664e-06 32.7261
query,tuples,6120000,7.5094e-06 32.7697
query,tuples,6130000,7.4994e-06 32.8133
query,tuples,6140000,7.4904e-06 32.8568
query,tuples,6150000,7.4464e-06 32.9001
query,tuples,6160000,7.458e-06 32.9434
query,tuples,6170000,7.4626e-06 32.9868
query,tuples,6180000,7.4712e-06 33.0302
query,tuples,6190000,7.4272e-06 33.0734
query,tuples,6200000,7.4202e-06 33.1166
query,tuples,6210000,7.452e-06 33.16
query,tuples,6220000,7.4342e-06 33.2032
query,tuples,6230000,7.444e-06 33.2465
query,tuples,6240000,7.4442e-06 33.2898
query,tuples,6250000,7.4562e-06 33.333
query,tuples,6260000,7.4576e-06 33.3764
query,tuples,6270000,7.4966e-06 33.42
query,tuples,6280000,7.4388e-06 33.4632
query,tuples,6290000,7.4834e-06 33.5068
query,tuples,6300000,7.4492e-06 33.5501
query,tuples,6310000,7.428e-06 33.5933
query,tuples,6320000,7.4516e-06 33.6366
query,tuples,6330000,7.4598e-06 33.68
query,tuples,6340000,7.4678e-06 33.7234
query,tuples,6350000,7.4272e-06 33.7666
query,tuples,6360000,7.4324e-06 33.8098
query,tuples,6370000,7.448e-06 33.8531
query,tuples,6380000,7.4418e-06 33.8964
query,tuples,6390000,7.4428e-06 33.9396
query,tuples,6400000,7.4482e-06 33.9829
query,tuples,6410000,7.4576e-06 34.0262
query,tuples,6420000,7.441e-06 34.0695
query,tuples,6430000,7.4262e-06 34.1127
query,tuples,6440000,7.4756e-06 34.1561
query,tuples,6450000,7.4468e-06 34.1994
query,tuples,6460000,7.4488e-06 34.2427
query,tuples,6470000,7.4502e-06 34.286
query,tuples,6480000,7.4534e-06 34.3293
query,tuples,6490000,7.4286e-06 34.3725
query,tuples,6500000,7.4426e-06 34.4158
query,tuples,6510000,7.4496e-06 34.459
query,tuples,6520000,7.4446e-06 34.5023
query,tuples,6530000,7.4266e-06 34.5455
query,tuples,6540000,7.4492e-06 34.5888
query,tuples,6550000,7.4536e-06 34.6322
query,tuples,6560000,7.4358e-06 34.6754
query,tuples,6570000,7.4582e-06 34.7188
query,tuples,6580000,7.4428e-06 34.7621
query,tuples,6590000,7.4346e-06 34.8053
query,tuples,6600000,7.4446e-06 34.8486
query,tuples,6610000,7.4564e-06 34.8919
query,tuples,6620000,7.445e-06 34.9352
query,tuples,6630000,7.4434e-06 34.9785
query,tuples,6640000,7.4684e-06 35.0219
query,tuples,6650000,7.4562e-06 35.0652
query,tuples,6660000,7.44e-06 35.1084
query,tuples,6670000,7.4324e-06 35.1516
query,tuples,6680000,7.4456e-06 35.1949
query,tuples,6690000,7.453e-06 35.2382
query,tuples,6700000,7.4822e-06 35.2816
query,tuples,6710000,7.4434e-06 35.3249
query,tuples,6720000,7.4344e-06 35.3682
query,tuples,6730000,7.4514e-06 35.4114
query,tuples,6740000,7.4618e-06 35.4548
query,tuples,6750000,7.4392e-06 35.498
query,tuples,6760000,7.4564e-06 35.5413
query,tuples,6770000,7.486e-06 35.5848
query,tuples,6780000,7.5144e-06 35.6284
query,tuples,6790000,7.4386e-06 35.6716
query,tuples,6800000,7.4584e-06 35.7149
query,tuples,6810000,7.4358e-06 35.7582
query,tuples,6820000,7.4748e-06 35.8017
query,tuples,6830000,7.5156e-06 35.8452
query,tuples,6840000,7.4428e-06 35.8885
query,tuples,6850000,7.4616e-06 35.9319
query,tuples,6860000,7.4396e-06 35.9752
query,tuples,6870000,7.4568e-06 36.0185
query,tuples,6880000,7.4952e-06 36.062
query,tuples,6890000,7.4474e-06 36.1053
query,tuples,6900000,7.4542e-06 36.1486
query,tuples,6910000,7.4318e-06 36.1919
query,tuples,6920000,7.4476e-06 36.2352
query,tuples,6930000,7.4488e-06 36.2785
query,tuples,6940000,7.5096e-06 36.322
query,tuples,6950000,7.4618e-06 36.3653
query,tuples,6960000,7.5168e-06 36.4089
query,tuples,6970000,7.4694e-06 36.4523
query,tuples,6980000,7.4506e-06 36.4957
query,tuples,6990000,7.4578e-06 36.539
query,tuples,7000000,7.4802e-06 36.5824
query,tuples,7010000,7.4934e-06 36.6259
query,tuples,7020000,7.5188e-06 36.6696
query,tuples,7030000,7.4518e-06 36.7129
query,tuples,7040000,7.4558e-06 36.7562
query,tuples,7050000,7.4426e-06 36.7996
query,tuples,7060000,7.4694e-06 36.8429
query,tuples,7070000,7.4542e-06 36.8862
query,tuples,7080000,7.4552e-06 36.9295
query,tuples,7090000,7.4488e-06 36.9728
query,tuples,7100000,7.4728e-06 37.0162
query,tuples,7110000,7.454e-06 37.0595
query,tuples,7120000,7.4316e-06 37.1028
query,tuples,7130000,7.457e-06 37.1462
query,tuples,7140000,7.4492e-06 37.1894
query,tuples,7150000,7.4666e-06 37.2328
query,tuples,7160000,7.4356e-06 37.276
query,tuples,7170000,7.431e-06 37.3193
query,tuples,7180000,7.4758e-06 37.3627
query,tuples,7190000,7.46e-06 37.406
query,tuples,7200000,7.493e-06 37.4496
query,tuples,7210000,7.4466e-06 37.4928
query,tuples,7220000,7.4526e-06 37.5362
query,tuples,7230000,7.4472e-06 37.5794
query,tuples,7240000,7.4534e-06 37.6227
query,tuples,7250000,7.429e-06 37.6659
query,tuples,7260000,7.4348e-06 37.7091
query,tuples,7270000,7.4484e-06 37.7524
query,tuples,7280000,7.4488e-06 37.7957
query,tuples,7290000,7.4504e-06 37.839
query,tuples,7300000,7.4488e-06 37.8823
query,tuples,7310000,7.4664e-06 37.9257
query,tuples,7320000,7.444e-06 37.969
query,tuples,7330000,7.4258e-06 38.0122
query,tuples,7340000,7.4416e-06 38.0555
query,tuples,7350000,7.4356e-06 38.0988
query,tuples,7360000,7.497e-06 38.1423
query,tuples,7370000,7.461e-06 38.1857
query,tuples,7380000,7.4356e-06 38.229
query,tuples,7390000,7.4198e-06 38.2722
query,tuples,7400000,7.442e-06 38.3154
query,tuples,7410000,7.442e-06 38.3587
query,tuples,7420000,7.442e-06 38.402
query,tuples,7430000,7.4572e-06 38.4453
query,tuples,7440000,7.4336e-06 38.4885
query,tuples,7450000,7.464e-06 38.5318
query,tuples,7460000,7.4574e-06 38.5752
query,tuples,7470000,7.4342e-06 38.6184
query,tuples,7480000,7.4642e-06 38.6616
query,tuples,7490000,7.4308e-06 38.7049
query,tuples,7500000,7.4524e-06 38.7481
query,tuples,7510000,7.4406e-06 38.7914
query,tuples,7520000,7.4396e-06 38.8347
query,tuples,7530000,7.4478e-06 38.8779
query,tuples,7540000,7.439e-06 38.9212
query,tuples,7550000,7.4322e-06 38.9644
query,tuples,7560000,7.4612e-06 39.0078
query,tuples,7570000,7.4466e-06 39.0511
query,tuples,7580000,7.434e-06 39.0943
query,tuples,7590000,7.4448e-06 39.1376
query,tuples,7600000,7.4434e-06 39.1809
query,tuples,7610000,7.461e-06 39.2243
query,tuples,7620000,7.4548e-06 39.2677
query,tuples,7630000,7.4534e-06 39.311
query,tuples,7640000,7.458e-06 39.3543
query,tuples,7650000,7.4842e-06 39.3977
query,tuples,7660000,7.446e-06 39.441
query,tuples,7670000,7.4338e-06 39.4842
query,tuples,7680000,7.4648e-06 39.5275
query,tuples,7690000,7.438e-06 39.5707
query,tuples,7700000,7.435e-06 39.614
query,tuples,7710000,7.4436e-06 39.6573
query,tuples,7720000,7.433e-06 39.7004
query,tuples,7730000,7.427e-06 39.7437
query,tuples,7740000,7.433e-06 39.7869
query,tuples,7750000,7.4344e-06 39.8302
query,tuples,7760000,7.4422e-06 39.8735
query,tuples,7770000,7.4256e-06 39.9166
query,tuples,7780000,7.4994e-06 39.9601
query,tuples,7790000,7.4432e-06 40.0034
query,tuples,7800000,7.458e-06 40.0467
query,tuples,7810000,7.439e-06 40.0899
query,tuples,7820000,7.4408e-06 40.1332
query,tuples,7830000,7.4348e-06 40.1765
query,tuples,7840000,7.4456e-06 40.2198
query,tuples,7850000,7.442e-06 40.263
query,tuples,7860000,7.4464e-06 40.3063
query,tuples,7861240,7.47097e-06 40.3119
