query,tuples,10000,9.032e-06 0.052959
query,tuples,20000,9.4852e-06 0.109082
query,tuples,30000,9.8896e-06 0.167195
query,tuples,40000,1.02048e-05 0.22686
query,tuples,50000,1.0351e-05 0.28715
query,tuples,60000,1.0977e-05 0.350626
query,tuples,70000,1.10748e-05 0.414726
query,tuples,80000,1.12524e-05 0.479565
query,tuples,90000,1.10604e-05 0.54342
query,tuples,100000,1.13796e-05 0.609002
query,tuples,110000,1.11816e-05 0.673608
query,tuples,120000,1.12224e-05 0.73833
query,tuples,130000,1.12104e-05 0.80303
query,tuples,140000,1.1333e-05 0.868416
query,tuples,150000,1.11802e-05 0.933001
query,tuples,160000,1.11968e-05 0.997571
query,tuples,170000,1.12408e-05 1.06245
query,tuples,180000,1.12688e-05 1.12737
query,tuples,190000,1.10052e-05 1.19093
query,tuples,200000,1.11672e-05 1.25539
query,tuples,210000,1.13162e-05 1.32058
query,tuples,220000,1.12328e-05 1.3854
query,tuples,230000,1.12434e-05 1.4502
query,tuples,240000,1.12832e-05 1.51545
query,tuples,250000,1.11264e-05 1.57965
query,tuples,260000,1.12792e-05 1.64485
query,tuples,270000,1.10412e-05 1.70864
query,tuples,280000,1.06104e-05 1.77037
query,tuples,290000,1.0692e-05 1.83248
query,tuples,300000,1.08108e-05 1.89513
query,tuples,310000,1.09636e-05 1.95854
query,tuples,320000,1.06166e-05 2.02019
query,tuples,330000,1.0948e-05 2.08361
query,tuples,340000,1.09416e-05 2.14696
query,tuples,350000,1.071e-05 2.20923
query,tuples,360000,1.12062e-05 2.27402
query,tuples,370000,1.0882e-05 2.33715
query,tuples,380000,1.078e-05 2.39967
query,tuples,390000,1.05422e-05 2.46092
query,tuples,400000,1.11048e-05 2.52518
query,tuples,410000,1.07666e-05 2.58761
query,tuples,420000,1.10716e-05 2.65173
query,tuples,430000,1.07034e-05 2.71381
query,tuples,440000,1.1018e-05 2.77752
query,tuples,450000,1.07476e-05 2.83994
query,tuples,460000,1.11182e-05 2.90417
query,tuples,470000,1.068e-05 2.96611
query,tuples,480000,1.09388e-05 3.02947
query,tuples,490000,1.0714e-05 3.09156
query,tuples,500000,1.09748e-05 3.15508
query,tuples,510000,1.0766e-05 3.2175
query,tuples,520000,1.0653e-05 3.27941
query,tuples,530000,1.07942e-05 3.34199
query,tuples,540000,1.07456e-05 3.40445
query,tuples,550000,1.07072e-05 3.46662
query,tuples,560000,1.07416e-05 3.52892
query,tuples,570000,1.10856e-05 3.59294
query,tuples,580000,1.09056e-05 3.65607
query,tuples,590000,1.11008e-05 3.7202
query,tuples,600000,1.07006e-05 3.78233
query,tuples,610000,1.09524e-05 3.84571
query,tuples,620000,1.11718e-05 3.91005
query,tuples,630000,1.12168e-05 3.97475
query,tuples,640000,1.12118e-05 4.03932
query,tuples,650000,1.1296e-05 4.10444
query,tuples,660000,1.11328e-05 4.16857
query,tuples,670000,1.12464e-05 4.23332
query,tuples,680000,1.13138e-05 4.29847
query,tuples,690000,1.12596e-05 4.36335
query,tuples,700000,1.1353e-05 4.42874
query,tuples,710000,1.12426e-05 4.49348
query,tuples,720000,1.12344e-05 4.55824
query,tuples,730000,1.1269e-05 4.62308
query,tuples,740000,1.11928e-05 4.68754
query,tuples,750000,1.12362e-05 4.75235
query,tuples,760000,1.09122e-05 4.81515
query,tuples,770000,1.04136e-05 4.87514
query,tuples,780000,1.05344e-05 4.93574
query,tuples,790000,1.03712e-05 4.99547
query,tuples,800000,1.04308e-05 5.05549
query,tuples,810000,1.04812e-05 5.11576
query,tuples,820000,1.03178e-05 5.17523
query,tuples,830000,1.05714e-05 5.23604
query,tuples,840000,1.0548e-05 5.29674
query,tuples,850000,1.05076e-05 5.35703
query,tuples,860000,1.05418e-05 5.41763
query,tuples,870000,1.05702e-05 5.4783
query,tuples,880000,1.05108e-05 5.53873
query,tuples,890000,1.0621e-05 5.59982
query,tuples,900000,1.05084e-05 5.66025
query,tuples,910000,1.05004e-05 5.72057
query,tuples,920000,1.0575e-05 5.78142
query,tuples,930000,1.05836e-05 5.84245
query,tuples,940000,1.0602e-05 5.90336
query,tuples,950000,1.05346e-05 5.96388
query,tuples,960000,1.06998e-05 6.02543
query,tuples,970000,1.05746e-05 6.08613
query,tuples,980000,1.05332e-05 6.14665
query,tuples,990000,1.072e-05 6.20827
query,tuples,1000000,1.06852e-05 6.26966
query,tuples,1010000,1.05818e-05 6.33048
query,tuples,1020000,1.0585e-05 6.39131
query,tuples,1030000,1.051e-05 6.45166
query,tuples,1040000,1.06e-05 6.5126
query,tuples,1050000,1.05242e-05 6.5731
query,tuples,1060000,1.0662e-05 6.63441
query,tuples,1070000,1.06396e-05 6.69555
query,tuples,1080000,1.06612e-05 6.75676
query,tuples,1090000,1.06132e-05 6.81771
query,tuples,1100000,1.05814e-05 6.87847
query,tuples,1110000,1.07084e-05 6.93996
query,tuples,1120000,1.06646e-05 7.00125
query,tuples,1130000,1.07202e-05 7.06282
query,tuples,1140000,1.07288e-05 7.12442
query,tuples,1150000,1.07216e-05 7.18611
query,tuples,1160000,1.0631e-05 7.24717
query,tuples,1170000,1.066e-05 7.3084
query,tuples,1180000,1.06678e-05 7.36968
query,tuples,1190000,1.07014e-05 7.43115
query,tuples,1200000,1.07004e-05 7.49266
query,tuples,1210000,1.05516e-05 7.55315
query,tuples,1220000,1.05884e-05 7.61399
query,tuples,1230000,1.07116e-05 7.67549
query,tuples,1240000,1.05844e-05 7.73636
query,tuples,1250000,1.065e-05 7.79746
query,tuples,1260000,1.06624e-05 7.85863
query,tuples,1270000,1.0803e-05 7.92061
query,tuples,1280000,1.0621e-05 7.98154
query,tuples,1290000,1.06534e-05 8.04275
query,tuples,1300000,1.07324e-05 8.10431
query,tuples,1310000,1.06744e-05 8.16562
query,tuples,1320000,1.06798e-05 8.22689
query,tuples,1330000,1.065e-05 8.28796
query,tuples,1340000,1.05194e-05 8.34835
query,tuples,1350000,1.01548e-05 8.4069
query,tuples,1360000,9.3078e-06 8.46106
query,tuples,1370000,9.1236e-06 8.51431
query,tuples,1380000,9.222e-06 8.56831
query,tuples,1390000,9.2734e-06 8.62229
query,tuples,1400000,9.2756e-06 8.67632
query,tuples,1410000,9.2326e-06 8.73017
query,tuples,1420000,9.2466e-06 8.78411
query,tuples,1430000,9.2514e-06 8.83793
query,tuples,1440000,9.288e-06 8.89197
query,tuples,1450000,9.2972e-06 8.94603
query,tuples,1460000,9.295e-06 9.00023
query,tuples,1470000,9.266e-06 9.0542
query,tuples,1480000,9.255e-06 9.10828
query,tuples,1490000,9.3098e-06 9.16254
query,tuples,1500000,9.3168e-06 9.21675
query,tuples,1510000,9.3328e-06 9.27108
query,tuples,1520000,9.3482e-06 9.32546
query,tuples,1530000,9.37e-06 9.37989
query,tuples,1540000,9.2806e-06 9.43405
query,tuples,1550000,9.283e-06 9.48816
query,tuples,1560000,9.2946e-06 9.54229
query,tuples,1570000,9.2806e-06 9.5964
query,tuples,1580000,9.2484e-06 9.65039
query,tuples,1590000,9.2462e-06 9.70431
query,tuples,1600000,9.2636e-06 9.75818
query,tuples,1610000,9.2218e-06 9.81199
query,tuples,1620000,9.239e-06 9.86582
query,tuples,1630000,9.288e-06 9.91988
query,tuples,1640000,9.2438e-06 9.97374
query,tuples,1650000,9.2388e-06 10.0276
query,tuples,1660000,9.258e-06 10.0815
query,tuples,1670000,9.2618e-06 10.1355
query,tuples,1680000,9.2912e-06 10.1896
query,tuples,1690000,9.279e-06 10.2437
query,tuples,1700000,9.3088e-06 10.2978
query,tuples,1710000,9.3362e-06 10.3521
query,tuples,1720000,9.2768e-06 10.4062
query,tuples,1730000,9.2696e-06 10.4602
query,tuples,1740000,9.2864e-06 10.5143
query,tuples,1750000,9.278e-06 10.5684
query,tuples,1760000,9.315e-06 10.6226
query,tuples,1770000,9.331e-06 10.6769
query,tuples,1780000,9.3184e-06 10.7312
query,tuples,1790000,9.3016e-06 10.7854
query,tuples,1800000,9.2956e-06 10.8396
query,tuples,1810000,9.2814e-06 10.8937
query,tuples,1820000,9.32e-06 10.9479
query,tuples,1830000,9.2926e-06 11.002
query,tuples,1840000,9.2704e-06 11.056
query,tuples,1850000,9.2806e-06 11.1101
query,tuples,1860000,9.237e-06 11.1641
query,tuples,1870000,9.2612e-06 11.218
query,tuples,1880000,9.253e-06 11.272
query,tuples,1890000,9.2732e-06 11.326
query,tuples,1900000,9.2654e-06 11.38
query,tuples,1910000,9.2316e-06 11.434
query,tuples,1920000,9.266e-06 11.488
query,tuples,1930000,9.2728e-06 11.542
query,tuples,1940000,9.2158e-06 11.5957
query,tuples,1950000,9.2442e-06 11.6497
query,tuples,1960000,9.2304e-06 11.7035
query,tuples,1970000,9.2698e-06 11.7575
query,tuples,1980000,9.2818e-06 11.8115
query,tuples,1990000,9.2316e-06 11.8654
query,tuples,2000000,9.2256e-06 11.9193
query,tuples,2010000,9.2512e-06 11.9731
query,tuples,2020000,9.2472e-06 12.027
query,tuples,2030000,9.2978e-06 12.0811
query,tuples,2040000,9.2268e-06 12.135
query,tuples,2050000,9.2128e-06 12.1887
query,tuples,2060000,9.235e-06 12.2425
query,tuples,2070000,9.2748e-06 12.2965
query,tuples,2080000,9.2402e-06 12.3504
query,tuples,2090000,9.2158e-06 12.4041
query,tuples,2100000,9.2228e-06 12.4579
query,tuples,2110000,9.232e-06 12.5118
query,tuples,2120000,9.2166e-06 12.5655
query,tuples,2130000,9.255e-06 12.6194
query,tuples,2140000,9.2534e-06 12.6733
query,tuples,2150000,9.2762e-06 12.7273
query,tuples,2160000,9.2362e-06 12.7812
query,tuples,2170000,9.2542e-06 12.8351
query,tuples,2180000,9.2188e-06 12.889
query,tuples,2190000,9.2344e-06 12.9428
query,tuples,2200000,9.2192e-06 12.9965
query,tuples,2210000,9.1948e-06 13.0502
query,tuples,2220000,9.235e-06 13.104
query,tuples,2230000,9.2272e-06 13.1578
query,tuples,2240000,9.2538e-06 13.2117
query,tuples,2250000,9.237e-06 13.2656
query,tuples,2260000,9.2534e-06 13.3196
query,tuples,2270000,9.2988e-06 13.3737
query,tuples,2280000,9.262e-06 13.4277
query,tuples,2290000,9.2794e-06 13.4818
query,tuples,2300000,9.2528e-06 13.5356
query,tuples,2310000,9.2234e-06 13.5894
query,tuples,2320000,9.243e-06 13.6433
query,tuples,2330000,9.2294e-06 13.6972
query,tuples,2340000,9.2806e-06 13.7512
query,tuples,2350000,9.2446e-06 13.8052
query,tuples,2360000,9.2826e-06 13.8593
query,tuples,2370000,9.259e-06 13.9132
query,tuples,2380000,9.2552e-06 13.9672
query,tuples,2390000,9.2884e-06 14.0213
query,tuples,2400000,9.2766e-06 14.0752
query,tuples,2410000,9.3032e-06 14.1293
query,tuples,2420000,9.2514e-06 14.1833
query,tuples,2430000,9.2522e-06 14.2373
query,tuples,2440000,9.2238e-06 14.2911
query,tuples,2450000,9.305e-06 14.3455
query,tuples,2460000,9.2666e-06 14.3994
query,tuples,2470000,9.2314e-06 14.4617
query,tuples,2480000,9.268e-06 14.5158
query,tuples,2490000,9.2518e-06 14.5698
query,tuples,2500000,9.2488e-06 14.6238
query,tuples,2510000,9.2782e-06 14.6778
query,tuples,2520000,9.2784e-06 14.7318
query,tuples,2530000,9.275e-06 14.7858
query,tuples,2540000,9.2578e-06 14.8398
query,tuples,2550000,9.2558e-06 14.8937
query,tuples,2560000,9.2478e-06 14.9476
query,tuples,2570000,9.2628e-06 15.0016
query,tuples,2580000,9.218e-06 15.0554
query,tuples,2590000,9.2594e-06 15.1092
query,tuples,2600000,9.2658e-06 15.1633
query,tuples,2610000,9.3e-06 15.2174
query,tuples,2620000,9.2712e-06 15.2715
query,tuples,2630000,9.308e-06 15.3258
query,tuples,2640000,9.2876e-06 15.3799
query,tuples,2650000,9.2908e-06 15.434
query,tuples,2660000,9.2758e-06 15.4882
query,tuples,2670000,9.2568e-06 15.5421
query,tuples,2680000,9.313e-06 15.5963
query,tuples,2690000,9.3008e-06 15.6506
query,tuples,2700000,9.3276e-06 15.705
query,tuples,2710000,9.2796e-06 15.7592
query,tuples,2720000,9.3028e-06 15.8134
query,tuples,2730000,9.288e-06 15.8676
query,tuples,2740000,9.3138e-06 15.9218
query,tuples,2750000,9.3272e-06 15.976
query,tuples,2760000,9.2642e-06 16.0301
query,tuples,2770000,9.2784e-06 16.0842
query,tuples,2780000,9.2622e-06 16.1382
query,tuples,2790000,9.2486e-06 16.1922
query,tuples,2800000,9.2844e-06 16.2463
query,tuples,2810000,9.342e-06 16.3007
query,tuples,2820000,9.2836e-06 16.3548
query,tuples,2830000,9.274e-06 16.4089
query,tuples,2840000,9.3198e-06 16.463
query,tuples,2850000,9.2746e-06 16.517
query,tuples,2860000,9.2384e-06 16.571
query,tuples,2870000,9.2756e-06 16.625
query,tuples,2880000,9.2674e-06 16.679
query,tuples,2890000,9.3366e-06 16.7333
query,tuples,2900000,9.3272e-06 16.7875
query,tuples,2910000,9.2592e-06 16.8414
query,tuples,2920000,9.2716e-06 16.8954
query,tuples,2930000,9.2732e-06 16.9493
query,tuples,2940000,9.2492e-06 17.0034
query,tuples,2950000,9.2972e-06 17.0575
query,tuples,2960000,9.2654e-06 17.1117
query,tuples,2970000,9.28e-06 17.1657
query,tuples,2980000,9.2628e-06 17.2197
query,tuples,2990000,9.2572e-06 17.2737
query,tuples,3000000,9.2838e-06 17.3278
query,tuples,3010000,9.2844e-06 17.3819
query,tuples,3020000,9.2568e-06 17.4359
query,tuples,3030000,9.2812e-06 17.4901
query,tuples,3040000,9.2798e-06 17.5441
query,tuples,3050000,9.2614e-06 17.598
query,tuples,3060000,9.2252e-06 17.6519
query,tuples,3070000,9.2554e-06 17.7059
query,tuples,3080000,9.2578e-06 17.7598
query,tuples,3090000,9.2468e-06 17.8138
query,tuples,3100000,9.265e-06 17.8677
query,tuples,3110000,9.304e-06 17.9218
query,tuples,3120000,9.253e-06 17.9758
query,tuples,3130000,9.2568e-06 18.0297
query,tuples,3140000,9.2596e-06 18.0837
query,tuples,3150000,9.314e-06 18.1379
query,tuples,3160000,9.301e-06 18.1921
query,tuples,3170000,9.2862e-06 18.2464
query,tuples,3180000,9.2938e-06 18.3004
query,tuples,3190000,9.3018e-06 18.3544
query,tuples,3200000,9.2946e-06 18.4086
query,tuples,3210000,9.3152e-06 18.4628
query,tuples,3220000,9.2734e-06 18.5168
query,tuples,3230000,9.2582e-06 18.5708
query,tuples,3240000,9.2854e-06 18.6249
query,tuples,3250000,9.3074e-06 18.6792
query,tuples,3260000,9.2996e-06 18.7333
query,tuples,3270000,9.2812e-06 18.7875
query,tuples,3280000,9.3332e-06 18.8419
query,tuples,3290000,9.338e-06 18.8961
query,tuples,3300000,9.2898e-06 18.9502
query,tuples,3310000,9.2924e-06 19.0043
query,tuples,3320000,9.2434e-06 19.0582
query,tuples,3330000,9.2854e-06 19.1123
query,tuples,3340000,9.2914e-06 19.1663
query,tuples,3350000,9.2966e-06 19.2205
query,tuples,3360000,9.3016e-06 19.2747
query,tuples,3370000,9.285e-06 19.3278
query,tuples,3380000,9.219e-06 19.3805
query,tuples,3390000,9.1542e-06 19.4327
query,tuples,3400000,9.153e-06 19.4852
query,tuples,3410000,9.1618e-06 19.5375
query,tuples,3420000,9.1504e-06 19.5897
query,tuples,3430000,9.1646e-06 19.642
query,tuples,3440000,9.1662e-06 19.6943
query,tuples,3450000,9.1546e-06 19.7465
query,tuples,3460000,9.115e-06 19.7986
query,tuples,3470000,9.1808e-06 19.851
query,tuples,3480000,9.1692e-06 19.9033
query,tuples,3490000,9.2158e-06 19.9559
query,tuples,3500000,9.2334e-06 20.0085
query,tuples,3510000,9.1916e-06 20.061
query,tuples,3520000,9.2032e-06 20.1134
query,tuples,3530000,9.1756e-06 20.1658
query,tuples,3540000,9.2222e-06 20.2184
query,tuples,3550000,9.1568e-06 20.2707
query,tuples,3560000,9.2174e-06 20.3233
query,tuples,3570000,9.3396e-06 20.3764
query,tuples,3580000,9.3082e-06 20.4293
query,tuples,3590000,9.1988e-06 20.4818
query,tuples,3600000,9.1548e-06 20.5341
query,tuples,3610000,9.2384e-06 20.5869
query,tuples,3620000,9.2844e-06 20.6397
query,tuples,3630000,9.231e-06 20.6924
query,tuples,3640000,9.231e-06 20.7449
query,tuples,3650000,9.1938e-06 20.7973
query,tuples,3660000,9.2614e-06 20.8501
query,tuples,3670000,9.3724e-06 20.9035
query,tuples,3680000,9.4198e-06 20.9572
query,tuples,3690000,9.3666e-06 21.0104
query,tuples,3700000,9.4352e-06 21.0641
query,tuples,3710000,9.3246e-06 21.1172
query,tuples,3720000,9.398e-06 21.1707
query,tuples,3730000,9.3836e-06 21.224
query,tuples,3740000,9.4708e-06 21.2778
query,tuples,3750000,9.377e-06 21.3312
query,tuples,3760000,9.4156e-06 21.3847
query,tuples,3770000,9.3294e-06 21.4378
query,tuples,3780000,9.3098e-06 21.4909
query,tuples,3790000,9.3122e-06 21.5439
query,tuples,3800000,9.3276e-06 21.597
query,tuples,3810000,9.345e-06 21.6502
query,tuples,3820000,9.3326e-06 21.7033
query,tuples,3830000,9.268e-06 21.7562
query,tuples,3840000,9.2844e-06 21.8091
query,tuples,3850000,9.2066e-06 21.8616
query,tuples,3860000,9.2242e-06 21.9141
query,tuples,3870000,9.2238e-06 21.9667
query,tuples,3880000,9.2574e-06 22.0194
query,tuples,3890000,9.7154e-06 22.0745
query,tuples,3900000,9.2332e-06 22.1273
query,tuples,3910000,9.2696e-06 22.1801
query,tuples,3920000,9.3862e-06 22.2335
query,tuples,3930000,9.3358e-06 22.2866
query,tuples,3940000,9.3132e-06 22.3397
query,tuples,3950000,9.389e-06 22.3931
query,tuples,3960000,9.3104e-06 22.4461
query,tuples,3970000,9.2708e-06 22.4989
query,tuples,3980000,9.2482e-06 22.5516
query,tuples,3990000,9.4736e-06 22.6055
query,tuples,4000000,9.469e-06 22.6592
query,tuples,4010000,9.5008e-06 22.7132
query,tuples,4020000,9.4306e-06 22.7668
query,tuples,4030000,9.2846e-06 22.8196
query,tuples,4040000,9.2498e-06 22.8723
query,tuples,4050000,9.2656e-06 22.925
query,tuples,4060000,9.2042e-06 22.9776
query,tuples,4070000,9.226e-06 23.03
query,tuples,4080000,9.2564e-06 23.0829
query,tuples,4090000,9.1758e-06 23.1352
query,tuples,4100000,9.204e-06 23.1877
query,tuples,4110000,9.1622e-06 23.24
query,tuples,4120000,9.2128e-06 23.2925
query,tuples,4130000,9.3242e-06 23.3457
query,tuples,4140000,9.2216e-06 23.3984
query,tuples,4150000,9.1754e-06 23.4507
query,tuples,4160000,9.2004e-06 23.5033
query,tuples,4170000,9.1796e-06 23.5556
query,tuples,4180000,9.1768e-06 23.608
query,tuples,4190000,9.2416e-06 23.6607
query,tuples,4200000,9.2408e-06 23.7134
query,tuples,4210000,9.202e-06 23.766
query,tuples,4220000,9.2422e-06 23.8187
query,tuples,4230000,9.201e-06 23.8712
query,tuples,4240000,9.2606e-06 23.924
query,tuples,4250000,9.3368e-06 23.9772
query,tuples,4260000,9.3154e-06 24.0303
query,tuples,4270000,9.3078e-06 24.0834
query,tuples,4280000,9.2286e-06 24.136
query,tuples,4290000,9.2448e-06 24.1888
query,tuples,4300000,9.2864e-06 24.2417
query,tuples,4310000,9.2714e-06 24.2946
query,tuples,4320000,9.2644e-06 24.3474
query,tuples,4330000,9.3016e-06 24.4003
query,tuples,4340000,9.3094e-06 24.4533
query,tuples,4350000,9.2272e-06 24.5105
query,tuples,4360000,9.2866e-06 24.5634
query,tuples,4370000,9.3418e-06 24.6165
query,tuples,4380000,9.253e-06 24.6692
query,tuples,4390000,9.2606e-06 24.7219
query,tuples,4400000,9.3326e-06 24.7751
query,tuples,4410000,9.3262e-06 24.8282
query,tuples,4420000,9.2772e-06 24.8812
query,tuples,4430000,9.3584e-06 24.9345
query,tuples,4440000,9.4082e-06 24.9881
query,tuples,4450000,9.3952e-06 25.0415
query,tuples,4460000,9.3998e-06 25.095
query,tuples,4470000,9.2984e-06 25.1481
query,tuples,4480000,9.3918e-06 25.2016
query,tuples,4490000,9.311e-06 25.2548
query,tuples,4500000,9.457e-06 25.3086
query,tuples,4510000,9.5082e-06 25.3626
query,tuples,4520000,9.553e-06 25.4168
query,tuples,4530000,9.43e-06 25.4704
query,tuples,4540000,9.4528e-06 25.5242
query,tuples,4550000,9.3432e-06 25.5774
query,tuples,4560000,9.366e-06 25.6307
query,tuples,4570000,9.4496e-06 25.6845
query,tuples,4580000,9.4902e-06 25.7383
query,tuples,4590000,9.3998e-06 25.7918
query,tuples,4600000,9.373e-06 25.8451
query,tuples,4610000,9.2644e-06 25.8979
query,tuples,4620000,9.2378e-06 25.9506
query,tuples,4630000,9.1782e-06 26.0029
query,tuples,4640000,9.2306e-06 26.0556
query,tuples,4650000,9.2476e-06 26.1083
query,tuples,4660000,9.2132e-06 26.1609
query,tuples,4670000,9.204e-06 26.2134
query,tuples,4680000,9.2834e-06 26.2662
query,tuples,4690000,9.1974e-06 26.3187
query,tuples,4700000,9.1962e-06 26.3711
query,tuples,4710000,9.2268e-06 26.4237
query,tuples,4720000,9.2258e-06 26.4764
query,tuples,4730000,9.3048e-06 26.5294
query,tuples,4740000,9.2138e-06 26.582
query,tuples,4750000,9.2098e-06 26.6346
query,tuples,4760000,9.2438e-06 26.6873
query,tuples,4770000,9.2916e-06 26.7402
query,tuples,4780000,9.2128e-06 26.7928
query,tuples,4790000,9.211e-06 26.8453
query,tuples,4800000,9.181e-06 26.8977
query,tuples,4810000,9.181e-06 26.9502
query,tuples,4820000,9.268e-06 27.0029
query,tuples,4830000,9.2092e-06 27.0555
query,tuples,4840000,9.2908e-06 27.1085
query,tuples,4850000,9.3034e-06 27.1615
query,tuples,4860000,9.196e-06 27.2139
query,tuples,4870000,9.2188e-06 27.2664
query,tuples,4880000,9.2696e-06 27.3192
query,tuples,4890000,9.2108e-06 27.3718
query,tuples,4900000,9.2012e-06 27.4242
query,tuples,4910000,9.1964e-06 27.4767
query,tuples,4920000,9.1968e-06 27.5293
query,tuples,4930000,9.1912e-06 27.5818
query,tuples,4940000,9.1902e-06 27.6343
query,tuples,4950000,9.2192e-06 27.6868
query,tuples,4960000,9.1988e-06 27.7393
query,tuples,4970000,9.215e-06 27.7918
query,tuples,4980000,9.1682e-06 27.8442
query,tuples,4990000,9.2598e-06 27.8971
query,tuples,5000000,9.273e-06 27.9499
query,tuples,5010000,9.2046e-06 28.0024
query,tuples,5020000,9.2234e-06 28.0551
query,tuples,5030000,9.2632e-06 28.1079
query,tuples,5040000,9.2298e-06 28.1606
query,tuples,5050000,9.247e-06 28.2133
query,tuples,5060000,9.217e-06 28.2659
query,tuples,5070000,9.2182e-06 28.3184
query,tuples,5080000,9.2566e-06 28.3713
query,tuples,5090000,9.2946e-06 28.4242
query,tuples,5100000,9.2688e-06 28.477
query,tuples,5110000,9.1698e-06 28.5294
query,tuples,5120000,9.1596e-06 28.5817
query,tuples,5130000,9.178e-06 28.6341
query,tuples,5140000,9.1594e-06 28.6864
query,tuples,5150000,9.2004e-06 28.7389
query,tuples,5160000,9.1812e-06 28.7913
query,tuples,5170000,9.2426e-06 28.844
query,tuples,5180000,9.2624e-06 28.8967
query,tuples,5190000,9.292e-06 28.9496
query,tuples,5200000,9.2626e-06 29.0025
query,tuples,5210000,9.1894e-06 29.055
query,tuples,5220000,9.2038e-06 29.1074
query,tuples,5230000,9.2272e-06 29.16
query,tuples,5240000,9.1874e-06 29.2124
query,tuples,5250000,9.1968e-06 29.2649
query,tuples,5260000,9.2022e-06 29.3174
query,tuples,5270000,9.1912e-06 29.3699
query,tuples,5280000,9.2694e-06 29.4227
query,tuples,5290000,9.2748e-06 29.4755
query,tuples,5300000,9.3068e-06 29.5306
query,tuples,5310000,9.2794e-06 29.5835
query,tuples,5320000,9.163e-06 29.6359
query,tuples,5330000,9.1528e-06 29.6882
query,tuples,5340000,9.1714e-06 29.7405
query,tuples,5350000,9.194e-06 29.793
query,tuples,5360000,9.192e-06 29.8454
query,tuples,5370000,9.2338e-06 29.898
query,tuples,5380000,9.1948e-06 29.9505
query,tuples,5390000,9.2276e-06 30.003
query,tuples,5400000,9.211e-06 30.0555
query,tuples,5410000,9.238e-06 30.1083
query,tuples,5420000,9.2338e-06 30.161
query,tuples,5430000,9.2764e-06 30.2138
query,tuples,5440000,9.2314e-06 30.2666
query,tuples,5450000,9.2308e-06 30.3192
query,tuples,5460000,9.2746e-06 30.372
query,tuples,5470000,9.2544e-06 30.4247
query,tuples,5480000,9.1748e-06 30.4772
query,tuples,5490000,9.2798e-06 30.5301
query,tuples,5500000,9.319e-06 30.5832
query,tuples,5510000,9.3886e-06 30.6367
query,tuples,5520000,9.3462e-06 30.6898
query,tuples,5530000,9.3546e-06 30.7431
query,tuples,5540000,9.321e-06 30.7962
query,tuples,5550000,9.2948e-06 30.8491
query,tuples,5560000,9.3162e-06 30.9022
query,tuples,5570000,9.2554e-06 30.9549
query,tuples,5580000,9.328e-06 31.008
query,tuples,5590000,9.3816e-06 31.0613
query,tuples,5600000,9.3646e-06 31.1146
query,tuples,5610000,9.4216e-06 31.1682
query,tuples,5620000,9.4288e-06 31.2218
query,tuples,5630000,9.4048e-06 31.2752
query,tuples,5640000,9.3136e-06 31.3283
query,tuples,5650000,9.2824e-06 31.3812
query,tuples,5660000,9.252e-06 31.4339
query,tuples,5670000,9.3142e-06 31.487
query,tuples,5680000,9.3428e-06 31.5402
query,tuples,5690000,9.2484e-06 31.5929
query,tuples,5700000,9.2776e-06 31.6457
query,tuples,5710000,9.2318e-06 31.6984
query,tuples,5720000,9.2936e-06 31.7514
query,tuples,5730000,9.2004e-06 31.8039
query,tuples,5740000,9.2732e-06 31.8569
query,tuples,5750000,9.2358e-06 31.9097
query,tuples,5760000,9.2444e-06 31.9624
query,tuples,5770000,9.2102e-06 32.0149
query,tuples,5780000,9.345e-06 32.0681
query,tuples,5790000,9.29e-06 32.1211
query,tuples,5800000,9.3148e-06 32.1741
query,tuples,5810000,9.3522e-06 32.2274
query,tuples,5820000,9.3572e-06 32.2806
query,tuples,5830000,9.3376e-06 32.3338
query,tuples,5840000,9.343e-06 32.3869
query,tuples,5850000,9.3786e-06 32.4403
query,tuples,5860000,9.3474e-06 32.4935
query,tuples,5870000,9.3344e-06 32.5467
query,tuples,5880000,9.3852e-06 32.6
query,tuples,5890000,9.2898e-06 32.6529
query,tuples,5900000,9.2852e-06 32.7059
query,tuples,5910000,9.2596e-06 32.7587
query,tuples,5920000,9.2436e-06 32.8114
query,tuples,5930000,9.2676e-06 32.8642
query,tuples,5940000,9.284e-06 32.9171
query,tuples,5950000,9.2488e-06 32.9698
query,tuples,5960000,9.2522e-06 33.0225
query,tuples,5970000,9.3446e-06 33.0757
query,tuples,5980000,9.2992e-06 33.1287
query,tuples,5990000,9.3204e-06 33.1818
query,tuples,6000000,9.2922e-06 33.2347
query,tuples,6010000,9.2506e-06 33.2874
query,tuples,6020000,9.2422e-06 33.3401
query,tuples,6030000,9.3068e-06 33.3932
query,tuples,6040000,9.2602e-06 33.446
query,tuples,6050000,9.3254e-06 33.4991
query,tuples,6060000,9.3212e-06 33.5522
query,tuples,6070000,9.2502e-06 33.605
query,tuples,6080000,9.3354e-06 33.6582
query,tuples,6090000,9.3684e-06 33.7114
query,tuples,6100000,9.2692e-06 33.7643
query,tuples,6110000,9.42e-06 33.8179
query,tuples,6120000,9.3316e-06 33.871
query,tuples,6130000,9.2544e-06 33.9237
query,tuples,6140000,9.2904e-06 33.9766
query,tuples,6150000,9.2788e-06 34.0295
query,tuples,6160000,9.2648e-06 34.0822
query,tuples,6170000,9.3072e-06 34.1353
query,tuples,6180000,9.3906e-06 34.1888
query,tuples,6190000,9.2808e-06 34.2417
query,tuples,6200000,9.2564e-06 34.2946
query,tuples,6210000,9.265e-06 34.3473
query,tuples,6220000,9.2492e-06 34.4002
query,tuples,6230000,9.2538e-06 34.4529
query,tuples,6240000,9.2982e-06 34.506
query,tuples,6250000,9.3378e-06 34.5676
query,tuples,6260000,9.2954e-06 34.6206
query,tuples,6270000,9.2974e-06 34.6736
query,tuples,6280000,9.3778e-06 34.727
query,tuples,6290000,9.3166e-06 34.78
query,tuples,6300000,9.316e-06 34.8331
query,tuples,6310000,9.2892e-06 34.8861
query,tuples,6320000,9.3766e-06 34.9394
query,tuples,6330000,9.304e-06 34.9924
query,tuples,6340000,9.2854e-06 35.0454
query,tuples,6350000,9.3178e-06 35.0985
query,tuples,6360000,9.34e-06 35.1516
query,tuples,6370000,9.2424e-06 35.2043
query,tuples,6380000,9.3342e-06 35.2574
query,tuples,6390000,9.2764e-06 35.3103
query,tuples,6400000,9.2558e-06 35.363
query,tuples,6410000,9.2858e-06 35.4159
query,tuples,6420000,9.2686e-06 35.4687
query,tuples,6430000,9.3082e-06 35.5217
query,tuples,6440000,9.3964e-06 35.5752
query,tuples,6450000,9.441e-06 35.6288
query,tuples,6460000,9.505e-06 35.6828
query,tuples,6470000,9.4332e-06 35.7365
query,tuples,6480000,9.4372e-06 35.7901
query,tuples,6490000,9.4506e-06 35.8438
query,tuples,6500000,9.3226e-06 35.8969
query,tuples,6510000,9.4082e-06 35.9503
query,tuples,6520000,9.3306e-06 36.0035
query,tuples,6530000,9.3252e-06 36.0566
query,tuples,6540000,9.4098e-06 36.1101
query,tuples,6550000,9.471e-06 36.164
query,tuples,6560000,9.4584e-06 36.2178
query,tuples,6570000,9.321e-06 36.2709
query,tuples,6580000,9.2654e-06 36.3236
query,tuples,6590000,9.2876e-06 36.3764
query,tuples,6600000,9.2962e-06 36.4293
query,tuples,6610000,9.377e-06 36.4827
query,tuples,6620000,9.3428e-06 36.5359
query,tuples,6630000,9.4162e-06 36.5894
query,tuples,6640000,9.4018e-06 36.6429
query,tuples,6650000,9.4306e-06 36.6965
query,tuples,6660000,9.3848e-06 36.7498
query,tuples,6670000,9.2502e-06 36.8026
query,tuples,6680000,9.2626e-06 36.8554
query,tuples,6690000,9.2664e-06 36.9082
query,tuples,6700000,9.2718e-06 36.9611
query,tuples,6710000,9.2904e-06 37.014
query,tuples,6720000,9.3442e-06 37.0672
query,tuples,6730000,9.2966e-06 37.1202
query,tuples,6740000,9.3252e-06 37.1733
query,tuples,6750000,9.316e-06 37.2264
query,tuples,6760000,9.285e-06 37.2795
query,tuples,6770000,9.316e-06 37.3325
query,tuples,6780000,9.2738e-06 37.3854
query,tuples,6790000,9.3282e-06 37.4385
query,tuples,6800000,9.3536e-06 37.4917
query,tuples,6810000,9.3736e-06 37.5451
query,tuples,6820000,9.3454e-06 37.5982
query,tuples,6830000,9.3556e-06 37.6515
query,tuples,6840000,9.2954e-06 37.7045
query,tuples,6850000,9.2908e-06 37.7574
query,tuples,6860000,9.365e-06 37.8107
query,tuples,6870000,9.3402e-06 37.8638
query,tuples,6880000,9.3468e-06 37.9169
query,tuples,6890000,9.4136e-06 37.9704
query,tuples,6900000,9.2932e-06 38.0234
query,tuples,6910000,9.2438e-06 38.0762
query,tuples,6920000,9.3338e-06 38.1294
query,tuples,6930000,9.4858e-06 38.1832
query,tuples,6940000,9.3884e-06 38.2367
query,tuples,6950000,9.362e-06 38.2901
query,tuples,6960000,9.3964e-06 38.3435
query,tuples,6970000,9.3736e-06 38.3969
query,tuples,6980000,9.421e-06 38.4505
query,tuples,6990000,9.344e-06 38.5038
query,tuples,7000000,9.4362e-06 38.5574
query,tuples,7010000,9.4292e-06 38.611
query,tuples,7020000,9.5034e-06 38.665
query,tuples,7030000,9.4634e-06 38.7188
query,tuples,7040000,9.5914e-06 38.7731
query,tuples,7050000,9.5794e-06 38.8276
query,tuples,7060000,9.4346e-06 38.8812
query,tuples,7070000,9.3474e-06 38.9345
query,tuples,7080000,9.368e-06 38.9878
query,tuples,7090000,9.4098e-06 39.0412
query,tuples,7100000,9.4406e-06 39.0949
query,tuples,7110000,9.4332e-06 39.1486
query,tuples,7120000,9.5144e-06 39.2026
query,tuples,7130000,9.4752e-06 39.2564
query,tuples,7140000,9.511e-06 39.3105
query,tuples,7150000,9.5404e-06 39.3646
query,tuples,7160000,9.4182e-06 39.4182
query,tuples,7170000,9.4088e-06 39.4717
query,tuples,7180000,9.517e-06 39.5257
query,tuples,7190000,9.4804e-06 39.5798
query,tuples,7200000,9.4584e-06 39.6336
query,tuples,7210000,9.5074e-06 39.6876
query,tuples,7220000,9.4148e-06 39.7412
query,tuples,7230000,9.4302e-06 39.7947
query,tuples,7240000,9.3458e-06 39.8479
query,tuples,7250000,9.3088e-06 39.901
query,tuples,7260000,9.3818e-06 39.9544
query,tuples,7270000,9.4992e-06 40.0084
query,tuples,7280000,9.496e-06 40.0623
query,tuples,7290000,9.484e-06 40.1162
query,tuples,7300000,9.4034e-06 40.1697
query,tuples,7310000,9.4062e-06 40.2232
query,tuples,7320000,9.4176e-06 40.2767
query,tuples,7330000,9.434e-06 40.3303
query,tuples,7340000,9.4226e-06 40.384
query,tuples,7350000,9.4554e-06 40.4377
query,tuples,7360000,9.4344e-06 40.4913
query,tuples,7370000,9.4466e-06 40.5451
query,tuples,7380000,9.4392e-06 40.5987
query,tuples,7390000,9.3652e-06 40.652
query,tuples,7400000,9.3642e-06 40.7053
query,tuples,7410000,9.4576e-06 40.7591
query,tuples,7420000,9.4442e-06 40.8128
query,tuples,7430000,9.3366e-06 40.8659
query,tuples,7440000,9.3646e-06 40.9192
query,tuples,7450000,9.3122e-06 40.9722
query,tuples,7460000,9.3678e-06 41.0256
query,tuples,7470000,9.4128e-06 41.0792
query,tuples,7480000,9.4276e-06 41.1328
query,tuples,7490000,9.5152e-06 41.1869
query,tuples,7500000,9.423e-06 41.2405
query,tuples,7510000,9.3128e-06 41.2935
query,tuples,7520000,9.3638e-06 41.3468
query,tuples,7530000,9.4632e-06 41.4006
query,tuples,7540000,9.563e-06 41.4548
query,tuples,7550000,9.4346e-06 41.5085
query,tuples,7560000,9.5708e-06 41.5629
query,tuples,7570000,9.4826e-06 41.6168
query,tuples,7580000,9.4812e-06 41.6707
query,tuples,7590000,9.5688e-06 41.725
query,tuples,7600000,9.543e-06 41.7792
query,tuples,7610000,9.435e-06 41.8327
query,tuples,7620000,9.4934e-06 41.8867
query,tuples,7630000,9.5216e-06 41.9407
query,tuples,7640000,9.4518e-06 41.9944
query,tuples,7650000,9.4162e-06 42.0479
query,tuples,7660000,9.629e-06 42.1026
query,tuples,7670000,9.5066e-06 42.1566
query,tuples,7680000,9.518e-06 42.2106
query,tuples,7690000,9.385e-06 42.264
query,tuples,7700000,9.3734e-06 42.3173
query,tuples,7710000,9.3078e-06 42.3704
query,tuples,7720000,9.3862e-06 42.4237
query,tuples,7730000,9.3188e-06 42.4768
query,tuples,7740000,9.2932e-06 42.5298
query,tuples,7750000,9.349e-06 42.583
query,tuples,7760000,9.372e-06 42.6364
query,tuples,7770000,9.3264e-06 42.6895
query,tuples,7780000,9.2862e-06 42.7424
query,tuples,7790000,9.3026e-06 42.7955
query,tuples,7800000,9.3486e-06 42.8487
query,tuples,7810000,9.3182e-06 42.9017
query,tuples,7820000,9.2692e-06 42.9545
query,tuples,7830000,9.2926e-06 43.0075
query,tuples,7840000,9.2984e-06 43.0606
query,tuples,7850000,9.2664e-06 43.1135
query,tuples,7860000,9.3528e-06 43.1667
query,tuples,7861240,9.41774e-06 43.1739
