query,tuples,100,0.00061068 0.030602
query,tuples,200,0.0120479 0.633165
query,tuples,300,0.0610254 3.68457
query,tuples,400,0.187793 13.0744
query,tuples,500,0.451602 35.6546
query,tuples,600,0.893997 80.3546
query,tuples,700,1.49038 154.874
query,tuples,800,1.47602 270.174
query,tuples,900,2.37233 438.791
query,tuples,1000,2.69692 671.137
query,tuples,1100,3.56097 977.686
query,tuples,1200,4.3858 1365.48
query,tuples,1300,5.60586 1870.77
query,tuples,1400,6.87345 2500.94
query,tuples,1500,8.16428 3272.66
query,tuples,1600,9.8244 4207.88
query,tuples,1700,11.8928 5343.52
query,tuples,1800,14.1519 6707.61
query,tuples,1900,16.1873 8276.48
query,tuples,2000,19.1518 10138.6
