query,tuples,10000,9.115e-06 0.053348
query,tuples,20000,9.607e-06 0.109992
query,tuples,30000,1.00574e-05 0.168687
query,tuples,40000,1.05142e-05 0.229767
query,tuples,50000,1.0294e-05 0.289687
query,tuples,60000,1.09464e-05 0.352987
query,tuples,70000,1.10696e-05 0.41695
query,tuples,80000,1.11618e-05 0.481387
query,tuples,90000,1.09974e-05 0.544814
query,tuples,100000,1.13188e-05 0.609958
query,tuples,110000,1.11254e-05 0.674172
query,tuples,120000,1.11602e-05 0.738492
query,tuples,130000,1.11564e-05 0.802809
query,tuples,140000,1.12726e-05 0.86781
query,tuples,150000,1.11678e-05 0.932174
query,tuples,160000,1.11894e-05 0.99674
query,tuples,170000,1.13902e-05 1.06247
query,tuples,180000,1.16228e-05 1.12923
query,tuples,190000,1.1931e-05 1.19743
query,tuples,200000,1.11086e-05 1.2616
query,tuples,210000,1.123e-05 1.32629
query,tuples,220000,1.117e-05 1.39073
query,tuples,230000,1.11564e-05 1.45498
query,tuples,240000,1.12318e-05 1.51973
query,tuples,250000,1.10576e-05 1.58351
query,tuples,260000,1.1346e-05 1.649
query,tuples,270000,1.09578e-05 1.71232
query,tuples,280000,1.05824e-05 1.77388
query,tuples,290000,1.06676e-05 1.83574
query,tuples,300000,1.07654e-05 1.89813
query,tuples,310000,1.10818e-05 1.96213
query,tuples,320000,1.07032e-05 2.02415
query,tuples,330000,1.07826e-05 2.08671
query,tuples,340000,1.08976e-05 2.14971
query,tuples,350000,1.06802e-05 2.21165
query,tuples,360000,1.11526e-05 2.27601
query,tuples,370000,1.08322e-05 2.33875
query,tuples,380000,1.07466e-05 2.40094
query,tuples,390000,1.05312e-05 2.46206
query,tuples,400000,1.11094e-05 2.52621
query,tuples,410000,1.07396e-05 2.58846
query,tuples,420000,1.1027e-05 2.65219
query,tuples,430000,1.0657e-05 2.71394
query,tuples,440000,1.0983e-05 2.77726
query,tuples,450000,1.071e-05 2.83953
query,tuples,460000,1.10516e-05 2.90329
query,tuples,470000,1.06416e-05 2.96502
query,tuples,480000,1.10684e-05 3.02904
query,tuples,490000,1.0679e-05 3.09098
query,tuples,500000,1.09376e-05 3.15424
query,tuples,510000,1.07388e-05 3.21645
query,tuples,520000,1.06048e-05 3.27806
query,tuples,530000,1.07808e-05 3.34043
query,tuples,540000,1.07602e-05 3.40277
query,tuples,550000,1.0637e-05 3.46445
query,tuples,560000,1.13076e-05 3.5295
query,tuples,570000,1.1041e-05 3.59321
query,tuples,580000,1.08516e-05 3.65609
query,tuples,590000,1.10562e-05 3.71997
query,tuples,600000,1.06844e-05 3.7819
query,tuples,610000,1.08852e-05 3.8449
query,tuples,620000,1.11396e-05 3.90896
query,tuples,630000,1.11562e-05 3.97327
query,tuples,640000,1.11736e-05 4.03757
query,tuples,650000,1.1222e-05 4.10224
query,tuples,660000,1.10932e-05 4.16605
query,tuples,670000,1.11538e-05 4.23034
query,tuples,680000,1.1242e-05 4.29506
query,tuples,690000,1.1192e-05 4.3594
query,tuples,700000,1.13052e-05 4.4244
query,tuples,710000,1.11806e-05 4.48867
query,tuples,720000,1.11746e-05 4.55296
query,tuples,730000,1.1186e-05 4.61736
query,tuples,740000,1.114e-05 4.68142
query,tuples,750000,1.11866e-05 4.74581
query,tuples,760000,1.08866e-05 4.80831
query,tuples,770000,1.03878e-05 4.86796
query,tuples,780000,1.0481e-05 4.92817
query,tuples,790000,1.03468e-05 4.98758
query,tuples,800000,1.03918e-05 5.04728
query,tuples,810000,1.04288e-05 5.10719
query,tuples,820000,1.03022e-05 5.16643
query,tuples,830000,1.07022e-05 5.22775
query,tuples,840000,1.04442e-05 5.2877
query,tuples,850000,1.03976e-05 5.34737
query,tuples,860000,1.04676e-05 5.40753
query,tuples,870000,1.05012e-05 5.46772
query,tuples,880000,1.04764e-05 5.52777
query,tuples,890000,1.05824e-05 5.58846
query,tuples,900000,1.04914e-05 5.64867
query,tuples,910000,1.04732e-05 5.70879
query,tuples,920000,1.05362e-05 5.76929
query,tuples,930000,1.05804e-05 5.82996
query,tuples,940000,1.05766e-05 5.8906
query,tuples,950000,1.04608e-05 5.95071
query,tuples,960000,1.06594e-05 6.01189
query,tuples,970000,1.0502e-05 6.07217
query,tuples,980000,1.04772e-05 6.13221
query,tuples,990000,1.06614e-05 6.19337
query,tuples,1000000,1.05976e-05 6.25425
query,tuples,1010000,1.05354e-05 6.31464
query,tuples,1020000,1.05488e-05 6.37514
query,tuples,1030000,1.04314e-05 6.43499
query,tuples,1040000,1.05702e-05 6.49561
query,tuples,1050000,1.04728e-05 6.55572
query,tuples,1060000,1.06066e-05 6.61649
query,tuples,1070000,1.0561e-05 6.67699
query,tuples,1080000,1.05394e-05 6.73744
query,tuples,1090000,1.0544e-05 6.79791
query,tuples,1100000,1.05242e-05 6.85829
query,tuples,1110000,1.06418e-05 6.91936
query,tuples,1120000,1.05886e-05 6.98008
query,tuples,1130000,1.06876e-05 7.04129
query,tuples,1140000,1.0696e-05 7.10266
query,tuples,1150000,1.07234e-05 7.16413
query,tuples,1160000,1.05956e-05 7.22477
query,tuples,1170000,1.0594e-05 7.28544
query,tuples,1180000,1.06092e-05 7.34635
query,tuples,1190000,1.06426e-05 7.40734
query,tuples,1200000,1.06116e-05 7.46816
query,tuples,1210000,1.04762e-05 7.5281
query,tuples,1220000,1.05292e-05 7.58848
query,tuples,1230000,1.06706e-05 7.64971
query,tuples,1240000,1.05844e-05 7.71048
query,tuples,1250000,1.0607e-05 7.77137
query,tuples,1260000,1.05908e-05 7.83208
query,tuples,1270000,1.07306e-05 7.89361
query,tuples,1280000,1.05736e-05 7.9542
query,tuples,1290000,1.06276e-05 8.01513
query,tuples,1300000,1.06514e-05 8.07615
query,tuples,1310000,1.06182e-05 8.13701
query,tuples,1320000,1.06126e-05 8.19785
query,tuples,1330000,1.05746e-05 8.25845
query,tuples,1340000,1.04324e-05 8.31822
query,tuples,1350000,1.01094e-05 8.37647
query,tuples,1360000,9.2752e-06 8.43043
query,tuples,1370000,9.078e-06 8.48336
query,tuples,1380000,9.207e-06 8.53713
query,tuples,1390000,9.2294e-06 8.59089
query,tuples,1400000,9.2152e-06 8.64463
query,tuples,1410000,9.199e-06 8.69813
query,tuples,1420000,9.202e-06 8.75179
query,tuples,1430000,9.2312e-06 8.80545
query,tuples,1440000,9.2348e-06 8.85923
query,tuples,1450000,9.2728e-06 8.91305
query,tuples,1460000,9.261e-06 8.967
query,tuples,1470000,9.2246e-06 9.0208
query,tuples,1480000,9.264e-06 9.0748
query,tuples,1490000,9.3002e-06 9.12908
query,tuples,1500000,9.3236e-06 9.18348
query,tuples,1510000,9.2924e-06 9.23761
query,tuples,1520000,9.306e-06 9.29173
query,tuples,1530000,9.3238e-06 9.34588
query,tuples,1540000,9.2282e-06 9.39967
query,tuples,1550000,9.22e-06 9.4534
query,tuples,1560000,9.1992e-06 9.50707
query,tuples,1570000,9.2038e-06 9.5608
query,tuples,1580000,9.193e-06 9.61436
query,tuples,1590000,9.185e-06 9.66792
query,tuples,1600000,9.207e-06 9.72146
query,tuples,1610000,9.2162e-06 9.77521
query,tuples,1620000,9.2302e-06 9.82892
query,tuples,1630000,9.262e-06 9.88282
query,tuples,1640000,9.2446e-06 9.9365
query,tuples,1650000,9.23e-06 9.99022
query,tuples,1660000,9.2024e-06 10.0439
query,tuples,1670000,9.2432e-06 10.0977
query,tuples,1680000,9.2968e-06 10.1518
query,tuples,1690000,9.2506e-06 10.2056
query,tuples,1700000,9.4188e-06 10.2603
query,tuples,1710000,9.291e-06 10.3142
query,tuples,1720000,9.2306e-06 10.368
query,tuples,1730000,9.2218e-06 10.4217
query,tuples,1740000,9.228e-06 10.4754
query,tuples,1750000,9.242e-06 10.5292
query,tuples,1760000,9.2794e-06 10.5832
query,tuples,1770000,9.3034e-06 10.6373
query,tuples,1780000,9.2708e-06 10.6913
query,tuples,1790000,9.2848e-06 10.7454
query,tuples,1800000,9.247e-06 10.7994
query,tuples,1810000,9.2856e-06 10.8534
query,tuples,1820000,9.4064e-06 10.908
query,tuples,1830000,9.3418e-06 10.9625
query,tuples,1840000,9.3388e-06 11.0168
query,tuples,1850000,9.3338e-06 11.0712
query,tuples,1860000,9.344e-06 11.1255
query,tuples,1870000,9.3502e-06 11.1798
query,tuples,1880000,9.358e-06 11.2343
query,tuples,1890000,9.354e-06 11.2887
query,tuples,1900000,9.5778e-06 11.3443
query,tuples,1910000,9.317e-06 11.3987
query,tuples,1920000,9.3318e-06 11.453
query,tuples,1930000,9.3108e-06 11.5072
query,tuples,1940000,9.3122e-06 11.5613
query,tuples,1950000,9.3248e-06 11.6157
query,tuples,1960000,9.3254e-06 11.6698
query,tuples,1970000,9.3052e-06 11.7241
query,tuples,1980000,9.3708e-06 11.7787
query,tuples,1990000,9.3454e-06 11.8331
query,tuples,2000000,9.354e-06 11.8876
query,tuples,2010000,9.3522e-06 11.942
query,tuples,2020000,9.3416e-06 11.9963
query,tuples,2030000,9.3508e-06 12.0506
query,tuples,2040000,9.326e-06 12.1049
query,tuples,2050000,9.3202e-06 12.1591
query,tuples,2060000,9.3166e-06 12.2133
query,tuples,2070000,9.341e-06 12.2677
query,tuples,2080000,9.3514e-06 12.322
query,tuples,2090000,9.3512e-06 12.3764
query,tuples,2100000,9.3156e-06 12.4306
query,tuples,2110000,9.3846e-06 12.4851
query,tuples,2120000,9.3272e-06 12.5393
query,tuples,2130000,9.4198e-06 12.594
query,tuples,2140000,9.3468e-06 12.6483
query,tuples,2150000,9.3632e-06 12.7028
query,tuples,2160000,9.33e-06 12.7571
query,tuples,2170000,9.3124e-06 12.8114
query,tuples,2180000,9.3286e-06 12.8656
query,tuples,2190000,9.3034e-06 12.9197
query,tuples,2200000,9.2714e-06 12.9738
query,tuples,2210000,9.2994e-06 13.028
query,tuples,2220000,9.3456e-06 13.0822
query,tuples,2230000,9.3178e-06 13.1365
query,tuples,2240000,9.3524e-06 13.1908
query,tuples,2250000,9.3338e-06 13.2451
query,tuples,2260000,9.3386e-06 13.2995
query,tuples,2270000,9.3906e-06 13.3539
query,tuples,2280000,9.3456e-06 13.4083
query,tuples,2290000,9.3384e-06 13.4626
query,tuples,2300000,9.3058e-06 13.5167
query,tuples,2310000,9.3176e-06 13.571
query,tuples,2320000,9.3284e-06 13.6252
query,tuples,2330000,9.353e-06 13.6796
query,tuples,2340000,9.3384e-06 13.7339
query,tuples,2350000,9.346e-06 13.7884
query,tuples,2360000,9.4088e-06 13.8431
query,tuples,2370000,9.3734e-06 13.8977
query,tuples,2380000,9.3818e-06 13.9522
query,tuples,2390000,9.3878e-06 14.0069
query,tuples,2400000,9.3382e-06 14.0612
query,tuples,2410000,9.3628e-06 14.1157
query,tuples,2420000,9.337e-06 14.17
query,tuples,2430000,9.3254e-06 14.2245
query,tuples,2440000,9.3074e-06 14.2786
query,tuples,2450000,9.4156e-06 14.3335
query,tuples,2460000,9.3378e-06 14.3876
query,tuples,2470000,9.3518e-06 14.442
query,tuples,2480000,9.404e-06 14.4966
query,tuples,2490000,9.3338e-06 14.551
query,tuples,2500000,9.357e-06 14.6054
query,tuples,2510000,9.3518e-06 14.6598
query,tuples,2520000,9.3636e-06 14.7142
query,tuples,2530000,9.391e-06 14.7687
query,tuples,2540000,9.352e-06 14.8231
query,tuples,2550000,9.354e-06 14.8774
query,tuples,2560000,9.3208e-06 14.9317
query,tuples,2570000,9.337e-06 14.986
query,tuples,2580000,9.2812e-06 15.04
query,tuples,2590000,9.333e-06 15.0942
query,tuples,2600000,9.3842e-06 15.1487
query,tuples,2610000,9.3588e-06 15.2031
query,tuples,2620000,9.3356e-06 15.2575
query,tuples,2630000,9.415e-06 15.3122
query,tuples,2640000,9.4292e-06 15.367
query,tuples,2650000,9.3786e-06 15.4216
query,tuples,2660000,9.3404e-06 15.476
query,tuples,2670000,9.3324e-06 15.5303
query,tuples,2680000,9.432e-06 15.5852
query,tuples,2690000,9.3858e-06 15.6397
query,tuples,2700000,9.3892e-06 15.6944
query,tuples,2710000,9.3716e-06 15.7489
query,tuples,2720000,9.3868e-06 15.8036
query,tuples,2730000,9.4158e-06 15.8584
query,tuples,2740000,9.3922e-06 15.913
query,tuples,2750000,9.3902e-06 15.9675
query,tuples,2760000,9.3926e-06 16.0221
query,tuples,2770000,9.3542e-06 16.0765
query,tuples,2780000,9.3498e-06 16.1309
query,tuples,2790000,9.352e-06 16.1854
query,tuples,2800000,9.4058e-06 16.24
query,tuples,2810000,9.5722e-06 16.2956
query,tuples,2820000,9.5248e-06 16.3508
query,tuples,2830000,9.51e-06 16.4059
query,tuples,2840000,9.43e-06 16.4607
query,tuples,2850000,9.4058e-06 16.5152
query,tuples,2860000,9.4994e-06 16.5703
query,tuples,2870000,9.3708e-06 16.6248
query,tuples,2880000,9.3148e-06 16.6791
query,tuples,2890000,9.3684e-06 16.7335
query,tuples,2900000,9.3728e-06 16.788
query,tuples,2910000,9.313e-06 16.8422
query,tuples,2920000,9.3532e-06 16.8966
query,tuples,2930000,9.3368e-06 16.9509
query,tuples,2940000,9.3304e-06 17.0052
query,tuples,2950000,9.3704e-06 17.0598
query,tuples,2960000,9.3742e-06 17.1143
query,tuples,2970000,9.3564e-06 17.1686
query,tuples,2980000,9.3836e-06 17.2232
query,tuples,2990000,9.3706e-06 17.2776
query,tuples,3000000,9.4578e-06 17.3327
query,tuples,3010000,9.4722e-06 17.3877
query,tuples,3020000,9.4046e-06 17.4424
query,tuples,3030000,9.41e-06 17.4972
query,tuples,3040000,9.4532e-06 17.552
query,tuples,3050000,9.3652e-06 17.6065
query,tuples,3060000,9.3852e-06 17.6611
query,tuples,3070000,9.3542e-06 17.7155
query,tuples,3080000,9.3508e-06 17.7699
query,tuples,3090000,9.365e-06 17.8245
query,tuples,3100000,9.3812e-06 17.8789
query,tuples,3110000,9.3666e-06 17.9335
query,tuples,3120000,9.347e-06 17.9881
query,tuples,3130000,9.3618e-06 18.0425
query,tuples,3140000,9.3894e-06 18.097
query,tuples,3150000,9.3838e-06 18.1517
query,tuples,3160000,9.4204e-06 18.2064
query,tuples,3170000,9.4234e-06 18.2612
query,tuples,3180000,9.389e-06 18.3158
query,tuples,3190000,9.433e-06 18.3705
query,tuples,3200000,9.4278e-06 18.4252
query,tuples,3210000,9.4462e-06 18.48
query,tuples,3220000,9.3496e-06 18.5345
query,tuples,3230000,9.4552e-06 18.5894
query,tuples,3240000,9.4002e-06 18.644
query,tuples,3250000,9.4226e-06 18.6987
query,tuples,3260000,9.4096e-06 18.7534
query,tuples,3270000,9.4572e-06 18.8084
query,tuples,3280000,9.5044e-06 18.8635
query,tuples,3290000,9.4472e-06 18.9182
query,tuples,3300000,9.409e-06 18.9729
query,tuples,3310000,9.3958e-06 19.0274
query,tuples,3320000,9.2986e-06 19.0816
query,tuples,3330000,9.3634e-06 19.136
query,tuples,3340000,9.3674e-06 19.1905
query,tuples,3350000,9.374e-06 19.2449
query,tuples,3360000,9.3668e-06 19.2993
query,tuples,3370000,9.3582e-06 19.3528
query,tuples,3380000,9.321e-06 19.4059
query,tuples,3390000,9.2714e-06 19.4589
query,tuples,3400000,9.3862e-06 19.5123
query,tuples,3410000,9.3002e-06 19.5652
query,tuples,3420000,9.3438e-06 19.6183
query,tuples,3430000,9.3918e-06 19.6717
query,tuples,3440000,9.4026e-06 19.7252
query,tuples,3450000,9.3202e-06 19.7782
query,tuples,3460000,9.258e-06 19.8311
query,tuples,3470000,9.6898e-06 19.886
query,tuples,3480000,9.2034e-06 19.9385
query,tuples,3490000,9.2338e-06 19.9913
query,tuples,3500000,9.3374e-06 20.0445
query,tuples,3510000,9.2334e-06 20.0969
query,tuples,3520000,9.1844e-06 20.1494
query,tuples,3530000,9.189e-06 20.2018
query,tuples,3540000,9.2066e-06 20.2543
query,tuples,3550000,9.1338e-06 20.3064
query,tuples,3560000,9.517e-06 20.3604
query,tuples,3570000,9.247e-06 20.4131
query,tuples,3580000,9.2212e-06 20.4657
query,tuples,3590000,9.167e-06 20.5179
query,tuples,3600000,9.1872e-06 20.5703
query,tuples,3610000,9.2114e-06 20.6228
query,tuples,3620000,9.2498e-06 20.6755
query,tuples,3630000,9.1826e-06 20.7279
query,tuples,3640000,9.1612e-06 20.78
query,tuples,3650000,9.1558e-06 20.8323
query,tuples,3660000,9.2336e-06 20.8849
query,tuples,3670000,9.344e-06 20.9381
query,tuples,3680000,9.4352e-06 20.9918
query,tuples,3690000,9.365e-06 21.045
query,tuples,3700000,9.4502e-06 21.0987
query,tuples,3710000,9.3024e-06 21.1517
query,tuples,3720000,9.3764e-06 21.205
query,tuples,3730000,9.3428e-06 21.2582
query,tuples,3740000,9.3916e-06 21.3116
query,tuples,3750000,9.3836e-06 21.365
query,tuples,3760000,9.4172e-06 21.4186
query,tuples,3770000,9.3666e-06 21.4719
query,tuples,3780000,9.3336e-06 21.525
query,tuples,3790000,9.3434e-06 21.5782
query,tuples,3800000,9.329e-06 21.6313
query,tuples,3810000,9.3226e-06 21.6844
query,tuples,3820000,9.3286e-06 21.7375
query,tuples,3830000,9.272e-06 21.7904
query,tuples,3840000,9.3704e-06 21.8438
query,tuples,3850000,9.2802e-06 21.8967
query,tuples,3860000,9.2506e-06 21.9494
query,tuples,3870000,9.2412e-06 22.0022
query,tuples,3880000,9.295e-06 22.0552
query,tuples,3890000,9.3236e-06 22.1083
query,tuples,3900000,9.2234e-06 22.1609
query,tuples,3910000,9.2328e-06 22.2135
query,tuples,3920000,9.3428e-06 22.2666
query,tuples,3930000,9.3636e-06 22.3198
query,tuples,3940000,9.299e-06 22.3728
query,tuples,3950000,9.3462e-06 22.426
query,tuples,3960000,9.3198e-06 22.479
query,tuples,3970000,9.256e-06 22.5316
query,tuples,3980000,9.297e-06 22.5845
query,tuples,3990000,9.4948e-06 22.6384
query,tuples,4000000,9.4722e-06 22.6922
query,tuples,4010000,9.4994e-06 22.7461
query,tuples,4020000,9.4298e-06 22.7998
query,tuples,4030000,9.2604e-06 22.8525
query,tuples,4040000,9.3136e-06 22.9055
query,tuples,4050000,9.235e-06 22.9581
query,tuples,4060000,9.2336e-06 23.0107
query,tuples,4070000,9.2386e-06 23.0634
query,tuples,4080000,9.3374e-06 23.1166
query,tuples,4090000,9.2172e-06 23.169
query,tuples,4100000,9.2194e-06 23.2216
query,tuples,4110000,9.1594e-06 23.2738
query,tuples,4120000,9.2498e-06 23.3266
query,tuples,4130000,9.4124e-06 23.3801
query,tuples,4140000,9.238e-06 23.4329
query,tuples,4150000,9.2062e-06 23.4853
query,tuples,4160000,9.2598e-06 23.538
query,tuples,4170000,9.1988e-06 23.5906
query,tuples,4180000,9.2112e-06 23.643
query,tuples,4190000,9.2446e-06 23.6957
query,tuples,4200000,9.187e-06 23.7481
query,tuples,4210000,9.2236e-06 23.8006
query,tuples,4220000,9.254e-06 23.8534
query,tuples,4230000,9.23e-06 23.9061
query,tuples,4240000,9.2044e-06 23.9585
query,tuples,4250000,9.3192e-06 24.0115
query,tuples,4260000,9.2794e-06 24.0644
query,tuples,4270000,9.262e-06 24.1172
query,tuples,4280000,9.221e-06 24.1697
query,tuples,4290000,9.2478e-06 24.2224
query,tuples,4300000,9.276e-06 24.2752
query,tuples,4310000,9.2482e-06 24.3281
query,tuples,4320000,9.2642e-06 24.3808
query,tuples,4330000,9.251e-06 24.4335
query,tuples,4340000,9.2616e-06 24.4861
query,tuples,4350000,9.1924e-06 24.5386
query,tuples,4360000,9.3314e-06 24.5917
query,tuples,4370000,9.3426e-06 24.645
query,tuples,4380000,9.2906e-06 24.6979
query,tuples,4390000,9.2802e-06 24.7508
query,tuples,4400000,9.3346e-06 24.804
query,tuples,4410000,9.3548e-06 24.8572
query,tuples,4420000,9.3088e-06 24.9102
query,tuples,4430000,9.3752e-06 24.9635
query,tuples,4440000,9.402e-06 25.0169
query,tuples,4450000,9.3976e-06 25.0703
query,tuples,4460000,9.3772e-06 25.1237
query,tuples,4470000,9.3162e-06 25.1766
query,tuples,4480000,9.39e-06 25.23
query,tuples,4490000,9.3412e-06 25.2832
query,tuples,4500000,9.4514e-06 25.337
query,tuples,4510000,9.5178e-06 25.391
query,tuples,4520000,9.549e-06 25.4453
query,tuples,4530000,9.429e-06 25.4989
query,tuples,4540000,9.4224e-06 25.5525
query,tuples,4550000,9.3824e-06 25.6059
query,tuples,4560000,9.3456e-06 25.6591
query,tuples,4570000,9.4524e-06 25.7128
query,tuples,4580000,9.4592e-06 25.7665
query,tuples,4590000,9.3632e-06 25.8198
query,tuples,4600000,9.3362e-06 25.8729
query,tuples,4610000,9.3042e-06 25.926
query,tuples,4620000,9.2936e-06 25.9789
query,tuples,4630000,9.1624e-06 26.0312
query,tuples,4640000,9.2782e-06 26.084
query,tuples,4650000,9.196e-06 26.1364
query,tuples,4660000,9.1974e-06 26.1888
query,tuples,4670000,9.15e-06 26.2411
query,tuples,4680000,9.2618e-06 26.2938
query,tuples,4690000,9.2584e-06 26.3466
query,tuples,4700000,9.2028e-06 26.3991
query,tuples,4710000,9.5948e-06 26.4536
query,tuples,4720000,9.4082e-06 26.507
query,tuples,4730000,9.4918e-06 26.5609
query,tuples,4740000,9.5168e-06 26.615
query,tuples,4750000,9.3096e-06 26.6679
query,tuples,4760000,9.3156e-06 26.721
query,tuples,4770000,9.3522e-06 26.7742
query,tuples,4780000,9.3458e-06 26.8274
query,tuples,4790000,9.3056e-06 26.8805
query,tuples,4800000,9.2628e-06 26.9331
query,tuples,4810000,9.2902e-06 26.986
query,tuples,4820000,9.2608e-06 27.0388
query,tuples,4830000,9.2818e-06 27.0916
query,tuples,4840000,9.3928e-06 27.1451
query,tuples,4850000,9.3926e-06 27.1985
query,tuples,4860000,9.3218e-06 27.2515
query,tuples,4870000,9.3224e-06 27.3045
query,tuples,4880000,9.3162e-06 27.3576
query,tuples,4890000,9.3428e-06 27.411
query,tuples,4900000,9.337e-06 27.4643
query,tuples,4910000,9.2554e-06 27.5171
query,tuples,4920000,9.4596e-06 27.5708
query,tuples,4930000,9.2866e-06 27.6238
query,tuples,4940000,9.266e-06 27.6766
query,tuples,4950000,9.3522e-06 27.7299
query,tuples,4960000,9.3438e-06 27.783
query,tuples,4970000,9.2826e-06 27.836
query,tuples,4980000,9.3048e-06 27.889
query,tuples,4990000,9.344e-06 27.9422
query,tuples,5000000,9.3812e-06 27.9955
query,tuples,5010000,9.2928e-06 28.0484
query,tuples,5020000,9.317e-06 28.1015
query,tuples,5030000,9.322e-06 28.1546
query,tuples,5040000,9.2564e-06 28.2074
query,tuples,5050000,9.3538e-06 28.2606
query,tuples,5060000,9.3258e-06 28.3137
query,tuples,5070000,9.283e-06 28.3665
query,tuples,5080000,9.2852e-06 28.4194
query,tuples,5090000,9.3226e-06 28.4724
query,tuples,5100000,9.3216e-06 28.5255
query,tuples,5110000,9.3014e-06 28.5785
query,tuples,5120000,9.2742e-06 28.6313
query,tuples,5130000,9.2524e-06 28.684
query,tuples,5140000,9.2712e-06 28.7368
query,tuples,5150000,9.2748e-06 28.7897
query,tuples,5160000,9.3348e-06 28.8428
query,tuples,5170000,9.397e-06 28.8962
query,tuples,5180000,9.4642e-06 28.9499
query,tuples,5190000,9.4688e-06 29.0037
query,tuples,5200000,9.4624e-06 29.0575
query,tuples,5210000,9.3232e-06 29.1105
query,tuples,5220000,9.3066e-06 29.1634
query,tuples,5230000,9.367e-06 29.2166
query,tuples,5240000,9.2772e-06 29.2694
query,tuples,5250000,9.3174e-06 29.3225
query,tuples,5260000,9.374e-06 29.3759
query,tuples,5270000,9.3078e-06 29.4289
query,tuples,5280000,9.4296e-06 29.4826
query,tuples,5290000,9.4464e-06 29.5363
query,tuples,5300000,9.4728e-06 29.5901
query,tuples,5310000,9.436e-06 29.6437
query,tuples,5320000,9.3062e-06 29.6967
query,tuples,5330000,9.2568e-06 29.7495
query,tuples,5340000,9.3014e-06 29.8024
query,tuples,5350000,9.3136e-06 29.8555
query,tuples,5360000,9.3752e-06 29.9088
query,tuples,5370000,9.338e-06 29.9619
query,tuples,5380000,9.4526e-06 30.0156
query,tuples,5390000,9.3402e-06 30.0687
query,tuples,5400000,9.3542e-06 30.1219
query,tuples,5410000,9.3682e-06 30.1752
query,tuples,5420000,9.3038e-06 30.2281
query,tuples,5430000,9.38e-06 30.2815
query,tuples,5440000,9.3108e-06 30.3344
query,tuples,5450000,9.3222e-06 30.3875
query,tuples,5460000,9.3478e-06 30.4408
query,tuples,5470000,9.3094e-06 30.4937
query,tuples,5480000,9.272e-06 30.5465
query,tuples,5490000,9.4148e-06 30.6
query,tuples,5500000,9.3762e-06 30.6533
query,tuples,5510000,9.3686e-06 30.7066
query,tuples,5520000,9.3456e-06 30.7598
query,tuples,5530000,9.3802e-06 30.8132
query,tuples,5540000,9.3848e-06 30.8665
query,tuples,5550000,9.4342e-06 30.9203
query,tuples,5560000,9.473e-06 30.974
query,tuples,5570000,9.3996e-06 31.0275
query,tuples,5580000,9.4618e-06 31.0813
query,tuples,5590000,9.547e-06 31.1354
query,tuples,5600000,9.4374e-06 31.1891
query,tuples,5610000,9.5504e-06 31.2432
query,tuples,5620000,9.5826e-06 31.2976
query,tuples,5630000,9.689e-06 31.3525
query,tuples,5640000,9.5144e-06 31.4066
query,tuples,5650000,9.4012e-06 31.4602
query,tuples,5660000,9.4102e-06 31.5139
query,tuples,5670000,9.4438e-06 31.5678
query,tuples,5680000,9.4768e-06 31.6217
query,tuples,5690000,9.381e-06 31.6751
query,tuples,5700000,9.3608e-06 31.7283
query,tuples,5710000,9.3192e-06 31.7814
query,tuples,5720000,9.325e-06 31.8345
query,tuples,5730000,9.3388e-06 31.8877
query,tuples,5740000,9.3394e-06 31.9409
query,tuples,5750000,9.3712e-06 31.9942
query,tuples,5760000,9.2648e-06 32.0469
query,tuples,5770000,9.28e-06 32.0997
query,tuples,5780000,9.318e-06 32.1528
query,tuples,5790000,9.304e-06 32.2058
query,tuples,5800000,9.6422e-06 32.2605
query,tuples,5810000,9.6784e-06 32.3156
query,tuples,5820000,9.4394e-06 32.3692
query,tuples,5830000,9.3578e-06 32.4225
query,tuples,5840000,9.3718e-06 32.4758
query,tuples,5850000,9.3698e-06 32.5291
query,tuples,5860000,9.4464e-06 32.5829
query,tuples,5870000,9.4172e-06 32.6364
query,tuples,5880000,9.4424e-06 32.6901
query,tuples,5890000,9.334e-06 32.7431
query,tuples,5900000,9.3714e-06 32.7965
query,tuples,5910000,9.3356e-06 32.8495
query,tuples,5920000,9.3104e-06 32.9026
query,tuples,5930000,9.3446e-06 32.9558
query,tuples,5940000,9.3496e-06 33.0091
query,tuples,5950000,9.288e-06 33.062
query,tuples,5960000,9.2752e-06 33.1149
query,tuples,5970000,9.3382e-06 33.1681
query,tuples,5980000,9.3394e-06 33.2213
query,tuples,5990000,9.4314e-06 33.275
query,tuples,6000000,9.3992e-06 33.3284
query,tuples,6010000,9.2928e-06 33.3813
query,tuples,6020000,9.3064e-06 33.4343
query,tuples,6030000,9.3238e-06 33.4874
query,tuples,6040000,9.3362e-06 33.5406
query,tuples,6050000,9.5074e-06 33.5946
query,tuples,6060000,9.4174e-06 33.6481
query,tuples,6070000,9.4114e-06 33.7017
query,tuples,6080000,9.432e-06 33.7553
query,tuples,6090000,9.4274e-06 33.8089
query,tuples,6100000,9.3794e-06 33.8622
query,tuples,6110000,9.4894e-06 33.9162
query,tuples,6120000,9.4176e-06 33.9696
query,tuples,6130000,9.305e-06 34.0227
query,tuples,6140000,9.3316e-06 34.0758
query,tuples,6150000,9.3534e-06 34.129
query,tuples,6160000,9.382e-06 34.1822
query,tuples,6170000,9.4606e-06 34.236
query,tuples,6180000,9.5714e-06 34.2904
query,tuples,6190000,9.5116e-06 34.3445
query,tuples,6200000,9.4852e-06 34.3984
query,tuples,6210000,9.3548e-06 34.4516
query,tuples,6220000,9.4456e-06 34.5053
query,tuples,6230000,9.3646e-06 34.5586
query,tuples,6240000,9.381e-06 34.6119
query,tuples,6250000,9.42e-06 34.6655
query,tuples,6260000,9.3616e-06 34.7187
query,tuples,6270000,9.3546e-06 34.7719
query,tuples,6280000,9.4426e-06 34.8256
query,tuples,6290000,9.4018e-06 34.879
query,tuples,6300000,9.442e-06 34.9327
query,tuples,6310000,9.434e-06 34.9862
query,tuples,6320000,9.4776e-06 35.0401
query,tuples,6330000,9.4112e-06 35.0936
query,tuples,6340000,9.4374e-06 35.1472
query,tuples,6350000,9.458e-06 35.2009
query,tuples,6360000,9.4404e-06 35.2546
query,tuples,6370000,9.37e-06 35.3078
query,tuples,6380000,9.531e-06 35.3618
query,tuples,6390000,9.3812e-06 35.4152
query,tuples,6400000,9.3734e-06 35.4685
query,tuples,6410000,9.3718e-06 35.5217
query,tuples,6420000,9.367e-06 35.5751
query,tuples,6430000,9.4324e-06 35.6288
query,tuples,6440000,9.5318e-06 35.6828
query,tuples,6450000,9.5338e-06 35.7369
query,tuples,6460000,9.635e-06 35.7915
query,tuples,6470000,9.5734e-06 35.8458
query,tuples,6480000,9.5204e-06 35.9
query,tuples,6490000,9.4978e-06 35.9541
query,tuples,6500000,9.4448e-06 36.0078
query,tuples,6510000,9.5262e-06 36.0619
query,tuples,6520000,9.517e-06 36.116
query,tuples,6530000,9.437e-06 36.1696
query,tuples,6540000,9.4894e-06 36.2235
query,tuples,6550000,9.519e-06 36.2775
query,tuples,6560000,9.5326e-06 36.3316
query,tuples,6570000,9.4432e-06 36.3853
query,tuples,6580000,9.3966e-06 36.4388
query,tuples,6590000,9.4534e-06 36.4925
query,tuples,6600000,9.4864e-06 36.5465
query,tuples,6610000,9.7326e-06 36.6017
query,tuples,6620000,9.5198e-06 36.6557
query,tuples,6630000,9.5302e-06 36.7098
query,tuples,6640000,9.5794e-06 36.7641
query,tuples,6650000,9.5768e-06 36.8186
query,tuples,6660000,9.484e-06 36.8724
query,tuples,6670000,9.3696e-06 36.9257
query,tuples,6680000,9.3076e-06 36.9787
query,tuples,6690000,9.3852e-06 37.0321
query,tuples,6700000,9.3856e-06 37.0856
query,tuples,6710000,9.4494e-06 37.1392
query,tuples,6720000,9.4866e-06 37.1931
query,tuples,6730000,9.4164e-06 37.2467
query,tuples,6740000,9.456e-06 37.3004
query,tuples,6750000,9.4696e-06 37.3542
query,tuples,6760000,9.443e-06 37.4079
query,tuples,6770000,9.448e-06 37.4615
query,tuples,6780000,9.3956e-06 37.5149
query,tuples,6790000,9.3992e-06 37.5684
query,tuples,6800000,9.421e-06 37.622
query,tuples,6810000,9.4618e-06 37.6758
query,tuples,6820000,9.4422e-06 37.7295
query,tuples,6830000,9.4756e-06 37.7834
query,tuples,6840000,9.4338e-06 37.8371
query,tuples,6850000,9.5096e-06 37.8912
query,tuples,6860000,9.5062e-06 37.9452
query,tuples,6870000,9.4788e-06 37.999
query,tuples,6880000,9.3974e-06 38.0526
query,tuples,6890000,9.4856e-06 38.1065
query,tuples,6900000,9.3962e-06 38.1599
query,tuples,6910000,9.4564e-06 38.2137
query,tuples,6920000,9.4706e-06 38.2675
query,tuples,6930000,9.5828e-06 38.3218
query,tuples,6940000,9.5726e-06 38.3761
query,tuples,6950000,9.444e-06 38.4299
query,tuples,6960000,9.4526e-06 38.4836
query,tuples,6970000,9.4484e-06 38.5373
query,tuples,6980000,9.5362e-06 38.5914
query,tuples,6990000,9.4236e-06 38.645
query,tuples,7000000,9.5034e-06 38.6988
query,tuples,7010000,9.5282e-06 38.7528
query,tuples,7020000,9.6112e-06 38.8073
query,tuples,7030000,9.5504e-06 38.8615
query,tuples,7040000,9.6602e-06 38.9162
query,tuples,7050000,9.654e-06 38.971
query,tuples,7060000,9.4808e-06 39.0248
query,tuples,7070000,9.4116e-06 39.0783
query,tuples,7080000,9.4412e-06 39.1319
query,tuples,7090000,9.5198e-06 39.1858
query,tuples,7100000,9.489e-06 39.2398
query,tuples,7110000,9.521e-06 39.2938
query,tuples,7120000,9.5488e-06 39.348
query,tuples,7130000,9.5836e-06 39.4024
query,tuples,7140000,9.5436e-06 39.4565
query,tuples,7150000,9.5978e-06 39.511
query,tuples,7160000,9.469e-06 39.566
query,tuples,7170000,9.4902e-06 39.6201
query,tuples,7180000,9.5832e-06 39.6744
query,tuples,7190000,9.595e-06 39.7289
query,tuples,7200000,9.5502e-06 39.7831
query,tuples,7210000,9.5388e-06 39.8373
query,tuples,7220000,9.548e-06 39.8915
query,tuples,7230000,9.4494e-06 39.9452
query,tuples,7240000,9.4256e-06 39.9987
query,tuples,7250000,9.4234e-06 40.0523
query,tuples,7260000,9.56e-06 40.1066
query,tuples,7270000,9.6122e-06 40.1612
query,tuples,7280000,9.5806e-06 40.2155
query,tuples,7290000,9.5742e-06 40.2699
query,tuples,7300000,9.5312e-06 40.324
query,tuples,7310000,9.5072e-06 40.378
query,tuples,7320000,9.5214e-06 40.4319
query,tuples,7330000,9.4776e-06 40.4857
query,tuples,7340000,9.4474e-06 40.5394
query,tuples,7350000,9.4934e-06 40.5934
query,tuples,7360000,9.4088e-06 40.6468
query,tuples,7370000,9.488e-06 40.7007
query,tuples,7380000,9.5292e-06 40.7548
query,tuples,7390000,9.463e-06 40.8085
query,tuples,7400000,9.4182e-06 40.862
query,tuples,7410000,9.4368e-06 40.9157
query,tuples,7420000,9.4912e-06 40.9696
query,tuples,7430000,9.4102e-06 41.023
query,tuples,7440000,9.3828e-06 41.0763
query,tuples,7450000,9.3272e-06 41.1293
query,tuples,7460000,9.3952e-06 41.1827
query,tuples,7470000,9.3856e-06 41.2361
query,tuples,7480000,9.486e-06 41.2899
query,tuples,7490000,9.5744e-06 41.3443
query,tuples,7500000,9.4126e-06 41.3977
query,tuples,7510000,9.301e-06 41.4508
query,tuples,7520000,9.4074e-06 41.5042
query,tuples,7530000,9.466e-06 41.558
query,tuples,7540000,9.578e-06 41.6123
query,tuples,7550000,9.5066e-06 41.6663
query,tuples,7560000,9.5834e-06 41.7207
query,tuples,7570000,9.4856e-06 41.7746
query,tuples,7580000,9.4696e-06 41.8283
query,tuples,7590000,9.4804e-06 41.8822
query,tuples,7600000,9.5534e-06 41.9364
query,tuples,7610000,9.402e-06 41.9899
query,tuples,7620000,9.4926e-06 42.0437
query,tuples,7630000,9.5138e-06 42.0979
query,tuples,7640000,9.4448e-06 42.1515
query,tuples,7650000,9.4376e-06 42.2051
query,tuples,7660000,9.5108e-06 42.2591
query,tuples,7670000,9.5212e-06 42.3131
query,tuples,7680000,9.5212e-06 42.3672
query,tuples,7690000,9.4038e-06 42.4207
query,tuples,7700000,9.3962e-06 42.4741
query,tuples,7710000,9.3264e-06 42.5272
query,tuples,7720000,9.3776e-06 42.5809
query,tuples,7730000,9.3134e-06 42.6338
query,tuples,7740000,9.3228e-06 42.6869
query,tuples,7750000,9.4044e-06 42.7404
query,tuples,7760000,9.4672e-06 42.7942
query,tuples,7770000,9.3978e-06 42.8477
query,tuples,7780000,9.363e-06 42.901
query,tuples,7790000,9.3358e-06 42.954
query,tuples,7800000,9.341e-06 43.0072
query,tuples,7810000,9.3812e-06 43.0605
query,tuples,7820000,9.3672e-06 43.1137
query,tuples,7830000,9.331e-06 43.1668
query,tuples,7840000,9.3466e-06 43.2199
query,tuples,7850000,9.3062e-06 43.2729
query,tuples,7860000,9.3784e-06 43.3262
query,tuples,7861240,9.36774e-06 43.3334
