query,tuples,100,0.0001195 0.006036
query,tuples,200,0.00091002 0.051743
query,tuples,300,0.00202912 0.153385
query,tuples,400,0.00306418 0.30678
query,tuples,500,0.00454262 0.534089
query,tuples,600,0.00527822 0.798192
query,tuples,700,0.0078829 1.19251
query,tuples,800,0.0102899 1.70718
query,tuples,900,0.0093591 2.17532
query,tuples,1000,0.0126718 2.80909
query,tuples,1100,0.0117003 3.39429
query,tuples,1200,0.0177726 4.2831
query,tuples,1300,0.0233021 5.44842
query,tuples,1400,0.0187799 6.3876
query,tuples,1500,0.0235359 7.56459
query,tuples,1600,0.0331841 9.22397
query,tuples,1700,0.0311162 10.78
query,tuples,1800,0.0327308 12.4167
query,tuples,1900,0.0332001 14.0769
query,tuples,2000,0.0438766 16.2709
query,tuples,2100,0.0534495 18.9436
query,tuples,2200,0.0633361 22.1106
query,tuples,2300,0.0327324 23.7474
query,tuples,2400,0.0512827 26.3118
query,tuples,2500,0.0521848 28.9212
query,tuples,2600,0.0351747 30.6801
query,tuples,2700,0.0580045 33.5805
query,tuples,2800,0.0725992 37.2107
query,tuples,2900,0.0678099 40.6014
query,tuples,3000,0.0541294 43.3081
query,tuples,3100,0.0915159 47.8841
query,tuples,3200,0.0715554 51.462
query,tuples,3300,0.107404 56.8324
query,tuples,3400,0.108063 62.2358
query,tuples,3500,0.0794385 66.2079
query,tuples,3600,0.10967 71.6916
query,tuples,3700,0.125767 77.9802
query,tuples,3800,0.123607 84.1607
query,tuples,3900,0.137775 91.0497
query,tuples,4000,0.157258 98.9128
query,tuples,4100,0.187067 108.266
query,tuples,4200,0.075887 112.061
query,tuples,4300,0.101132 117.118
query,tuples,4400,0.125464 123.391
query,tuples,4500,0.13562 130.172
query,tuples,4600,0.207996 140.572
query,tuples,4700,0.198186 150.482
query,tuples,4800,0.189351 159.95
query,tuples,4900,0.170159 168.458
query,tuples,5000,0.223611 179.638
query,tuples,5100,0.222941 190.786
query,tuples,5200,0.14772 198.172
query,tuples,5300,0.250091 210.677
query,tuples,5400,0.324864 226.92
query,tuples,5500,0.215657 237.703
query,tuples,5600,0.235502 249.478
query,tuples,5700,0.208951 259.926
query,tuples,5800,0.12286 266.069
query,tuples,5900,0.14728 273.434
query,tuples,6000,0.17 281.934
query,tuples,6100,0.281003 295.984
query,tuples,6200,0.231447 307.557
query,tuples,6300,0.349386 325.026
query,tuples,6400,0.266018 338.327
query,tuples,6500,0.319243 354.29
query,tuples,6600,0.311492 369.865
query,tuples,6700,0.306283 385.179
query,tuples,6800,0.260223 398.19
query,tuples,6900,0.298525 413.117
query,tuples,7000,0.339966 430.115
query,tuples,7100,0.307425 445.487
query,tuples,7200,0.408292 465.901
query,tuples,7300,0.322142 482.009
query,tuples,7400,0.486055 506.312
query,tuples,7500,0.504156 531.52
query,tuples,7600,0.358676 549.454
query,tuples,7700,0.465239 572.716
query,tuples,7800,0.337957 589.614
query,tuples,7900,0.528093 616.019
query,tuples,8000,0.495014 640.77
query,tuples,8100,0.545236 668.032
query,tuples,8200,0.411427 688.603
query,tuples,8300,0.375905 707.399
query,tuples,8400,0.16135 715.467
query,tuples,8500,0.690236 749.979
query,tuples,8600,0.634571 781.707
query,tuples,8700,0.450231 804.219
query,tuples,8800,0.75146 841.792
query,tuples,8900,0.438896 863.737
query,tuples,9000,0.47509 887.492
query,tuples,9100,0.643836 919.684
query,tuples,9200,0.429337 941.151
query,tuples,9300,0.651859 973.744
query,tuples,9400,0.719702 1009.73
query,tuples,9500,0.658286 1042.64
query,tuples,9600,0.717494 1078.52
query,tuples,9700,0.423876 1099.71
query,tuples,9800,0.59299 1129.36
query,tuples,9900,0.853745 1172.05
query,tuples,10000,0.45303 1194.7
query,tuples,10100,0.73231 1231.32
query,tuples,10200,0.649905 1263.81
query,tuples,10300,0.612794 1294.45
query,tuples,10400,1.00369 1344.64
query,tuples,10500,0.575522 1373.41
query,tuples,10600,0.575242 1402.18
query,tuples,10700,0.950109 1449.68
query,tuples,10800,0.644314 1481.9
query,tuples,10900,0.325008 1498.15
query,tuples,11000,1.12987 1554.64
query,tuples,11100,0.855997 1597.44
query,tuples,11200,1.03288 1649.09
query,tuples,11300,0.778214 1688
query,tuples,11400,0.679578 1721.98
query,tuples,11500,1.3964 1791.8
query,tuples,11600,1.01571 1842.58
query,tuples,11700,0.610821 1873.12
query,tuples,11800,0.677481 1907
query,tuples,11900,1.21941 1967.97
query,tuples,12000,0.943316 2015.13
query,tuples,12100,0.493352 2039.8
query,tuples,12200,1.31156 2105.38
query,tuples,12300,1.12185 2161.47
query,tuples,12400,1.05378 2214.16
query,tuples,12500,0.805779 2254.45
query,tuples,12600,1.00317 2304.61
query,tuples,12700,0.467481 2327.98
query,tuples,12800,0.978585 2376.91
query,tuples,12900,1.43619 2448.72
query,tuples,13000,1.21704 2520.58
query,tuples,13100,0.758144 2592.48
query,tuples,13200,0.664343 2652.7
query,tuples,13300,0.892072 2736.3
query,tuples,13400,0.860559 2815.33
query,tuples,13500,0.656189 2872.14
query,tuples,13600,0.742745 2936.78
query,tuples,13700,0.678155 2994.19
query,tuples,13800,0.737019 3056.54
query,tuples,13900,0.891032 3133.09
query,tuples,14000,0.572914 3178.24
query,tuples,14100,0.468082 3213.14
query,tuples,14200,0.489219 3249.6
query,tuples,14300,0.93102 3326.15
query,tuples,14400,1.06559 3413.93
query,tuples,14500,0.62086 3460.98
query,tuples,14600,0.852297 3528.09
query,tuples,14700,0.893761 3598.28
query,tuples,14800,0.439611 3628.26
query,tuples,14900,0.449162 3658.72
query,tuples,15000,0.527748 3695.61
query,tuples,15100,1.07187 3778.2
query,tuples,15200,0.9895 3853.18
query,tuples,15300,0.642681 3898.81
query,tuples,15400,0.759945 3953.81
query,tuples,15500,1.42346 4062.48
query,tuples,15600,1.01823 4137.39
query,tuples,15700,1.2982 4234.3
query,tuples,15800,1.5054 4347.07
query,tuples,15900,1.36702 4447.92
query,tuples,16000,1.04121 4522.48
query,tuples,16100,1.62898 4642.43
query,tuples,16200,0.74531 4693.2
query,tuples,16300,0.921212 4757.26
query,tuples,16400,1.03213 4829.37
query,tuples,16500,0.643114 4871.52
query,tuples,16600,0.61716 4911.38
query,tuples,16700,1.08945 4986.35
query,tuples,16800,1.69712 5106.21
query,tuples,16900,1.45471 5207.45
query,tuples,17000,1.90715 5341.3
query,tuples,17100,1.11132 5416.37
query,tuples,17200,1.32929 5506.83
query,tuples,17300,1.55749 5613.21
query,tuples,17400,1.31294 5701.36
query,tuples,17500,1.8676 5828.74
query,tuples,17600,1.20586 5908.53
query,tuples,17700,2.26849 6062.95
query,tuples,17800,1.2698 6146.44
query,tuples,17900,1.40845 6239.37
query,tuples,18000,1.85201 6362.47
query,tuples,18100,0.939936 6421.97
query,tuples,18200,0.948408 6481.89
query,tuples,18300,1.83026 6603.4
query,tuples,18400,0.933024 6687.05
query,tuples,18500,1.20874 6798.49
query,tuples,18600,1.24988 6912.98
query,tuples,18700,1.85761 7088.86
query,tuples,18800,1.8121 7257.47
query,tuples,18900,0.854599 7328.2
query,tuples,19000,1.42399 7454.4
query,tuples,19100,1.3586 7573.33
query,tuples,19200,2.18105 7770.38
query,tuples,19300,1.47332 7898.05
query,tuples,19400,1.73761 8048.93
query,tuples,19500,2.41322 8261.59
query,tuples,19600,1.60112 8396.64
query,tuples,19700,1.55068 8526.18
query,tuples,19800,0.940579 8599.21
query,tuples,19900,2.12506 8778.46
query,tuples,20000,1.29733 8882.33
query,tuples,20100,1.55251 9007.95
query,tuples,20200,2.56682 9221.3
query,tuples,20300,1.77605 9363.1
query,tuples,20400,1.69056 9495.63
query,tuples,20500,2.07811 9659.53
query,tuples,20600,2.01052 9816.06
query,tuples,20700,2.81946 10037
query,tuples,20800,2.39191 10220.6
query,tuples,20900,2.35496 10399.4
