This is pdfeTeX, Version 3.141592-1.21a-2.2 (Web2C 7.5.4) (format=pdflatex 2008.10.27)  23 JAN 2009 16:12
entering extended mode
\write18 enabled.
**pip.tex
(./pip.tex
LaTeX2e <2003/12/01>
Babel <v3.8d> and hyphenation patterns for american, french, german, ngerman, b
ahasa, basque, bulgarian, catalan, croatian, czech, danish, dutch, esperanto, e
stonian, finnish, greek, icelandic, irish, italian, latin, magyar, norsk, polis
h, portuges, romanian, russian, serbian, slovak, slovene, spanish, swedish, tur
kish, ukrainian, nohyphenation, loaded.
(./sig-alternate.cls (/sw/share/texmf-dist/tex/latex/graphics/epsfig.sty
Package: epsfig 1999/02/16 v1.7a (e)psfig emulation (SPQR)

(/sw/share/texmf-dist/tex/latex/graphics/graphicx.sty
Package: graphicx 1999/02/16 v1.0f Enhanced LaTeX Graphics (DPC,SPQR)

(/sw/share/texmf-dist/tex/latex/graphics/keyval.sty
Package: keyval 1999/03/16 v1.13 key=value parser (DPC)
\KV@toks@=\toks14
)
(/sw/share/texmf-dist/tex/latex/graphics/graphics.sty
Package: graphics 2001/07/07 v1.0n Standard LaTeX Graphics (DPC,SPQR)

(/sw/share/texmf-dist/tex/latex/graphics/trig.sty
Package: trig 1999/03/16 v1.09 sin cos tan (DPC)
)
(/sw/share/texmf-dist/tex/latex/graphics/graphics.cfg
File: graphics.cfg 2005/02/03 v1.3 graphics configuration of teTeX/TeXLive
)
Package graphics Info: Driver file: pdftex.def on input line 80.

(/sw/share/texmf-dist/tex/latex/graphics/pdftex.def
File: pdftex.def 2002/06/19 v0.03k graphics/color for pdftex
\Gread@gobject=\count79
))
\Gin@req@height=\dimen102
\Gin@req@width=\dimen103
)
\epsfxsize=\dimen104
\epsfysize=\dimen105
)
(/sw/share/texmf-dist/tex/latex/amsfonts/amssymb.sty
Package: amssymb 2002/01/22 v2.2d

(/sw/share/texmf-dist/tex/latex/amsfonts/amsfonts.sty
Package: amsfonts 2001/10/25 v2.2f
\@emptytoks=\toks15
\symAMSa=\mathgroup4
\symAMSb=\mathgroup5
LaTeX Font Info:    Overwriting math alphabet `\mathfrak' in version `bold'
(Font)                  U/euf/m/n --> U/euf/b/n on input line 132.
))
(/sw/share/texmf-dist/tex/latex/amsmath/amsmath.sty
Package: amsmath 2000/07/18 v2.13 AMS math features
\@mathmargin=\skip41

For additional information on amsmath, use the `?' option.
(/sw/share/texmf-dist/tex/latex/amsmath/amstext.sty
Package: amstext 2000/06/29 v2.01

(/sw/share/texmf-dist/tex/latex/amsmath/amsgen.sty
File: amsgen.sty 1999/11/30 v2.0
\@emptytoks=\toks16
\ex@=\dimen106
))
(/sw/share/texmf-dist/tex/latex/amsmath/amsbsy.sty
Package: amsbsy 1999/11/29 v1.2d
\pmbraise@=\dimen107
)
(/sw/share/texmf-dist/tex/latex/amsmath/amsopn.sty
Package: amsopn 1999/12/14 v2.01 operator names
)
\inf@bad=\count80
LaTeX Info: Redefining \frac on input line 211.
\uproot@=\count81
\leftroot@=\count82
LaTeX Info: Redefining \overline on input line 307.
\classnum@=\count83
\DOTSCASE@=\count84
LaTeX Info: Redefining \ldots on input line 379.
LaTeX Info: Redefining \dots on input line 382.
LaTeX Info: Redefining \cdots on input line 467.
\Mathstrutbox@=\box26
\strutbox@=\box27
\big@size=\dimen108
LaTeX Font Info:    Redeclaring font encoding OML on input line 567.
LaTeX Font Info:    Redeclaring font encoding OMS on input line 568.
\macc@depth=\count85
\c@MaxMatrixCols=\count86
\dotsspace@=\muskip10
\c@parentequation=\count87
\dspbrk@lvl=\count88
\tag@help=\toks17
\row@=\count89
\column@=\count90
\maxfields@=\count91
\andhelp@=\toks18
\eqnshift@=\dimen109
\alignsep@=\dimen110
\tagshift@=\dimen111
\tagwidth@=\dimen112
\totwidth@=\dimen113
\lineht@=\dimen114
\@envbody=\toks19
\multlinegap=\skip42
\multlinetaggap=\skip43
\mathdisplay@stack=\toks20
LaTeX Info: Redefining \[ on input line 2666.
LaTeX Info: Redefining \] on input line 2667.
)
Document Class 'sig-alternate' <2nd. October '02>. Modified by G.K.M. Tobin/Ger
ry Murray
Based in part upon document Style `acmconf' <22 May 89>. Hacked 4/91 by
shivers@cs.cmu.edu, 4/93 by theobald@cs.mcgill.ca
Excerpts were taken from (Journal Style) 'esub2acm.cls'.
****** Bugs/comments/suggestions/technicalities to Gerry Murray -- murray@hq.ac
m.org ******
Questions on the style, SIGS policies, etc. to Adrienne Griscti griscti@acm.org

\footheight=\dimen115
\@maxsep=\dimen116
\@dblmaxsep=\dimen117
\aucount=\count92
\originalaucount=\count93
\auwidth=\dimen118
\auskip=\dimen119
\auskipcount=\count94
\auskip=\dimen120
\allauboxes=\dimen121
\addauthors=\toks21
\addauflag=\count95
\subtitletext=\toks22
\savesection=\count96
\sectioncntr=\count97
\c@figure=\count98
\c@table=\count99
\titleboxnotes=\toks23
\titleboxnoteflag=\count100
Document Class: sig-alternate 2002/02/10 - V1.6 - based on acmproc.cls V1.3 <No
v. 30 '99>
(/sw/share/texmf-dist/tex/latex/base/latexsym.sty
Package: latexsym 1998/08/17 v2.2e Standard LaTeX package (lasy symbols)
\symlasy=\mathgroup6
LaTeX Font Info:    Overwriting symbol font `lasy' in version `bold'
(Font)                  U/lasy/m/n --> U/lasy/b/n on input line 47.
)
\@acmtitlebox=\box28
\titlenotecount=\count101
\tntoks=\toks24
\tntokstwo=\toks25
\tntoksthree=\toks26
\tntoksfour=\toks27
\tntoksfive=\toks28
\catcount=\count102
\copyrightnotice=\toks29
\conf=\toks30
\confinfo=\toks31
\c@part=\count103
\c@section=\count104
\c@subsection=\count105
\c@subsubsection=\count106
\c@paragraph=\count107

Using 'Abbrev' bibliography style
\bibindent=\dimen122
\colcntr=\count108
\savebox=\box29
\copyrtyr=\toks32
\acmcopyr=\toks33
\boilerplate=\toks34
\copyrightetc=\toks35
)
\c@theorem=\count109
\c@metatheorem=\count110
 (./pip.aux)
\openout1 = `pip.aux'.

LaTeX Font Info:    Checking defaults for OML/cmm/m/it on input line 63.
LaTeX Font Info:    ... okay on input line 63.
LaTeX Font Info:    Checking defaults for T1/cmr/m/n on input line 63.
LaTeX Font Info:    ... okay on input line 63.
LaTeX Font Info:    Checking defaults for OT1/cmr/m/n on input line 63.
LaTeX Font Info:    ... okay on input line 63.
LaTeX Font Info:    Checking defaults for OMS/cmsy/m/n on input line 63.
LaTeX Font Info:    ... okay on input line 63.
LaTeX Font Info:    Checking defaults for OMX/cmex/m/n on input line 63.
LaTeX Font Info:    ... okay on input line 63.
LaTeX Font Info:    Checking defaults for U/cmr/m/n on input line 63.
LaTeX Font Info:    ... okay on input line 63.
 (/sw/share/texmf-dist/tex/context/base/supp-pdf.tex
(/sw/share/texmf-dist/tex/context/base/supp-mis.tex
loading : Context Support Macros / Miscellaneous (2004.10.26)
\protectiondepth=\count111
\scratchcounter=\count112
\scratchtoks=\toks36
\scratchdimen=\dimen123
\scratchskip=\skip44
\scratchmuskip=\muskip11
\scratchbox=\box30
\scratchread=\read1
\scratchwrite=\write3
\zeropoint=\dimen124
\onepoint=\dimen125
\onebasepoint=\dimen126
\minusone=\count113
\thousandpoint=\dimen127
\onerealpoint=\dimen128
\emptytoks=\toks37
\nextbox=\box31
\nextdepth=\dimen129
\everyline=\toks38
\!!counta=\count114
\!!countb=\count115
\recursecounter=\count116
)
loading : Context Support Macros / PDF (2004.03.26)
\nofMPsegments=\count117
\nofMParguments=\count118
\MPscratchCnt=\count119
\MPscratchDim=\dimen130
\MPnumerator=\count120
\everyMPtoPDFconversion=\toks39
)
LaTeX Font Info:    Try loading font information for U+msa on input line 78.
 (/sw/share/texmf-dist/tex/latex/amsfonts/umsa.fd
File: umsa.fd 2002/01/19 v2.2g AMS font definitions
)
LaTeX Font Info:    Try loading font information for U+msb on input line 78.

(/sw/share/texmf-dist/tex/latex/amsfonts/umsb.fd
File: umsb.fd 2002/01/19 v2.2g AMS font definitions
)
LaTeX Font Info:    Try loading font information for U+lasy on input line 78.

(/sw/share/texmf-dist/tex/latex/base/ulasy.fd
File: ulasy.fd 1998/08/17 v2.2e LaTeX symbol font definitions
)

LaTeX Warning: No \author given.

(./sec_introduction.tex [1{/sw/var/lib/texmf/fonts/map/pdftex/updmap/pdftex.map
}


] (./arch_fig.tex

LaTeX Warning: No positions in optional float specifier.
               Default added (so using `!tbp') on input line 3.

)
Overfull \hbox (5.52164pt too wide) in paragraph at lines 137--147
\OT1/cmr/m/n/9 proach to prob-a-bil-ity dis-tri-bu-tions via so called \OT1/cmr
/m/it/9 VG-functions\OT1/cmr/m/n/9 .
 []


Overfull \hbox (4.21364pt too wide) in paragraph at lines 171--179
\OT1/cmr/m/n/9 trans-for-ma-tion of prob-a-bilis-tic database rep-re-sen-ta-tio
ns, thus
 []

[2] [3]) (./sec_background.tex [4]
Overfull \hbox (8.45583pt too wide) in paragraph at lines 264--265
[]\OT1/cmr/m/n/9 Returning to our run-ning ex-am-ple, for $\OML/cmm/m/it/9 C[] 
\OT1/cmr/m/n/9 =
 []

) (./sec_sampling.tex
Overfull \hbox (1.1815pt too wide) in paragraph at lines 22--31
[]\OT1/cmr/bx/n/9 Independent ran-dom vari-ables\OT1/cmr/m/n/9 . In many spe-ci
al cases,
 []

[5]
Overfull \hbox (1.49286pt too wide) in paragraph at lines 40--44
[]\OT1/cmr/m/n/9 Special and very ef-fi-cient sam-pling meth-ods are also known

 []


Overfull \hbox (1.55774pt too wide) in paragraph at lines 45--57
[]\OT1/cmr/bx/n/9 Sparseness of sam-ples for se-lec-tive con-di-tions\OT1/cmr/m
/n/9 . Sam-
 []


Overfull \hbox (3.3095pt too wide) in paragraph at lines 58--63
[]\OT1/cmr/m/n/9 In the con-text of dis-crete prob-a-bilis-tic databases, the K
arp-
 []


Underfull \vbox (badness 1558) has occurred while \output is active []

 [6]
Overfull \hbox (3.47939pt too wide) in paragraph at lines 211--217
\OT1/cmr/m/n/9 sam-pling as de-scribed in Sec-tion 2.3[]. The dif-fi-culty is t
wofold:
 []


Underfull \vbox (badness 1558) has occurred while \output is active []

 [7]
Underfull \hbox (badness 2726) in paragraph at lines 355--356
[]\OT1/cmr/m/n/9 Perform an-other lin-ear scan, this time gen-er-at-ing
 []

<graphics/sampling_flowchart.pdf, id=75, 506.89375pt x 499.8675pt>
File: graphics/sampling_flowchart.pdf Graphic file (type pdf)

<use graphics/sampling_flowchart.pdf>) (./sec_design.tex
Underfull \vbox (badness 1701) has occurred while \output is active []


Overfull \hbox (2.1766pt too wide) in paragraph at lines 8--9
\OT1/cmr/m/n/9 clude a mech-a-nism for sam-pling from that dis-tri-bu-tion. How
-
 []


Overfull \hbox (3.18523pt too wide) in paragraph at lines 14--15
[]\OT1/cmr/m/n/9 Finally, con-straint atoms are con-di-tional for-mu-las of pVa
rs.
 []

[8 <./graphics/sampling_flowchart.pdf>]
Overfull \hbox (2.497pt too wide) in paragraph at lines 23--24
[]\OT1/cmr/m/n/9 Continuous vari-ables may be cre-ated in-line with the create-

 []


Overfull \hbox (7.96848pt too wide) in paragraph at lines 67--68
[]\OT1/cmr/m/n/9 The rewrit-ten query is eval-u-ated by a de-ter-min-is-tic dat
abase
 []

) (./sec_implementation.tex [9]) (./sec_evaluation.tex [10]
<graphics/query_timings.pdf, id=117, 361.35pt x 216.81pt>
File: graphics/query_timings.pdf Graphic file (type pdf)

<use graphics/query_timings.pdf>
Underfull \vbox (badness 2326) has occurred while \output is active []


<graphics/iterative_refinement.pdf, id=118, 361.35pt x 216.81pt>
File: graphics/iterative_refinement.pdf Graphic file (type pdf)

<use graphics/iterative_refinement.pdf>
Overfull \hbox (0.9722pt too wide) in paragraph at lines 100--100
[]    \OT1/cmtt/m/n/9 avg   (l_shipdate    - o_orderdate) as ship_mu,[] 
 []


Overfull \hbox (0.9722pt too wide) in paragraph at lines 100--100
[]    \OT1/cmtt/m/n/9 avg   (l_receiptdate - l_shipdate ) as arrv_mu,[] 
 []


Overfull \hbox (15.14703pt too wide) in paragraph at lines 100--100
[]    \OT1/cmtt/m/n/9 stddev(l_shipdate    - o_orderdate) as ship_sigma,[] 
 []


Overfull \hbox (15.14703pt too wide) in paragraph at lines 100--100
[]    \OT1/cmtt/m/n/9 stddev(l_receiptdate - l_shipdate ) as arrv_sigma,[] 
 []


Overfull \hbox (15.14703pt too wide) in paragraph at lines 100--100
[]  \OT1/cmtt/m/n/9 select o_orderkey AS orderkey, o_custkey AS custkey,[] 
 []


Overfull \hbox (0.9722pt too wide) in paragraph at lines 100--100
[]       \OT1/cmtt/m/n/9 l_extended_price * (1.0 - l_discount) as rev[] 
 []


Overfull \hbox (15.14703pt too wide) in paragraph at lines 100--100
[]  \OT1/cmtt/m/n/9 where n_name = 'japan' and n_nationkey = s_nationkey[] 
 []

) (./pip.bbl [11 <./graphics/query_timings.pdf> <./graphics/iterative_refinemen
t.pdf>]
Underfull \vbox (badness 7081) has occurred while \output is active []

) [12]
(./pip.aux) ) 
Here is how much of TeX's memory you used:
 2068 strings out of 94500
 23844 string characters out of 1176113
 82802 words of memory out of 1500000
 5194 multiletter control sequences out of 10000+50000
 23526 words of font info for 63 fonts, out of 1200000 for 2000
 580 hyphenation exceptions out of 8191
 39i,23n,26p,837b,405s stack positions out of 5000i,500n,6000p,200000b,5000s
PDF statistics:
 147 PDF objects out of 65536
 0 named destinations out of 20000
 16 words of extra memory for PDF output out of 65536
</sw/share/texmf-dist/fonts/type1/bluesky/cm/cmbx8.pfb></sw/share/
texmf-dist/fonts/type1/bluesky/cm/cmti8.pfb></sw/share/texmf-dist/fonts/type1/b
luesky/cm/cmr8.pfb></sw/share/texmf-dist/fonts/type1/bluesky/cm/cmsy5.pfb></sw/
share/texmf-dist/fonts/type1/bluesky/latex/lasy9.pfb></sw/share/texmf-dist/font
s/type1/bluesky/cm/cmtt9.pfb></sw/share/texmf-dist/fonts/type1/bluesky/cm/cmcsc
10.pfb></sw/share/texmf-dist/fonts/type1/bluesky/cm/cmbx9.pfb></sw/share/texmf-
dist/fonts/type1/bluesky/cm/cmti9.pfb></sw/share/texmf-dist/fonts/type1/bluesky
/cm/cmmi5.pfb></sw/share/texmf-dist/fonts/type1/bluesky/cm/cmsy9.pfb></sw/share
/texmf-dist/fonts/type1/bluesky/cm/cmr5.pfb></sw/share/texmf-dist/fonts/type1/p
ublic/tt2001/fmex9.pfb></sw/share/texmf-dist/fonts/type1/bluesky/cm/cmmi6.pfb><
/sw/share/texmf-dist/fonts/type1/bluesky/cm/cmr6.pfb></sw/share/texmf-dist/font
s/type1/bluesky/cm/cmmi9.pfb></sw/share/texmf-dist/fonts/type1/bluesky/cm/cmr9.
pfb>{/sw/share/texmf-dist/fonts/enc/dvips/psnfss/8r.enc}</sw/share/texmf-dist/f
onts/type1/urw/times/utmb8a.pfb></sw/share/texmf-dist/fonts/type1/bluesky/cm/cm
sy6.pfb></sw/share/texmf-dist/fonts/type1/urw/helvetic/uhvb8a.pfb>
Output written on pip.pdf (12 pages, 287527 bytes).
