query,tuples,100,2.512e-05 0.001319
query,tuples,200,0.00014678 0.00891
query,tuples,300,0.00039054 0.028579
query,tuples,400,0.00076872 0.067158
query,tuples,500,0.00136762 0.135679
query,tuples,600,0.0021658 0.244114
query,tuples,700,0.00323556 0.40603
query,tuples,800,0.00445136 0.628738
query,tuples,900,0.00581178 0.91948
query,tuples,1000,0.00742818 1.29104
query,tuples,1100,0.00926182 1.75428
query,tuples,1200,0.0112352 2.31619
query,tuples,1300,0.0132725 2.97997
query,tuples,1400,0.0155904 3.75964
query,tuples,1500,0.0181525 4.66742
query,tuples,1600,0.0205876 5.69697
query,tuples,1700,0.0235373 6.87398
query,tuples,1800,0.026355 8.19188
query,tuples,1900,0.0298876 9.68645
query,tuples,2000,0.0329361 11.3334
query,tuples,2100,0.0361989 13.1435
query,tuples,2200,0.0398392 15.1356
query,tuples,2300,0.0445001 17.3608
query,tuples,2400,0.0481246 19.7672
query,tuples,2500,0.0522828 22.3815
query,tuples,2600,0.056557 25.2095
query,tuples,2700,0.0614474 28.2821
query,tuples,2800,0.0656948 31.567
query,tuples,2900,0.0712743 35.1308
query,tuples,3000,0.0754371 38.9029
query,tuples,3100,0.0808394 42.945
query,tuples,3200,0.0862808 47.2592
query,tuples,3300,0.0922426 51.8715
query,tuples,3400,0.0981203 56.7777
query,tuples,3500,0.104236 61.9897
query,tuples,3600,0.109332 67.4564
query,tuples,3700,0.115893 73.2513
query,tuples,3800,0.12259 79.381
query,tuples,3900,0.130047 85.8835
query,tuples,4000,0.136193 92.6933
query,tuples,4100,0.143376 99.8623
query,tuples,4200,0.15153 107.439
query,tuples,4300,0.158241 115.351
query,tuples,4400,0.165141 123.608
query,tuples,4500,0.172535 132.235
query,tuples,4600,0.181366 141.304
