query,tuples,100,3.052e-05 0.001592
query,tuples,200,6.26e-05 0.004899
query,tuples,300,9.292e-05 0.009669
query,tuples,400,0.00011782 0.015692
query,tuples,500,0.00014612 0.02313
query,tuples,600,0.00018068 0.032299
query,tuples,700,0.00021652 0.043266
query,tuples,800,0.00024636 0.055718
query,tuples,900,0.00027756 0.06973
query,tuples,1000,0.00031734 0.085733
query,tuples,1100,0.00036634 0.104193
query,tuples,1200,0.0004181 0.125232
query,tuples,1300,0.00044366 0.147543
query,tuples,1400,0.00049022 0.172193
query,tuples,1500,0.00053636 0.199138
query,tuples,1600,0.00057616 0.228078
query,tuples,1700,0.00061188 0.258814
query,tuples,1800,0.00064302 0.291103
query,tuples,1900,0.00070156 0.326313
query,tuples,2000,0.00073234 0.363062
query,tuples,2100,0.00075834 0.401116
query,tuples,2200,0.00078244 0.440366
query,tuples,2300,0.00083754 0.482383
query,tuples,2400,0.0008816 0.526596
query,tuples,2500,0.00093424 0.573444
query,tuples,2600,0.0009952 0.623345
query,tuples,2700,0.0010517 0.676065
query,tuples,2800,0.00109346 0.730868
query,tuples,2900,0.00113896 0.787954
query,tuples,3000,0.00119458 0.847824
query,tuples,3100,0.00123822 0.909867
query,tuples,3200,0.00129926 0.974964
query,tuples,3300,0.00132668 1.04145
query,tuples,3400,0.00134844 1.10901
query,tuples,3500,0.00140376 1.17934
query,tuples,3600,0.00145308 1.25212
query,tuples,3700,0.00148054 1.32628
query,tuples,3800,0.00153668 1.40325
query,tuples,3900,0.00155562 1.48117
query,tuples,4000,0.00158856 1.56074
query,tuples,4100,0.0016026 1.641
query,tuples,4200,0.00165848 1.72406
query,tuples,4300,0.00174156 1.81129
query,tuples,4400,0.0017683 1.89983
query,tuples,4500,0.0018447 1.9922
query,tuples,4600,0.00186376 2.08552
query,tuples,4700,0.00190034 2.18068
query,tuples,4800,0.00193118 2.27738
query,tuples,4900,0.0019687 2.37595
query,tuples,5000,0.00199564 2.47587
query,tuples,5100,0.00204176 2.57808
query,tuples,5200,0.00209348 2.68289
query,tuples,5300,0.00212642 2.78934
query,tuples,5400,0.0021507 2.89701
query,tuples,5500,0.00220314 3.0073
query,tuples,5600,0.00222956 3.11891
query,tuples,5700,0.00227498 3.23279
query,tuples,5800,0.00233642 3.34977
query,tuples,5900,0.00240922 3.47039
query,tuples,6000,0.00246086 3.59357
query,tuples,6100,0.0025076 3.71909
query,tuples,6200,0.00256916 3.84768
query,tuples,6300,0.00259606 3.97762
query,tuples,6400,0.00265402 4.11048
query,tuples,6500,0.00271386 4.24632
query,tuples,6600,0.00276516 4.38472
query,tuples,6700,0.00282542 4.52613
query,tuples,6800,0.00282346 4.66744
query,tuples,6900,0.00292476 4.81382
query,tuples,7000,0.00301204 4.96457
query,tuples,7100,0.00303418 5.11642
query,tuples,7200,0.00308454 5.2708
query,tuples,7300,0.00314376 5.42814
query,tuples,7400,0.00319526 5.58804
query,tuples,7500,0.00322334 5.74935
query,tuples,7600,0.00327074 5.91304
query,tuples,7700,0.0033172 6.07904
query,tuples,7800,0.00337848 6.24814
query,tuples,7900,0.00344186 6.42037
query,tuples,8000,0.00345766 6.59339
query,tuples,8100,0.00348242 6.76765
query,tuples,8200,0.0035753 6.94656
query,tuples,8300,0.00360966 7.12718
query,tuples,8400,0.00368894 7.31179
query,tuples,8500,0.0037158 7.49771
query,tuples,8600,0.00374208 7.68496
query,tuples,8700,0.00382352 7.87628
query,tuples,8800,0.00389024 8.07093
query,tuples,8900,0.00393888 8.26802
query,tuples,9000,0.00401704 8.46903
query,tuples,9100,0.0040993 8.67413
query,tuples,9200,0.00414192 8.88138
query,tuples,9300,0.0042384 9.09345
query,tuples,9400,0.00426078 9.30664
query,tuples,9500,0.00431418 9.52252
query,tuples,9600,0.0043622 9.74077
query,tuples,9700,0.00443662 9.96277
query,tuples,9800,0.00451516 10.1887
query,tuples,9900,0.00454442 10.416
query,tuples,10000,0.00461602 10.647
query,tuples,10100,0.00468438 10.8814
query,tuples,10200,0.00478338 11.1207
query,tuples,10300,0.00481904 11.3618
query,tuples,10400,0.00488278 11.6061
query,tuples,10500,0.00493848 11.8532
query,tuples,10600,0.00503682 12.1052
query,tuples,10700,0.00508528 12.3596
query,tuples,10800,0.0051713 12.6183
query,tuples,10900,0.00528446 12.8827
query,tuples,11000,0.00538722 13.1523
query,tuples,11100,0.00542092 13.4235
query,tuples,11200,0.005435 13.6954
query,tuples,11300,0.00556284 13.9737
query,tuples,11400,0.00561972 14.2549
query,tuples,11500,0.00569046 14.5396
query,tuples,11600,0.00571632 14.8256
query,tuples,11700,0.00581822 15.1167
query,tuples,11800,0.00588152 15.4109
query,tuples,11900,0.00599812 15.711
query,tuples,12000,0.0060311 16.0127
query,tuples,12100,0.00617708 16.3217
query,tuples,12200,0.0062264 16.6332
query,tuples,12300,0.00629372 16.9481
query,tuples,12400,0.0063624 17.2664
query,tuples,12500,0.006509 17.592
query,tuples,12600,0.00657814 17.9211
query,tuples,12700,0.00667914 18.2552
query,tuples,12800,0.0067541 18.5931
query,tuples,12900,0.00683554 18.9351
query,tuples,13000,0.006862 19.2784
query,tuples,13100,0.00689948 19.6235
query,tuples,13200,0.00700482 19.9739
query,tuples,13300,0.00701546 20.3249
query,tuples,13400,0.00706084 20.6781
query,tuples,13500,0.00716448 21.0365
query,tuples,13600,0.00720822 21.3971
query,tuples,13700,0.00737304 21.766
query,tuples,13800,0.00739084 22.1357
query,tuples,13900,0.00745828 22.5088
query,tuples,14000,0.00757302 22.8876
query,tuples,14100,0.00768928 23.2723
query,tuples,14200,0.00776998 23.6609
query,tuples,14300,0.00787174 24.0547
query,tuples,14400,0.00790922 24.4503
query,tuples,14500,0.00798354 24.8497
query,tuples,14600,0.0080856 25.2542
query,tuples,14700,0.008171 25.6629
query,tuples,14800,0.00827734 26.077
query,tuples,14900,0.00839214 26.4968
query,tuples,15000,0.00850218 26.9221
query,tuples,15100,0.00854624 27.3496
query,tuples,15200,0.00860046 27.7798
query,tuples,15300,0.0087331 28.2166
query,tuples,15400,0.00877856 28.6558
query,tuples,15500,0.00891884 29.1019
query,tuples,15600,0.00892622 29.5484
query,tuples,15700,0.00897216 29.9972
query,tuples,15800,0.00898928 30.4468
query,tuples,15900,0.0091137 30.9027
query,tuples,16000,0.00914964 31.3604
query,tuples,16100,0.009179 31.8195
query,tuples,16200,0.009305 32.285
query,tuples,16300,0.0093599 32.7532
query,tuples,16400,0.00944116 33.2254
query,tuples,16500,0.00955534 33.7034
query,tuples,16600,0.00967152 34.1871
query,tuples,16700,0.0097514 34.6749
query,tuples,16800,0.00980746 35.1654
query,tuples,16900,0.00984708 35.658
query,tuples,17000,0.00986364 36.1513
query,tuples,17100,0.00997384 36.6502
query,tuples,17200,0.0100205 37.1514
query,tuples,17300,0.0100995 37.6566
query,tuples,17400,0.0101602 38.1648
query,tuples,17500,0.0102477 38.6774
query,tuples,17600,0.0103125 39.1932
query,tuples,17700,0.010415 39.7141
query,tuples,17800,0.0104934 40.239
query,tuples,17900,0.0105532 40.7668
query,tuples,18000,0.0106096 41.2975
query,tuples,18100,0.010708 41.8331
query,tuples,18200,0.0107904 42.3728
query,tuples,18300,0.0108885 42.9175
query,tuples,18400,0.010961 43.4657
query,tuples,18500,0.0110732 44.0195
query,tuples,18600,0.0110928 44.5744
query,tuples,18700,0.0111541 45.1323
query,tuples,18800,0.0111823 45.6916
query,tuples,18900,0.0112574 46.2547
query,tuples,19000,0.0113539 46.8225
query,tuples,19100,0.0113367 47.3896
query,tuples,19200,0.0113906 47.9593
query,tuples,19300,0.011423 48.5307
query,tuples,19400,0.0114679 49.1043
query,tuples,19500,0.0114489 49.6769
query,tuples,19600,0.0116176 50.258
query,tuples,19700,0.011682 50.8422
query,tuples,19800,0.011717 51.4283
query,tuples,19900,0.0118428 52.0206
query,tuples,20000,0.0118498 52.6133
query,tuples,20100,0.0119517 53.2111
query,tuples,20200,0.0119489 53.8087
query,tuples,20300,0.0121461 54.4162
query,tuples,20400,0.0120828 55.0205
query,tuples,20500,0.012138 55.6276
query,tuples,20600,0.0121741 56.2365
query,tuples,20700,0.0122099 56.8472
query,tuples,20800,0.0122708 57.461
query,tuples,20900,0.0123237 58.0773
query,tuples,21000,0.0124171 58.6984
query,tuples,21100,0.0127083 59.334
query,tuples,21200,0.0126133 59.9648
query,tuples,21300,0.0125422 60.5921
query,tuples,21400,0.0126128 61.223
query,tuples,21500,0.0126462 61.8555
query,tuples,21600,0.0127174 62.4915
query,tuples,21700,0.0127898 63.1312
query,tuples,21800,0.0128018 63.7715
query,tuples,21900,0.0128807 64.4157
query,tuples,22000,0.0129236 65.0621
query,tuples,22100,0.0130169 65.7132
query,tuples,22200,0.01312 66.3694
query,tuples,22300,0.0131771 67.0285
query,tuples,22400,0.0131831 67.6878
query,tuples,22500,0.0133158 68.3538
query,tuples,22600,0.0134444 69.0262
query,tuples,22700,0.0134958 69.7012
query,tuples,22800,0.0134572 70.3742
query,tuples,22900,0.013591 71.054
query,tuples,23000,0.0137609 71.7422
query,tuples,23100,0.0136045 72.4227
query,tuples,23200,0.0136688 73.1063
query,tuples,23300,0.0137249 73.7927
query,tuples,23400,0.013911 74.4885
query,tuples,23500,0.0139304 75.1852
query,tuples,23600,0.0139799 75.8844
query,tuples,23700,0.014056 76.5874
query,tuples,23800,0.0142738 77.3012
query,tuples,23900,0.0142388 78.0134
query,tuples,24000,0.0142691 78.727
query,tuples,24100,0.0143535 79.4449
query,tuples,24200,0.0144314 80.1667
query,tuples,24300,0.0145001 80.8919
query,tuples,24400,0.0145167 81.6179
query,tuples,24500,0.0146287 82.3495
query,tuples,24600,0.0147347 83.0864
query,tuples,24700,0.0148019 83.8267
query,tuples,24800,0.0150535 84.5796
query,tuples,24900,0.0148751 85.3235
query,tuples,25000,0.0148946 86.0685
query,tuples,25100,0.0151468 86.8261
query,tuples,25200,0.0151034 87.5815
query,tuples,25300,0.0150788 88.3356
query,tuples,25400,0.0151525 89.0934
query,tuples,25500,0.0153553 89.8614
query,tuples,25600,0.0153351 90.6283
query,tuples,25700,0.0154166 91.3994
query,tuples,25800,0.0156125 92.1802
query,tuples,25900,0.0156075 92.9607
query,tuples,26000,0.0155705 93.7395
query,tuples,26100,0.0156642 94.5229
query,tuples,26200,0.0157011 95.3081
query,tuples,26300,0.0158545 96.101
query,tuples,26400,0.0158091 96.8917
query,tuples,26500,0.0159393 97.6888
query,tuples,26600,0.0160133 98.4897
query,tuples,26700,0.016104 99.2951
query,tuples,26800,0.0162036 100.105
query,tuples,26900,0.0163617 100.924
query,tuples,27000,0.016496 101.749
query,tuples,27100,0.0163084 102.564
query,tuples,27200,0.0163921 103.384
query,tuples,27300,0.0165269 104.211
query,tuples,27400,0.0165955 105.041
query,tuples,27500,0.016642 105.873
query,tuples,27600,0.0167038 106.708
query,tuples,27700,0.0169852 107.558
query,tuples,27800,0.0167074 108.393
query,tuples,27900,0.0167584 109.232
query,tuples,28000,0.0168667 110.075
query,tuples,28100,0.0169034 110.92
query,tuples,28200,0.0169602 111.769
query,tuples,28300,0.0170373 112.621
query,tuples,28400,0.0172144 113.482
query,tuples,28500,0.0172911 114.346
query,tuples,28600,0.0173305 115.213
query,tuples,28700,0.0174178 116.084
query,tuples,28800,0.0174065 116.955
query,tuples,28900,0.017496 117.83
query,tuples,29000,0.0176339 118.712
query,tuples,29100,0.0176107 119.592
query,tuples,29200,0.0177353 120.479
query,tuples,29300,0.0177513 121.367
query,tuples,29400,0.0178233 122.258
query,tuples,29500,0.018038 123.161
query,tuples,29600,0.0179122 124.056
query,tuples,29700,0.0181407 124.964
query,tuples,29800,0.0179957 125.864
query,tuples,29900,0.018047 126.766
query,tuples,30000,0.0182051 127.677
query,tuples,30100,0.0182232 128.588
query,tuples,30200,0.0184436 129.51
query,tuples,30300,0.0182167 130.421
query,tuples,30400,0.0183445 131.339
query,tuples,30500,0.0183843 132.258
query,tuples,30600,0.0184891 133.183
query,tuples,30700,0.0185448 134.11
query,tuples,30800,0.0185858 135.04
query,tuples,30900,0.0186244 135.971
query,tuples,31000,0.0188034 136.912
query,tuples,31100,0.0188397 137.854
query,tuples,31200,0.0187345 138.791
query,tuples,31300,0.0188497 139.733
query,tuples,31400,0.018957 140.681
query,tuples,31500,0.0189873 141.631
query,tuples,31600,0.0190868 142.585
query,tuples,31700,0.019194 143.545
query,tuples,31800,0.0192877 144.51
query,tuples,31900,0.0192305 145.472
query,tuples,32000,0.0193734 146.441
query,tuples,32100,0.0195201 147.417
query,tuples,32200,0.0195073 148.392
query,tuples,32300,0.0195771 149.371
query,tuples,32400,0.019647 150.354
query,tuples,32500,0.0196682 151.338
query,tuples,32600,0.0199029 152.333
query,tuples,32700,0.0197378 153.32
query,tuples,32800,0.0198935 154.315
query,tuples,32900,0.0201793 155.324
query,tuples,33000,0.0198843 156.318
query,tuples,33100,0.0200442 157.321
query,tuples,33200,0.0200485 158.323
query,tuples,33300,0.020226 159.335
query,tuples,33400,0.0203155 160.351
query,tuples,33500,0.0203263 161.368
query,tuples,33600,0.0204942 162.392
query,tuples,33700,0.0204892 163.417
query,tuples,33800,0.020563 164.445
query,tuples,33900,0.0206403 165.478
query,tuples,34000,0.0207401 166.515
query,tuples,34100,0.0207721 167.554
query,tuples,34200,0.020863 168.597
query,tuples,34300,0.0212062 169.658
query,tuples,34400,0.0209222 170.704
query,tuples,34500,0.021046 171.756
query,tuples,34600,0.0210766 172.81
query,tuples,34700,0.0211569 173.868
query,tuples,34800,0.0212454 174.931
query,tuples,34900,0.0214074 176.001
query,tuples,35000,0.0216678 177.085
query,tuples,35100,0.0216448 178.168
query,tuples,35200,0.0215698 179.246
query,tuples,35300,0.0216702 180.33
query,tuples,35400,0.0219053 181.425
query,tuples,35500,0.0217856 182.515
query,tuples,35600,0.0219372 183.612
query,tuples,35700,0.0219184 184.708
query,tuples,35800,0.0220768 185.812
query,tuples,35900,0.0221228 186.918
query,tuples,36000,0.0221318 188.025
query,tuples,36100,0.0223404 189.142
query,tuples,36200,0.0222863 190.257
query,tuples,36300,0.0224235 191.378
query,tuples,36400,0.0225602 192.507
query,tuples,36500,0.0224996 193.632
query,tuples,36600,0.0226653 194.765
query,tuples,36700,0.0226739 195.899
query,tuples,36800,0.022739 197.036
query,tuples,36900,0.0228319 198.178
query,tuples,37000,0.0228552 199.321
query,tuples,37100,0.0230918 200.476
query,tuples,37200,0.0229044 201.621
query,tuples,37300,0.023018 202.772
query,tuples,37400,0.0231612 203.931
query,tuples,37500,0.0232533 205.094
query,tuples,37600,0.0233046 206.259
query,tuples,37700,0.0233212 207.425
query,tuples,37800,0.0234017 208.596
query,tuples,37900,0.0233739 209.764
query,tuples,38000,0.0234978 210.939
query,tuples,38100,0.0235851 212.119
query,tuples,38200,0.02363 213.301
query,tuples,38300,0.0238358 214.493
query,tuples,38400,0.0239042 215.688
query,tuples,38500,0.0240642 216.891
query,tuples,38600,0.0238243 218.083
query,tuples,38700,0.0240459 219.285
query,tuples,38800,0.0240197 220.487
query,tuples,38900,0.024118 221.693
query,tuples,39000,0.024424 222.914
query,tuples,39100,0.0242402 224.126
query,tuples,39200,0.024218 225.337
query,tuples,39300,0.024353 226.555
query,tuples,39400,0.0243982 227.775
query,tuples,39500,0.0245265 229.002
query,tuples,39600,0.0244758 230.226
query,tuples,39700,0.0246796 231.46
query,tuples,39800,0.0246454 232.693
query,tuples,39900,0.0248106 233.933
query,tuples,40000,0.0248931 235.178
query,tuples,40100,0.0249175 236.424
query,tuples,40200,0.0250433 237.677
query,tuples,40300,0.025315 238.943
query,tuples,40400,0.0251745 240.202
query,tuples,40500,0.0252123 241.462
query,tuples,40600,0.0252061 242.723
query,tuples,40700,0.0253761 243.992
query,tuples,40800,0.0256884 245.277
query,tuples,40900,0.0253818 246.546
query,tuples,41000,0.0254442 247.818
query,tuples,41100,0.0255607 249.096
query,tuples,41200,0.0256054 250.377
query,tuples,41300,0.0256841 251.661
query,tuples,41400,0.0256772 252.945
query,tuples,41500,0.0259865 254.245
query,tuples,41600,0.0260273 255.546
query,tuples,41700,0.025901 256.842
query,tuples,41800,0.0259161 258.138
query,tuples,41900,0.0261045 259.443
query,tuples,42000,0.0260417 260.745
query,tuples,42100,0.026204 262.056
query,tuples,42200,0.0263418 263.373
query,tuples,42300,0.0264089 264.694
query,tuples,42400,0.0262792 266.008
query,tuples,42500,0.0263707 267.327
query,tuples,42600,0.0266127 268.658
query,tuples,42700,0.0265852 269.987
query,tuples,42800,0.0265461 271.314
query,tuples,42900,0.026766 272.653
query,tuples,43000,0.0270252 274.004
query,tuples,43100,0.0267174 275.341
query,tuples,43200,0.0270563 276.694
query,tuples,43300,0.0269551 278.042
query,tuples,43400,0.0271102 279.397
query,tuples,43500,0.0271104 280.753
query,tuples,43600,0.027152 282.111
query,tuples,43700,0.0275067 283.486
query,tuples,43800,0.0273575 284.854
query,tuples,43900,0.0276605 286.238
query,tuples,44000,0.027422 287.609
query,tuples,44100,0.0275672 288.988
query,tuples,44200,0.0278702 290.381
query,tuples,44300,0.0278198 291.772
query,tuples,44400,0.0277017 293.158
query,tuples,44500,0.0277824 294.547
query,tuples,44600,0.0277853 295.937
query,tuples,44700,0.0279455 297.334
query,tuples,44800,0.0279818 298.733
query,tuples,44900,0.0281881 300.143
query,tuples,45000,0.0281392 301.55
query,tuples,45100,0.0280511 302.953
query,tuples,45200,0.028248 304.365
query,tuples,45300,0.0281443 305.773
query,tuples,45400,0.0282872 307.187
query,tuples,45500,0.0285548 308.615
query,tuples,45600,0.02832 310.032
query,tuples,45700,0.028336 311.449
query,tuples,45800,0.0285358 312.876
query,tuples,45900,0.0285424 314.303
query,tuples,46000,0.0286585 315.736
query,tuples,46100,0.0287734 317.175
query,tuples,46200,0.0288382 318.617
query,tuples,46300,0.0289456 320.064
query,tuples,46400,0.0289525 321.512
query,tuples,46500,0.0292012 322.973
query,tuples,46600,0.0289821 324.422
query,tuples,46700,0.0291335 325.879
query,tuples,46800,0.0290813 327.333
query,tuples,46900,0.0293768 328.802
query,tuples,47000,0.0294305 330.274
query,tuples,47100,0.029671 331.758
query,tuples,47200,0.029822 333.249
query,tuples,47300,0.029547 334.726
query,tuples,47400,0.0294705 336.2
query,tuples,47500,0.0301297 337.707
query,tuples,47600,0.0302446 339.219
query,tuples,47700,0.0295896 340.699
query,tuples,47800,0.0298607 342.192
query,tuples,47900,0.0298146 343.683
query,tuples,48000,0.0299482 345.181
query,tuples,48100,0.0305204 346.707
query,tuples,48200,0.0300591 348.21
query,tuples,48300,0.0300249 349.712
query,tuples,48400,0.0300398 351.214
query,tuples,48500,0.0302742 352.728
query,tuples,48600,0.0301989 354.238
query,tuples,48700,0.0302092 355.749
query,tuples,48800,0.0306896 357.283
query,tuples,48900,0.0304887 358.808
query,tuples,49000,0.0305124 360.334
query,tuples,49100,0.0304511 361.856
query,tuples,49200,0.0305954 363.386
query,tuples,49300,0.0306779 364.92
query,tuples,49400,0.0306791 366.455
query,tuples,49500,0.0307718 367.993
query,tuples,49600,0.0309508 369.541
query,tuples,49700,0.0309479 371.089
query,tuples,49800,0.0309972 372.639
query,tuples,49900,0.0311616 374.197
query,tuples,50000,0.031376 375.766
query,tuples,50100,0.0315223 377.343
query,tuples,50200,0.0313612 378.911
query,tuples,50300,0.0314106 380.482
query,tuples,50400,0.0316725 382.065
query,tuples,50500,0.0313384 383.632
query,tuples,50600,0.0314344 385.204
query,tuples,50700,0.031416 386.775
query,tuples,50800,0.0317767 388.364
query,tuples,50900,0.0315951 389.944
query,tuples,51000,0.0316418 391.527
query,tuples,51100,0.031761 393.115
query,tuples,51200,0.0319049 394.71
query,tuples,51300,0.0318822 396.305
query,tuples,51400,0.0319968 397.905
query,tuples,51500,0.0322011 399.515
query,tuples,51600,0.0321439 401.122
query,tuples,51700,0.0321909 402.732
query,tuples,51800,0.0322455 404.345
query,tuples,51900,0.0323837 405.964
query,tuples,52000,0.0324644 407.587
query,tuples,52100,0.0324898 409.212
query,tuples,52200,0.0325597 410.84
query,tuples,52300,0.0326346 412.472
query,tuples,52400,0.0327488 414.11
query,tuples,52500,0.0327237 415.746
query,tuples,52600,0.0328518 417.389
query,tuples,52700,0.0327842 419.029
query,tuples,52800,0.0328486 420.671
query,tuples,52900,0.0330211 422.322
query,tuples,53000,0.0333451 423.99
query,tuples,53100,0.0330463 425.642
query,tuples,53200,0.0331952 427.302
query,tuples,53300,0.0331652 428.961
query,tuples,53400,0.0334516 430.634
query,tuples,53500,0.0333318 432.3
query,tuples,53600,0.0335305 433.977
query,tuples,53700,0.0335704 435.656
query,tuples,53800,0.0336359 437.338
query,tuples,53900,0.033725 439.024
query,tuples,54000,0.0337554 440.712
query,tuples,54100,0.0340154 442.413
query,tuples,54200,0.0339865 444.113
query,tuples,54300,0.034071 445.817
query,tuples,54400,0.0341721 447.525
query,tuples,54500,0.0341409 449.233
query,tuples,54600,0.034287 450.947
query,tuples,54700,0.034333 452.664
query,tuples,54800,0.0343847 454.384
query,tuples,54900,0.0345591 456.112
query,tuples,55000,0.0349777 457.861
query,tuples,55100,0.0345129 459.587
query,tuples,55200,0.0348704 461.33
query,tuples,55300,0.0345961 463.06
query,tuples,55400,0.0348753 464.804
query,tuples,55500,0.0349766 466.553
query,tuples,55600,0.0350332 468.305
query,tuples,55700,0.0351224 470.062
query,tuples,55800,0.0350269 471.813
query,tuples,55900,0.0351421 473.57
query,tuples,56000,0.0352001 475.331
query,tuples,56100,0.0352011 477.091
query,tuples,56200,0.0353466 478.859
query,tuples,56300,0.0354376 480.631
query,tuples,56400,0.0353294 482.397
query,tuples,56500,0.0354559 484.17
query,tuples,56600,0.0354689 485.944
query,tuples,56700,0.0354902 487.719
query,tuples,56800,0.035658 489.502
query,tuples,56900,0.0361904 491.311
query,tuples,57000,0.0358548 493.104
query,tuples,57100,0.0358845 494.899
query,tuples,57200,0.0359725 496.698
query,tuples,57300,0.0360636 498.501
query,tuples,57400,0.0360601 500.304
query,tuples,57500,0.0361667 502.113
query,tuples,57600,0.0362276 503.924
query,tuples,57700,0.0363663 505.743
query,tuples,57800,0.0363507 507.561
query,tuples,57900,0.0364794 509.385
query,tuples,58000,0.03662 511.216
query,tuples,58100,0.0366511 513.049
query,tuples,58200,0.0369195 514.895
query,tuples,58300,0.0373854 516.765
query,tuples,58400,0.036615 518.596
query,tuples,58500,0.0369997 520.446
query,tuples,58600,0.0368323 522.288
query,tuples,58700,0.0373805 524.157
query,tuples,58800,0.036902 526.002
query,tuples,58900,0.0370458 527.855
query,tuples,59000,0.0371019 529.71
query,tuples,59100,0.0377149 531.596
query,tuples,59200,0.0371686 533.454
query,tuples,59300,0.0372608 535.318
query,tuples,59400,0.037355 537.186
query,tuples,59500,0.0374105 539.056
query,tuples,59600,0.0375556 540.934
query,tuples,59700,0.0379532 542.832
query,tuples,59800,0.0380144 544.733
query,tuples,59900,0.0380954 546.638
query,tuples,60000,0.0378215 548.53
query,tuples,60100,0.0379005 550.425
query,tuples,60200,0.0385152 552.351
query,tuples,60300,0.0379384 554.248
query,tuples,60400,0.0382082 556.158
query,tuples,60500,0.0379402 558.056
query,tuples,60600,0.0385569 559.984
query,tuples,60700,0.0382334 561.896
query,tuples,60800,0.0381916 563.805
query,tuples,60900,0.0384566 565.728
query,tuples,61000,0.0382378 567.641
query,tuples,61100,0.0387511 569.578
query,tuples,61200,0.0384049 571.499
query,tuples,61300,0.0386141 573.43
query,tuples,61400,0.0389824 575.379
query,tuples,61500,0.0387114 577.315
query,tuples,61600,0.0387604 579.253
query,tuples,61700,0.0388841 581.197
query,tuples,61800,0.0389624 583.146
query,tuples,61900,0.0389609 585.094
query,tuples,62000,0.0391265 587.051
query,tuples,62100,0.0391923 589.01
query,tuples,62200,0.039301 590.976
query,tuples,62300,0.039178 592.935
query,tuples,62400,0.0392373 594.897
query,tuples,62500,0.0393701 596.866
query,tuples,62600,0.0395349 598.842
query,tuples,62700,0.0394067 600.813
query,tuples,62800,0.039581 602.792
query,tuples,62900,0.0396994 604.777
query,tuples,63000,0.0401985 606.788
query,tuples,63100,0.0400604 608.791
query,tuples,63200,0.0401357 610.798
query,tuples,63300,0.0402712 612.812
query,tuples,63400,0.0401575 614.82
query,tuples,63500,0.0400648 616.823
query,tuples,63600,0.0401727 618.832
query,tuples,63700,0.0402527 620.845
query,tuples,63800,0.0402023 622.855
query,tuples,63900,0.0404875 624.88
query,tuples,64000,0.0404766 626.904
query,tuples,64100,0.0406728 628.938
query,tuples,64200,0.0406611 630.971
query,tuples,64300,0.0407956 633.011
query,tuples,64400,0.0410035 635.061
query,tuples,64500,0.0409141 637.107
query,tuples,64600,0.0408407 639.149
query,tuples,64700,0.0411441 641.207
query,tuples,64800,0.0412816 643.271
query,tuples,64900,0.0412801 645.335
query,tuples,65000,0.0413449 647.403
query,tuples,65100,0.0413611 649.471
query,tuples,65200,0.0413436 651.539
query,tuples,65300,0.0414062 653.609
query,tuples,65400,0.0414484 655.682
query,tuples,65500,0.0418708 657.775
query,tuples,65600,0.0416977 659.86
query,tuples,65700,0.0418267 661.952
query,tuples,65800,0.0418394 664.044
query,tuples,65900,0.0419616 666.142
query,tuples,66000,0.0420219 668.244
query,tuples,66100,0.0420443 670.346
query,tuples,66200,0.0421738 672.455
query,tuples,66300,0.0423639 674.574
query,tuples,66400,0.0423094 676.689
query,tuples,66500,0.0425929 678.819
query,tuples,66600,0.0425382 680.946
query,tuples,66700,0.0426204 683.077
query,tuples,66800,0.0424927 685.202
query,tuples,66900,0.042829 687.344
query,tuples,67000,0.0431857 689.503
query,tuples,67100,0.0427633 691.642
query,tuples,67200,0.0430077 693.792
query,tuples,67300,0.0431473 695.95
query,tuples,67400,0.0430455 698.103
query,tuples,67500,0.0430859 700.257
query,tuples,67600,0.0442431 702.469
query,tuples,67700,0.043093 704.624
query,tuples,67800,0.0437443 706.812
query,tuples,67900,0.0432942 708.977
query,tuples,68000,0.0433627 711.145
query,tuples,68100,0.0435159 713.321
query,tuples,68200,0.0434303 715.493
query,tuples,68300,0.0438056 717.683
query,tuples,68400,0.0434627 719.856
query,tuples,68500,0.0437663 722.045
query,tuples,68600,0.0441115 724.251
query,tuples,68700,0.0439058 726.446
query,tuples,68800,0.0440341 728.648
query,tuples,68900,0.0441152 730.854
query,tuples,69000,0.044346 733.072
query,tuples,69100,0.044312 735.288
query,tuples,69200,0.0442656 737.501
query,tuples,69300,0.0444266 739.723
query,tuples,69400,0.0447098 741.958
query,tuples,69500,0.0444483 744.181
query,tuples,69600,0.0445909 746.411
query,tuples,69700,0.0446461 748.643
query,tuples,69800,0.0450144 750.894
query,tuples,69900,0.0451175 753.15
query,tuples,70000,0.044934 755.397
query,tuples,70100,0.0450452 757.65
query,tuples,70200,0.0449169 759.896
query,tuples,70300,0.0450565 762.149
query,tuples,70400,0.0452402 764.411
query,tuples,70500,0.0456861 766.695
query,tuples,70600,0.0457561 768.983
query,tuples,70700,0.0455187 771.26
query,tuples,70800,0.0453703 773.528
query,tuples,70900,0.0457334 775.815
query,tuples,71000,0.0461839 778.125
query,tuples,71100,0.0460031 780.425
query,tuples,71200,0.0459925 782.725
query,tuples,71300,0.0458383 785.017
query,tuples,71400,0.0460151 787.318
query,tuples,71500,0.0459648 789.616
query,tuples,71600,0.0462135 791.927
query,tuples,71700,0.0460786 794.231
query,tuples,71800,0.046101 796.537
query,tuples,71900,0.0469434 798.884
query,tuples,72000,0.0465519 801.212
query,tuples,72100,0.0462017 803.522
query,tuples,72200,0.0466111 805.853
query,tuples,72300,0.0467196 808.189
query,tuples,72400,0.046315 810.505
query,tuples,72500,0.0464615 812.828
query,tuples,72600,0.0465244 815.155
query,tuples,72700,0.0474414 817.527
query,tuples,72800,0.0469907 819.877
query,tuples,72900,0.0466394 822.209
query,tuples,73000,0.0469457 824.556
query,tuples,73100,0.0475063 826.932
query,tuples,73200,0.0469799 829.281
query,tuples,73300,0.0468477 831.624
query,tuples,73400,0.0471535 833.981
query,tuples,73500,0.0471402 836.339
query,tuples,73600,0.0474003 838.709
query,tuples,73700,0.0473302 841.076
query,tuples,73800,0.0473893 843.445
query,tuples,73900,0.0473636 845.814
query,tuples,74000,0.0474139 848.185
query,tuples,74100,0.0475676 850.563
query,tuples,74200,0.0476054 852.944
query,tuples,74300,0.0476828 855.328
query,tuples,74400,0.0483294 857.745
query,tuples,74500,0.0484239 860.166
query,tuples,74600,0.0478989 862.561
query,tuples,74700,0.048442 864.984
query,tuples,74800,0.0481128 867.389
query,tuples,74900,0.0482224 869.801
query,tuples,75000,0.0485419 872.228
query,tuples,75100,0.0487898 874.668
query,tuples,75200,0.0485273 877.094
query,tuples,75300,0.0489155 879.54
query,tuples,75400,0.0486989 881.975
query,tuples,75500,0.0486311 884.407
query,tuples,75600,0.049074 886.861
query,tuples,75700,0.0488162 889.302
query,tuples,75800,0.0487174 891.738
query,tuples,75900,0.0489982 894.188
query,tuples,76000,0.0490459 896.641
query,tuples,76100,0.04893 899.087
query,tuples,76200,0.0493457 901.555
query,tuples,76300,0.0492689 904.019
query,tuples,76400,0.0491191 906.475
query,tuples,76500,0.049122 908.931
query,tuples,76600,0.0500959 911.436
query,tuples,76700,0.0493554 913.904
query,tuples,76800,0.0500572 916.407
query,tuples,76900,0.0495127 918.883
query,tuples,77000,0.0495522 921.361
query,tuples,77100,0.0498266 923.852
query,tuples,77200,0.0498215 926.344
query,tuples,77300,0.0497313 928.83
query,tuples,77400,0.0497355 931.317
query,tuples,77500,0.0501268 933.824
query,tuples,77600,0.0499441 936.321
query,tuples,77700,0.0501023 938.827
query,tuples,77800,0.0502477 941.339
query,tuples,77900,0.0502734 943.853
query,tuples,78000,0.0501436 946.361
query,tuples,78100,0.0503879 948.88
query,tuples,78200,0.0504342 951.402
query,tuples,78300,0.050698 953.937
query,tuples,78400,0.0507134 956.473
query,tuples,78500,0.0509626 959.021
query,tuples,78600,0.0506203 961.553
query,tuples,78700,0.0507488 964.09
query,tuples,78800,0.0508155 966.631
query,tuples,78900,0.0509973 969.181
query,tuples,79000,0.051395 971.751
query,tuples,79100,0.0510796 974.305
query,tuples,79200,0.0508767 976.849
query,tuples,79300,0.0511501 979.407
query,tuples,79400,0.0513532 981.975
query,tuples,79500,0.0511391 984.532
query,tuples,79600,0.0512938 987.097
query,tuples,79700,0.0515786 989.676
query,tuples,79800,0.0517327 992.263
query,tuples,79900,0.0514583 994.836
query,tuples,80000,0.0515165 997.412
query,tuples,80100,0.0516282 999.994
query,tuples,80200,0.0516306 1002.58
query,tuples,80300,0.0517465 1005.16
query,tuples,80400,0.0518375 1007.76
query,tuples,80500,0.0520267 1010.36
query,tuples,80600,0.0523437 1012.97
query,tuples,80700,0.0520826 1015.58
query,tuples,80800,0.0521221 1018.18
query,tuples,80900,0.0525379 1020.81
query,tuples,81000,0.0522753 1023.43
query,tuples,81100,0.0522539 1026.04
query,tuples,81200,0.0523629 1028.66
query,tuples,81300,0.0525232 1031.28
query,tuples,81400,0.0525599 1033.91
query,tuples,81500,0.0526058 1036.54
query,tuples,81600,0.0526363 1039.17
query,tuples,81700,0.0526573 1041.81
query,tuples,81800,0.0529691 1044.46
query,tuples,81900,0.0533277 1047.12
query,tuples,82000,0.0530727 1049.78
query,tuples,82100,0.0537238 1052.46
query,tuples,82200,0.0532392 1055.13
query,tuples,82300,0.0533053 1057.79
query,tuples,82400,0.0537827 1060.48
query,tuples,82500,0.0533164 1063.15
query,tuples,82600,0.0542055 1065.86
query,tuples,82700,0.0535713 1068.54
query,tuples,82800,0.0535578 1071.21
query,tuples,82900,0.0536959 1073.9
query,tuples,83000,0.0536863 1076.58
query,tuples,83100,0.054479 1079.31
query,tuples,83200,0.0541764 1082.02
query,tuples,83300,0.0543189 1084.73
query,tuples,83400,0.0541059 1087.44
query,tuples,83500,0.0543678 1090.16
query,tuples,83600,0.0542628 1092.87
query,tuples,83700,0.0542135 1095.58
query,tuples,83800,0.0541551 1098.29
query,tuples,83900,0.0542735 1101
query,tuples,84000,0.0543788 1103.72
query,tuples,84100,0.0544792 1106.45
query,tuples,84200,0.0544949 1109.17
query,tuples,84300,0.0545812 1111.9
query,tuples,84400,0.0545613 1114.63
query,tuples,84500,0.0551633 1117.39
query,tuples,84600,0.0549331 1120.13
query,tuples,84700,0.0559421 1122.93
query,tuples,84800,0.055327 1125.7
query,tuples,84900,0.054871 1128.44
query,tuples,85000,0.0549954 1131.19
query,tuples,85100,0.0547734 1133.93
query,tuples,85200,0.0551733 1136.69
query,tuples,85300,0.0553587 1139.46
query,tuples,85400,0.0558051 1142.25
query,tuples,85500,0.055381 1145.02
query,tuples,85600,0.0553571 1147.78
query,tuples,85700,0.055707 1150.57
query,tuples,85800,0.0560546 1153.37
query,tuples,85900,0.0559063 1156.17
query,tuples,86000,0.0558593 1158.96
query,tuples,86100,0.0557544 1161.75
query,tuples,86200,0.0558742 1164.54
query,tuples,86300,0.0561269 1167.35
query,tuples,86400,0.0560394 1170.15
query,tuples,86500,0.0561468 1172.96
query,tuples,86600,0.055972 1175.76
query,tuples,86700,0.0560786 1178.56
query,tuples,86800,0.0561592 1181.37
query,tuples,86900,0.0562349 1184.18
query,tuples,87000,0.0566216 1187.01
query,tuples,87100,0.0565306 1189.84
query,tuples,87200,0.0565277 1192.67
query,tuples,87300,0.0566525 1195.5
query,tuples,87400,0.057124 1198.36
query,tuples,87500,0.0571346 1201.21
query,tuples,87600,0.0570326 1204.07
query,tuples,87700,0.0570703 1206.92
query,tuples,87800,0.05714 1209.78
query,tuples,87900,0.0570321 1212.63
query,tuples,88000,0.0580994 1215.53
query,tuples,88100,0.0573736 1218.4
query,tuples,88200,0.0573474 1221.27
query,tuples,88300,0.0574829 1224.14
query,tuples,88400,0.0575573 1227.02
query,tuples,88500,0.0575784 1229.9
query,tuples,88600,0.0578423 1232.79
query,tuples,88700,0.0577845 1235.68
query,tuples,88800,0.0575986 1238.56
query,tuples,88900,0.058012 1241.46
query,tuples,89000,0.0580758 1244.37
query,tuples,89100,0.0582894 1247.28
query,tuples,89200,0.0580334 1250.18
query,tuples,89300,0.0585929 1253.11
query,tuples,89400,0.058411 1256.04
query,tuples,89500,0.0583528 1258.95
query,tuples,89600,0.0584548 1261.88
query,tuples,89700,0.0586092 1264.81
query,tuples,89800,0.0586011 1267.74
query,tuples,89900,0.0585081 1270.66
query,tuples,90000,0.0584522 1273.59
query,tuples,90100,0.0588307 1276.53
query,tuples,90200,0.059194 1279.49
query,tuples,90300,0.0587081 1282.42
query,tuples,90400,0.059139 1285.38
query,tuples,90500,0.059082 1288.33
query,tuples,90600,0.0590005 1291.28
query,tuples,90700,0.0590791 1294.24
query,tuples,90800,0.0593514 1297.21
query,tuples,90900,0.0595619 1300.18
query,tuples,91000,0.0597292 1303.17
query,tuples,91100,0.0595605 1306.15
query,tuples,91200,0.0594939 1309.12
query,tuples,91300,0.0595118 1312.1
query,tuples,91400,0.0597879 1315.09
query,tuples,91500,0.0597206 1318.08
query,tuples,91600,0.0597475 1321.06
query,tuples,91700,0.0603465 1324.08
query,tuples,91800,0.0599392 1327.08
query,tuples,91900,0.060332 1330.1
query,tuples,92000,0.060313 1333.11
query,tuples,92100,0.0603499 1336.13
query,tuples,92200,0.0601974 1339.14
query,tuples,92300,0.0611323 1342.2
query,tuples,92400,0.0605038 1345.22
query,tuples,92500,0.0605567 1348.25
query,tuples,92600,0.0605311 1351.28
query,tuples,92700,0.060911 1354.32
query,tuples,92800,0.0606993 1357.36
query,tuples,92900,0.0608466 1360.4
query,tuples,93000,0.0610514 1363.45
query,tuples,93100,0.0611499 1366.51
query,tuples,93200,0.0611983 1369.57
query,tuples,93300,0.061549 1372.65
query,tuples,93400,0.0611398 1375.7
query,tuples,93500,0.0611016 1378.76
query,tuples,93600,0.0614012 1381.83
query,tuples,93700,0.0614033 1384.9
query,tuples,93800,0.061442 1387.97
query,tuples,93900,0.0613341 1391.04
query,tuples,94000,0.0614181 1394.11
query,tuples,94100,0.0615361 1397.19
query,tuples,94200,0.0621649 1400.3
query,tuples,94300,0.061856 1403.39
query,tuples,94400,0.062024 1406.49
query,tuples,94500,0.0623046 1409.61
query,tuples,94600,0.0620277 1412.71
query,tuples,94700,0.0621175 1415.81
query,tuples,94800,0.0621804 1418.92
query,tuples,94900,0.0621398 1422.03
query,tuples,95000,0.0623929 1425.15
query,tuples,95100,0.0622527 1428.26
query,tuples,95200,0.0631257 1431.42
query,tuples,95300,0.0636406 1434.6
query,tuples,95400,0.0630679 1437.76
query,tuples,95500,0.0630584 1440.91
query,tuples,95600,0.0638603 1444.1
query,tuples,95700,0.0630883 1447.26
query,tuples,95800,0.0630997 1450.41
query,tuples,95900,0.0631839 1453.57
query,tuples,96000,0.0633603 1456.74
query,tuples,96100,0.06347 1459.91
query,tuples,96200,0.0633446 1463.08
query,tuples,96300,0.0638428 1466.27
query,tuples,96400,0.0634623 1469.45
query,tuples,96500,0.0638308 1472.64
query,tuples,96600,0.0635622 1475.82
query,tuples,96700,0.0636287 1479
query,tuples,96800,0.0637562 1482.19
query,tuples,96900,0.0638351 1485.38
query,tuples,97000,0.063844 1488.57
query,tuples,97100,0.0642918 1491.79
query,tuples,97200,0.0638385 1494.98
query,tuples,97300,0.0643983 1498.2
query,tuples,97400,0.0642942 1501.41
query,tuples,97500,0.0643051 1504.63
query,tuples,97600,0.064389 1507.85
query,tuples,97700,0.0643681 1511.07
query,tuples,97800,0.064434 1514.29
query,tuples,97900,0.064806 1517.53
query,tuples,98000,0.064701 1520.76
query,tuples,98100,0.0652416 1524.03
query,tuples,98200,0.0652108 1527.29
query,tuples,98300,0.0649811 1530.54
query,tuples,98400,0.0650165 1533.79
query,tuples,98500,0.0650577 1537.04
query,tuples,98600,0.0657689 1540.33
query,tuples,98700,0.0653395 1543.6
query,tuples,98800,0.0664537 1546.92
query,tuples,98900,0.0660435 1550.22
query,tuples,99000,0.0653476 1553.49
query,tuples,99100,0.0654576 1556.76
query,tuples,99200,0.0658686 1560.06
query,tuples,99300,0.0656883 1563.34
query,tuples,99400,0.0658256 1566.63
query,tuples,99500,0.0658396 1569.92
query,tuples,99600,0.0658256 1573.22
query,tuples,99700,0.0660826 1576.52
query,tuples,99800,0.0662382 1579.83
query,tuples,99900,0.0662559 1583.15
query,tuples,100000,0.0662898 1586.46
query,tuples,100100,0.066495 1589.78
query,tuples,100200,0.0664038 1593.11
query,tuples,100300,0.0666972 1596.44
query,tuples,100400,0.0665693 1599.77
query,tuples,100500,0.0665599 1603.1
query,tuples,100600,0.066743 1606.43
query,tuples,100700,0.0668379 1609.78
query,tuples,100800,0.0667035 1613.11
query,tuples,100900,0.0669244 1616.46
query,tuples,101000,0.0669187 1619.8
query,tuples,101100,0.0670052 1623.15
query,tuples,101200,0.0673883 1626.52
query,tuples,101300,0.0672302 1629.89
query,tuples,101400,0.0675788 1633.27
query,tuples,101500,0.0678535 1636.66
query,tuples,101600,0.067493 1640.03
query,tuples,101700,0.0676802 1643.42
query,tuples,101800,0.067679 1646.8
query,tuples,101900,0.0676664 1650.19
query,tuples,102000,0.0683844 1653.6
query,tuples,102100,0.0678952 1657
query,tuples,102200,0.0681614 1660.41
query,tuples,102300,0.068542 1663.84
query,tuples,102400,0.0688284 1667.28
query,tuples,102500,0.0680552 1670.68
query,tuples,102600,0.0681612 1674.09
query,tuples,102700,0.0688699 1677.53
query,tuples,102800,0.0684699 1680.96
query,tuples,102900,0.0683239 1684.37
query,tuples,103000,0.0687046 1687.81
query,tuples,103100,0.0687704 1691.25
query,tuples,103200,0.0687131 1694.68
query,tuples,103300,0.069162 1698.14
query,tuples,103400,0.0688369 1701.58
query,tuples,103500,0.0689921 1705.03
query,tuples,103600,0.0691207 1708.49
query,tuples,103700,0.0693996 1711.96
query,tuples,103800,0.0694703 1715.43
query,tuples,103900,0.0692393 1718.89
query,tuples,104000,0.0694355 1722.37
query,tuples,104100,0.0693931 1725.84
query,tuples,104200,0.0698586 1729.33
query,tuples,104300,0.0700235 1732.83
query,tuples,104400,0.0696506 1736.31
query,tuples,104500,0.0698389 1739.81
query,tuples,104600,0.070004 1743.31
query,tuples,104700,0.0696985 1746.79
query,tuples,104800,0.0699915 1750.29
query,tuples,104900,0.0707443 1753.83
query,tuples,105000,0.0704731 1757.35
query,tuples,105100,0.0707794 1760.89
query,tuples,105200,0.0711186 1764.45
query,tuples,105300,0.0702383 1767.96
query,tuples,105400,0.0703139 1771.48
query,tuples,105500,0.0703865 1775
query,tuples,105600,0.0709733 1778.54
query,tuples,105700,0.0711883 1782.1
query,tuples,105800,0.0710722 1785.66
query,tuples,105900,0.0707326 1789.19
query,tuples,106000,0.0708797 1792.74
query,tuples,106100,0.0711524 1796.3
query,tuples,106200,0.0712608 1799.86
query,tuples,106300,0.071164 1803.42
query,tuples,106400,0.0709601 1806.97
query,tuples,106500,0.0712415 1810.53
query,tuples,106600,0.0715227 1814.1
query,tuples,106700,0.0713793 1817.67
query,tuples,106800,0.0714176 1821.25
query,tuples,106900,0.0716319 1824.83
query,tuples,107000,0.0717271 1828.41
query,tuples,107100,0.0717107 1832
query,tuples,107200,0.0722458 1835.61
query,tuples,107300,0.0719995 1839.21
query,tuples,107400,0.0717507 1842.8
query,tuples,107500,0.0720512 1846.4
query,tuples,107600,0.0723489 1850.02
query,tuples,107700,0.0720771 1853.62
query,tuples,107800,0.0726401 1857.26
query,tuples,107900,0.0722965 1860.87
query,tuples,108000,0.0726383 1864.5
query,tuples,108100,0.0730188 1868.15
query,tuples,108200,0.0726792 1871.79
query,tuples,108300,0.0727202 1875.43
query,tuples,108400,0.0727356 1879.06
query,tuples,108500,0.0729945 1882.71
query,tuples,108600,0.0730211 1886.36
query,tuples,108700,0.0730546 1890.02
query,tuples,108800,0.0733396 1893.68
query,tuples,108900,0.0731386 1897.34
query,tuples,109000,0.0736141 1901.02
query,tuples,109100,0.0732626 1904.68
query,tuples,109200,0.0736452 1908.37
query,tuples,109300,0.0738336 1912.06
query,tuples,109400,0.0739085 1915.75
query,tuples,109500,0.0736469 1919.44
query,tuples,109600,0.0733867 1923.11
query,tuples,109700,0.0742893 1926.82
query,tuples,109800,0.073947 1930.52
query,tuples,109900,0.0740947 1934.22
query,tuples,110000,0.0744301 1937.95
query,tuples,110100,0.0743121 1941.66
query,tuples,110200,0.0743371 1945.38
query,tuples,110300,0.0744548 1949.1
query,tuples,110400,0.0742027 1952.81
query,tuples,110500,0.0745183 1956.54
query,tuples,110600,0.0745296 1960.26
query,tuples,110700,0.0747457 1964
query,tuples,110800,0.0746404 1967.73
query,tuples,110900,0.0746923 1971.47
query,tuples,111000,0.0749316 1975.22
query,tuples,111100,0.0752226 1978.98
query,tuples,111200,0.0751794 1982.74
query,tuples,111300,0.0753598 1986.5
query,tuples,111400,0.0753227 1990.27
query,tuples,111500,0.0754075 1994.04
query,tuples,111600,0.0753264 1997.81
query,tuples,111700,0.0755639 2001.59
query,tuples,111800,0.0757777 2005.38
query,tuples,111900,0.0761325 2009.18
query,tuples,112000,0.0769848 2013.03
query,tuples,112100,0.0762983 2016.85
query,tuples,112200,0.075744 2020.63
query,tuples,112300,0.0759938 2024.43
query,tuples,112400,0.0759923 2028.23
query,tuples,112500,0.0770113 2032.09
query,tuples,112600,0.076286 2035.9
query,tuples,112700,0.0760795 2039.7
query,tuples,112800,0.0763663 2043.52
query,tuples,112900,0.0764794 2047.35
query,tuples,113000,0.0765035 2051.17
query,tuples,113100,0.0771789 2055.03
query,tuples,113200,0.0768083 2058.87
query,tuples,113300,0.0770499 2062.72
query,tuples,113400,0.0775176 2066.6
query,tuples,113500,0.0770483 2070.45
query,tuples,113600,0.0774894 2074.33
query,tuples,113700,0.0778197 2078.22
query,tuples,113800,0.0771284 2082.08
query,tuples,113900,0.0772642 2085.94
query,tuples,114000,0.0771317 2089.8
query,tuples,114100,0.0785508 2093.72
query,tuples,114200,0.0775308 2097.6
query,tuples,114300,0.0775992 2101.48
query,tuples,114400,0.0775347 2105.36
query,tuples,114500,0.077812 2109.25
query,tuples,114600,0.0776131 2113.13
query,tuples,114700,0.0776507 2117.01
query,tuples,114800,0.077774 2120.9
query,tuples,114900,0.0780284 2124.8
query,tuples,115000,0.0778136 2128.69
query,tuples,115100,0.0781259 2132.6
query,tuples,115200,0.0789937 2136.55
query,tuples,115300,0.0782629 2140.46
query,tuples,115400,0.0784884 2144.39
query,tuples,115500,0.0783247 2148.3
query,tuples,115600,0.0787584 2152.24
query,tuples,115700,0.0794003 2156.21
query,tuples,115800,0.0785772 2160.14
query,tuples,115900,0.0782623 2164.05
query,tuples,116000,0.0801609 2168.06
query,tuples,116100,0.0794844 2172.04
query,tuples,116200,0.0795279 2176.01
query,tuples,116300,0.0789056 2179.96
query,tuples,116400,0.0791183 2183.92
query,tuples,116500,0.078974 2187.86
query,tuples,116600,0.0792396 2191.83
query,tuples,116700,0.0791086 2195.78
query,tuples,116800,0.0791634 2199.74
query,tuples,116900,0.0795779 2203.72
query,tuples,117000,0.0793223 2207.69
query,tuples,117100,0.0794665 2211.66
query,tuples,117200,0.0797143 2215.65
query,tuples,117300,0.0800066 2219.65
query,tuples,117400,0.0801136 2223.65
query,tuples,117500,0.0807843 2227.69
query,tuples,117600,0.0799913 2231.69
query,tuples,117700,0.0798536 2235.68
query,tuples,117800,0.0804164 2239.71
query,tuples,117900,0.0808951 2243.75
query,tuples,118000,0.0802271 2247.76
query,tuples,118100,0.0803576 2251.78
query,tuples,118200,0.0804948 2255.8
query,tuples,118300,0.0818498 2259.9
query,tuples,118400,0.081751 2263.99
query,tuples,118500,0.0809337 2268.03
query,tuples,118600,0.0806663 2272.07
query,tuples,118700,0.0808434 2276.11
query,tuples,118800,0.0808539 2280.15
query,tuples,118900,0.0810454 2284.2
query,tuples,119000,0.0812425 2288.27
query,tuples,119100,0.0809206 2292.31
query,tuples,119200,0.0810673 2296.37
query,tuples,119300,0.0813441 2300.43
query,tuples,119400,0.0816383 2304.52
query,tuples,119500,0.0820343 2308.62
query,tuples,119600,0.0816449 2312.7
query,tuples,119700,0.0813138 2316.77
query,tuples,119800,0.0819786 2320.86
query,tuples,119900,0.0814854 2324.94
query,tuples,120000,0.0815236 2329.02
query,tuples,120100,0.0818549 2333.11
query,tuples,120200,0.0819211 2337.2
query,tuples,120300,0.0824667 2341.33
query,tuples,120400,0.0819773 2345.43
query,tuples,120500,0.0820666 2349.53
query,tuples,120600,0.0823161 2353.65
query,tuples,120700,0.0821259 2357.75
query,tuples,120800,0.082617 2361.88
query,tuples,120900,0.082441 2366.01
query,tuples,121000,0.0825342 2370.13
query,tuples,121100,0.083021 2374.28
query,tuples,121200,0.0835468 2378.46
query,tuples,121300,0.0826127 2382.59
query,tuples,121400,0.0832346 2386.76
query,tuples,121500,0.082965 2390.9
query,tuples,121600,0.0829225 2395.05
query,tuples,121700,0.0830843 2399.2
query,tuples,121800,0.0831907 2403.36
query,tuples,121900,0.0838721 2407.56
query,tuples,122000,0.0836533 2411.74
query,tuples,122100,0.0831589 2415.9
query,tuples,122200,0.0832485 2420.06
query,tuples,122300,0.0834885 2424.24
query,tuples,122400,0.0833755 2428.41
query,tuples,122500,0.0836555 2432.59
query,tuples,122600,0.0837996 2436.78
query,tuples,122700,0.0837731 2440.97
query,tuples,122800,0.0841963 2445.18
query,tuples,122900,0.0839708 2449.38
query,tuples,123000,0.0839609 2453.57
query,tuples,123100,0.0845099 2457.8
query,tuples,123200,0.0842254 2462.01
query,tuples,123300,0.0843148 2466.23
query,tuples,123400,0.0850633 2470.48
query,tuples,123500,0.0844211 2474.7
query,tuples,123600,0.0844229 2478.92
query,tuples,123700,0.0847746 2483.16
query,tuples,123800,0.0846314 2487.39
query,tuples,123900,0.0847279 2491.63
query,tuples,124000,0.0849193 2495.88
query,tuples,124100,0.0848057 2500.12
query,tuples,124200,0.0862502 2504.43
query,tuples,124300,0.0859959 2508.73
query,tuples,124400,0.0850067 2512.98
query,tuples,124500,0.0852926 2517.25
query,tuples,124600,0.0854403 2521.52
query,tuples,124700,0.0861534 2525.83
query,tuples,124800,0.0852343 2530.09
query,tuples,124900,0.085269 2534.35
query,tuples,125000,0.0855935 2538.63
query,tuples,125100,0.0857683 2542.92
query,tuples,125200,0.0856102 2547.2
query,tuples,125300,0.086258 2551.51
query,tuples,125400,0.0862126 2555.82
query,tuples,125500,0.0861879 2560.13
query,tuples,125600,0.0861916 2564.44
query,tuples,125700,0.0861528 2568.75
query,tuples,125800,0.0861015 2573.06
query,tuples,125900,0.0866648 2577.39
query,tuples,126000,0.0864182 2581.71
query,tuples,126100,0.0871509 2586.07
query,tuples,126200,0.0876219 2590.45
query,tuples,126300,0.0867606 2594.79
query,tuples,126400,0.0877456 2599.18
query,tuples,126500,0.0867054 2603.51
query,tuples,126600,0.0881678 2607.92
query,tuples,126700,0.0872137 2612.28
query,tuples,126800,0.0873868 2616.65
query,tuples,126900,0.0877345 2621.04
query,tuples,127000,0.0879967 2625.44
query,tuples,127100,0.0872881 2629.8
query,tuples,127200,0.0877427 2634.19
query,tuples,127300,0.0875483 2638.57
query,tuples,127400,0.0875766 2642.95
query,tuples,127500,0.0882166 2647.36
query,tuples,127600,0.0873847 2651.73
query,tuples,127700,0.0878609 2656.12
query,tuples,127800,0.087976 2660.52
query,tuples,127900,0.0876914 2664.9
query,tuples,128000,0.0879904 2669.3
query,tuples,128100,0.0879769 2673.7
query,tuples,128200,0.0889225 2678.15
query,tuples,128300,0.0888395 2682.59
query,tuples,128400,0.0892046 2687.05
query,tuples,128500,0.0889085 2691.5
query,tuples,128600,0.088869 2695.94
query,tuples,128700,0.0885937 2700.37
query,tuples,128800,0.0885591 2704.8
query,tuples,128900,0.088362 2709.22
query,tuples,129000,0.0887055 2713.65
query,tuples,129100,0.0895012 2718.13
query,tuples,129200,0.0888864 2722.57
query,tuples,129300,0.0888931 2727.02
query,tuples,129400,0.0890456 2731.47
query,tuples,129500,0.0893253 2735.94
query,tuples,129600,0.0893479 2740.4
query,tuples,129700,0.0892584 2744.87
query,tuples,129800,0.0894289 2749.34
query,tuples,129900,0.0897295 2753.83
query,tuples,130000,0.0896653 2758.31
query,tuples,130100,0.0899553 2762.81
query,tuples,130200,0.0902432 2767.32
query,tuples,130300,0.0899012 2771.81
query,tuples,130400,0.0897822 2776.3
query,tuples,130500,0.0899797 2780.8
query,tuples,130600,0.0900742 2785.31
query,tuples,130700,0.0901319 2789.81
query,tuples,130800,0.0901233 2794.32
query,tuples,130900,0.0908874 2798.87
query,tuples,131000,0.0906549 2803.4
query,tuples,131100,0.0904689 2807.92
query,tuples,131200,0.0911982 2812.48
query,tuples,131300,0.0906943 2817.02
query,tuples,131400,0.0909867 2821.57
query,tuples,131500,0.0914512 2826.14
query,tuples,131600,0.0913283 2830.71
query,tuples,131700,0.0909147 2835.25
query,tuples,131800,0.0913625 2839.82
query,tuples,131900,0.0914324 2844.39
query,tuples,132000,0.0920949 2849
query,tuples,132100,0.0913357 2853.56
query,tuples,132200,0.0917058 2858.15
query,tuples,132300,0.0915537 2862.73
query,tuples,132400,0.0922234 2867.34
query,tuples,132500,0.0919707 2871.94
query,tuples,132600,0.0917388 2876.52
query,tuples,132700,0.0919032 2881.12
query,tuples,132800,0.0928956 2885.76
query,tuples,132900,0.0922564 2890.38
query,tuples,133000,0.092297 2894.99
query,tuples,133100,0.0925063 2899.62
query,tuples,133200,0.0923124 2904.23
query,tuples,133300,0.0927128 2908.87
query,tuples,133400,0.0930147 2913.52
query,tuples,133500,0.0932239 2918.18
query,tuples,133600,0.0930649 2922.84
query,tuples,133700,0.0927912 2927.48
query,tuples,133800,0.0933084 2932.14
query,tuples,133900,0.0936642 2936.82
query,tuples,134000,0.092858 2941.47
query,tuples,134100,0.0933833 2946.14
query,tuples,134200,0.0941323 2950.84
query,tuples,134300,0.0932899 2955.51
query,tuples,134400,0.0934267 2960.18
query,tuples,134500,0.0935538 2964.86
query,tuples,134600,0.0936379 2969.54
query,tuples,134700,0.0941869 2974.25
query,tuples,134800,0.0945102 2978.98
query,tuples,134900,0.0942613 2983.69
query,tuples,135000,0.0945008 2988.41
query,tuples,135100,0.0940872 2993.12
query,tuples,135200,0.0948752 2997.86
query,tuples,135300,0.094877 3002.61
query,tuples,135400,0.0952351 3007.37
query,tuples,135500,0.0943498 3012.09
query,tuples,135600,0.0940797 3016.79
query,tuples,135700,0.0947351 3021.53
query,tuples,135800,0.0945068 3026.25
query,tuples,135900,0.0952455 3031.02
query,tuples,136000,0.094784 3035.76
query,tuples,136100,0.0949641 3040.5
query,tuples,136200,0.094987 3045.25
query,tuples,136300,0.0954127 3050.02
query,tuples,136400,0.0955389 3054.8
query,tuples,136500,0.0952818 3059.57
query,tuples,136600,0.0957245 3064.35
query,tuples,136700,0.0957634 3069.14
query,tuples,136800,0.0953333 3073.91
query,tuples,136900,0.0956614 3078.69
query,tuples,137000,0.0957512 3083.48
query,tuples,137100,0.0957965 3088.27
query,tuples,137200,0.0959334 3093.07
query,tuples,137300,0.0961642 3097.87
query,tuples,137400,0.0973446 3102.74
query,tuples,137500,0.0963265 3107.56
query,tuples,137600,0.0962121 3112.37
query,tuples,137700,0.0963559 3117.19
query,tuples,137800,0.0968801 3122.03
query,tuples,137900,0.096676 3126.86
query,tuples,138000,0.0964516 3131.69
query,tuples,138100,0.097101 3136.54
query,tuples,138200,0.097187 3141.4
query,tuples,138300,0.097165 3146.26
query,tuples,138400,0.0968452 3151.1
query,tuples,138500,0.097321 3155.97
query,tuples,138600,0.097081 3160.82
query,tuples,138700,0.0975921 3165.7
query,tuples,138800,0.0970008 3170.55
query,tuples,138900,0.0971379 3175.41
query,tuples,139000,0.0973921 3180.28
query,tuples,139100,0.0977903 3185.17
query,tuples,139200,0.0982148 3190.08
query,tuples,139300,0.0975818 3194.96
query,tuples,139400,0.0974209 3199.83
query,tuples,139500,0.0978021 3204.72
query,tuples,139600,0.0977556 3209.61
query,tuples,139700,0.0997209 3214.6
query,tuples,139800,0.0986829 3219.53
query,tuples,139900,0.0986841 3224.47
query,tuples,140000,0.0982528 3229.38
query,tuples,140100,0.0988514 3234.32
query,tuples,140200,0.0982224 3239.23
query,tuples,140300,0.0981572 3244.14
query,tuples,140400,0.0987945 3249.08
query,tuples,140500,0.0992619 3254.04
query,tuples,140600,0.0985355 3258.97
query,tuples,140700,0.0989359 3263.92
query,tuples,140800,0.0989755 3268.87
query,tuples,140900,0.0999235 3273.86
query,tuples,141000,0.0996601 3278.85
query,tuples,141100,0.09902 3283.8
query,tuples,141200,0.0990168 3288.75
query,tuples,141300,0.099698 3293.73
query,tuples,141400,0.0998646 3298.73
query,tuples,141500,0.0996868 3303.71
query,tuples,141600,0.0993815 3308.68
query,tuples,141700,0.0994076 3313.65
query,tuples,141800,0.0994896 3318.63
query,tuples,141900,0.0996085 3323.61
query,tuples,142000,0.0999029 3328.6
query,tuples,142100,0.0997235 3333.59
query,tuples,142200,0.0999626 3338.59
query,tuples,142300,0.10033 3343.6
query,tuples,142400,0.100625 3348.63
query,tuples,142500,0.100324 3353.65
query,tuples,142600,0.101062 3358.7
query,tuples,142700,0.100598 3363.73
query,tuples,142800,0.100738 3368.77
query,tuples,142900,0.101002 3373.82
query,tuples,143000,0.100623 3378.85
query,tuples,143100,0.100538 3383.88
query,tuples,143200,0.101063 3388.93
query,tuples,143300,0.101262 3394
query,tuples,143400,0.100698 3399.03
query,tuples,143500,0.101515 3404.11
query,tuples,143600,0.101313 3409.17
query,tuples,143700,0.101477 3414.25
query,tuples,143800,0.10123 3419.31
query,tuples,143900,0.1013 3424.38
query,tuples,144000,0.101556 3429.45
query,tuples,144100,0.101725 3434.54
query,tuples,144200,0.10241 3439.66
query,tuples,144300,0.101699 3444.75
query,tuples,144400,0.101695 3449.83
query,tuples,144500,0.101872 3454.92
query,tuples,144600,0.101934 3460.02
query,tuples,144700,0.102157 3465.13
query,tuples,144800,0.102286 3470.24
query,tuples,144900,0.102166 3475.35
query,tuples,145000,0.102528 3480.48
query,tuples,145100,0.102618 3485.61
query,tuples,145200,0.102474 3490.73
query,tuples,145300,0.102945 3495.88
query,tuples,145400,0.10275 3501.02
query,tuples,145500,0.103733 3506.21
query,tuples,145600,0.102823 3511.35
query,tuples,145700,0.103619 3516.53
query,tuples,145800,0.102964 3521.68
query,tuples,145900,0.103029 3526.83
query,tuples,146000,0.103353 3532
query,tuples,146100,0.103435 3537.17
query,tuples,146200,0.103256 3542.33
query,tuples,146300,0.103272 3547.5
query,tuples,146400,0.103537 3552.67
query,tuples,146500,0.103622 3557.85
query,tuples,146600,0.103555 3563.03
query,tuples,146700,0.103525 3568.21
query,tuples,146800,0.103963 3573.41
query,tuples,146900,0.104049 3578.61
query,tuples,147000,0.104142 3583.82
query,tuples,147100,0.104351 3589.03
query,tuples,147200,0.10471 3594.27
query,tuples,147300,0.104769 3599.51
query,tuples,147400,0.104717 3604.74
query,tuples,147500,0.105179 3610
query,tuples,147600,0.105233 3615.27
query,tuples,147700,0.104214 3620.48
query,tuples,147800,0.10451 3625.7
query,tuples,147900,0.105088 3630.96
query,tuples,148000,0.104763 3636.2
query,tuples,148100,0.106042 3641.5
query,tuples,148200,0.10535 3646.77
query,tuples,148300,0.104992 3652.02
query,tuples,148400,0.10486 3657.26
query,tuples,148500,0.106131 3662.57
query,tuples,148600,0.105192 3667.82
query,tuples,148700,0.105832 3673.12
query,tuples,148800,0.104954 3678.36
query,tuples,148900,0.10522 3683.63
query,tuples,149000,0.1055 3688.9
query,tuples,149100,0.106242 3694.21
query,tuples,149200,0.105882 3699.51
query,tuples,149300,0.105656 3704.79
query,tuples,149400,0.106406 3710.11
query,tuples,149500,0.106193 3715.42
query,tuples,149600,0.106348 3720.74
query,tuples,149700,0.106243 3726.05
query,tuples,149800,0.106044 3731.35
query,tuples,149900,0.106341 3736.67
query,tuples,150000,0.106652 3742
query,tuples,150100,0.10639 3747.32
query,tuples,150200,0.106289 3752.64
query,tuples,150300,0.107421 3758.01
query,tuples,150400,0.107294 3763.37
query,tuples,150500,0.106752 3768.71
query,tuples,150600,0.107501 3774.09
query,tuples,150700,0.10675 3779.42
query,tuples,150800,0.106738 3784.76
query,tuples,150900,0.107467 3790.14
query,tuples,151000,0.107505 3795.51
query,tuples,151100,0.107304 3800.88
query,tuples,151200,0.10709 3806.23
query,tuples,151300,0.107711 3811.62
query,tuples,151400,0.107849 3817.01
query,tuples,151500,0.107613 3822.39
query,tuples,151600,0.107706 3827.78
query,tuples,151700,0.108129 3833.18
query,tuples,151800,0.10823 3838.59
query,tuples,151900,0.107668 3843.98
query,tuples,152000,0.108525 3849.4
query,tuples,152100,0.108098 3854.81
query,tuples,152200,0.108136 3860.22
query,tuples,152300,0.108212 3865.63
query,tuples,152400,0.108144 3871.03
query,tuples,152500,0.108474 3876.46
query,tuples,152600,0.109075 3881.91
query,tuples,152700,0.108833 3887.35
query,tuples,152800,0.108873 3892.8
query,tuples,152900,0.10897 3898.25
query,tuples,153000,0.109519 3903.72
query,tuples,153100,0.108974 3909.17
query,tuples,153200,0.109866 3914.67
query,tuples,153300,0.109163 3920.12
query,tuples,153400,0.109461 3925.6
query,tuples,153500,0.109322 3931.06
query,tuples,153600,0.109485 3936.54
query,tuples,153700,0.109646 3942.02
query,tuples,153800,0.109357 3947.49
query,tuples,153900,0.109725 3952.97
query,tuples,154000,0.109715 3958.46
query,tuples,154100,0.109569 3963.94
query,tuples,154200,0.110182 3969.45
query,tuples,154300,0.11025 3974.96
query,tuples,154400,0.110002 3980.46
query,tuples,154500,0.11086 3986.01
query,tuples,154600,0.110061 3991.51
query,tuples,154700,0.111056 3997.06
query,tuples,154800,0.110339 4002.58
query,tuples,154900,0.110397 4008.1
query,tuples,155000,0.110566 4013.63
query,tuples,155100,0.110544 4019.15
query,tuples,155200,0.11083 4024.7
query,tuples,155300,0.11162 4030.28
query,tuples,155400,0.111303 4035.84
query,tuples,155500,0.111628 4041.42
query,tuples,155600,0.111036 4046.98
query,tuples,155700,0.111771 4052.57
query,tuples,155800,0.11142 4058.14
query,tuples,155900,0.111583 4063.72
query,tuples,156000,0.111237 4069.28
query,tuples,156100,0.112543 4074.91
query,tuples,156200,0.111694 4080.49
query,tuples,156300,0.111786 4086.08
query,tuples,156400,0.111778 4091.67
query,tuples,156500,0.111818 4097.26
query,tuples,156600,0.111883 4102.85
query,tuples,156700,0.112211 4108.46
query,tuples,156800,0.112474 4114.09
query,tuples,156900,0.112426 4119.71
query,tuples,157000,0.112545 4125.34
query,tuples,157100,0.113217 4131
query,tuples,157200,0.113233 4136.66
query,tuples,157300,0.113406 4142.33
query,tuples,157400,0.113443 4148
query,tuples,157500,0.113411 4153.67
query,tuples,157600,0.113662 4159.36
query,tuples,157700,0.112935 4165
query,tuples,157800,0.113343 4170.67
query,tuples,157900,0.11362 4176.35
query,tuples,158000,0.113523 4182.03
query,tuples,158100,0.114079 4187.73
query,tuples,158200,0.113326 4193.4
query,tuples,158300,0.113591 4199.08
query,tuples,158400,0.11359 4204.76
query,tuples,158500,0.113703 4210.45
query,tuples,158600,0.113633 4216.13
query,tuples,158700,0.113849 4221.82
query,tuples,158800,0.114607 4227.55
query,tuples,158900,0.114173 4233.26
query,tuples,159000,0.114263 4238.97
query,tuples,159100,0.114033 4244.67
query,tuples,159200,0.114719 4250.41
query,tuples,159300,0.114668 4256.14
query,tuples,159400,0.114486 4261.87
query,tuples,159500,0.115011 4267.62
query,tuples,159600,0.115329 4273.39
query,tuples,159700,0.114729 4279.12
query,tuples,159800,0.11519 4284.88
query,tuples,159900,0.115658 4290.67
query,tuples,160000,0.114979 4296.41
query,tuples,160100,0.115244 4302.18
query,tuples,160200,0.115391 4307.95
query,tuples,160300,0.11516 4313.71
query,tuples,160400,0.115413 4319.48
query,tuples,160500,0.116224 4325.29
query,tuples,160600,0.115381 4331.06
query,tuples,160700,0.11548 4336.83
query,tuples,160800,0.117337 4342.7
query,tuples,160900,0.116448 4348.52
query,tuples,161000,0.117179 4354.38
query,tuples,161100,0.116984 4360.23
query,tuples,161200,0.116813 4366.07
query,tuples,161300,0.1169 4371.92
query,tuples,161400,0.116854 4377.76
query,tuples,161500,0.116241 4383.57
query,tuples,161600,0.116803 4389.41
query,tuples,161700,0.116631 4395.24
query,tuples,161800,0.117126 4401.1
query,tuples,161900,0.117343 4406.97
query,tuples,162000,0.117005 4412.82
query,tuples,162100,0.117085 4418.67
query,tuples,162200,0.116867 4424.51
query,tuples,162300,0.118426 4430.44
query,tuples,162400,0.118233 4436.35
query,tuples,162500,0.117114 4442.2
query,tuples,162600,0.1176 4448.08
query,tuples,162700,0.117683 4453.97
query,tuples,162800,0.117349 4459.84
query,tuples,162900,0.118616 4465.77
query,tuples,163000,0.117632 4471.65
query,tuples,163100,0.118623 4477.58
query,tuples,163200,0.117894 4483.48
query,tuples,163300,0.117869 4489.37
query,tuples,163400,0.117841 4495.26
query,tuples,163500,0.119411 4501.23
query,tuples,163600,0.118336 4507.15
query,tuples,163700,0.119336 4513.12
query,tuples,163800,0.119101 4519.07
query,tuples,163900,0.118676 4525.01
query,tuples,164000,0.120005 4531.01
query,tuples,164100,0.119602 4536.99
query,tuples,164200,0.118665 4542.92
query,tuples,164300,0.119593 4548.9
query,tuples,164400,0.118793 4554.84
query,tuples,164500,0.119707 4560.82
query,tuples,164600,0.119076 4566.78
query,tuples,164700,0.119489 4572.75
query,tuples,164800,0.118776 4578.69
query,tuples,164900,0.119839 4584.68
query,tuples,165000,0.119188 4590.64
query,tuples,165100,0.120287 4596.66
query,tuples,165200,0.119962 4602.66
query,tuples,165300,0.119536 4608.63
query,tuples,165400,0.11964 4614.62
query,tuples,165500,0.120265 4620.63
query,tuples,165600,0.119691 4626.61
query,tuples,165700,0.120344 4632.63
query,tuples,165800,0.12007 4638.64
query,tuples,165900,0.120177 4644.65
query,tuples,166000,0.120484 4650.67
query,tuples,166100,0.121018 4656.72
query,tuples,166200,0.120907 4662.77
query,tuples,166300,0.120358 4668.78
query,tuples,166400,0.120105 4674.79
query,tuples,166500,0.120245 4680.8
query,tuples,166600,0.120174 4686.81
query,tuples,166700,0.120548 4692.84
query,tuples,166800,0.121449 4698.91
query,tuples,166900,0.120665 4704.94
query,tuples,167000,0.120494 4710.97
query,tuples,167100,0.121409 4717.04
query,tuples,167200,0.122051 4723.14
query,tuples,167300,0.120767 4729.18
query,tuples,167400,0.121036 4735.23
query,tuples,167500,0.122037 4741.34
query,tuples,167600,0.121441 4747.41
query,tuples,167700,0.121684 4753.49
query,tuples,167800,0.121337 4759.56
query,tuples,167900,0.121566 4765.64
query,tuples,168000,0.12159 4771.72
query,tuples,168100,0.121818 4777.81
query,tuples,168200,0.121897 4783.9
query,tuples,168300,0.122182 4790.01
query,tuples,168400,0.122536 4796.14
query,tuples,168500,0.121747 4802.23
query,tuples,168600,0.12237 4808.35
query,tuples,168700,0.122258 4814.46
query,tuples,168800,0.12245 4820.58
query,tuples,168900,0.122416 4826.7
query,tuples,169000,0.122575 4832.83
query,tuples,169100,0.123009 4838.98
query,tuples,169200,0.122896 4845.13
query,tuples,169300,0.123171 4851.29
query,tuples,169400,0.122655 4857.42
query,tuples,169500,0.122924 4863.57
query,tuples,169600,0.122969 4869.71
query,tuples,169700,0.123202 4875.88
query,tuples,169800,0.12361 4882.06
query,tuples,169900,0.123489 4888.23
query,tuples,170000,0.125065 4894.48
query,tuples,170100,0.123311 4900.65
query,tuples,170200,0.123722 4906.84
query,tuples,170300,0.124076 4913.04
query,tuples,170400,0.123992 4919.24
query,tuples,170500,0.12425 4925.45
query,tuples,170600,0.123842 4931.64
query,tuples,170700,0.124124 4937.85
query,tuples,170800,0.12421 4944.06
query,tuples,170900,0.124458 4950.29
query,tuples,171000,0.124743 4956.52
query,tuples,171100,0.124555 4962.75
query,tuples,171200,0.124578 4968.98
query,tuples,171300,0.12523 4975.24
query,tuples,171400,0.124529 4981.47
query,tuples,171500,0.125128 4987.72
query,tuples,171600,0.125436 4994
query,tuples,171700,0.126037 5000.3
query,tuples,171800,0.125074 5006.55
query,tuples,171900,0.124984 5012.8
query,tuples,172000,0.125168 5019.06
query,tuples,172100,0.126448 5025.38
query,tuples,172200,0.125487 5031.66
query,tuples,172300,0.12591 5037.95
query,tuples,172400,0.125237 5044.22
query,tuples,172500,0.125804 5050.51
query,tuples,172600,0.126893 5056.85
query,tuples,172700,0.125944 5063.15
query,tuples,172800,0.126045 5069.45
query,tuples,172900,0.125776 5075.74
query,tuples,173000,0.126226 5082.05
query,tuples,173100,0.125917 5088.35
query,tuples,173200,0.127399 5094.72
query,tuples,173300,0.12773 5101.1
query,tuples,173400,0.126469 5107.43
query,tuples,173500,0.126559 5113.76
query,tuples,173600,0.126671 5120.09
query,tuples,173700,0.126916 5126.44
query,tuples,173800,0.126848 5132.78
query,tuples,173900,0.126804 5139.12
query,tuples,174000,0.127463 5145.49
query,tuples,174100,0.127632 5151.87
query,tuples,174200,0.128111 5158.28
query,tuples,174300,0.128037 5164.68
query,tuples,174400,0.127938 5171.08
query,tuples,174500,0.128019 5177.48
query,tuples,174600,0.128462 5183.9
query,tuples,174700,0.127485 5190.28
query,tuples,174800,0.128889 5196.72
query,tuples,174900,0.127679 5203.11
query,tuples,175000,0.127872 5209.5
query,tuples,175100,0.128152 5215.91
query,tuples,175200,0.127971 5222.31
query,tuples,175300,0.128203 5228.72
query,tuples,175400,0.12878 5235.16
query,tuples,175500,0.129158 5241.61
query,tuples,175600,0.1291 5248.07
query,tuples,175700,0.12874 5254.51
query,tuples,175800,0.128777 5260.95
query,tuples,175900,0.129096 5267.4
query,tuples,176000,0.128913 5273.85
query,tuples,176100,0.128908 5280.29
query,tuples,176200,0.129438 5286.76
query,tuples,176300,0.130553 5293.29
query,tuples,176400,0.129089 5299.75
query,tuples,176500,0.129794 5306.24
query,tuples,176600,0.129733 5312.72
query,tuples,176700,0.129616 5319.21
query,tuples,176800,0.12984 5325.7
query,tuples,176900,0.129579 5332.18
query,tuples,177000,0.130201 5338.69
query,tuples,177100,0.130249 5345.2
query,tuples,177200,0.129937 5351.7
query,tuples,177300,0.129821 5358.19
query,tuples,177400,0.13057 5364.72
query,tuples,177500,0.132117 5371.32
query,tuples,177600,0.130171 5377.83
query,tuples,177700,0.130409 5384.35
query,tuples,177800,0.130859 5390.9
query,tuples,177900,0.13031 5397.41
query,tuples,178000,0.130629 5403.94
query,tuples,178100,0.131794 5410.53
query,tuples,178200,0.130581 5417.06
query,tuples,178300,0.130998 5423.61
query,tuples,178400,0.13107 5430.17
query,tuples,178500,0.131813 5436.76
query,tuples,178600,0.131828 5443.35
query,tuples,178700,0.131937 5449.95
query,tuples,178800,0.131273 5456.51
query,tuples,178900,0.131285 5463.07
query,tuples,179000,0.132033 5469.68
query,tuples,179100,0.131568 5476.25
query,tuples,179200,0.132112 5482.86
query,tuples,179300,0.131766 5489.45
query,tuples,179400,0.131962 5496.05
query,tuples,179500,0.132312 5502.66
query,tuples,179600,0.132676 5509.3
query,tuples,179700,0.132417 5515.92
query,tuples,179800,0.133016 5522.57
query,tuples,179900,0.133041 5529.22
query,tuples,180000,0.133718 5535.91
query,tuples,180100,0.13279 5542.55
query,tuples,180200,0.132992 5549.2
query,tuples,180300,0.133356 5555.86
query,tuples,180400,0.133605 5562.54
query,tuples,180500,0.133155 5569.2
query,tuples,180600,0.132964 5575.85
query,tuples,180700,0.133613 5582.53
query,tuples,180800,0.134217 5589.24
query,tuples,180900,0.133327 5595.91
query,tuples,181000,0.134289 5602.62
query,tuples,181100,0.134246 5609.34
query,tuples,181200,0.13361 5616.02
query,tuples,181300,0.135133 5622.77
query,tuples,181400,0.134277 5629.49
query,tuples,181500,0.134479 5636.21
query,tuples,181600,0.133937 5642.91
query,tuples,181700,0.134887 5649.65
query,tuples,181800,0.134501 5656.38
query,tuples,181900,0.136075 5663.18
query,tuples,182000,0.134642 5669.92
query,tuples,182100,0.134465 5676.64
query,tuples,182200,0.1343 5683.35
query,tuples,182300,0.134397 5690.07
query,tuples,182400,0.135038 5696.83
query,tuples,182500,0.135225 5703.59
query,tuples,182600,0.135094 5710.34
query,tuples,182700,0.13513 5717.1
query,tuples,182800,0.136423 5723.92
query,tuples,182900,0.135263 5730.68
query,tuples,183000,0.134779 5737.42
query,tuples,183100,0.134738 5744.16
query,tuples,183200,0.135735 5750.95
query,tuples,183300,0.135381 5757.72
query,tuples,183400,0.135098 5764.47
query,tuples,183500,0.135424 5771.24
query,tuples,183600,0.135917 5778.04
query,tuples,183700,0.135845 5784.83
query,tuples,183800,0.136962 5791.68
query,tuples,183900,0.135661 5798.46
query,tuples,184000,0.135823 5805.25
query,tuples,184100,0.136614 5812.09
query,tuples,184200,0.136847 5818.93
query,tuples,184300,0.135863 5825.72
query,tuples,184400,0.136456 5832.54
query,tuples,184500,0.136458 5839.37
query,tuples,184600,0.136489 5846.19
query,tuples,184700,0.136669 5853.03
query,tuples,184800,0.136656 5859.86
query,tuples,184900,0.136408 5866.68
query,tuples,185000,0.137045 5873.53
query,tuples,185100,0.137577 5880.41
query,tuples,185200,0.136919 5887.26
query,tuples,185300,0.137262 5894.12
query,tuples,185400,0.137283 5900.99
query,tuples,185500,0.137011 5907.84
query,tuples,185600,0.137395 5914.71
query,tuples,185700,0.137594 5921.59
query,tuples,185800,0.137806 5928.48
query,tuples,185900,0.137648 5935.36
query,tuples,186000,0.137717 5942.24
query,tuples,186100,0.138586 5949.17
query,tuples,186200,0.138638 5956.11
query,tuples,186300,0.137985 5963.01
query,tuples,186400,0.138565 5969.93
query,tuples,186500,0.137959 5976.83
query,tuples,186600,0.139536 5983.81
query,tuples,186700,0.138946 5990.76
query,tuples,186800,0.139032 5997.71
query,tuples,186900,0.139276 6004.67
query,tuples,187000,0.13885 6011.62
query,tuples,187100,0.139223 6018.58
query,tuples,187200,0.139128 6025.53
query,tuples,187300,0.139265 6032.5
query,tuples,187400,0.139174 6039.46
query,tuples,187500,0.139041 6046.41
query,tuples,187600,0.138938 6053.36
query,tuples,187700,0.139138 6060.31
query,tuples,187800,0.139219 6067.27
query,tuples,187900,0.1399 6074.27
query,tuples,188000,0.139359 6081.24
query,tuples,188100,0.139881 6088.23
query,tuples,188200,0.139631 6095.21
query,tuples,188300,0.140339 6102.23
query,tuples,188400,0.140922 6109.28
query,tuples,188500,0.140183 6116.29
query,tuples,188600,0.140306 6123.3
query,tuples,188700,0.139683 6130.29
query,tuples,188800,0.140874 6137.33
query,tuples,188900,0.141351 6144.4
query,tuples,189000,0.140439 6151.42
query,tuples,189100,0.141182 6158.48
query,tuples,189200,0.141291 6165.54
query,tuples,189300,0.141422 6172.61
query,tuples,189400,0.140451 6179.64
query,tuples,189500,0.141163 6186.7
query,tuples,189600,0.141376 6193.77
query,tuples,189700,0.141425 6200.84
query,tuples,189800,0.14058 6207.87
query,tuples,189900,0.141235 6214.93
query,tuples,190000,0.141396 6222
query,tuples,190100,0.141578 6229.08
query,tuples,190200,0.141775 6236.17
query,tuples,190300,0.142246 6243.28
query,tuples,190400,0.142429 6250.4
query,tuples,190500,0.141971 6257.5
query,tuples,190600,0.141924 6264.6
query,tuples,190700,0.142673 6271.73
query,tuples,190800,0.142504 6278.85
query,tuples,190900,0.142684 6285.99
query,tuples,191000,0.142599 6293.12
query,tuples,191100,0.142992 6300.27
query,tuples,191200,0.142576 6307.4
query,tuples,191300,0.142451 6314.52
query,tuples,191400,0.142994 6321.67
query,tuples,191500,0.142944 6328.82
query,tuples,191600,0.142867 6335.96
query,tuples,191700,0.142995 6343.11
query,tuples,191800,0.143275 6350.28
query,tuples,191900,0.143563 6357.45
query,tuples,192000,0.14348 6364.63
query,tuples,192100,0.143191 6371.79
query,tuples,192200,0.143539 6378.97
query,tuples,192300,0.144964 6386.21
query,tuples,192400,0.143512 6393.39
query,tuples,192500,0.143792 6400.58
query,tuples,192600,0.143497 6407.75
query,tuples,192700,0.143795 6414.94
query,tuples,192800,0.144146 6422.15
query,tuples,192900,0.144021 6429.35
query,tuples,193000,0.14425 6436.57
query,tuples,193100,0.144864 6443.81
query,tuples,193200,0.144486 6451.03
query,tuples,193300,0.144645 6458.27
query,tuples,193400,0.1443 6465.48
query,tuples,193500,0.144771 6472.72
query,tuples,193600,0.144738 6479.96
query,tuples,193700,0.145053 6487.21
query,tuples,193800,0.14493 6494.46
query,tuples,193900,0.145221 6501.72
query,tuples,194000,0.145711 6509
query,tuples,194100,0.145311 6516.27
query,tuples,194200,0.146556 6523.6
query,tuples,194300,0.145602 6530.88
query,tuples,194400,0.145403 6538.15
query,tuples,194500,0.145764 6545.44
query,tuples,194600,0.145832 6552.73
query,tuples,194700,0.145715 6560.01
query,tuples,194800,0.147133 6567.37
query,tuples,194900,0.147517 6574.75
query,tuples,195000,0.146245 6582.06
query,tuples,195100,0.146587 6589.39
query,tuples,195200,0.146371 6596.71
query,tuples,195300,0.14662 6604.04
query,tuples,195400,0.146646 6611.37
query,tuples,195500,0.146483 6618.7
query,tuples,195600,0.147566 6626.07
query,tuples,195700,0.147748 6633.46
query,tuples,195800,0.14684 6640.8
query,tuples,195900,0.147067 6648.16
query,tuples,196000,0.14672 6655.49
query,tuples,196100,0.146649 6662.83
query,tuples,196200,0.146981 6670.18
query,tuples,196300,0.147613 6677.56
query,tuples,196400,0.147795 6684.95
query,tuples,196500,0.147959 6692.35
query,tuples,196600,0.147645 6699.73
query,tuples,196700,0.147763 6707.12
query,tuples,196800,0.14768 6714.5
query,tuples,196900,0.148097 6721.91
query,tuples,197000,0.147745 6729.29
query,tuples,197100,0.149799 6736.78
query,tuples,197200,0.14801 6744.18
query,tuples,197300,0.148034 6751.59
query,tuples,197400,0.148505 6759.01
query,tuples,197500,0.148631 6766.44
query,tuples,197600,0.150082 6773.95
query,tuples,197700,0.148989 6781.4
query,tuples,197800,0.149117 6788.85
query,tuples,197900,0.148903 6796.3
query,tuples,198000,0.148445 6803.72
query,tuples,198100,0.150091 6811.23
query,tuples,198200,0.149005 6818.68
query,tuples,198300,0.148984 6826.13
query,tuples,198400,0.149046 6833.58
query,tuples,198500,0.149371 6841.05
query,tuples,198600,0.149492 6848.52
query,tuples,198700,0.149469 6855.99
query,tuples,198800,0.149187 6863.45
query,tuples,198900,0.149763 6870.94
query,tuples,199000,0.149859 6878.44
query,tuples,199100,0.149935 6885.93
query,tuples,199200,0.150027 6893.43
query,tuples,199300,0.149664 6900.92
query,tuples,199400,0.150029 6908.42
query,tuples,199500,0.150128 6915.93
query,tuples,199600,0.150645 6923.46
query,tuples,199700,0.149989 6930.96
query,tuples,199800,0.150223 6938.47
query,tuples,199900,0.150358 6945.99
query,tuples,200000,0.151598 6953.57
query,tuples,200100,0.151047 6961.12
query,tuples,200200,0.150648 6968.65
query,tuples,200300,0.150646 6976.19
query,tuples,200400,0.150496 6983.71
query,tuples,200500,0.151003 6991.26
query,tuples,200600,0.151016 6998.81
query,tuples,200700,0.151504 7006.39
query,tuples,200800,0.151771 7013.98
query,tuples,200900,0.15182 7021.57
query,tuples,201000,0.151243 7029.13
query,tuples,201100,0.151427 7036.7
query,tuples,201200,0.151389 7044.27
query,tuples,201300,0.151746 7051.86
query,tuples,201400,0.152802 7059.5
query,tuples,201500,0.152486 7067.12
query,tuples,201600,0.152035 7074.73
query,tuples,201700,0.152234 7082.34
query,tuples,201800,0.153133 7089.99
query,tuples,201900,0.152329 7097.61
query,tuples,202000,0.152481 7105.23
query,tuples,202100,0.152331 7112.85
query,tuples,202200,0.152399 7120.47
query,tuples,202300,0.152443 7128.09
query,tuples,202400,0.153369 7135.76
query,tuples,202500,0.152754 7143.4
query,tuples,202600,0.152836 7151.04
query,tuples,202700,0.153451 7158.72
query,tuples,202800,0.153155 7166.37
query,tuples,202900,0.153084 7174.03
query,tuples,203000,0.153578 7181.71
query,tuples,203100,0.15309 7189.36
query,tuples,203200,0.153717 7197.05
query,tuples,203300,0.153707 7204.73
query,tuples,203400,0.153712 7212.42
query,tuples,203500,0.153534 7220.1
query,tuples,203600,0.154519 7227.82
query,tuples,203700,0.154521 7235.55
query,tuples,203800,0.154672 7243.28
query,tuples,203900,0.154729 7251.02
query,tuples,204000,0.154063 7258.72
query,tuples,204100,0.154176 7266.43
query,tuples,204200,0.154404 7274.15
query,tuples,204300,0.154529 7281.88
query,tuples,204400,0.154606 7289.61
query,tuples,204500,0.155722 7297.4
query,tuples,204600,0.155073 7305.15
query,tuples,204700,0.155382 7312.92
query,tuples,204800,0.155198 7320.68
query,tuples,204900,0.154642 7328.41
query,tuples,205000,0.155087 7336.17
query,tuples,205100,0.155305 7343.93
query,tuples,205200,0.155543 7351.71
query,tuples,205300,0.155255 7359.47
query,tuples,205400,0.155149 7367.23
query,tuples,205500,0.156071 7375.03
query,tuples,205600,0.155507 7382.81
query,tuples,205700,0.155509 7390.58
query,tuples,205800,0.157249 7398.45
query,tuples,205900,0.155552 7406.22
query,tuples,206000,0.156952 7414.07
query,tuples,206100,0.15642 7421.89
query,tuples,206200,0.15663 7429.73
query,tuples,206300,0.158109 7437.63
query,tuples,206400,0.156063 7445.43
query,tuples,206500,0.157358 7453.3
query,tuples,206600,0.156344 7461.12
query,tuples,206700,0.1563 7468.94
query,tuples,206800,0.156942 7476.78
query,tuples,206900,0.156449 7484.6
query,tuples,207000,0.157321 7492.47
query,tuples,207100,0.158184 7500.38
query,tuples,207200,0.157835 7508.27
query,tuples,207300,0.157768 7516.16
query,tuples,207400,0.157424 7524.03
query,tuples,207500,0.156975 7531.88
query,tuples,207600,0.157153 7539.74
query,tuples,207700,0.157737 7547.63
query,tuples,207800,0.159112 7555.58
query,tuples,207900,0.157637 7563.46
query,tuples,208000,0.157763 7571.35
query,tuples,208100,0.157818 7579.24
query,tuples,208200,0.158058 7587.15
query,tuples,208300,0.158092 7595.05
query,tuples,208400,0.158108 7602.96
query,tuples,208500,0.15837 7610.88
query,tuples,208600,0.158684 7618.81
query,tuples,208700,0.159042 7626.76
query,tuples,208800,0.158872 7634.71
query,tuples,208900,0.158826 7642.65
query,tuples,209000,0.158292 7650.56
query,tuples,209100,0.158509 7658.49
query,tuples,209200,0.158614 7666.42
query,tuples,209300,0.158628 7674.35
query,tuples,209400,0.160543 7682.38
query,tuples,209500,0.160161 7690.39
query,tuples,209600,0.158889 7698.33
query,tuples,209700,0.159467 7706.31
query,tuples,209800,0.160112 7714.31
query,tuples,209900,0.159334 7722.28
query,tuples,210000,0.159867 7730.27
query,tuples,210100,0.160878 7738.32
query,tuples,210200,0.160041 7746.32
query,tuples,210300,0.160172 7754.33
query,tuples,210400,0.16024 7762.34
query,tuples,210500,0.161788 7770.43
query,tuples,210600,0.160748 7778.47
query,tuples,210700,0.160977 7786.52
query,tuples,210800,0.160073 7794.52
query,tuples,210900,0.160137 7802.53
query,tuples,211000,0.160522 7810.55
query,tuples,211100,0.160509 7818.58
query,tuples,211200,0.160789 7826.62
query,tuples,211300,0.160824 7834.66
query,tuples,211400,0.160708 7842.69
query,tuples,211500,0.16065 7850.73
query,tuples,211600,0.161083 7858.78
query,tuples,211700,0.161527 7866.86
query,tuples,211800,0.161424 7874.93
query,tuples,211900,0.161791 7883.02
query,tuples,212000,0.16101 7891.07
query,tuples,212100,0.161015 7899.12
query,tuples,212200,0.161579 7907.2
query,tuples,212300,0.161416 7915.27
query,tuples,212400,0.162273 7923.39
query,tuples,212500,0.162313 7931.5
query,tuples,212600,0.162076 7939.6
query,tuples,212700,0.161872 7947.7
query,tuples,212800,0.163776 7955.89
query,tuples,212900,0.162913 7964.03
query,tuples,213000,0.162303 7972.15
query,tuples,213100,0.162581 7980.28
query,tuples,213200,0.16222 7988.39
query,tuples,213300,0.162576 7996.52
query,tuples,213400,0.162734 8004.66
query,tuples,213500,0.162925 8012.8
query,tuples,213600,0.163189 8020.96
query,tuples,213700,0.163379 8029.13
query,tuples,213800,0.163092 8037.29
query,tuples,213900,0.163106 8045.44
query,tuples,214000,0.164876 8053.69
query,tuples,214100,0.163176 8061.84
query,tuples,214200,0.164534 8070.07
query,tuples,214300,0.163393 8078.24
query,tuples,214400,0.163409 8086.41
query,tuples,214500,0.164302 8094.63
query,tuples,214600,0.163591 8102.81
query,tuples,214700,0.164644 8111.04
query,tuples,214800,0.163981 8119.24
query,tuples,214900,0.164069 8127.44
query,tuples,215000,0.165283 8135.71
query,tuples,215100,0.164527 8143.93
query,tuples,215200,0.163952 8152.13
query,tuples,215300,0.164355 8160.35
query,tuples,215400,0.163874 8168.54
query,tuples,215500,0.164064 8176.75
query,tuples,215600,0.165948 8185.04
query,tuples,215700,0.165285 8193.31
query,tuples,215800,0.164906 8201.55
query,tuples,215900,0.165569 8209.83
query,tuples,216000,0.165719 8218.12
query,tuples,216100,0.165394 8226.39
query,tuples,216200,0.165383 8234.66
query,tuples,216300,0.166131 8242.96
query,tuples,216400,0.165142 8251.22
query,tuples,216500,0.165115 8259.48
query,tuples,216600,0.167406 8267.85
query,tuples,216700,0.165674 8276.13
query,tuples,216800,0.165634 8284.41
query,tuples,216900,0.166571 8292.74
query,tuples,217000,0.166573 8301.07
query,tuples,217100,0.166597 8309.4
query,tuples,217200,0.165863 8317.7
query,tuples,217300,0.166832 8326.04
query,tuples,217400,0.166516 8334.36
query,tuples,217500,0.166756 8342.7
query,tuples,217600,0.167379 8351.07
query,tuples,217700,0.166179 8359.38
query,tuples,217800,0.166696 8367.71
query,tuples,217900,0.167033 8376.07
query,tuples,218000,0.167863 8384.46
query,tuples,218100,0.168159 8392.87
query,tuples,218200,0.167568 8401.25
query,tuples,218300,0.167478 8409.62
query,tuples,218400,0.167316 8417.99
query,tuples,218500,0.167325 8426.35
query,tuples,218600,0.16871 8434.79
query,tuples,218700,0.16718 8443.15
query,tuples,218800,0.168317 8451.56
query,tuples,218900,0.168649 8460
query,tuples,219000,0.168477 8468.42
query,tuples,219100,0.167795 8476.81
query,tuples,219200,0.167861 8485.2
query,tuples,219300,0.168189 8493.61
query,tuples,219400,0.169979 8502.11
query,tuples,219500,0.169559 8510.59
query,tuples,219600,0.1689 8519.04
query,tuples,219700,0.168181 8527.45
query,tuples,219800,0.169343 8535.91
query,tuples,219900,0.168901 8544.36
query,tuples,220000,0.169045 8552.81
query,tuples,220100,0.169005 8561.26
query,tuples,220200,0.170472 8569.78
query,tuples,220300,0.168956 8578.23
query,tuples,220400,0.168798 8586.67
query,tuples,220500,0.169518 8595.15
query,tuples,220600,0.170145 8603.66
query,tuples,220700,0.169376 8612.13
query,tuples,220800,0.169589 8620.61
query,tuples,220900,0.16956 8629.08
query,tuples,221000,0.169578 8637.56
query,tuples,221100,0.169634 8646.04
query,tuples,221200,0.169537 8654.52
query,tuples,221300,0.170299 8663.04
query,tuples,221400,0.170734 8671.57
query,tuples,221500,0.170142 8680.08
query,tuples,221600,0.170071 8688.58
query,tuples,221700,0.169977 8697.08
query,tuples,221800,0.169862 8705.58
query,tuples,221900,0.170023 8714.08
query,tuples,222000,0.170702 8722.61
query,tuples,222100,0.171037 8731.17
query,tuples,222200,0.172161 8739.77
query,tuples,222300,0.170623 8748.31
query,tuples,222400,0.171061 8756.86
query,tuples,222500,0.171136 8765.42
query,tuples,222600,0.171859 8774.01
query,tuples,222700,0.171023 8782.56
query,tuples,222800,0.171182 8791.12
query,tuples,222900,0.171271 8799.68
query,tuples,223000,0.171292 8808.25
query,tuples,223100,0.172047 8816.85
query,tuples,223200,0.171674 8825.43
query,tuples,223300,0.172216 8834.05
query,tuples,223400,0.172727 8842.68
query,tuples,223500,0.171933 8851.28
query,tuples,223600,0.173124 8859.94
query,tuples,223700,0.172732 8868.57
query,tuples,223800,0.172504 8877.2
query,tuples,223900,0.172104 8885.8
query,tuples,224000,0.172026 8894.4
query,tuples,224100,0.173059 8903.06
query,tuples,224200,0.173808 8911.75
query,tuples,224300,0.172964 8920.4
query,tuples,224400,0.173028 8929.05
query,tuples,224500,0.175596 8937.83
query,tuples,224600,0.172537 8946.46
query,tuples,224700,0.173673 8955.14
query,tuples,224800,0.17411 8963.84
query,tuples,224900,0.17285 8972.49
query,tuples,225000,0.174097 8981.19
query,tuples,225100,0.173231 8989.85
query,tuples,225200,0.173462 8998.53
query,tuples,225300,0.173928 9007.22
query,tuples,225400,0.173833 9015.92
query,tuples,225500,0.174311 9024.63
query,tuples,225600,0.174766 9033.37
query,tuples,225700,0.173949 9042.07
query,tuples,225800,0.174337 9050.79
query,tuples,225900,0.174733 9059.52
query,tuples,226000,0.176062 9068.33
query,tuples,226100,0.174298 9077.04
query,tuples,226200,0.175021 9085.79
query,tuples,226300,0.17517 9094.55
query,tuples,226400,0.174545 9103.28
query,tuples,226500,0.17481 9112.02
query,tuples,226600,0.174909 9120.76
query,tuples,226700,0.17654 9129.59
query,tuples,226800,0.176071 9138.4
query,tuples,226900,0.174932 9147.14
query,tuples,227000,0.175078 9155.9
query,tuples,227100,0.176392 9164.72
query,tuples,227200,0.175978 9173.52
query,tuples,227300,0.175549 9182.29
query,tuples,227400,0.175992 9191.09
query,tuples,227500,0.176955 9199.94
query,tuples,227600,0.175815 9208.73
query,tuples,227700,0.178019 9217.63
query,tuples,227800,0.175617 9226.41
query,tuples,227900,0.178306 9235.33
query,tuples,228000,0.176008 9244.13
query,tuples,228100,0.17662 9252.96
query,tuples,228200,0.177469 9261.83
query,tuples,228300,0.177242 9270.7
query,tuples,228400,0.176362 9279.52
query,tuples,228500,0.17763 9288.4
query,tuples,228600,0.176859 9297.24
query,tuples,228700,0.17716 9306.1
query,tuples,228800,0.177814 9314.99
query,tuples,228900,0.177075 9323.84
query,tuples,229000,0.177397 9332.71
query,tuples,229100,0.177381 9341.58
query,tuples,229200,0.17735 9350.45
query,tuples,229300,0.17842 9359.37
query,tuples,229400,0.177822 9368.26
query,tuples,229500,0.177699 9377.15
query,tuples,229600,0.177089 9386
query,tuples,229700,0.177697 9394.89
query,tuples,229800,0.179193 9403.85
query,tuples,229900,0.177773 9412.74
query,tuples,230000,0.177868 9421.63
query,tuples,230100,0.179627 9430.61
query,tuples,230200,0.178192 9439.52
query,tuples,230300,0.178883 9448.47
query,tuples,230400,0.178847 9457.41
query,tuples,230500,0.178403 9466.33
query,tuples,230600,0.179023 9475.28
query,tuples,230700,0.178686 9484.21
query,tuples,230800,0.178979 9493.16
query,tuples,230900,0.17999 9502.16
query,tuples,231000,0.17972 9511.15
query,tuples,231100,0.178961 9520.1
query,tuples,231200,0.179513 9529.07
query,tuples,231300,0.180164 9538.08
query,tuples,231400,0.179267 9547.05
query,tuples,231500,0.180148 9556.05
query,tuples,231600,0.180091 9565.06
query,tuples,231700,0.18031 9574.07
query,tuples,231800,0.179641 9583.06
query,tuples,231900,0.180056 9592.06
query,tuples,232000,0.179694 9601.04
query,tuples,232100,0.180142 9610.05
query,tuples,232200,0.180819 9619.09
query,tuples,232300,0.180379 9628.11
query,tuples,232400,0.180508 9637.14
query,tuples,232500,0.181829 9646.23
query,tuples,232600,0.181301 9655.29
query,tuples,232700,0.181671 9664.38
query,tuples,232800,0.182386 9673.5
query,tuples,232900,0.180942 9682.55
query,tuples,233000,0.1815 9691.62
query,tuples,233100,0.181376 9700.69
query,tuples,233200,0.181717 9709.78
query,tuples,233300,0.181124 9718.83
query,tuples,233400,0.181644 9727.91
query,tuples,233500,0.182011 9737.01
query,tuples,233600,0.182128 9746.12
query,tuples,233700,0.182092 9755.23
query,tuples,233800,0.183477 9764.4
query,tuples,233900,0.181833 9773.49
query,tuples,234000,0.182274 9782.61
query,tuples,234100,0.183022 9791.76
query,tuples,234200,0.181956 9800.86
query,tuples,234300,0.182675 9809.99
query,tuples,234400,0.183262 9819.15
query,tuples,234500,0.182116 9828.26
query,tuples,234600,0.182478 9837.38
query,tuples,234700,0.183315 9846.55
query,tuples,234800,0.182361 9855.67
query,tuples,234900,0.183391 9864.84
query,tuples,235000,0.183257 9874
query,tuples,235100,0.183224 9883.16
query,tuples,235200,0.183881 9892.36
query,tuples,235300,0.183281 9901.52
query,tuples,235400,0.183426 9910.69
query,tuples,235500,0.183172 9919.85
query,tuples,235600,0.183954 9929.05
query,tuples,235700,0.184028 9938.25
query,tuples,235800,0.183821 9947.44
query,tuples,235900,0.18371 9956.63
query,tuples,236000,0.183569 9965.81
query,tuples,236100,0.184139 9975.01
query,tuples,236200,0.184062 9984.22
query,tuples,236300,0.184601 9993.45
query,tuples,236400,0.184255 10002.7
query,tuples,236500,0.184699 10011.9
query,tuples,236600,0.185725 10021.2
query,tuples,236700,0.184971 10030.4
query,tuples,236800,0.185506 10039.7
query,tuples,236900,0.184757 10048.9
query,tuples,237000,0.185324 10058.2
query,tuples,237100,0.185431 10067.5
query,tuples,237200,0.185716 10076.8
query,tuples,237300,0.185191 10086
query,tuples,237400,0.186495 10095.4
query,tuples,237500,0.18556 10104.6
query,tuples,237600,0.185925 10113.9
query,tuples,237700,0.186403 10123.2
query,tuples,237800,0.185845 10132.5
query,tuples,237900,0.187181 10141.9
query,tuples,238000,0.187514 10151.3
query,tuples,238100,0.186047 10160.6
query,tuples,238200,0.185958 10169.9
query,tuples,238300,0.186507 10179.2
query,tuples,238400,0.186837 10188.5
query,tuples,238500,0.185672 10197.8
query,tuples,238600,0.187161 10207.2
query,tuples,238700,0.1864 10216.5
query,tuples,238800,0.186467 10225.8
query,tuples,238900,0.187436 10235.2
query,tuples,239000,0.187634 10244.6
query,tuples,239100,0.188043 10254
query,tuples,239200,0.187038 10263.3
query,tuples,239300,0.186731 10272.7
query,tuples,239400,0.187355 10282
query,tuples,239500,0.188293 10291.5
query,tuples,239600,0.187605 10300.8
query,tuples,239700,0.188299 10310.3
query,tuples,239800,0.187567 10319.6
query,tuples,239900,0.189749 10329.1
query,tuples,240000,0.187699 10338.5
query,tuples,240100,0.188464 10347.9
query,tuples,240200,0.188336 10357.3
query,tuples,240300,0.189027 10366.8
query,tuples,240400,0.189541 10376.3
query,tuples,240500,0.189488 10385.7
query,tuples,240600,0.188201 10395.2
query,tuples,240700,0.188507 10404.6
query,tuples,240800,0.18908 10414
query,tuples,240900,0.188338 10423.5
query,tuples,241000,0.188559 10432.9
query,tuples,241100,0.189127 10442.3
query,tuples,241200,0.188781 10451.8
query,tuples,241300,0.189255 10461.2
query,tuples,241400,0.18919 10470.7
query,tuples,241500,0.188965 10480.1
query,tuples,241600,0.189338 10489.6
query,tuples,241700,0.189347 10499.1
query,tuples,241800,0.189503 10508.6
query,tuples,241900,0.189457 10518
query,tuples,242000,0.190039 10527.5
query,tuples,242100,0.190669 10537.1
query,tuples,242200,0.190709 10546.6
query,tuples,242300,0.190651 10556.1
query,tuples,242400,0.191625 10565.7
query,tuples,242500,0.191821 10575.3
query,tuples,242600,0.190651 10584.8
query,tuples,242700,0.190507 10594.4
query,tuples,242800,0.190385 10603.9
query,tuples,242900,0.191567 10613.5
query,tuples,243000,0.190378 10623
query,tuples,243100,0.192036 10632.6
query,tuples,243200,0.191362 10642.2
query,tuples,243300,0.190899 10651.7
query,tuples,243400,0.191064 10661.3
query,tuples,243500,0.1924 10670.9
query,tuples,243600,0.191876 10680.5
query,tuples,243700,0.191872 10690.1
query,tuples,243800,0.191808 10699.7
query,tuples,243900,0.191836 10709.2
query,tuples,244000,0.192645 10718.9
query,tuples,244100,0.191914 10728.5
query,tuples,244200,0.192025 10738.1
query,tuples,244300,0.192222 10747.7
query,tuples,244400,0.191959 10757.3
query,tuples,244500,0.192724 10766.9
query,tuples,244600,0.191834 10776.5
query,tuples,244700,0.191888 10786.1
query,tuples,244800,0.192306 10795.7
query,tuples,244900,0.192434 10805.3
query,tuples,245000,0.192597 10815
query,tuples,245100,0.193475 10824.6
query,tuples,245200,0.194253 10834.4
query,tuples,245300,0.193449 10844
query,tuples,245400,0.193189 10853.7
query,tuples,245500,0.192747 10863.3
query,tuples,245600,0.194305 10873
query,tuples,245700,0.194647 10882.8
query,tuples,245800,0.19333 10892.4
query,tuples,245900,0.194899 10902.2
query,tuples,246000,0.195397 10912
query,tuples,246100,0.194531 10921.7
query,tuples,246200,0.193986 10931.4
query,tuples,246300,0.193761 10941.1
query,tuples,246400,0.194154 10950.8
query,tuples,246500,0.194215 10960.5
query,tuples,246600,0.19408 10970.2
query,tuples,246700,0.194395 10979.9
query,tuples,246800,0.194442 10989.6
query,tuples,246900,0.195531 10999.4
query,tuples,247000,0.196271 11009.2
query,tuples,247100,0.194486 11019
query,tuples,247200,0.195499 11028.7
query,tuples,247300,0.195801 11038.5
query,tuples,247400,0.19475 11048.3
query,tuples,247500,0.195534 11058
query,tuples,247600,0.195881 11067.8
query,tuples,247700,0.195619 11077.6
query,tuples,247800,0.195614 11087.4
query,tuples,247900,0.195179 11097.2
query,tuples,248000,0.195847 11106.9
query,tuples,248100,0.195605 11116.7
query,tuples,248200,0.195604 11126.5
query,tuples,248300,0.195686 11136.3
query,tuples,248400,0.197311 11146.2
query,tuples,248500,0.196893 11156
query,tuples,248600,0.196771 11165.8
query,tuples,248700,0.196641 11175.7
query,tuples,248800,0.196467 11185.5
query,tuples,248900,0.1962 11195.3
query,tuples,249000,0.196549 11205.1
query,tuples,249100,0.196634 11215
query,tuples,249200,0.196012 11224.8
query,tuples,249300,0.197042 11234.6
query,tuples,249400,0.197398 11244.5
query,tuples,249500,0.196902 11254.3
query,tuples,249600,0.197849 11264.2
query,tuples,249700,0.198624 11274.2
query,tuples,249800,0.197678 11284
query,tuples,249900,0.197475 11293.9
query,tuples,250000,0.198689 11303.9
query,tuples,250100,0.198409 11313.8
query,tuples,250200,0.198062 11323.7
query,tuples,250300,0.198268 11333.6
query,tuples,250400,0.198877 11343.5
query,tuples,250500,0.19809 11353.4
query,tuples,250600,0.198245 11363.3
query,tuples,250700,0.198504 11373.3
query,tuples,250800,0.198444 11383.2
query,tuples,250900,0.199 11393.1
query,tuples,251000,0.198608 11403.1
