query,tuples,10000,1.01142e-05 0.057346
query,tuples,20000,1.0361e-05 0.116422
query,tuples,30000,1.09188e-05 0.178343
query,tuples,40000,1.1215e-05 0.241777
query,tuples,50000,1.12968e-05 0.305508
query,tuples,60000,1.1408e-05 0.369909
query,tuples,70000,1.17516e-05 0.436043
query,tuples,80000,1.12736e-05 0.499672
query,tuples,90000,1.18428e-05 0.566207
query,tuples,100000,1.1308e-05 0.630107
query,tuples,110000,1.20252e-05 0.697589
query,tuples,120000,1.1376e-05 0.761705
query,tuples,130000,1.14298e-05 0.826215
query,tuples,140000,1.14866e-05 0.890979
query,tuples,150000,1.23876e-05 0.960252
query,tuples,160000,1.1548e-05 1.0254
query,tuples,170000,1.13112e-05 1.08918
query,tuples,180000,1.17402e-05 1.15529
query,tuples,190000,1.2919e-05 1.22734
query,tuples,200000,1.15012e-05 1.29214
query,tuples,210000,1.13016e-05 1.35593
query,tuples,220000,1.15614e-05 1.42101
query,tuples,230000,1.14558e-05 1.48564
query,tuples,240000,1.1507e-05 1.5506
query,tuples,250000,1.3493e-05 1.62537
query,tuples,260000,1.1472e-05 1.69008
query,tuples,270000,1.15028e-05 1.75486
query,tuples,280000,1.15202e-05 1.81983
query,tuples,290000,1.17044e-05 1.88576
query,tuples,300000,1.15904e-05 1.95108
query,tuples,310000,1.16262e-05 2.01655
query,tuples,320000,1.16384e-05 2.08205
query,tuples,330000,1.40598e-05 2.15964
query,tuples,340000,1.16482e-05 2.2252
query,tuples,350000,1.1524e-05 2.29013
query,tuples,360000,1.16854e-05 2.35586
query,tuples,370000,1.1628e-05 2.42145
query,tuples,380000,1.15936e-05 2.48683
query,tuples,390000,1.17506e-05 2.55284
query,tuples,400000,1.13936e-05 2.6171
query,tuples,410000,1.17014e-05 2.68306
query,tuples,420000,1.15762e-05 2.74839
query,tuples,430000,1.48164e-05 2.82981
query,tuples,440000,1.16206e-05 2.8952
query,tuples,450000,1.1515e-05 2.9601
query,tuples,460000,1.13862e-05 3.02438
query,tuples,470000,1.16216e-05 3.08985
query,tuples,480000,1.14214e-05 3.15434
query,tuples,490000,1.16224e-05 3.21981
query,tuples,500000,1.16392e-05 3.28538
query,tuples,510000,1.16088e-05 3.35074
query,tuples,520000,1.1651e-05 3.41632
query,tuples,530000,1.15406e-05 3.48132
query,tuples,540000,1.17458e-05 3.54742
query,tuples,550000,1.16144e-05 3.61282
query,tuples,560000,1.5848e-05 3.69941
query,tuples,570000,1.16012e-05 3.76473
query,tuples,580000,1.16116e-05 3.83009
query,tuples,590000,1.13668e-05 3.89424
query,tuples,600000,1.14594e-05 3.95892
query,tuples,610000,1.15552e-05 4.02401
query,tuples,620000,1.1554e-05 4.08902
query,tuples,630000,1.17416e-05 4.15505
query,tuples,640000,1.16226e-05 4.2205
query,tuples,650000,1.1662e-05 4.28619
query,tuples,660000,1.1718e-05 4.35212
query,tuples,670000,1.19094e-05 4.41901
query,tuples,680000,1.19864e-05 4.48639
query,tuples,690000,1.16952e-05 4.55225
query,tuples,700000,1.19426e-05 4.62059
query,tuples,710000,1.17236e-05 4.68659
query,tuples,720000,1.17192e-05 4.75252
query,tuples,730000,1.96884e-05 4.85837
query,tuples,740000,1.19404e-05 4.92543
query,tuples,750000,1.15604e-05 4.9905
query,tuples,760000,1.1032e-05 5.05283
query,tuples,770000,1.04272e-05 5.11199
query,tuples,780000,1.03026e-05 5.17044
query,tuples,790000,1.0526e-05 5.2301
query,tuples,800000,1.042e-05 5.28914
query,tuples,810000,1.03508e-05 5.34787
query,tuples,820000,1.05726e-05 5.40779
query,tuples,830000,1.02434e-05 5.466
query,tuples,840000,1.0324e-05 5.52467
query,tuples,850000,1.04826e-05 5.5841
query,tuples,860000,1.0337e-05 5.64271
query,tuples,870000,1.03642e-05 5.70155
query,tuples,880000,1.05258e-05 5.76127
query,tuples,890000,1.03274e-05 5.81985
query,tuples,900000,1.05132e-05 5.87943
query,tuples,910000,1.04104e-05 5.93855
query,tuples,920000,1.03896e-05 5.99751
query,tuples,930000,1.0356e-05 6.0563
query,tuples,940000,1.03656e-05 6.11508
query,tuples,950000,1.04994e-05 6.17462
query,tuples,960000,1.02874e-05 6.23295
query,tuples,970000,1.0528e-05 6.2926
query,tuples,980000,1.04854e-05 6.35209
query,tuples,990000,1.02506e-05 6.41028
query,tuples,1000000,1.02938e-05 6.46871
query,tuples,1010000,1.04424e-05 6.52797
query,tuples,1020000,1.03766e-05 6.58682
query,tuples,1030000,1.05396e-05 6.64657
query,tuples,1040000,1.04594e-05 6.7058
query,tuples,1050000,1.04752e-05 6.76523
query,tuples,1060000,1.02968e-05 6.82363
query,tuples,1070000,1.03684e-05 6.88246
query,tuples,1080000,1.04294e-05 6.94164
query,tuples,1090000,1.03926e-05 7.00061
query,tuples,1100000,1.05126e-05 7.06013
query,tuples,1110000,1.02764e-05 7.11842
query,tuples,1120000,3.8968e-05 7.3202
query,tuples,1130000,1.0432e-05 7.37923
query,tuples,1140000,1.04138e-05 7.43833
query,tuples,1150000,1.03522e-05 7.497
query,tuples,1160000,1.05512e-05 7.55682
query,tuples,1170000,1.05124e-05 7.61646
query,tuples,1180000,1.04516e-05 7.67566
query,tuples,1190000,1.04482e-05 7.73487
query,tuples,1200000,1.04966e-05 7.7943
query,tuples,1210000,1.07284e-05 7.855
query,tuples,1220000,1.06546e-05 7.9153
query,tuples,1230000,1.03524e-05 7.97401
query,tuples,1240000,1.0517e-05 8.03367
query,tuples,1250000,1.04154e-05 8.09275
query,tuples,1260000,1.04562e-05 8.15201
query,tuples,1270000,1.02582e-05 8.21021
query,tuples,1280000,1.04442e-05 8.26945
query,tuples,1290000,1.04052e-05 8.3285
query,tuples,1300000,1.03672e-05 8.38734
query,tuples,1310000,1.04504e-05 8.44664
query,tuples,1320000,1.04376e-05 8.50582
query,tuples,1330000,1.04698e-05 8.56518
query,tuples,1340000,1.0555e-05 8.62499
query,tuples,1350000,1.0268e-05 8.68324
query,tuples,1360000,1.05964e-05 8.74326
query,tuples,1370000,1.0402e-05 8.8023
query,tuples,1380000,1.01704e-05 8.8601
query,tuples,1390000,1.03888e-05 8.919
query,tuples,1400000,1.02734e-05 8.97727
query,tuples,1410000,1.03554e-05 9.03603
query,tuples,1420000,1.04298e-05 9.09521
query,tuples,1430000,1.04258e-05 9.15443
query,tuples,1440000,1.05296e-05 9.21408
query,tuples,1450000,1.04348e-05 9.27331
query,tuples,1460000,1.0401e-05 9.33223
query,tuples,1470000,1.04216e-05 9.39136
query,tuples,1480000,1.03254e-05 9.45007
query,tuples,1490000,1.04426e-05 9.50931
query,tuples,1500000,1.05294e-05 9.56894
query,tuples,1510000,1.0441e-05 9.63771
query,tuples,1520000,1.06002e-05 9.69787
query,tuples,1530000,1.06314e-05 9.75812
query,tuples,1540000,1.05278e-05 9.81776
query,tuples,1550000,1.0421e-05 9.87676
query,tuples,1560000,1.04228e-05 9.93585
query,tuples,1570000,1.03406e-05 9.99445
query,tuples,1580000,1.03894e-05 10.0534
query,tuples,1590000,1.04428e-05 10.1126
query,tuples,1600000,1.04462e-05 10.1717
query,tuples,1610000,1.03802e-05 10.2306
query,tuples,1620000,1.04902e-05 10.2901
query,tuples,1630000,1.0465e-05 10.3495
query,tuples,1640000,1.05306e-05 10.4092
query,tuples,1650000,1.04234e-05 10.4683
query,tuples,1660000,1.04724e-05 10.5276
query,tuples,1670000,1.0524e-05 10.5872
query,tuples,1680000,1.05486e-05 10.6469
query,tuples,1690000,1.04008e-05 10.7059
query,tuples,1700000,1.04682e-05 10.7653
query,tuples,1710000,1.04324e-05 10.8244
query,tuples,1720000,1.04094e-05 10.8834
query,tuples,1730000,1.04182e-05 10.9425
query,tuples,1740000,1.0476e-05 11.002
query,tuples,1750000,1.03052e-05 11.0605
query,tuples,1760000,1.0444e-05 11.1197
query,tuples,1770000,1.0521e-05 11.1793
query,tuples,1780000,1.05722e-05 11.2392
query,tuples,1790000,1.04066e-05 11.2982
query,tuples,1800000,1.04506e-05 11.3574
query,tuples,1810000,1.04824e-05 11.4169
query,tuples,1820000,1.04806e-05 11.4763
query,tuples,1830000,1.04746e-05 11.5357
query,tuples,1840000,1.048e-05 11.5951
query,tuples,1850000,1.04296e-05 11.6543
query,tuples,1860000,1.04136e-05 11.7134
query,tuples,1870000,1.05364e-05 11.7731
query,tuples,1880000,1.05568e-05 11.8329
query,tuples,1890000,1.05144e-05 11.8924
query,tuples,1900000,1.0505e-05 11.9519
query,tuples,1910000,1.0425e-05 12.0111
query,tuples,1920000,1.04422e-05 12.0703
query,tuples,1930000,1.04522e-05 12.1296
query,tuples,1940000,1.04106e-05 12.1887
query,tuples,1950000,1.03018e-05 12.2471
query,tuples,1960000,1.05578e-05 12.3069
query,tuples,1970000,1.03056e-05 12.3654
query,tuples,1980000,1.0469e-05 12.4248
query,tuples,1990000,1.02532e-05 12.483
query,tuples,2000000,1.04198e-05 12.5421
query,tuples,2010000,1.03514e-05 12.6009
query,tuples,2020000,1.04382e-05 12.6602
query,tuples,2030000,1.04632e-05 12.7195
query,tuples,2040000,1.04536e-05 12.7787
query,tuples,2050000,1.0566e-05 12.8386
query,tuples,2060000,1.03514e-05 12.8974
query,tuples,2070000,1.04202e-05 12.9564
query,tuples,2080000,1.0489e-05 13.0159
query,tuples,2090000,1.03916e-05 13.0747
query,tuples,2100000,1.0509e-05 13.1342
query,tuples,2110000,1.0568e-05 13.1941
query,tuples,2120000,1.04194e-05 13.2532
query,tuples,2130000,1.0446e-05 13.3125
query,tuples,2140000,1.04742e-05 13.3717
query,tuples,2150000,1.04036e-05 13.4308
query,tuples,2160000,1.02144e-05 13.4887
query,tuples,2170000,1.05138e-05 13.5483
query,tuples,2180000,1.04514e-05 13.6075
query,tuples,2190000,1.04068e-05 13.6665
query,tuples,2200000,1.04796e-05 13.7259
query,tuples,2210000,1.05198e-05 13.7855
query,tuples,2220000,1.05508e-05 13.8452
query,tuples,2230000,1.04638e-05 13.9045
query,tuples,2240000,1.05562e-05 13.9643
query,tuples,2250000,1.04962e-05 14.0237
query,tuples,2260000,1.04128e-05 14.0827
query,tuples,2270000,1.06634e-05 14.1431
query,tuples,2280000,1.0454e-05 14.2024
query,tuples,2290000,1.03872e-05 14.2613
query,tuples,2300000,1.06736e-05 14.3217
query,tuples,2310000,1.03318e-05 14.3803
query,tuples,2320000,1.0537e-05 14.44
query,tuples,2330000,1.051e-05 14.4996
query,tuples,2340000,1.04456e-05 14.5588
query,tuples,2350000,1.04254e-05 14.6178
query,tuples,2360000,1.05152e-05 14.6774
query,tuples,2370000,1.0397e-05 14.7363
query,tuples,2380000,1.03674e-05 14.7951
query,tuples,2390000,1.03196e-05 14.8537
query,tuples,2400000,1.04624e-05 14.9131
query,tuples,2410000,1.03878e-05 14.9719
query,tuples,2420000,1.03132e-05 15.0304
query,tuples,2430000,1.0252e-05 15.0886
query,tuples,2440000,1.04032e-05 15.1477
query,tuples,2450000,1.0243e-05 15.2059
query,tuples,2460000,1.05436e-05 15.2656
query,tuples,2470000,1.02948e-05 15.324
query,tuples,2480000,1.0386e-05 15.383
query,tuples,2490000,1.02856e-05 15.4413
query,tuples,2500000,1.02274e-05 15.4994
query,tuples,2510000,1.04826e-05 15.5588
query,tuples,2520000,1.03878e-05 15.6177
query,tuples,2530000,1.05564e-05 15.6775
query,tuples,2540000,1.04088e-05 15.7365
query,tuples,2550000,1.03732e-05 15.7953
query,tuples,2560000,1.03048e-05 15.8538
query,tuples,2570000,1.04534e-05 15.9131
query,tuples,2580000,1.046e-05 15.9724
query,tuples,2590000,1.0491e-05 16.0319
query,tuples,2600000,1.02508e-05 16.0902
query,tuples,2610000,1.0534e-05 16.1498
query,tuples,2620000,1.02866e-05 16.2084
query,tuples,2630000,1.03544e-05 16.2671
query,tuples,2640000,0.000121733 16.8828
query,tuples,2650000,1.04806e-05 16.9421
query,tuples,2660000,1.03378e-05 17.0008
query,tuples,2670000,1.05198e-05 17.0604
query,tuples,2680000,1.05054e-05 17.12
query,tuples,2690000,1.04822e-05 17.1795
query,tuples,2700000,1.02934e-05 17.2379
query,tuples,2710000,1.02802e-05 17.2962
query,tuples,2720000,1.0458e-05 17.3554
query,tuples,2730000,1.03824e-05 17.4143
query,tuples,2740000,1.05684e-05 17.4741
query,tuples,2750000,1.05186e-05 17.5338
query,tuples,2760000,1.03932e-05 17.5927
query,tuples,2770000,1.05222e-05 17.6523
query,tuples,2780000,1.04994e-05 17.7117
query,tuples,2790000,1.045e-05 17.7709
query,tuples,2800000,1.05138e-05 17.8306
query,tuples,2810000,1.04718e-05 17.8898
query,tuples,2820000,1.05354e-05 17.9495
query,tuples,2830000,1.06584e-05 18.0098
query,tuples,2840000,1.07014e-05 18.0703
query,tuples,2850000,1.06358e-05 18.1305
query,tuples,2860000,1.06606e-05 18.1908
query,tuples,2870000,1.07304e-05 18.2516
query,tuples,2880000,1.06106e-05 18.3117
query,tuples,2890000,1.05346e-05 18.3713
query,tuples,2900000,1.0669e-05 18.4317
query,tuples,2910000,1.07304e-05 18.4924
query,tuples,2920000,1.05592e-05 18.5522
query,tuples,2930000,1.06008e-05 18.6123
query,tuples,2940000,1.03152e-05 18.6708
query,tuples,2950000,1.05134e-05 18.7303
query,tuples,2960000,1.03732e-05 18.7891
query,tuples,2970000,1.0566e-05 18.849
query,tuples,2980000,1.0458e-05 18.9083
query,tuples,2990000,1.0356e-05 18.9671
query,tuples,3000000,1.0341e-05 19.0257
query,tuples,3010000,1.03856e-05 19.0845
query,tuples,3020000,1.05346e-05 19.1442
query,tuples,3030000,1.0515e-05 19.2038
query,tuples,3040000,1.0558e-05 19.2635
query,tuples,3050000,1.04592e-05 19.3227
query,tuples,3060000,1.03334e-05 19.3813
query,tuples,3070000,1.03178e-05 19.4399
query,tuples,3080000,1.0416e-05 19.499
query,tuples,3090000,1.02548e-05 19.5572
query,tuples,3100000,1.03658e-05 19.616
query,tuples,3110000,1.04176e-05 19.675
query,tuples,3120000,1.0032e-05 19.732
query,tuples,3130000,1.04418e-05 19.7912
query,tuples,3140000,1.02806e-05 19.8496
query,tuples,3150000,1.03788e-05 19.9085
query,tuples,3160000,1.02848e-05 19.9669
query,tuples,3170000,1.03048e-05 20.0253
query,tuples,3180000,1.04744e-05 20.0846
query,tuples,3190000,1.0558e-05 20.1446
query,tuples,3200000,1.04828e-05 20.204
query,tuples,3210000,1.0595e-05 20.2639
query,tuples,3220000,1.03896e-05 20.3228
query,tuples,3230000,1.02136e-05 20.3807
query,tuples,3240000,1.0355e-05 20.4394
query,tuples,3250000,1.04136e-05 20.4984
query,tuples,3260000,1.05488e-05 20.5581
query,tuples,3270000,1.03362e-05 20.6167
query,tuples,3280000,1.03932e-05 20.6756
query,tuples,3290000,1.05068e-05 20.7351
query,tuples,3300000,1.04748e-05 20.7945
query,tuples,3310000,1.06104e-05 20.8546
query,tuples,3320000,1.03248e-05 20.9132
query,tuples,3330000,1.05562e-05 20.973
query,tuples,3340000,1.05218e-05 21.0326
query,tuples,3350000,1.05982e-05 21.0926
query,tuples,3360000,9.9362e-06 21.1491
query,tuples,3370000,7.706e-06 21.1938
query,tuples,3380000,7.71e-06 21.2385
query,tuples,3390000,7.7096e-06 21.2833
query,tuples,3400000,7.7122e-06 21.328
query,tuples,3410000,7.7116e-06 21.3728
query,tuples,3420000,7.7026e-06 21.4175
query,tuples,3430000,7.691e-06 21.4623
query,tuples,3440000,7.701e-06 21.5069
query,tuples,3450000,7.7274e-06 21.5518
query,tuples,3460000,7.723e-06 21.5966
query,tuples,3470000,7.7194e-06 21.6414
query,tuples,3480000,7.7044e-06 21.6861
query,tuples,3490000,7.7008e-06 21.7309
query,tuples,3500000,7.6936e-06 21.7756
query,tuples,3510000,7.7096e-06 21.8204
query,tuples,3520000,7.6748e-06 21.865
query,tuples,3530000,7.7082e-06 21.9097
query,tuples,3540000,7.7192e-06 21.9545
query,tuples,3550000,7.7118e-06 21.9993
query,tuples,3560000,7.712e-06 22.0441
query,tuples,3570000,7.6966e-06 22.0888
query,tuples,3580000,7.7294e-06 22.1336
query,tuples,3590000,7.6996e-06 22.1784
query,tuples,3600000,7.7006e-06 22.2231
query,tuples,3610000,7.6888e-06 22.2678
query,tuples,3620000,7.73e-06 22.3127
query,tuples,3630000,7.709e-06 22.3574
query,tuples,3640000,7.6964e-06 22.4021
query,tuples,3650000,7.7026e-06 22.4469
query,tuples,3660000,7.6818e-06 22.4916
query,tuples,3670000,7.7006e-06 22.5363
query,tuples,3680000,7.6872e-06 22.5809
query,tuples,3690000,7.674e-06 22.6256
query,tuples,3700000,7.6872e-06 22.6702
query,tuples,3710000,7.6878e-06 22.7149
query,tuples,3720000,7.6768e-06 22.7596
query,tuples,3730000,7.6842e-06 22.8042
query,tuples,3740000,7.722e-06 22.8489
query,tuples,3750000,7.6916e-06 22.8936
query,tuples,3760000,7.695e-06 22.9383
query,tuples,3770000,7.7178e-06 22.9831
query,tuples,3780000,7.7162e-06 23.0278
query,tuples,3790000,7.6908e-06 23.0724
query,tuples,3800000,7.718e-06 23.1172
query,tuples,3810000,7.7098e-06 23.162
query,tuples,3820000,7.702e-06 23.2066
query,tuples,3830000,7.6834e-06 23.2514
query,tuples,3840000,7.6866e-06 23.2961
query,tuples,3850000,7.6858e-06 23.3408
query,tuples,3860000,7.6964e-06 23.3855
query,tuples,3870000,7.7028e-06 23.4302
query,tuples,3880000,7.7122e-06 23.4749
query,tuples,3890000,7.6804e-06 23.5196
query,tuples,3900000,7.6916e-06 23.5644
query,tuples,3910000,7.709e-06 23.6091
query,tuples,3920000,7.6936e-06 23.6537
query,tuples,3930000,7.687e-06 23.6984
query,tuples,3940000,7.7004e-06 23.7431
query,tuples,3950000,7.6918e-06 23.7878
query,tuples,3960000,7.7128e-06 23.8326
query,tuples,3970000,7.7134e-06 23.8773
query,tuples,3980000,7.713e-06 23.922
query,tuples,3990000,7.686e-06 23.9667
query,tuples,4000000,7.7046e-06 24.0115
query,tuples,4010000,7.6768e-06 24.0562
query,tuples,4020000,7.7032e-06 24.1008
query,tuples,4030000,7.7186e-06 24.1456
query,tuples,4040000,7.7146e-06 24.1904
query,tuples,4050000,7.7162e-06 24.2351
query,tuples,4060000,7.679e-06 24.2798
query,tuples,4070000,7.723e-06 24.3247
query,tuples,4080000,7.6812e-06 24.3693
query,tuples,4090000,7.7046e-06 24.4141
query,tuples,4100000,7.6934e-06 24.4587
query,tuples,4110000,7.682e-06 24.5034
query,tuples,4120000,7.6996e-06 24.5481
query,tuples,4130000,7.6932e-06 24.5928
query,tuples,4140000,7.695e-06 24.6375
query,tuples,4150000,7.6786e-06 24.6822
query,tuples,4160000,7.7124e-06 24.727
query,tuples,4170000,7.6888e-06 24.7716
query,tuples,4180000,7.6986e-06 24.8163
query,tuples,4190000,7.6874e-06 24.861
query,tuples,4200000,7.6908e-06 24.9056
query,tuples,4210000,7.7052e-06 24.9504
query,tuples,4220000,7.6882e-06 24.995
query,tuples,4230000,7.7092e-06 25.0398
query,tuples,4240000,7.679e-06 25.0844
query,tuples,4250000,7.7118e-06 25.1292
query,tuples,4260000,7.7064e-06 25.1739
query,tuples,4270000,7.7004e-06 25.2186
query,tuples,4280000,7.6904e-06 25.2633
query,tuples,4290000,7.702e-06 25.308
query,tuples,4300000,7.6808e-06 25.3527
query,tuples,4310000,7.6744e-06 25.3973
query,tuples,4320000,7.707e-06 25.4421
query,tuples,4330000,7.7166e-06 25.4869
query,tuples,4340000,7.7166e-06 25.5317
query,tuples,4350000,7.6898e-06 25.5763
query,tuples,4360000,7.7166e-06 25.6211
query,tuples,4370000,7.6978e-06 25.6658
query,tuples,4380000,7.7104e-06 25.7105
query,tuples,4390000,7.6984e-06 25.7552
query,tuples,4400000,7.721e-06 25.8001
query,tuples,4410000,7.7036e-06 25.8449
query,tuples,4420000,7.7048e-06 25.8896
query,tuples,4430000,7.7316e-06 25.9346
query,tuples,4440000,7.6938e-06 25.9793
query,tuples,4450000,7.729e-06 26.0241
query,tuples,4460000,7.6954e-06 26.0687
query,tuples,4470000,7.7022e-06 26.1135
query,tuples,4480000,7.71e-06 26.1583
query,tuples,4490000,7.7026e-06 26.203
query,tuples,4500000,7.738e-06 26.2479
query,tuples,4510000,7.7192e-06 26.2926
query,tuples,4520000,7.7314e-06 26.3376
query,tuples,4530000,7.713e-06 26.3823
query,tuples,4540000,7.7182e-06 26.4271
query,tuples,4550000,7.7144e-06 26.4718
query,tuples,4560000,7.712e-06 26.5166
query,tuples,4570000,7.7726e-06 26.5616
query,tuples,4580000,7.7086e-06 26.6063
query,tuples,4590000,7.7256e-06 26.6511
query,tuples,4600000,7.6914e-06 26.6958
query,tuples,4610000,7.7134e-06 26.7406
query,tuples,4620000,7.684e-06 26.7852
query,tuples,4630000,7.7098e-06 26.83
query,tuples,4640000,7.7152e-06 26.8748
query,tuples,4650000,7.7272e-06 26.9197
query,tuples,4660000,7.7038e-06 26.9644
query,tuples,4670000,7.7338e-06 27.0092
query,tuples,4680000,7.715e-06 27.054
query,tuples,4690000,7.7298e-06 27.0988
query,tuples,4700000,7.7692e-06 27.1438
query,tuples,4710000,7.7104e-06 27.1886
query,tuples,4720000,7.7182e-06 27.2334
query,tuples,4730000,7.711e-06 27.2782
query,tuples,4740000,7.7222e-06 27.323
query,tuples,4750000,7.7274e-06 27.3678
query,tuples,4760000,7.7234e-06 27.4126
query,tuples,4770000,7.6954e-06 27.4573
query,tuples,4780000,7.7064e-06 27.5021
query,tuples,4790000,7.7214e-06 27.5469
query,tuples,4800000,7.69e-06 27.5917
query,tuples,4810000,7.706e-06 27.6364
query,tuples,4820000,7.6838e-06 27.6812
query,tuples,4830000,7.698e-06 27.7259
query,tuples,4840000,7.7008e-06 27.7706
query,tuples,4850000,7.7114e-06 27.8153
query,tuples,4860000,7.7036e-06 27.86
query,tuples,4870000,7.6938e-06 27.9047
query,tuples,4880000,7.6868e-06 27.9495
query,tuples,4890000,7.7234e-06 27.9942
query,tuples,4900000,7.7028e-06 28.039
query,tuples,4910000,7.6786e-06 28.0837
query,tuples,4920000,7.7124e-06 28.1285
query,tuples,4930000,7.698e-06 28.1732
query,tuples,4940000,7.7044e-06 28.2179
query,tuples,4950000,7.7026e-06 28.2626
query,tuples,4960000,7.7084e-06 28.3074
query,tuples,4970000,7.7266e-06 28.3523
query,tuples,4980000,7.7154e-06 28.3971
query,tuples,4990000,7.7178e-06 28.4418
query,tuples,5000000,7.7002e-06 28.4866
query,tuples,5010000,7.7086e-06 28.5313
query,tuples,5020000,7.6938e-06 28.576
query,tuples,5030000,7.7082e-06 28.6208
query,tuples,5040000,7.7092e-06 28.6655
query,tuples,5050000,7.7128e-06 28.7103
query,tuples,5060000,7.6914e-06 28.7549
query,tuples,5070000,7.69e-06 28.7996
query,tuples,5080000,7.7074e-06 28.8443
query,tuples,5090000,7.6866e-06 28.889
query,tuples,5100000,7.7028e-06 28.9337
query,tuples,5110000,7.6912e-06 28.9784
query,tuples,5120000,7.6944e-06 29.0231
query,tuples,5130000,7.6972e-06 29.0679
query,tuples,5140000,7.7068e-06 29.1126
query,tuples,5150000,7.7186e-06 29.1574
query,tuples,5160000,7.7036e-06 29.2021
query,tuples,5170000,7.6954e-06 29.2468
query,tuples,5180000,7.6944e-06 29.2916
query,tuples,5190000,7.7036e-06 29.3363
query,tuples,5200000,7.6942e-06 29.381
query,tuples,5210000,7.7072e-06 29.4258
query,tuples,5220000,7.7084e-06 29.4705
query,tuples,5230000,7.712e-06 29.5153
query,tuples,5240000,7.7038e-06 29.56
query,tuples,5250000,7.6984e-06 29.6046
query,tuples,5260000,7.7084e-06 29.6494
query,tuples,5270000,7.6944e-06 29.6942
query,tuples,5280000,7.7116e-06 29.7389
query,tuples,5290000,7.6976e-06 29.7836
query,tuples,5300000,7.704e-06 29.8283
query,tuples,5310000,7.7006e-06 29.873
query,tuples,5320000,7.6998e-06 29.9177
query,tuples,5330000,7.6832e-06 29.9624
query,tuples,5340000,7.7124e-06 30.0072
query,tuples,5350000,7.6892e-06 30.0518
query,tuples,5360000,7.6936e-06 30.0965
query,tuples,5370000,7.7348e-06 30.1413
query,tuples,5380000,7.6914e-06 30.186
query,tuples,5390000,7.705e-06 30.2308
query,tuples,5400000,7.6906e-06 30.2755
query,tuples,5410000,7.7336e-06 30.3203
query,tuples,5420000,7.7078e-06 30.3651
query,tuples,5430000,7.7112e-06 30.4098
query,tuples,5440000,7.687e-06 30.4545
query,tuples,5450000,7.6966e-06 30.4992
query,tuples,5460000,7.7094e-06 30.5439
query,tuples,5470000,7.6976e-06 30.5886
query,tuples,5480000,7.7082e-06 30.6333
query,tuples,5490000,7.7062e-06 30.678
query,tuples,5500000,7.704e-06 30.7228
query,tuples,5510000,7.6874e-06 30.7674
query,tuples,5520000,7.6954e-06 30.8122
query,tuples,5530000,7.689e-06 30.8568
query,tuples,5540000,7.6876e-06 30.9015
query,tuples,5550000,7.7032e-06 30.9463
query,tuples,5560000,7.698e-06 30.9909
query,tuples,5570000,7.709e-06 31.0357
query,tuples,5580000,7.698e-06 31.0804
query,tuples,5590000,7.704e-06 31.1252
query,tuples,5600000,7.69e-06 31.1698
query,tuples,5610000,7.708e-06 31.2146
query,tuples,5620000,7.6968e-06 31.2593
query,tuples,5630000,7.744e-06 31.3042
query,tuples,5640000,7.7056e-06 31.349
query,tuples,5650000,7.6972e-06 31.3937
query,tuples,5660000,7.7138e-06 31.4385
query,tuples,5670000,7.7334e-06 31.4834
query,tuples,5680000,7.7372e-06 31.5282
query,tuples,5690000,7.6914e-06 31.5729
query,tuples,5700000,7.7106e-06 31.6177
query,tuples,5710000,7.7082e-06 31.6625
query,tuples,5720000,7.727e-06 31.7073
query,tuples,5730000,7.7056e-06 31.7521
query,tuples,5740000,7.7216e-06 31.7968
query,tuples,5750000,7.722e-06 31.8417
query,tuples,5760000,7.7146e-06 31.8865
query,tuples,5770000,7.7316e-06 31.9313
query,tuples,5780000,7.7308e-06 31.9762
query,tuples,5790000,7.7412e-06 32.0211
query,tuples,5800000,7.7198e-06 32.0659
query,tuples,5810000,7.7396e-06 32.1107
query,tuples,5820000,7.7164e-06 32.1555
query,tuples,5830000,7.6998e-06 32.2002
query,tuples,5840000,7.7124e-06 32.245
query,tuples,5850000,7.6916e-06 32.2898
query,tuples,5860000,7.7306e-06 32.3347
query,tuples,5870000,7.7012e-06 32.3794
query,tuples,5880000,7.7276e-06 32.4242
query,tuples,5890000,7.7262e-06 32.4691
query,tuples,5900000,7.7212e-06 32.5139
query,tuples,5910000,7.7132e-06 32.5586
query,tuples,5920000,7.7164e-06 32.6034
query,tuples,5930000,7.7154e-06 32.6482
query,tuples,5940000,7.6992e-06 32.6929
query,tuples,5950000,7.718e-06 32.7377
query,tuples,5960000,7.7248e-06 32.7825
query,tuples,5970000,7.73e-06 32.8274
query,tuples,5980000,7.7216e-06 32.8722
query,tuples,5990000,7.7344e-06 32.9171
query,tuples,6000000,7.709e-06 32.9618
query,tuples,6010000,7.6996e-06 33.0066
query,tuples,6020000,7.724e-06 33.0515
query,tuples,6030000,7.7084e-06 33.0963
query,tuples,6040000,7.7236e-06 33.1411
query,tuples,6050000,7.7072e-06 33.1859
query,tuples,6060000,7.7178e-06 33.2307
query,tuples,6070000,7.7038e-06 33.2755
query,tuples,6080000,7.7704e-06 33.3205
query,tuples,6090000,7.6998e-06 33.3652
query,tuples,6100000,7.7504e-06 33.4101
query,tuples,6110000,7.7064e-06 33.4549
query,tuples,6120000,7.7126e-06 33.4997
query,tuples,6130000,7.7282e-06 33.5446
query,tuples,6140000,7.6992e-06 33.5893
query,tuples,6150000,7.7186e-06 33.6342
query,tuples,6160000,7.722e-06 33.679
query,tuples,6170000,7.7244e-06 33.7238
query,tuples,6180000,7.7176e-06 33.7686
query,tuples,6190000,7.7198e-06 33.8134
query,tuples,6200000,7.705e-06 33.8581
query,tuples,6210000,7.7156e-06 33.9028
query,tuples,6220000,7.738e-06 33.9477
query,tuples,6230000,7.7398e-06 33.9926
query,tuples,6240000,7.7202e-06 34.0374
query,tuples,6250000,7.7196e-06 34.0822
query,tuples,6260000,7.7276e-06 34.1269
query,tuples,6270000,7.7136e-06 34.1717
query,tuples,6280000,7.7302e-06 34.2166
query,tuples,6290000,7.7132e-06 34.2614
query,tuples,6300000,7.7102e-06 34.3062
query,tuples,6310000,7.7388e-06 34.3511
query,tuples,6320000,7.7158e-06 34.3959
query,tuples,6330000,7.71e-06 34.4407
query,tuples,6340000,7.709e-06 34.4855
query,tuples,6350000,7.7216e-06 34.5303
query,tuples,6360000,7.7e-06 34.5751
query,tuples,6370000,7.7106e-06 34.6199
query,tuples,6380000,7.7226e-06 34.6647
query,tuples,6390000,7.7308e-06 34.7095
query,tuples,6400000,7.7114e-06 34.7551
query,tuples,6410000,7.7056e-06 34.7999
query,tuples,6420000,7.725e-06 34.8447
query,tuples,6430000,7.7066e-06 34.8894
query,tuples,6440000,7.7198e-06 34.9342
query,tuples,6450000,7.7018e-06 34.9789
query,tuples,6460000,7.706e-06 35.0237
query,tuples,6470000,7.722e-06 35.0685
query,tuples,6480000,7.7262e-06 35.1133
query,tuples,6490000,7.7172e-06 35.1581
query,tuples,6500000,7.7258e-06 35.203
query,tuples,6510000,7.7806e-06 35.2481
query,tuples,6520000,7.7146e-06 35.2929
query,tuples,6530000,7.736e-06 35.3378
query,tuples,6540000,7.7286e-06 35.3827
query,tuples,6550000,7.7446e-06 35.4276
query,tuples,6560000,7.7432e-06 35.4725
query,tuples,6570000,7.7274e-06 35.5174
query,tuples,6580000,7.7046e-06 35.5622
query,tuples,6590000,7.7218e-06 35.607
query,tuples,6600000,7.7046e-06 35.6518
query,tuples,6610000,7.7182e-06 35.6966
query,tuples,6620000,7.7186e-06 35.7414
query,tuples,6630000,7.7066e-06 35.7862
query,tuples,6640000,7.7212e-06 35.8309
query,tuples,6650000,7.707e-06 35.8757
query,tuples,6660000,7.7232e-06 35.9205
query,tuples,6670000,7.6974e-06 35.9652
query,tuples,6680000,7.7022e-06 36.0101
query,tuples,6690000,7.7052e-06 36.0548
query,tuples,6700000,7.7094e-06 36.0996
query,tuples,6710000,7.7266e-06 36.1444
query,tuples,6720000,7.7076e-06 36.1892
query,tuples,6730000,7.7156e-06 36.2339
query,tuples,6740000,7.697e-06 36.2786
query,tuples,6750000,7.7172e-06 36.3234
query,tuples,6760000,7.724e-06 36.3683
query,tuples,6770000,7.7158e-06 36.4131
query,tuples,6780000,7.71e-06 36.4579
query,tuples,6790000,7.723e-06 36.5027
query,tuples,6800000,7.7228e-06 36.5474
query,tuples,6810000,7.6984e-06 36.5922
query,tuples,6820000,7.7274e-06 36.637
query,tuples,6830000,7.7138e-06 36.6818
query,tuples,6840000,7.7212e-06 36.7266
query,tuples,6850000,7.704e-06 36.7713
query,tuples,6860000,7.7182e-06 36.8161
query,tuples,6870000,7.7e-06 36.8608
query,tuples,6880000,7.7094e-06 36.9056
query,tuples,6890000,7.7212e-06 36.9505
query,tuples,6900000,7.6944e-06 36.9952
query,tuples,6910000,7.6968e-06 37.0399
query,tuples,6920000,7.7062e-06 37.0847
query,tuples,6930000,7.7396e-06 37.1296
query,tuples,6940000,7.721e-06 37.1744
query,tuples,6950000,7.7252e-06 37.2192
query,tuples,6960000,7.7072e-06 37.264
query,tuples,6970000,7.7314e-06 37.3088
query,tuples,6980000,7.7108e-06 37.3536
query,tuples,6990000,7.713e-06 37.3984
query,tuples,7000000,7.7102e-06 37.4431
query,tuples,7010000,7.7166e-06 37.488
query,tuples,7020000,7.7464e-06 37.5329
query,tuples,7030000,7.7116e-06 37.5777
query,tuples,7040000,7.725e-06 37.6225
query,tuples,7050000,7.7566e-06 37.6675
query,tuples,7060000,7.746e-06 37.7124
query,tuples,7070000,7.7036e-06 37.7572
query,tuples,7080000,7.7096e-06 37.8019
query,tuples,7090000,7.7154e-06 37.8467
query,tuples,7100000,7.707e-06 37.8914
query,tuples,7110000,7.7228e-06 37.9362
query,tuples,7120000,7.7236e-06 37.981
query,tuples,7130000,7.7204e-06 38.026
query,tuples,7140000,7.7068e-06 38.0708
query,tuples,7150000,7.7314e-06 38.1156
query,tuples,7160000,7.7362e-06 38.1605
query,tuples,7170000,7.716e-06 38.2053
query,tuples,7180000,7.7298e-06 38.2502
query,tuples,7190000,7.7052e-06 38.2949
query,tuples,7200000,7.7376e-06 38.3399
query,tuples,7210000,7.7342e-06 38.3848
query,tuples,7220000,7.7214e-06 38.4297
query,tuples,7230000,7.7326e-06 38.4746
query,tuples,7240000,7.7316e-06 38.5194
query,tuples,7250000,7.7248e-06 38.5642
query,tuples,7260000,7.7288e-06 38.6091
query,tuples,7270000,7.738e-06 38.6539
query,tuples,7280000,7.7416e-06 38.6988
query,tuples,7290000,7.746e-06 38.7438
query,tuples,7300000,7.7174e-06 38.7886
query,tuples,7310000,7.7468e-06 38.8334
query,tuples,7320000,7.6926e-06 38.8782
query,tuples,7330000,7.7254e-06 38.923
query,tuples,7340000,7.7126e-06 38.9679
query,tuples,7350000,7.7172e-06 39.0127
query,tuples,7360000,7.7188e-06 39.0575
query,tuples,7370000,7.7228e-06 39.1023
query,tuples,7380000,7.7472e-06 39.1472
query,tuples,7390000,7.6908e-06 39.1919
query,tuples,7400000,7.7126e-06 39.2367
query,tuples,7410000,7.7124e-06 39.2815
query,tuples,7420000,7.7082e-06 39.3263
query,tuples,7430000,7.7182e-06 39.3711
query,tuples,7440000,7.734e-06 39.4159
query,tuples,7450000,7.7504e-06 39.4609
query,tuples,7460000,7.7216e-06 39.5057
query,tuples,7470000,7.7482e-06 39.5506
query,tuples,7480000,7.729e-06 39.5955
query,tuples,7490000,7.7304e-06 39.6404
query,tuples,7500000,7.7256e-06 39.6852
query,tuples,7510000,7.7488e-06 39.7301
query,tuples,7520000,7.719e-06 39.7803
query,tuples,7530000,7.7246e-06 39.8251
query,tuples,7540000,7.7224e-06 39.8699
query,tuples,7550000,7.7336e-06 39.9148
query,tuples,7560000,7.7156e-06 39.9596
query,tuples,7570000,7.7414e-06 40.0045
query,tuples,7580000,7.7128e-06 40.0493
query,tuples,7590000,7.7106e-06 40.0941
query,tuples,7600000,7.7262e-06 40.139
query,tuples,7610000,7.7002e-06 40.1837
query,tuples,7620000,7.7392e-06 40.2286
query,tuples,7630000,7.7134e-06 40.2734
query,tuples,7640000,7.7368e-06 40.3183
query,tuples,7650000,7.738e-06 40.3632
query,tuples,7660000,7.739e-06 40.4082
query,tuples,7670000,7.7614e-06 40.4531
query,tuples,7680000,7.7404e-06 40.498
query,tuples,7690000,7.7476e-06 40.543
query,tuples,7700000,7.747e-06 40.5879
query,tuples,7710000,7.7344e-06 40.6328
query,tuples,7720000,7.7246e-06 40.6776
query,tuples,7730000,7.739e-06 40.7225
query,tuples,7740000,7.7172e-06 40.7674
query,tuples,7750000,7.7442e-06 40.8124
query,tuples,7760000,7.715e-06 40.8571
query,tuples,7770000,7.727e-06 40.902
query,tuples,7780000,7.7524e-06 40.9469
query,tuples,7790000,7.7188e-06 40.9918
query,tuples,7800000,7.7218e-06 41.0366
query,tuples,7810000,7.7116e-06 41.0814
query,tuples,7820000,7.7314e-06 41.1263
query,tuples,7830000,7.7252e-06 41.1711
query,tuples,7840000,7.7766e-06 41.2162
query,tuples,7850000,7.7308e-06 41.261
query,tuples,7860000,7.7264e-06 41.3058
query,tuples,7861240,7.83871e-06 41.3118
