query,tuples,10000,0.000492874 2.4718
query,tuples,20000,0.00422201 23.5923
query,tuples,30000,0.000317297 25.1855
query,tuples,40000,7.1608e-06 25.2278
query,tuples,50000,7.1828e-06 25.2701
query,tuples,60000,7.1088e-06 25.3121
query,tuples,70000,7.1552e-06 25.3544
query,tuples,80000,7.1354e-06 25.3965
query,tuples,90000,7.1614e-06 25.4388
query,tuples,100000,7.1316e-06 25.4808
query,tuples,110000,7.1882e-06 25.5232
query,tuples,120000,7.1934e-06 25.5655
query,tuples,130000,7.1778e-06 25.6079
query,tuples,140000,7.1456e-06 25.6501
query,tuples,150000,7.1916e-06 25.6925
query,tuples,160000,7.188e-06 25.7349
query,tuples,170000,7.2196e-06 25.7774
query,tuples,180000,7.192e-06 25.82
query,tuples,190000,7.2264e-06 25.8625
query,tuples,200000,7.2228e-06 25.9049
query,tuples,210000,7.1924e-06 25.9473
query,tuples,220000,7.2268e-06 25.9898
query,tuples,230000,7.2416e-06 26.0324
query,tuples,240000,7.2406e-06 26.075
query,tuples,250000,7.2104e-06 26.1175
query,tuples,260000,7.1662e-06 26.1598
query,tuples,270000,7.225e-06 26.2023
query,tuples,280000,7.1854e-06 26.2448
query,tuples,290000,7.2586e-06 26.2876
query,tuples,300000,7.8068e-06 26.3331
query,tuples,310000,7.8666e-06 26.3789
query,tuples,320000,7.3572e-06 26.4221
query,tuples,330000,7.3366e-06 26.4651
query,tuples,340000,7.2474e-06 26.5081
query,tuples,350000,7.2854e-06 26.551
query,tuples,360000,7.2798e-06 26.594
query,tuples,370000,7.4326e-06 26.6376
query,tuples,380000,7.3074e-06 26.6806
query,tuples,390000,7.301e-06 26.7235
query,tuples,400000,7.301e-06 26.7665
query,tuples,410000,7.3586e-06 26.8096
query,tuples,420000,7.3062e-06 26.8526
query,tuples,430000,7.3106e-06 26.8955
query,tuples,440000,7.2778e-06 26.9384
query,tuples,450000,7.3518e-06 26.9815
query,tuples,460000,7.2832e-06 27.0244
query,tuples,470000,7.2626e-06 27.0672
query,tuples,480000,7.2606e-06 27.1098
query,tuples,490000,7.2718e-06 27.1527
query,tuples,500000,7.2524e-06 27.1955
query,tuples,510000,7.2876e-06 27.2386
query,tuples,520000,7.2908e-06 27.2815
query,tuples,530000,7.337e-06 27.3248
query,tuples,540000,7.317e-06 27.3677
query,tuples,550000,7.3248e-06 27.4108
query,tuples,560000,7.2714e-06 27.4535
query,tuples,570000,7.3496e-06 27.4967
query,tuples,580000,7.2988e-06 27.5395
query,tuples,590000,7.3446e-06 27.5826
query,tuples,600000,7.2408e-06 27.6253
query,tuples,610000,7.3166e-06 27.6683
query,tuples,620000,7.2522e-06 27.7111
query,tuples,630000,7.3176e-06 27.7541
query,tuples,640000,7.3174e-06 27.7972
query,tuples,650000,7.3396e-06 27.8403
query,tuples,660000,7.2676e-06 27.8831
query,tuples,670000,7.2818e-06 27.9261
query,tuples,680000,7.3544e-06 27.9692
query,tuples,690000,7.3322e-06 28.0123
query,tuples,700000,7.281e-06 28.0552
query,tuples,710000,7.346e-06 28.0982
query,tuples,720000,7.3066e-06 28.1413
query,tuples,730000,7.3496e-06 28.1845
query,tuples,740000,7.324e-06 28.2276
query,tuples,750000,7.414e-06 28.2711
query,tuples,760000,7.3566e-06 28.3143
query,tuples,770000,7.3584e-06 28.3574
query,tuples,780000,7.35e-06 28.4006
query,tuples,790000,7.3698e-06 28.4439
query,tuples,800000,7.4124e-06 28.4874
query,tuples,810000,7.4878e-06 28.5314
query,tuples,810000,nan 28.5315
