query,tuples,100,9.88e-06 0.000555
query,tuples,200,2.686e-05 0.002183
query,tuples,300,0.00016134 0.010455
query,tuples,400,0.00044422 0.032865
query,tuples,500,0.00065288 0.0657
query,tuples,600,0.00099172 0.115489
query,tuples,700,0.00113072 0.172223
query,tuples,800,0.00118168 0.231499
query,tuples,900,0.0029719 0.380292
query,tuples,1000,0.0029451 0.527742
query,tuples,1100,0.0027899 0.667437
query,tuples,1200,0.00452412 0.893833
query,tuples,1300,0.00539914 1.16401
query,tuples,1400,0.0028919 1.3088
query,tuples,1500,0.00693722 1.65586
query,tuples,1600,0.0085301 2.08257
query,tuples,1700,0.00932002 2.54876
query,tuples,1800,0.00909134 3.00354
query,tuples,1900,0.0136651 3.687
query,tuples,2000,0.0130406 4.33923
query,tuples,2100,0.0118981 4.93434
query,tuples,2200,0.0148754 5.67831
query,tuples,2300,0.0111212 6.23457
query,tuples,2400,0.0228183 7.3757
query,tuples,2500,0.0271342 8.7326
query,tuples,2600,0.0291988 10.1927
query,tuples,2700,0.0265784 11.5219
query,tuples,2800,0.0170607 12.3751
query,tuples,2900,0.0129277 13.0217
query,tuples,3000,0.0109224 13.568
query,tuples,3100,0.0167222 14.4043
query,tuples,3200,0.0201671 15.4129
query,tuples,3300,0.028596 16.8429
query,tuples,3400,0.0318668 18.4365
query,tuples,3500,0.0251051 19.6919
query,tuples,3600,0.0247703 20.9307
query,tuples,3700,0.0356909 22.7154
query,tuples,3800,0.0345257 24.4419
query,tuples,3900,0.0291765 25.9009
query,tuples,4000,0.0185626 26.8293
query,tuples,4100,0.0266067 28.1598
query,tuples,4200,0.0159895 28.9595
query,tuples,4300,0.0379168 30.8555
query,tuples,4400,0.0331658 32.5141
query,tuples,4500,0.0366956 34.349
query,tuples,4600,0.0423928 36.4689
query,tuples,4700,0.0343312 38.1857
query,tuples,4800,0.0351844 39.9451
query,tuples,4900,0.0211403 41.0023
query,tuples,5000,0.0184392 41.9245
query,tuples,5100,0.0313424 43.4919
query,tuples,5200,0.026239 44.804
query,tuples,5300,0.0139434 45.5014
query,tuples,5400,0.035567 47.28
query,tuples,5500,0.0381436 49.1874
query,tuples,5600,0.0456876 51.472
query,tuples,5700,0.0468626 53.8153
query,tuples,5800,0.0578683 56.709
query,tuples,5900,0.0315149 58.2849
query,tuples,6000,0.0491744 60.7438
query,tuples,6100,0.039934 62.7407
query,tuples,6200,0.059097 65.6958
query,tuples,6300,0.0848528 69.9387
query,tuples,6400,0.0402578 71.9518
query,tuples,6500,0.0620624 75.0551
query,tuples,6600,0.0484876 77.4797
query,tuples,6700,0.0486908 79.9145
query,tuples,6800,0.0454497 82.1872
query,tuples,6900,0.0427332 84.324
query,tuples,7000,0.0758619 88.1174
query,tuples,7100,0.0780813 92.0216
query,tuples,7200,0.0602827 95.036
query,tuples,7300,0.0571877 97.8956
query,tuples,7400,0.0632746 101.06
query,tuples,7500,0.0579292 103.956
query,tuples,7600,0.0739392 107.653
query,tuples,7700,0.0857638 111.942
query,tuples,7800,0.0597323 114.929
query,tuples,7900,0.101257 119.992
query,tuples,8000,0.0916718 124.575
query,tuples,8100,0.0821118 128.681
query,tuples,8200,0.0566441 131.514
query,tuples,8300,0.0890951 135.969
query,tuples,8400,0.0401041 137.974
query,tuples,8500,0.0847362 142.211
query,tuples,8600,0.0552004 144.971
query,tuples,8700,0.0810897 149.026
query,tuples,8800,0.0930655 153.68
query,tuples,8900,0.12994 160.177
query,tuples,9000,0.0848497 164.42
query,tuples,9100,0.189907 173.915
query,tuples,9200,0.149008 181.366
query,tuples,9300,0.128021 187.767
query,tuples,9400,0.142468 194.891
query,tuples,9500,0.0900918 199.395
query,tuples,9600,0.105025 204.647
query,tuples,9700,0.0271689 206.006
query,tuples,9800,0.122356 212.124
query,tuples,9900,0.171583 220.703
query,tuples,10000,0.149611 228.184
query,tuples,10100,0.148719 235.62
query,tuples,10200,0.211793 246.21
query,tuples,10300,0.253922 258.906
query,tuples,10400,0.168157 267.314
query,tuples,10500,0.0939715 272.013
query,tuples,10600,0.160292 280.028
query,tuples,10700,0.242498 292.153
query,tuples,10800,0.102128 297.259
query,tuples,10900,0.103779 302.449
query,tuples,11000,0.10605 307.751
query,tuples,11100,0.112528 313.378
query,tuples,11200,0.0762436 317.19
query,tuples,11300,0.20012 327.197
query,tuples,11400,0.241322 339.263
query,tuples,11500,0.204191 349.473
query,tuples,11600,0.211833 360.065
query,tuples,11700,0.135653 366.848
query,tuples,11800,0.182946 375.995
query,tuples,11900,0.147711 383.381
query,tuples,12000,0.233702 395.066
query,tuples,12100,0.277106 408.922
query,tuples,12200,0.383792 428.111
query,tuples,12300,0.265837 441.403
query,tuples,12400,0.213376 452.072
query,tuples,12500,0.239578 464.052
query,tuples,12600,0.242303 476.167
query,tuples,12700,0.343511 493.343
query,tuples,12800,0.18224 502.455
query,tuples,12900,0.244959 514.703
query,tuples,13000,0.173562 523.381
query,tuples,13100,0.225896 534.676
query,tuples,13200,0.185405 543.947
query,tuples,13300,0.152534 551.574
query,tuples,13400,0.279413 565.545
query,tuples,13500,0.386955 584.893
query,tuples,13600,0.442261 607.006
query,tuples,13700,0.291748 621.594
query,tuples,13800,0.17168 630.178
query,tuples,13900,0.381571 649.257
query,tuples,14000,0.263754 662.444
query,tuples,14100,0.207156 672.803
query,tuples,14200,0.36478 691.042
query,tuples,14300,0.365415 709.313
query,tuples,14400,0.30532 724.579
query,tuples,14500,0.319877 740.573
query,tuples,14600,0.344106 757.779
query,tuples,14700,0.34367 774.962
query,tuples,14800,0.309819 790.453
query,tuples,14900,0.249079 802.908
query,tuples,15000,0.509556 828.386
query,tuples,15100,0.293378 843.055
query,tuples,15200,0.3682 861.465
query,tuples,15300,0.249606 873.945
query,tuples,15400,0.218323 884.862
query,tuples,15500,0.538981 911.811
query,tuples,15600,0.387588 931.191
query,tuples,15700,0.327983 947.59
query,tuples,15800,0.508617 973.021
query,tuples,15900,0.366379 991.34
query,tuples,16000,0.463359 1014.51
query,tuples,16100,0.332292 1031.12
query,tuples,16200,0.410737 1051.66
query,tuples,16300,0.317257 1067.52
query,tuples,16400,0.533461 1094.2
query,tuples,16500,0.430307 1115.71
query,tuples,16600,0.427584 1137.09
query,tuples,16700,0.506295 1162.41
query,tuples,16800,0.598057 1192.31
query,tuples,16900,0.371603 1210.89
query,tuples,17000,0.446452 1233.21
query,tuples,17100,0.492561 1257.84
query,tuples,17200,0.403374 1278.01
query,tuples,17300,0.53126 1304.57
query,tuples,17400,0.582578 1333.7
query,tuples,17500,0.563276 1361.87
query,tuples,17600,0.383829 1381.06
query,tuples,17700,0.667432 1414.43
query,tuples,17800,0.349304 1431.9
query,tuples,17900,0.396706 1451.73
query,tuples,18000,0.544638 1478.96
query,tuples,18100,0.539184 1505.92
query,tuples,18200,0.540069 1532.93
query,tuples,18300,0.514427 1558.65
query,tuples,18400,0.659949 1591.65
query,tuples,18500,0.623421 1622.82
query,tuples,18600,0.470136 1646.32
query,tuples,18700,0.523516 1672.5
query,tuples,18800,0.578767 1701.44
query,tuples,18900,0.518103 1727.34
query,tuples,19000,0.662002 1760.44
query,tuples,19100,0.772989 1799.09
query,tuples,19200,0.758015 1837
query,tuples,19300,0.521879 1863.09
query,tuples,19400,0.665655 1896.37
query,tuples,19500,0.571113 1924.93
query,tuples,19600,0.414193 1945.64
query,tuples,19700,0.270811 1959.18
query,tuples,19800,0.791835 1998.77
query,tuples,19900,1.03309 2050.43
query,tuples,20000,1.06584 2103.72
query,tuples,20100,0.559522 2131.69
query,tuples,20200,0.662581 2164.82
query,tuples,20300,0.338232 2181.74
query,tuples,20400,0.90668 2227.07
query,tuples,20500,0.955685 2274.85
query,tuples,20600,1.0501 2327.36
query,tuples,20700,0.824361 2368.58
query,tuples,20800,0.329997 2385.08
query,tuples,20900,0.541296 2412.14
query,tuples,21000,0.439102 2434.1
query,tuples,21100,0.777666 2472.98
query,tuples,21200,1.02362 2524.16
query,tuples,21300,0.538931 2551.11
query,tuples,21400,0.537535 2577.99
query,tuples,21500,0.84104 2620.04
query,tuples,21600,0.656473 2652.86
query,tuples,21700,1.14462 2710.09
query,tuples,21800,0.964594 2758.32
query,tuples,21900,1.26431 2821.54
query,tuples,22000,0.677457 2855.41
query,tuples,22100,1.03888 2907.36
query,tuples,22200,0.595152 2937.11
query,tuples,22300,0.875841 2980.91
query,tuples,22400,1.47841 3054.83
query,tuples,22500,1.30839 3120.25
query,tuples,22600,1.09372 3174.93
query,tuples,22700,0.725535 3211.21
query,tuples,22800,1.11571 3267
query,tuples,22900,1.18246 3326.12
query,tuples,23000,0.970064 3374.62
query,tuples,23100,1.26354 3437.8
query,tuples,23200,0.666617 3471.13
query,tuples,23300,0.997654 3521.01
query,tuples,23400,0.676775 3554.85
query,tuples,23500,1.48309 3629.01
query,tuples,23600,1.16438 3687.23
query,tuples,23700,1.03757 3751.11
query,tuples,23800,0.415906 3792.4
query,tuples,23900,0.184367 3810.62
query,tuples,24000,0.350699 3845.16
query,tuples,24100,0.543228 3898.32
query,tuples,24200,0.830462 3978.84
query,tuples,24300,0.684774 4044.58
query,tuples,24400,0.68632 4109.9
query,tuples,24500,0.698345 4175.81
query,tuples,24600,0.35336 4208.98
query,tuples,24700,0.401972 4246.58
query,tuples,24800,0.641833 4306.17
query,tuples,24900,0.377382 4341.04
query,tuples,25000,0.573009 4393.69
query,tuples,25100,1.02206 4486.8
query,tuples,25200,0.917441 4569.67
query,tuples,25300,0.578826 4621.61
query,tuples,25400,0.393709 4656.8
query,tuples,25500,0.680209 4717.31
query,tuples,25600,0.637089 4773.66
query,tuples,25700,0.552755 4822.3
query,tuples,25800,0.452245 4861.91
query,tuples,25900,0.900894 4940.46
query,tuples,26000,0.53064 4986.49
query,tuples,26100,0.508138 5030.4
query,tuples,26200,1.01458 5117.63
query,tuples,26300,0.888989 5193.58
query,tuples,26400,0.829079 5264.03
query,tuples,26500,0.274072 5287.23
query,tuples,26600,0.580868 5336.28
query,tuples,26700,0.747191 5399.14
query,tuples,26800,0.918853 5476.08
query,tuples,26900,1.39911 5592.54
query,tuples,27000,0.64066 5645.57
query,tuples,27100,1.03309 5730.72
query,tuples,27200,0.701777 5788.31
query,tuples,27300,0.613521 5838.49
query,tuples,27400,0.71385 5896.68
query,tuples,27500,0.736274 5956.5
query,tuples,27600,0.678991 6011.44
query,tuples,27700,0.554053 6056.15
query,tuples,27800,0.72227 6114.26
query,tuples,27900,0.678404 6168.68
query,tuples,28000,0.466148 6205.99
query,tuples,28100,0.939275 6280.95
