query,tuples,100,5.628e-05 0.002892
query,tuples,200,0.00018628 0.012424
query,tuples,300,0.00048876 0.037055
query,tuples,400,0.00067814 0.071148
query,tuples,500,0.00098652 0.120668
query,tuples,600,0.00075556 0.158634
query,tuples,700,0.0012699 0.22232
query,tuples,800,0.0016936 0.307198
query,tuples,900,0.00097094 0.355935
query,tuples,1000,0.00150262 0.431259
query,tuples,1100,0.00066766 0.464821
query,tuples,1200,0.00155208 0.542626
query,tuples,1300,0.00252094 0.668875
query,tuples,1400,0.001099 0.724003
query,tuples,1500,0.00166592 0.807482
query,tuples,1600,0.00304832 0.960106
query,tuples,1700,0.00235322 1.07796
query,tuples,1800,0.00233318 1.19481
query,tuples,1900,0.00190374 1.29017
query,tuples,2000,0.00324014 1.45237
query,tuples,2100,0.00439128 1.67213
query,tuples,2200,0.00553582 1.94915
query,tuples,2300,0.00099838 1.99926
query,tuples,2400,0.00307646 2.15327
query,tuples,2500,0.00282966 2.29494
query,tuples,2600,0.00062618 2.32642
query,tuples,2700,0.0027547 2.46435
query,tuples,2800,0.00397954 2.66351
query,tuples,2900,0.00324926 2.82617
query,tuples,3000,0.00161808 2.90726
query,tuples,3100,0.00466478 3.14072
query,tuples,3200,0.00267318 3.27456
query,tuples,3300,0.0054656 3.54805
query,tuples,3400,0.00545656 3.82107
query,tuples,3500,0.00283956 3.96322
query,tuples,3600,0.00493604 4.21021
query,tuples,3700,0.00604356 4.51258
query,tuples,3800,0.0055587 4.79071
query,tuples,3900,0.00638656 5.11023
query,tuples,4000,0.00755562 5.48821
query,tuples,4100,0.00953134 5.96499
query,tuples,4200,0.001517 6.04102
query,tuples,4300,0.00290848 6.18662
query,tuples,4400,0.00438866 6.40625
query,tuples,4500,0.0047223 6.64257
query,tuples,4600,0.009004 7.09297
query,tuples,4700,0.00821314 7.50383
query,tuples,4800,0.0074976 7.8789
query,tuples,4900,0.00614746 8.18647
query,tuples,5000,0.00910544 8.64194
query,tuples,5100,0.00873956 9.07911
query,tuples,5200,0.00440072 9.29933
query,tuples,5300,0.0097758 9.78832
query,tuples,5400,0.0135178 10.4644
query,tuples,5500,0.00751458 10.8404
query,tuples,5600,0.00833564 11.2573
query,tuples,5700,0.0067659 11.5958
query,tuples,5800,0.00230682 11.7114
query,tuples,5900,0.0032085 11.872
query,tuples,6000,0.00413418 12.0789
query,tuples,6100,0.00898912 12.5285
query,tuples,6200,0.00655116 12.8563
query,tuples,6300,0.0116803 13.4405
query,tuples,6400,0.00773706 13.8276
query,tuples,6500,0.00985114 14.3203
query,tuples,6600,0.00947076 14.7941
query,tuples,6700,0.00908856 15.2487
query,tuples,6800,0.0069611 15.5969
query,tuples,6900,0.00835752 16.015
query,tuples,7000,0.0099392 16.5122
query,tuples,7100,0.00835416 16.9301
query,tuples,7200,0.0121194 17.5362
query,tuples,7300,0.00864264 17.9686
query,tuples,7400,0.0148559 18.7116
query,tuples,7500,0.0153844 19.481
query,tuples,7600,0.00967002 19.9647
query,tuples,7700,0.0133828 20.6341
query,tuples,7800,0.00835766 21.0521
query,tuples,7900,0.0152516 21.8149
query,tuples,8000,0.0137831 22.5043
query,tuples,8100,0.0155318 23.281
query,tuples,8200,0.0103028 23.7964
query,tuples,8300,0.0089651 24.2448
query,tuples,8400,0.00131918 24.311
query,tuples,8500,0.0192295 25.2726
query,tuples,8600,0.0172751 26.1366
query,tuples,8700,0.0108852 26.6811
query,tuples,8800,0.0209553 27.729
query,tuples,8900,0.0104463 28.2516
query,tuples,9000,0.011358 28.8197
query,tuples,9100,0.0167005 29.6549
query,tuples,9200,0.00970512 30.1404
query,tuples,9300,0.0165259 30.9668
query,tuples,9400,0.0186205 31.8981
query,tuples,9500,0.0164842 32.7225
query,tuples,9600,0.0183177 33.6386
query,tuples,9700,0.00882156 34.0799
query,tuples,9800,0.013638 34.762
query,tuples,9900,0.0214334 35.8338
query,tuples,10000,0.00922578 36.2953
query,tuples,10100,0.0174541 37.1682
query,tuples,10200,0.0148028 37.9086
query,tuples,10300,0.0134415 38.5809
query,tuples,10400,0.0248093 39.8215
query,tuples,10500,0.0122216 40.4328
query,tuples,10600,0.0119124 41.0286
query,tuples,10700,0.0225458 42.1562
query,tuples,10800,0.0135159 42.8321
query,tuples,10900,0.00444404 43.0545
query,tuples,11000,0.0260328 44.3564
query,tuples,11100,0.0187765 45.2954
query,tuples,11200,0.0231585 46.4536
query,tuples,11300,0.0162863 47.2681
query,tuples,11400,0.0134669 47.9416
query,tuples,11500,0.0321016 49.5469
query,tuples,11600,0.0222164 50.658
query,tuples,11700,0.0113578 51.2261
query,tuples,11800,0.0129776 51.8751
query,tuples,11900,0.0263205 53.1914
query,tuples,12000,0.0192468 54.1539
query,tuples,12100,0.0078548 54.5469
query,tuples,12200,0.0279426 55.9442
query,tuples,12300,0.0231169 57.1003
query,tuples,12400,0.0212084 58.1609
query,tuples,12500,0.0150048 58.9113
query,tuples,12600,0.0196545 59.8942
query,tuples,12700,0.00659494 60.2242
query,tuples,12800,0.0186406 61.1564
query,tuples,12900,0.0294617 62.6297
query,tuples,13000,0.0294859 64.1042
query,tuples,13100,0.029452 65.5771
query,tuples,13200,0.0237886 66.7667
query,tuples,13300,0.034731 68.5035
query,tuples,13400,0.0325369 70.1305
query,tuples,13500,0.021878 71.2247
query,tuples,13600,0.0252685 72.4883
query,tuples,13700,0.0218444 73.5807
query,tuples,13800,0.0235745 74.7597
query,tuples,13900,0.029976 76.2587
query,tuples,14000,0.0156558 77.0417
query,tuples,14100,0.0109573 77.5897
query,tuples,14200,0.0115392 78.1669
query,tuples,14300,0.0289758 79.6159
query,tuples,14400,0.0335647 81.2943
query,tuples,14500,0.0156382 82.0765
query,tuples,14600,0.0241869 83.286
query,tuples,14700,0.0253945 84.556
query,tuples,14800,0.00805342 84.9588
query,tuples,14900,0.00810618 85.3644
query,tuples,15000,0.0106482 85.897
query,tuples,15100,0.0289251 87.3434
query,tuples,15200,0.025671 88.6272
query,tuples,15300,0.0137133 89.313
query,tuples,15400,0.0172956 90.178
query,tuples,15500,0.0386559 92.111
query,tuples,15600,0.0249243 93.3575
query,tuples,15700,0.0335702 95.0362
query,tuples,15800,0.0397974 97.0263
query,tuples,15900,0.0349875 98.7759
query,tuples,16000,0.0242578 99.989
query,tuples,16100,0.0417435 102.076
query,tuples,16200,0.0147704 102.815
query,tuples,16300,0.0197882 103.805
query,tuples,16400,0.0227283 104.941
query,tuples,16500,0.0111929 105.501
query,tuples,16600,0.0100598 106.004
query,tuples,16700,0.0228864 107.149
query,tuples,16800,0.0396241 109.13
query,tuples,16900,0.0325958 110.76
query,tuples,17000,0.0445421 112.988
query,tuples,17100,0.0226752 114.122
query,tuples,17200,0.0282232 115.533
query,tuples,17300,0.0338355 117.225
query,tuples,17400,0.0269811 118.574
query,tuples,17500,0.0410064 120.625
query,tuples,17600,0.023789 121.815
query,tuples,17700,0.050241 124.327
query,tuples,17800,0.0247433 125.564
query,tuples,17900,0.0280338 126.966
query,tuples,18000,0.0384569 128.889
query,tuples,18100,0.0155985 129.669
query,tuples,18200,0.0156799 130.453
query,tuples,18300,0.036628 132.285
query,tuples,18400,0.0236299 133.467
query,tuples,18500,0.0327309 135.104
query,tuples,18600,0.033608 136.784
query,tuples,18700,0.0539195 139.48
query,tuples,18800,0.0513381 142.048
query,tuples,18900,0.018623 142.979
query,tuples,19000,0.0368028 144.819
query,tuples,19100,0.0340528 146.522
query,tuples,19200,0.0587711 149.461
query,tuples,19300,0.0365388 151.288
query,tuples,19400,0.0435693 153.467
query,tuples,19500,0.0632115 156.628
query,tuples,19600,0.0382849 158.542
query,tuples,19700,0.0364236 160.363
query,tuples,19800,0.0183377 161.281
query,tuples,19900,0.051452 163.853
query,tuples,20000,0.027608 165.234
query,tuples,20100,0.0342492 166.947
query,tuples,20200,0.061076 170.001
query,tuples,20300,0.0383286 171.917
query,tuples,20400,0.0350777 173.671
query,tuples,20500,0.0440857 175.876
query,tuples,20600,0.0413731 177.945
query,tuples,20700,0.0596342 180.927
query,tuples,20800,0.047404 183.297
query,tuples,20900,0.0451413 185.555
query,tuples,21000,0.0290067 187.005
query,tuples,21100,0.0495754 189.484
query,tuples,21200,0.0475642 191.863
query,tuples,21300,0.0677438 195.25
query,tuples,21400,0.0376613 197.133
query,tuples,21500,0.0465469 199.461
query,tuples,21600,0.0343606 201.179
query,tuples,21700,0.0318817 202.773
query,tuples,21800,0.0438144 204.964
query,tuples,21900,0.0393529 206.932
query,tuples,22000,0.0538587 209.625
query,tuples,22100,0.0304251 211.147
query,tuples,22200,0.0303572 212.665
query,tuples,22300,0.0436607 214.848
query,tuples,22400,0.0601777 217.857
query,tuples,22500,0.0335831 219.537
query,tuples,22600,0.0403106 221.553
query,tuples,22700,0.0505334 224.079
query,tuples,22800,0.0393377 226.047
query,tuples,22900,0.0570621 228.9
query,tuples,23000,0.0491746 231.359
query,tuples,23100,0.0510337 233.911
query,tuples,23200,0.0498382 236.403
query,tuples,23300,0.0484238 238.824
query,tuples,23400,0.0301535 240.332
query,tuples,23500,0.0179982 241.232
query,tuples,23600,0.025951 242.53
query,tuples,23700,0.0499463 245.028
query,tuples,23800,0.0346392 246.76
query,tuples,23900,0.0356593 248.543
query,tuples,24000,0.0443855 250.763
query,tuples,24100,0.0395597 252.741
query,tuples,24200,0.0353516 254.509
query,tuples,24300,0.036304 256.324
query,tuples,24400,0.0542713 259.038
query,tuples,24500,0.0420205 261.139
query,tuples,24600,0.0485436 263.566
query,tuples,24700,0.0281078 264.972
query,tuples,24800,0.0866335 269.304
query,tuples,24900,0.0479307 271.701
query,tuples,25000,0.0379038 273.596
query,tuples,25100,0.0640522 276.799
query,tuples,25200,0.0232835 277.963
query,tuples,25300,0.0468577 280.307
query,tuples,25400,0.0461655 282.615
query,tuples,25500,0.0369347 284.462
query,tuples,25600,0.0333171 286.128
query,tuples,25700,0.0602456 289.141
query,tuples,25800,0.0632643 292.304
query,tuples,25900,0.0635146 295.48
query,tuples,26000,0.0678667 298.874
query,tuples,26100,0.0450096 301.124
query,tuples,26200,0.0520592 303.728
query,tuples,26300,0.0343344 305.445
query,tuples,26400,0.059329 308.411
query,tuples,26500,0.0289051 309.857
query,tuples,26600,0.0230498 311.009
query,tuples,26700,0.0531437 313.667
query,tuples,26800,0.0760339 317.469
query,tuples,26900,0.0241474 318.676
query,tuples,27000,0.0664989 322.002
query,tuples,27100,0.0477627 324.39
query,tuples,27200,0.0440044 326.59
query,tuples,27300,0.0246811 327.825
query,tuples,27400,0.028733 329.261
query,tuples,27500,0.0795643 333.24
query,tuples,27600,0.0624121 336.361
query,tuples,27700,0.0847788 340.6
query,tuples,27800,0.0630191 343.751
query,tuples,27900,0.0771126 347.607
query,tuples,28000,0.0541737 350.316
query,tuples,28100,0.0362777 352.13
query,tuples,28200,0.0472062 354.491
query,tuples,28300,0.0600563 357.494
query,tuples,28400,0.03986 359.487
query,tuples,28500,0.00219944 359.597
query,tuples,28600,0.0639286 362.794
query,tuples,28700,0.0444645 365.017
query,tuples,28800,0.0808044 369.058
query,tuples,28900,0.0753828 372.827
query,tuples,29000,0.0238981 374.022
query,tuples,29100,0.0695619 377.501
query,tuples,29200,0.0524665 380.124
query,tuples,29300,0.0583082 383.04
query,tuples,29400,0.071648 386.623
query,tuples,29500,0.0644133 389.843
query,tuples,29600,0.0557966 392.634
query,tuples,29700,0.0505606 395.162
query,tuples,29800,0.0675146 398.538
query,tuples,29900,0.0732378 402.2
query,tuples,30000,0.019241 403.162
query,tuples,30100,0.0703651 406.681
query,tuples,30200,0.0959757 411.48
query,tuples,30300,0.0953286 416.246
query,tuples,30400,0.0823949 420.366
query,tuples,30500,0.0816366 424.449
query,tuples,30600,0.0653019 427.714
query,tuples,30700,0.0513238 430.28
query,tuples,30800,0.0552012 433.041
query,tuples,30900,0.0493885 435.51
query,tuples,31000,0.0710567 439.063
query,tuples,31100,0.0749157 442.809
query,tuples,31200,0.0849556 447.058
query,tuples,31300,0.061412 450.128
query,tuples,31400,0.0906241 454.66
query,tuples,31500,0.0377338 456.547
query,tuples,31600,0.0556804 459.331
query,tuples,31700,0.0632247 462.493
query,tuples,31800,0.0549166 465.239
query,tuples,31900,0.0504255 467.76
query,tuples,32000,0.0382499 469.673
query,tuples,32100,0.0852922 473.938
query,tuples,32200,0.0422203 476.049
query,tuples,32300,0.056062 478.852
query,tuples,32400,0.0476007 481.233
query,tuples,32500,0.0816722 485.316
query,tuples,32600,0.090965 489.865
query,tuples,32700,0.059853 492.858
query,tuples,32800,0.0575896 495.738
query,tuples,32900,0.0744076 499.458
query,tuples,33000,0.0878118 503.849
query,tuples,33100,0.0714291 507.421
query,tuples,33200,0.0821829 511.53
query,tuples,33300,0.0118193 512.121
query,tuples,33400,0.0707864 515.661
query,tuples,33500,0.075173 519.42
query,tuples,33600,0.0593377 522.387
query,tuples,33700,0.0514416 524.959
query,tuples,33800,0.0372424 526.822
query,tuples,33900,0.082548 530.949
query,tuples,34000,0.0348226 532.691
query,tuples,34100,0.0643177 535.907
query,tuples,34200,0.0659691 539.206
query,tuples,34300,0.0714527 542.779
query,tuples,34400,0.0761861 546.588
query,tuples,34500,0.0381932 548.498
query,tuples,34600,0.0765663 552.327
query,tuples,34700,0.0603965 555.347
query,tuples,34800,0.0410108 557.397
query,tuples,34900,0.0670791 560.752
query,tuples,35000,0.0659958 564.052
query,tuples,35100,0.0427285 566.188
query,tuples,35200,0.0678848 569.583
query,tuples,35300,0.0819865 573.682
query,tuples,35400,0.0390381 575.635
query,tuples,35500,0.0617571 578.723
query,tuples,35600,0.0476724 581.106
query,tuples,35700,0.0858516 585.399
query,tuples,35800,0.0268688 586.743
query,tuples,35900,0.0723815 590.362
query,tuples,36000,0.0638864 593.557
query,tuples,36100,0.0639698 596.756
query,tuples,36200,0.0628432 599.898
query,tuples,36300,0.0343717 601.617
query,tuples,36400,0.0789018 605.562
query,tuples,36500,0.0952473 610.325
query,tuples,36600,0.0867757 614.664
query,tuples,36700,0.0874126 619.035
query,tuples,36800,0.0628391 622.177
query,tuples,36900,0.0351972 623.937
query,tuples,37000,0.0573285 626.804
query,tuples,37100,0.1121 632.409
query,tuples,37200,0.068314 635.825
query,tuples,37300,0.0787898 639.765
query,tuples,37400,0.0514701 642.339
query,tuples,37500,0.083719 646.525
query,tuples,37600,0.0103943 647.045
query,tuples,37700,0.113841 652.737
query,tuples,37800,0.0995884 657.717
query,tuples,37900,0.0957023 662.502
query,tuples,38000,0.0943712 667.221
query,tuples,38100,0.0434473 669.394
query,tuples,38200,0.0706434 672.926
query,tuples,38300,0.0739473 676.624
query,tuples,38400,0.133655 683.307
query,tuples,38500,0.0533715 685.975
query,tuples,38600,0.0794177 689.947
query,tuples,38700,0.115313 695.712
query,tuples,38800,0.04783 698.104
query,tuples,38900,0.0744204 701.825
query,tuples,39000,0.0838424 706.018
query,tuples,39100,0.105142 711.275
query,tuples,39200,0.0791595 715.234
query,tuples,39300,0.0530774 717.888
query,tuples,39400,0.0579407 720.785
query,tuples,39500,0.0424903 722.91
query,tuples,39600,0.108344 728.327
query,tuples,39700,0.0300414 729.829
query,tuples,39800,0.0664485 733.152
query,tuples,39900,0.0968627 737.995
query,tuples,40000,0.116397 743.816
query,tuples,40100,0.003253 743.978
query,tuples,40200,0.0652804 747.243
query,tuples,40300,0.118569 753.171
query,tuples,40400,0.0660544 756.474
query,tuples,40500,0.106617 761.806
query,tuples,40600,0.0777658 765.694
query,tuples,40700,0.0700583 769.197
query,tuples,40800,0.078227 773.109
query,tuples,40900,0.0883083 777.525
query,tuples,41000,0.116733 783.362
query,tuples,41100,0.101495 788.437
query,tuples,41200,0.0901851 792.946
query,tuples,41300,0.100495 797.971
query,tuples,41400,0.0977501 802.859
query,tuples,41500,0.0703567 806.377
query,tuples,41600,0.0948656 811.121
query,tuples,41700,0.0689296 814.567
query,tuples,41800,0.124015 820.768
query,tuples,41900,0.0646209 824
query,tuples,42000,0.129592 830.48
query,tuples,42100,0.0930665 835.133
query,tuples,42200,0.10873 840.57
query,tuples,42300,0.0957028 845.355
query,tuples,42400,0.0639749 848.554
query,tuples,42500,0.0961196 853.361
query,tuples,42600,0.0406103 855.391
query,tuples,42700,0.0848602 859.635
query,tuples,42800,0.0952659 864.398
query,tuples,42900,0.0307209 865.934
query,tuples,43000,0.106217 871.246
query,tuples,43100,0.119606 877.226
query,tuples,43200,0.0787504 881.164
query,tuples,43300,0.0600121 884.165
query,tuples,43400,0.0810247 888.216
query,tuples,43500,0.0692292 891.678
query,tuples,43600,0.0919432 896.275
query,tuples,43700,0.130622 902.807
query,tuples,43800,0.0699456 906.304
query,tuples,43900,0.119411 912.275
query,tuples,44000,0.0950968 917.03
query,tuples,44100,0.0508854 919.575
query,tuples,44200,0.116228 925.387
query,tuples,44300,0.0619374 928.484
query,tuples,44400,0.110053 933.987
query,tuples,44500,0.122912 940.132
query,tuples,44600,0.105252 945.395
query,tuples,44700,0.133021 952.047
query,tuples,44800,0.0396604 954.03
query,tuples,44900,0.146546 961.358
query,tuples,45000,0.116579 967.187
query,tuples,45100,0.169333 975.654
query,tuples,45200,0.0759007 979.449
query,tuples,45300,0.0615669 982.528
query,tuples,45400,0.096115 987.334
query,tuples,45500,0.123959 993.532
query,tuples,45600,0.106337 998.849
query,tuples,45700,0.115533 1004.63
query,tuples,45800,0.0294307 1006.1
query,tuples,45900,0.0902843 1010.61
query,tuples,46000,0.121721 1016.7
query,tuples,46100,0.0720648 1020.3
query,tuples,46200,0.0759525 1024.1
query,tuples,46300,0.126391 1030.42
query,tuples,46400,0.059696 1033.4
query,tuples,46500,0.138366 1040.32
query,tuples,46600,0.0919892 1044.92
query,tuples,46700,0.0433733 1047.09
query,tuples,46800,0.160386 1055.11
query,tuples,46900,0.0849057 1059.36
query,tuples,47000,0.109547 1064.83
query,tuples,47100,0.102504 1069.96
query,tuples,47200,0.140902 1077.01
query,tuples,47300,0.0935737 1081.68
query,tuples,47400,0.111289 1087.25
query,tuples,47500,0.128611 1093.68
query,tuples,47600,0.179545 1102.66
query,tuples,47700,0.0851971 1106.92
query,tuples,47800,0.0523722 1109.54
query,tuples,47900,0.0544162 1112.26
query,tuples,48000,0.114802 1118
query,tuples,48100,0.162233 1126.11
query,tuples,48200,0.070489 1129.63
query,tuples,48300,0.15938 1137.6
query,tuples,48400,0.0908256 1142.15
query,tuples,48500,0.0455049 1144.42
query,tuples,48600,0.0950837 1149.18
query,tuples,48700,0.0933068 1153.84
query,tuples,48800,0.143601 1161.02
query,tuples,48900,0.118308 1166.94
query,tuples,49000,0.138617 1173.87
query,tuples,49100,0.137255 1180.73
query,tuples,49200,0.129477 1187.21
query,tuples,49300,0.0688698 1190.65
query,tuples,49400,0.12833 1197.07
query,tuples,49500,0.0489133 1199.51
query,tuples,49600,0.0634352 1202.68
query,tuples,49700,0.098381 1207.6
query,tuples,49800,0.0573168 1210.47
query,tuples,49900,0.0739528 1214.17
query,tuples,50000,0.0554647 1216.94
query,tuples,50100,0.121342 1223.01
query,tuples,50200,0.173566 1231.69
query,tuples,50300,0.118184 1237.6
query,tuples,50400,0.101973 1242.7
query,tuples,50500,0.0978783 1247.59
query,tuples,50600,0.0774198 1251.46
query,tuples,50700,0.115346 1257.23
query,tuples,50800,0.13612 1264.03
query,tuples,50900,0.123581 1270.21
query,tuples,51000,0.0905767 1274.74
query,tuples,51100,0.103294 1279.91
query,tuples,51200,0.0528572 1282.55
query,tuples,51300,0.143921 1289.75
query,tuples,51400,0.142319 1296.86
query,tuples,51500,0.0683171 1300.28
query,tuples,51600,0.0748559 1304.02
query,tuples,51700,0.107107 1309.38
query,tuples,51800,0.101097 1314.43
query,tuples,51900,0.0944918 1319.16
query,tuples,52000,0.0172395 1320.02
query,tuples,52100,0.0839643 1324.22
query,tuples,52200,0.129434 1330.69
query,tuples,52300,0.108245 1336.1
query,tuples,52400,0.145494 1343.38
query,tuples,52500,0.0849301 1347.63
query,tuples,52600,0.14405 1354.83
query,tuples,52700,0.142469 1361.95
query,tuples,52800,0.122884 1368.1
query,tuples,52900,0.102865 1373.24
query,tuples,53000,0.181547 1382.32
query,tuples,53100,0.160184 1390.33
query,tuples,53200,0.138969 1397.28
query,tuples,53300,0.0972305 1402.14
query,tuples,53400,0.11523 1407.9
query,tuples,53500,0.113423 1413.57
query,tuples,53600,0.11605 1419.37
query,tuples,53700,0.0782938 1423.29
query,tuples,53800,0.105084 1428.54
query,tuples,53900,0.0940976 1433.25
query,tuples,54000,0.109706 1438.73
query,tuples,54100,0.0966976 1443.57
query,tuples,54200,0.0180954 1444.47
query,tuples,54300,0.096747 1449.31
query,tuples,54400,0.0631372 1452.47
query,tuples,54500,0.101839 1457.56
query,tuples,54600,0.0927038 1462.2
query,tuples,54700,0.120643 1468.23
query,tuples,54800,0.0776739 1472.11
query,tuples,54900,0.137085 1478.97
query,tuples,55000,0.185347 1488.23
query,tuples,55100,0.162466 1496.36
query,tuples,55200,0.133118 1503.01
query,tuples,55300,0.161046 1511.07
query,tuples,55400,0.154808 1518.81
query,tuples,55500,0.0763565 1522.63
query,tuples,55600,0.116067 1528.43
query,tuples,55700,0.13491 1535.17
query,tuples,55800,0.158513 1543.1
query,tuples,55900,0.100487 1548.13
query,tuples,56000,0.116762 1553.96
query,tuples,56100,0.11733 1559.83
query,tuples,56200,0.0587671 1562.77
query,tuples,56300,0.141493 1569.84
query,tuples,56400,0.15597 1577.64
query,tuples,56500,0.149341 1585.11
query,tuples,56600,0.13303 1591.76
query,tuples,56700,0.136004 1598.56
query,tuples,56800,0.156997 1606.41
query,tuples,56900,0.138332 1613.33
query,tuples,57000,0.112802 1618.97
query,tuples,57100,0.0446965 1621.2
query,tuples,57200,0.0496084 1623.69
query,tuples,57300,0.110747 1629.22
query,tuples,57400,0.130084 1635.73
query,tuples,57500,0.0899696 1640.23
query,tuples,57600,0.0878921 1644.62
query,tuples,57700,0.107162 1649.98
query,tuples,57800,0.147984 1657.38
query,tuples,57900,0.119495 1663.35
query,tuples,58000,0.150723 1670.89
query,tuples,58100,0.158215 1678.8
query,tuples,58200,0.0986347 1683.73
query,tuples,58300,0.19068 1693.27
query,tuples,58400,0.169536 1701.75
query,tuples,58500,0.160278 1709.76
query,tuples,58600,0.0876498 1714.14
query,tuples,58700,0.18302 1723.29
query,tuples,58800,0.163433 1731.47
query,tuples,58900,0.0732941 1735.13
query,tuples,59000,0.11749 1741
query,tuples,59100,0.19352 1750.68
query,tuples,59200,0.165023 1758.93
query,tuples,59300,0.044535 1761.16
query,tuples,59400,0.0815145 1765.24
query,tuples,59500,0.178499 1774.16
query,tuples,59600,0.0943433 1778.88
query,tuples,59700,0.0646705 1782.11
query,tuples,59800,0.119571 1788.09
query,tuples,59900,0.124747 1794.33
query,tuples,60000,0.197228 1804.19
query,tuples,60100,0.0724523 1807.81
query,tuples,60200,0.198258 1817.73
query,tuples,60300,0.163927 1825.92
query,tuples,60400,0.141365 1832.99
query,tuples,60500,0.139432 1839.96
query,tuples,60600,0.122025 1846.06
query,tuples,60700,0.21617 1856.87
query,tuples,60800,0.15411 1864.58
query,tuples,60900,0.0481056 1866.98
query,tuples,61000,0.0962594 1871.8
query,tuples,61100,0.177812 1880.69
query,tuples,61200,0.135101 1887.44
query,tuples,61300,0.0612347 1890.51
query,tuples,61400,0.20185 1900.6
query,tuples,61500,0.177158 1909.46
query,tuples,61600,0.0564266 1912.28
query,tuples,61700,0.118391 1918.2
query,tuples,61800,0.1595 1926.17
query,tuples,61900,0.100533 1931.2
query,tuples,62000,0.124038 1937.4
query,tuples,62100,0.157934 1945.3
query,tuples,62200,0.207611 1955.68
query,tuples,62300,0.0988589 1960.62
query,tuples,62400,0.122562 1966.75
query,tuples,62500,0.182897 1975.9
query,tuples,62600,0.118154 1981.81
query,tuples,62700,0.162549 1989.93
query,tuples,62800,0.0865615 1994.26
query,tuples,62900,0.0866123 1998.59
query,tuples,63000,0.113204 2004.25
query,tuples,63100,0.107848 2009.65
query,tuples,63200,0.0711185 2013.2
query,tuples,63300,0.171838 2021.79
query,tuples,63400,0.164362 2030.01
query,tuples,63500,0.188705 2039.45
query,tuples,63600,0.125198 2045.71
query,tuples,63700,0.0614453 2048.78
query,tuples,63800,0.128399 2055.2
query,tuples,63900,0.109586 2060.68
query,tuples,64000,0.0426715 2062.81
query,tuples,64100,0.08041 2066.84
query,tuples,64200,0.10747 2072.21
query,tuples,64300,0.0645094 2075.43
query,tuples,64400,0.180104 2084.44
query,tuples,64500,0.14836 2091.86
query,tuples,64600,0.145963 2099.16
query,tuples,64700,0.0838989 2103.35
query,tuples,64800,0.062514 2106.48
query,tuples,64900,0.0733532 2110.15
query,tuples,65000,0.217769 2121.03
query,tuples,65100,0.100835 2126.08
query,tuples,65200,0.161333 2134.14
query,tuples,65300,0.186453 2143.47
query,tuples,65400,0.178846 2152.41
query,tuples,65500,0.118668 2158.34
query,tuples,65600,0.0606977 2161.38
query,tuples,65700,0.0304197 2162.9
query,tuples,65800,0.238214 2174.81
query,tuples,65900,0.0999224 2179.81
query,tuples,66000,0.211437 2190.38
query,tuples,66100,0.036195 2192.19
query,tuples,66200,0.0753172 2195.95
query,tuples,66300,0.0530959 2198.61
query,tuples,66400,0.0837473 2202.8
query,tuples,66500,0.156578 2210.63
query,tuples,66600,0.103689 2215.81
query,tuples,66700,0.131996 2222.41
query,tuples,66800,0.185758 2231.7
query,tuples,66900,0.09586 2236.49
query,tuples,67000,0.228402 2247.91
query,tuples,67100,0.113231 2253.57
query,tuples,67200,0.241198 2265.64
query,tuples,67300,0.102252 2270.75
query,tuples,67400,0.133435 2277.42
query,tuples,67500,0.142376 2284.54
query,tuples,67600,0.188076 2293.94
query,tuples,67700,0.25237 2306.56
query,tuples,67800,0.132148 2313.17
query,tuples,67900,0.235742 2324.96
query,tuples,68000,0.17636 2333.78
query,tuples,68100,0.13322 2340.44
query,tuples,68200,0.127657 2346.82
query,tuples,68300,0.133457 2353.49
query,tuples,68400,0.171566 2362.07
query,tuples,68500,0.0640398 2365.27
query,tuples,68600,0.122614 2371.4
query,tuples,68700,0.0553731 2374.17
query,tuples,68800,0.102272 2379.29
query,tuples,68900,0.079123 2383.24
query,tuples,69000,0.108528 2388.67
query,tuples,69100,0.15564 2396.45
query,tuples,69200,0.123485 2402.63
query,tuples,69300,0.197463 2412.5
query,tuples,69400,0.164099 2420.71
query,tuples,69500,0.122942 2426.85
query,tuples,69600,0.0823629 2430.97
query,tuples,69700,0.164983 2439.22
query,tuples,69800,0.0502339 2441.73
query,tuples,69900,0.156642 2449.57
query,tuples,70000,0.10058 2454.59
query,tuples,70100,0.210238 2465.11
query,tuples,70200,0.17822 2474.02
query,tuples,70300,0.122153 2480.13
query,tuples,70400,0.125105 2486.38
query,tuples,70500,0.170232 2494.89
query,tuples,70600,0.0358574 2496.69
query,tuples,70700,0.140567 2503.71
query,tuples,70800,0.173669 2512.4
query,tuples,70900,0.249831 2524.89
query,tuples,71000,0.21386 2535.58
query,tuples,71100,0.181184 2544.64
query,tuples,71200,0.227246 2556.01
query,tuples,71300,0.182472 2565.13
query,tuples,71400,0.0577739 2568.02
query,tuples,71500,0.200485 2578.04
query,tuples,71600,0.197844 2587.94
query,tuples,71700,0.231764 2599.52
query,tuples,71800,0.171311 2608.09
query,tuples,71900,0.282408 2622.21
query,tuples,72000,0.233405 2633.88
query,tuples,72100,0.123247 2640.04
query,tuples,72200,0.185618 2649.33
query,tuples,72300,0.214036 2660.03
query,tuples,72400,0.14301 2667.18
query,tuples,72500,0.285865 2681.47
query,tuples,72600,0.159297 2689.44
query,tuples,72700,0.234413 2701.16
query,tuples,72800,0.169578 2709.64
query,tuples,72900,0.226517 2720.96
query,tuples,73000,0.0973571 2725.83
query,tuples,73100,0.14258 2732.96
query,tuples,73200,0.102532 2738.09
query,tuples,73300,0.180597 2747.12
query,tuples,73400,0.168248 2755.53
query,tuples,73500,0.146529 2762.86
query,tuples,73600,0.143951 2770.05
query,tuples,73700,0.125319 2776.32
query,tuples,73800,0.116195 2782.13
query,tuples,73900,0.160645 2790.16
query,tuples,74000,0.195099 2799.92
query,tuples,74100,0.183023 2809.07
query,tuples,74200,0.268671 2822.5
query,tuples,74300,0.136411 2829.32
query,tuples,74400,0.165203 2837.59
query,tuples,74500,0.133577 2844.26
query,tuples,74600,0.175086 2853.02
query,tuples,74700,0.105164 2858.28
query,tuples,74800,0.0607826 2861.32
query,tuples,74900,0.111913 2866.91
query,tuples,75000,0.0705523 2870.44
query,tuples,75100,0.205344 2880.71
query,tuples,75200,0.1732 2889.37
query,tuples,75300,0.240871 2901.41
query,tuples,75400,0.196313 2911.23
query,tuples,75500,0.145337 2918.5
query,tuples,75600,0.139029 2925.45
query,tuples,75700,0.18107 2934.5
query,tuples,75800,0.207689 2944.89
query,tuples,75900,0.201509 2954.96
query,tuples,76000,0.110989 2960.51
query,tuples,76100,0.11438 2966.23
query,tuples,76200,0.18295 2975.38
query,tuples,76300,0.179788 2984.37
query,tuples,76400,0.193162 2994.03
query,tuples,76500,0.252533 3006.65
query,tuples,76600,0.233598 3018.33
query,tuples,76700,0.0724586 3021.96
query,tuples,76800,0.185231 3031.22
query,tuples,76900,0.205463 3041.49
query,tuples,77000,0.159415 3049.46
query,tuples,77100,0.109256 3054.93
query,tuples,77200,0.111985 3060.52
query,tuples,77300,0.1849 3069.77
query,tuples,77400,0.231253 3081.33
query,tuples,77500,0.175491 3090.11
query,tuples,77600,0.132623 3096.74
query,tuples,77700,0.169393 3105.21
query,tuples,77800,0.103142 3110.37
query,tuples,77900,0.163119 3118.52
query,tuples,78000,0.146885 3125.87
query,tuples,78100,0.123546 3132.04
query,tuples,78200,0.190628 3141.58
query,tuples,78300,0.251331 3154.14
query,tuples,78400,0.214886 3164.89
query,tuples,78500,0.154637 3172.62
query,tuples,78600,0.256086 3185.42
query,tuples,78700,0.290755 3199.96
query,tuples,78800,0.0946684 3204.7
query,tuples,78900,0.230678 3216.23
query,tuples,79000,0.14986 3223.72
query,tuples,79100,0.207037 3234.08
query,tuples,79200,0.306393 3249.4
query,tuples,79300,0.228834 3260.84
query,tuples,79400,0.126315 3267.15
query,tuples,79500,0.160774 3275.19
query,tuples,79600,0.0548453 3277.94
query,tuples,79700,0.120116 3283.94
query,tuples,79800,0.165006 3292.19
query,tuples,79900,0.185608 3301.47
query,tuples,80000,0.217314 3312.34
query,tuples,80100,0.248566 3324.77
query,tuples,80200,0.16613 3333.07
query,tuples,80300,0.0971523 3337.93
query,tuples,80400,0.187289 3347.3
query,tuples,80500,0.145972 3354.6
query,tuples,80600,0.21565 3365.38
query,tuples,80700,0.244153 3377.59
query,tuples,80800,0.328916 3394.03
query,tuples,80900,0.253889 3406.73
query,tuples,81000,0.223235 3417.89
query,tuples,81100,0.227166 3429.25
query,tuples,81200,0.144735 3436.48
query,tuples,81300,0.131463 3443.06
query,tuples,81400,0.183289 3452.22
query,tuples,81500,0.162936 3460.37
query,tuples,81600,0.104001 3465.57
query,tuples,81700,0.149628 3473.05
query,tuples,81800,0.0800992 3477.06
query,tuples,81900,0.212508 3487.68
query,tuples,82000,0.055753 3490.47
query,tuples,82100,0.149968 3497.97
query,tuples,82200,0.181684 3507.05
query,tuples,82300,0.181773 3516.14
query,tuples,82400,0.326263 3532.46
query,tuples,82500,0.232392 3544.08
query,tuples,82600,0.25032 3556.59
query,tuples,82700,0.148237 3564
query,tuples,82800,0.162651 3572.14
query,tuples,82900,0.0990783 3577.09
query,tuples,83000,0.230302 3588.61
query,tuples,83100,0.351079 3606.16
query,tuples,83200,0.188391 3615.58
query,tuples,83300,0.192387 3625.2
query,tuples,83400,0.217828 3636.09
query,tuples,83500,0.171593 3644.67
query,tuples,83600,0.107385 3650.04
query,tuples,83700,0.258384 3662.96
query,tuples,83800,0.25864 3675.89
query,tuples,83900,0.252073 3688.5
query,tuples,84000,0.13356 3695.18
query,tuples,84100,0.126259 3701.49
query,tuples,84200,0.195019 3711.24
query,tuples,84300,0.13421 3717.95
query,tuples,84400,0.232293 3729.57
query,tuples,84500,0.23629 3741.38
query,tuples,84600,0.247434 3753.75
query,tuples,84700,0.237068 3765.61
query,tuples,84800,0.167055 3773.96
query,tuples,84900,0.268755 3787.4
query,tuples,85000,0.269251 3800.86
query,tuples,85100,0.291845 3815.45
query,tuples,85200,0.244802 3827.69
query,tuples,85300,0.0990644 3832.65
query,tuples,85400,0.246151 3844.95
query,tuples,85500,0.33466 3861.69
query,tuples,85600,0.158475 3869.61
query,tuples,85700,0.210304 3880.13
query,tuples,85800,0.207211 3890.49
query,tuples,85900,0.122269 3896.6
query,tuples,86000,0.103837 3901.79
query,tuples,86100,0.207964 3912.19
query,tuples,86200,0.141287 3919.26
query,tuples,86300,0.163367 3927.43
query,tuples,86400,0.197527 3937.3
query,tuples,86500,0.220531 3948.33
query,tuples,86600,0.231232 3959.89
query,tuples,86700,0.299154 3974.85
query,tuples,86800,0.239756 3986.84
query,tuples,86900,0.206515 3997.16
query,tuples,87000,0.199261 4007.13
query,tuples,87100,0.0902434 4011.64
query,tuples,87200,0.196084 4021.44
query,tuples,87300,0.165976 4029.74
query,tuples,87400,0.0416359 4031.82
query,tuples,87500,0.098182 4036.73
query,tuples,87600,0.143823 4043.93
query,tuples,87700,0.22365 4055.11
query,tuples,87800,0.0303644 4056.63
query,tuples,87900,0.219717 4067.61
query,tuples,88000,0.171124 4076.17
query,tuples,88100,0.201574 4086.25
query,tuples,88200,0.240383 4098.27
query,tuples,88300,0.202652 4108.4
query,tuples,88400,0.19143 4117.97
query,tuples,88500,0.103425 4123.14
query,tuples,88600,0.252956 4135.79
query,tuples,88700,0.192012 4145.39
query,tuples,88800,0.212987 4156.04
query,tuples,88900,0.0685031 4159.47
query,tuples,89000,0.212821 4170.11
query,tuples,89100,0.171279 4178.67
query,tuples,89200,0.289655 4193.16
query,tuples,89300,0.248406 4205.58
query,tuples,89400,0.141713 4212.66
query,tuples,89500,0.0957267 4217.45
query,tuples,89600,0.111215 4223.01
query,tuples,89700,0.195799 4232.8
query,tuples,89800,0.265263 4246.06
query,tuples,89900,0.281522 4260.14
query,tuples,90000,0.243383 4272.31
query,tuples,90100,0.131435 4278.88
query,tuples,90200,0.174222 4287.59
query,tuples,90300,0.271656 4301.18
query,tuples,90400,0.112616 4306.81
query,tuples,90500,0.151688 4314.39
query,tuples,90600,0.276773 4328.23
query,tuples,90700,0.183283 4337.4
query,tuples,90800,0.285436 4351.67
query,tuples,90900,0.144423 4358.89
query,tuples,91000,0.0429984 4361.04
query,tuples,91100,0.136933 4367.89
query,tuples,91200,0.258336 4380.8
query,tuples,91300,0.302219 4395.91
query,tuples,91400,0.228291 4407.33
query,tuples,91500,0.236622 4419.16
query,tuples,91600,0.185458 4428.43
query,tuples,91700,0.277073 4442.29
query,tuples,91800,0.181674 4451.37
query,tuples,91900,0.138873 4458.32
query,tuples,92000,0.174835 4467.06
query,tuples,92100,0.171097 4475.61
query,tuples,92200,0.230513 4487.14
query,tuples,92300,0.183466 4496.31
query,tuples,92400,0.287208 4510.67
query,tuples,92500,0.239728 4522.66
query,tuples,92600,0.288518 4537.09
query,tuples,92700,0.168779 4545.52
query,tuples,92800,0.183733 4554.71
query,tuples,92900,0.219547 4565.69
query,tuples,93000,0.224216 4576.9
query,tuples,93100,0.216587 4587.73
query,tuples,93200,0.0321401 4589.34
query,tuples,93300,0.333261 4606
query,tuples,93400,0.317765 4621.89
query,tuples,93500,0.169635 4630.37
query,tuples,93600,0.310933 4645.92
query,tuples,93700,0.189719 4655.4
query,tuples,93800,0.242832 4667.55
query,tuples,93900,0.206551 4677.87
query,tuples,94000,0.174548 4686.6
query,tuples,94100,0.199273 4696.57
query,tuples,94200,0.223785 4707.76
query,tuples,94300,0.171261 4716.32
query,tuples,94400,0.126444 4722.64
query,tuples,94500,0.224773 4733.88
query,tuples,94600,0.0778301 4737.77
query,tuples,94700,0.159482 4745.75
query,tuples,94800,0.20086 4755.79
query,tuples,94900,0.188404 4765.21
query,tuples,95000,0.159918 4773.21
query,tuples,95100,0.233861 4784.9
query,tuples,95200,0.234505 4796.62
query,tuples,95300,0.276126 4810.43
query,tuples,95400,0.156909 4818.28
query,tuples,95500,0.198581 4828.21
query,tuples,95600,0.2645 4841.43
query,tuples,95700,0.261409 4854.5
query,tuples,95800,0.215849 4865.29
query,tuples,95900,0.124576 4871.52
query,tuples,96000,0.31622 4887.34
query,tuples,96100,0.158161 4895.24
query,tuples,96200,0.175089 4904
query,tuples,96300,0.242466 4916.12
query,tuples,96400,0.272098 4929.73
query,tuples,96500,0.31431 4945.44
query,tuples,96600,0.361141 4963.5
query,tuples,96700,0.189702 4972.99
query,tuples,96800,0.240638 4985.02
query,tuples,96900,0.274625 4998.75
query,tuples,97000,0.224498 5009.97
query,tuples,97100,0.351772 5027.56
query,tuples,97200,0.301562 5042.64
query,tuples,97300,0.208774 5053.08
query,tuples,97400,0.15367 5060.76
query,tuples,97500,0.0127891 5061.4
query,tuples,97600,0.127935 5067.8
query,tuples,97700,0.256357 5080.62
query,tuples,97800,0.252904 5093.26
query,tuples,97900,0.162979 5101.41
query,tuples,98000,0.227425 5112.79
query,tuples,98100,0.154899 5120.53
query,tuples,98200,0.232488 5132.16
query,tuples,98300,0.211083 5142.71
query,tuples,98400,0.16847 5151.13
query,tuples,98500,0.0951275 5155.89
query,tuples,98600,0.12933 5162.36
query,tuples,98700,0.259727 5175.34
query,tuples,98800,0.307174 5190.7
query,tuples,98900,0.246829 5203.04
query,tuples,99000,0.24266 5215.18
query,tuples,99100,0.247472 5227.55
query,tuples,99200,0.0609755 5230.6
query,tuples,99300,0.296162 5245.41
query,tuples,99400,0.265916 5258.7
query,tuples,99500,0.240413 5270.73
query,tuples,99600,0.183934 5279.92
query,tuples,99700,0.100748 5284.96
query,tuples,99800,0.241239 5297.02
query,tuples,99900,0.223788 5308.21
query,tuples,100000,0.123145 5314.37
query,tuples,100100,0.162941 5322.52
query,tuples,100200,0.304081 5337.72
query,tuples,100300,0.242905 5349.87
query,tuples,100400,0.243211 5362.03
query,tuples,100500,0.154693 5369.76
query,tuples,100600,0.128379 5376.18
query,tuples,100700,0.239279 5388.15
query,tuples,100800,0.386101 5407.45
query,tuples,100900,0.278776 5421.39
query,tuples,101000,0.190555 5430.92
query,tuples,101100,0.0622792 5434.03
query,tuples,101200,0.0797511 5438.02
query,tuples,101300,0.168423 5446.44
query,tuples,101400,0.133239 5453.1
query,tuples,101500,0.289221 5467.57
query,tuples,101600,0.311947 5483.16
query,tuples,101700,0.276775 5497
query,tuples,101800,0.0491484 5499.46
query,tuples,101900,0.223589 5510.64
query,tuples,102000,0.344842 5527.88
query,tuples,102100,0.134837 5534.62
query,tuples,102200,0.188712 5544.06
query,tuples,102300,0.346021 5561.36
query,tuples,102400,0.284072 5575.57
query,tuples,102500,0.225574 5586.84
query,tuples,102600,0.338809 5603.79
query,tuples,102700,0.285411 5618.06
query,tuples,102800,0.0680493 5621.46
query,tuples,102900,0.313238 5637.12
query,tuples,103000,0.168038 5645.52
query,tuples,103100,0.149758 5653.01
query,tuples,103200,0.222358 5664.13
query,tuples,103300,0.13636 5670.95
query,tuples,103400,0.250721 5683.48
query,tuples,103500,0.0959712 5688.28
query,tuples,103600,0.255523 5701.06
query,tuples,103700,0.269599 5714.54
query,tuples,103800,0.242567 5726.67
query,tuples,103900,0.261035 5739.72
query,tuples,104000,0.192651 5749.35
query,tuples,104100,0.179353 5758.32
query,tuples,104200,0.25749 5771.2
query,tuples,104300,0.248767 5783.63
query,tuples,104400,0.226029 5794.94
query,tuples,104500,0.198613 5804.87
query,tuples,104600,0.240185 5816.88
query,tuples,104700,0.370147 5835.38
query,tuples,104800,0.254823 5848.13
query,tuples,104900,0.311128 5863.68
query,tuples,105000,0.269651 5877.17
query,tuples,105100,0.198552 5887.09
query,tuples,105200,0.397153 5906.95
query,tuples,105300,0.161397 5915.02
query,tuples,105400,0.138765 5921.96
query,tuples,105500,0.357255 5939.82
query,tuples,105600,0.195026 5949.57
query,tuples,105700,0.148801 5957.01
query,tuples,105800,0.270078 5970.52
query,tuples,105900,0.135052 5977.27
query,tuples,106000,0.270401 5990.79
query,tuples,106100,0.0140337 5991.49
query,tuples,106200,0.336385 6008.31
query,tuples,106300,0.0653955 6011.58
query,tuples,106400,0.332478 6028.21
query,tuples,106500,0.211039 6038.76
query,tuples,106600,0.187613 6048.14
query,tuples,106700,0.362381 6066.26
query,tuples,106800,0.244558 6078.49
query,tuples,106900,0.320562 6094.52
query,tuples,107000,0.118173 6100.43
query,tuples,107100,0.179654 6109.41
query,tuples,107200,0.122513 6115.53
query,tuples,107300,0.264471 6128.76
query,tuples,107400,0.288823 6143.2
query,tuples,107500,0.108998 6148.65
query,tuples,107600,0.298898 6163.6
query,tuples,107700,0.256201 6176.41
query,tuples,107800,0.22372 6187.59
query,tuples,107900,0.280692 6201.63
query,tuples,108000,0.243544 6213.8
query,tuples,108100,0.32494 6230.05
query,tuples,108200,0.181879 6239.15
query,tuples,108300,0.392594 6258.78
query,tuples,108400,0.383383 6277.95
query,tuples,108500,0.0432575 6280.11
query,tuples,108600,0.187494 6289.48
query,tuples,108700,0.177759 6298.37
query,tuples,108800,0.182838 6307.51
query,tuples,108900,0.192705 6317.15
query,tuples,109000,0.188434 6326.57
query,tuples,109100,0.449325 6349.04
query,tuples,109200,0.328595 6365.47
query,tuples,109300,0.288902 6379.91
query,tuples,109400,0.255848 6392.71
query,tuples,109500,0.227303 6404.07
query,tuples,109600,0.271251 6417.63
query,tuples,109700,0.247176 6429.99
query,tuples,109800,0.184502 6439.22
query,tuples,109900,3.782e-05 6439.22
query,tuples,110000,0.281741 6453.31
query,tuples,110100,0.141193 6460.37
query,tuples,110200,0.160548 6468.4
query,tuples,110300,0.272865 6482.04
query,tuples,110400,0.175531 6490.82
query,tuples,110500,0.258934 6503.76
query,tuples,110600,0.293307 6518.43
query,tuples,110700,0.142012 6525.53
query,tuples,110800,0.289027 6539.98
query,tuples,110900,0.122548 6546.11
query,tuples,111000,0.157187 6553.97
query,tuples,111100,0.176918 6562.81
query,tuples,111200,0.211334 6573.38
query,tuples,111300,0.270695 6586.92
query,tuples,111400,0.197306 6596.78
query,tuples,111500,0.370112 6615.29
query,tuples,111600,0.345649 6632.57
query,tuples,111700,0.173157 6641.23
query,tuples,111800,0.163182 6649.39
query,tuples,111900,0.306644 6664.72
query,tuples,112000,0.29731 6679.59
query,tuples,112100,0.237899 6691.48
query,tuples,112200,0.492815 6716.12
query,tuples,112300,0.10971 6721.61
query,tuples,112400,0.179791 6730.6
query,tuples,112500,0.199714 6740.58
query,tuples,112600,0.144749 6747.82
query,tuples,112700,0.229742 6759.31
query,tuples,112800,0.125224 6765.57
query,tuples,112900,0.209898 6776.07
query,tuples,113000,0.286266 6790.38
query,tuples,113100,0.280718 6804.42
query,tuples,113200,0.20584 6814.71
query,tuples,113300,0.146021 6822.01
query,tuples,113400,0.266928 6835.36
query,tuples,113500,0.227063 6846.71
query,tuples,113600,0.421968 6867.81
query,tuples,113700,0.391732 6887.39
query,tuples,113800,0.277924 6901.29
query,tuples,113900,0.183824 6910.48
query,tuples,114000,0.417724 6931.37
query,tuples,114100,0.264032 6944.57
query,tuples,114200,0.234631 6956.3
query,tuples,114300,0.184799 6965.54
query,tuples,114400,0.36003 6983.55
query,tuples,114500,0.260339 6996.56
query,tuples,114600,0.290741 7011.1
query,tuples,114700,0.321784 7027.19
query,tuples,114800,0.181301 7036.25
query,tuples,114900,0.241608 7048.34
query,tuples,115000,0.428682 7069.77
query,tuples,115100,0.292651 7084.4
query,tuples,115200,0.348741 7101.84
query,tuples,115300,0.248122 7114.25
query,tuples,115400,0.223284 7125.41
query,tuples,115500,0.278734 7139.35
query,tuples,115600,0.187849 7148.74
query,tuples,115700,0.447299 7171.11
query,tuples,115800,0.158 7179.01
query,tuples,115900,0.396877 7198.85
query,tuples,116000,0.392933 7218.5
query,tuples,116100,0.229994 7230
query,tuples,116200,0.332767 7246.64
query,tuples,116300,0.0972561 7251.5
query,tuples,116400,0.215511 7262.27
query,tuples,116500,0.35909 7280.23
query,tuples,116600,0.252088 7292.83
query,tuples,116700,0.396378 7312.65
query,tuples,116800,0.267753 7326.04
query,tuples,116900,0.22169 7337.13
query,tuples,117000,0.222194 7348.24
query,tuples,117100,0.263703 7361.42
query,tuples,117200,0.0620767 7364.53
query,tuples,117300,0.310458 7380.05
query,tuples,117400,0.283753 7394.24
query,tuples,117500,0.335305 7411
query,tuples,117600,0.216735 7421.84
query,tuples,117700,0.217294 7432.7
query,tuples,117800,0.403956 7452.9
query,tuples,117900,0.285245 7467.16
query,tuples,118000,0.24401 7479.37
query,tuples,118100,0.181784 7488.45
query,tuples,118200,0.223714 7499.64
query,tuples,118300,0.302079 7514.74
query,tuples,118400,0.489954 7539.24
query,tuples,118500,0.344566 7556.47
query,tuples,118600,0.193619 7566.15
query,tuples,118700,0.262116 7579.26
query,tuples,118800,0.146724 7586.6
query,tuples,118900,0.220534 7597.62
query,tuples,119000,0.215304 7608.39
query,tuples,119100,0.210004 7618.89
query,tuples,119200,0.284044 7633.09
query,tuples,119300,0.0794133 7637.06
query,tuples,119400,0.332273 7653.68
query,tuples,119500,0.400775 7673.71
query,tuples,119600,0.41182 7694.31
query,tuples,119700,0.370045 7712.81
query,tuples,119800,0.24893 7725.26
query,tuples,119900,0.413194 7745.92
query,tuples,120000,0.329234 7762.38
query,tuples,120100,0.329697 7778.86
query,tuples,120200,0.159964 7786.86
query,tuples,120300,0.33046 7803.38
query,tuples,120400,0.341886 7820.48
query,tuples,120500,0.438053 7842.38
query,tuples,120600,0.171195 7850.94
query,tuples,120700,0.267694 7864.33
query,tuples,120800,0.150199 7871.84
query,tuples,120900,0.1662 7880.15
query,tuples,121000,0.123416 7886.32
query,tuples,121100,0.284919 7900.56
query,tuples,121200,0.225999 7911.86
query,tuples,121300,0.193813 7921.56
query,tuples,121400,0.261581 7934.63
query,tuples,121500,0.112497 7940.26
query,tuples,121600,0.37402 7958.96
query,tuples,121700,0.273258 7972.62
query,tuples,121800,0.198404 7982.54
query,tuples,121900,0.24684 7994.89
query,tuples,122000,0.355015 8012.64
query,tuples,122100,0.495016 8037.39
query,tuples,122200,0.344938 8054.64
query,tuples,122300,0.307648 8070.02
query,tuples,122400,0.21105 8080.57
query,tuples,122500,0.194682 8090.31
query,tuples,122600,0.237881 8102.2
query,tuples,122700,0.363176 8120.36
query,tuples,122800,0.341427 8137.43
query,tuples,122900,0.212063 8148.03
query,tuples,123000,0.277394 8161.9
query,tuples,123100,0.174365 8170.62
query,tuples,123200,0.289089 8185.08
query,tuples,123300,0.305408 8200.35
query,tuples,123400,0.174496 8209.07
query,tuples,123500,0.295033 8223.83
query,tuples,123600,0.382087 8242.93
query,tuples,123700,0.207566 8253.31
query,tuples,123800,0.361354 8271.38
query,tuples,123900,0.268799 8284.82
query,tuples,124000,0.17021 8293.33
query,tuples,124100,0.323853 8309.52
query,tuples,124200,0.374234 8328.23
query,tuples,124300,0.270015 8341.73
query,tuples,124400,0.270208 8355.24
query,tuples,124500,0.165401 8363.51
query,tuples,124600,0.513743 8389.2
query,tuples,124700,0.292585 8403.83
query,tuples,124800,0.404182 8424.04
query,tuples,124900,0.315985 8439.84
query,tuples,125000,0.261031 8452.89
query,tuples,125100,0.0501725 8455.4
query,tuples,125200,0.244781 8467.64
query,tuples,125300,0.183792 8476.83
query,tuples,125400,0.410816 8497.37
query,tuples,125500,0.194247 8507.08
query,tuples,125600,0.272366 8520.7
query,tuples,125700,0.428712 8542.14
query,tuples,125800,0.194706 8551.87
query,tuples,125900,0.267746 8565.26
query,tuples,126000,0.200876 8575.31
query,tuples,126100,0.335157 8592.06
query,tuples,126200,0.274018 8605.77
query,tuples,126300,0.145525 8613.04
query,tuples,126400,0.308427 8628.46
query,tuples,126500,0.347261 8645.83
query,tuples,126600,0.26937 8659.3
query,tuples,126700,0.331564 8675.87
query,tuples,126800,0.365927 8694.17
query,tuples,126900,0.281682 8708.26
query,tuples,127000,0.253661 8720.94
query,tuples,127100,0.293605 8735.62
query,tuples,127200,0.390051 8755.12
query,tuples,127300,0.311242 8770.68
query,tuples,127400,0.226473 8782.01
query,tuples,127500,0.453345 8804.68
query,tuples,127600,0.328748 8821.11
query,tuples,127700,0.334963 8837.86
query,tuples,127800,0.227728 8849.25
query,tuples,127900,0.364039 8867.45
query,tuples,128000,0.233609 8879.13
query,tuples,128100,0.245185 8891.39
query,tuples,128200,0.25664 8904.22
query,tuples,128300,0.410948 8924.77
query,tuples,128400,0.434559 8946.5
query,tuples,128500,0.33826 8963.41
query,tuples,128600,0.384423 8982.63
query,tuples,128700,0.321899 8998.73
query,tuples,128800,0.425479 9020
query,tuples,128900,0.339437 9036.98
query,tuples,129000,0.138241 9043.89
query,tuples,129100,0.369569 9062.37
query,tuples,129200,0.167663 9070.75
query,tuples,129300,0.17362 9079.43
query,tuples,129400,0.335489 9096.21
query,tuples,129500,0.20273 9106.34
query,tuples,129600,0.301355 9121.41
query,tuples,129700,0.278537 9135.34
query,tuples,129800,0.267288 9148.7
query,tuples,129900,0.296668 9163.54
query,tuples,130000,0.262308 9176.65
query,tuples,130100,0.454083 9199.36
query,tuples,130200,0.256752 9212.19
query,tuples,130300,0.140157 9219.2
query,tuples,130400,0.321059 9235.26
query,tuples,130500,0.263277 9248.42
query,tuples,130600,0.0525911 9251.05
query,tuples,130700,0.193657 9260.73
query,tuples,130800,0.292777 9275.37
query,tuples,130900,0.0879894 9279.77
query,tuples,131000,0.317142 9295.63
query,tuples,131100,0.370295 9314.14
query,tuples,131200,0.264548 9327.37
query,tuples,131300,0.38873 9346.81
query,tuples,131400,0.218475 9357.73
query,tuples,131500,0.301069 9372.79
query,tuples,131600,0.330896 9389.33
query,tuples,131700,0.319349 9405.3
query,tuples,131800,0.313823 9420.99
query,tuples,131900,0.237213 9432.85
query,tuples,132000,0.320512 9448.88
query,tuples,132100,0.261292 9461.94
query,tuples,132200,0.0656555 9465.23
query,tuples,132300,0.208245 9475.64
query,tuples,132400,0.107408 9481.01
query,tuples,132500,0.285869 9495.3
query,tuples,132600,0.202609 9505.43
query,tuples,132700,0.459432 9528.41
query,tuples,132800,0.400082 9548.41
